
*** Running vivado
    with args -log design_1_blk_mem_gen_0_0.vds -m64 -product Vivado -mode batch -messageDb vivado.pb -notrace -source design_1_blk_mem_gen_0_0.tcl


****** Vivado v2016.4 (64-bit)
  **** SW Build 1756540 on Mon Jan 23 19:11:19 MST 2017
  **** IP Build 1755317 on Mon Jan 23 20:30:07 MST 2017
    ** Copyright 1986-2016 Xilinx, Inc. All Rights Reserved.

source design_1_blk_mem_gen_0_0.tcl -notrace
Starting RTL Elaboration : Time (s): cpu = 00:00:06 ; elapsed = 00:00:46 . Memory (MB): peak = 1172.359 ; gain = 236.980 ; free physical = 6512 ; free virtual = 27517
INFO: [Synth 8-638] synthesizing module 'design_1_blk_mem_gen_0_0' [/home/tansei/Desktop/cpu/2017/1stcore/cpu1/cpu1.srcs/sources_1/bd/design_1/ip/design_1_blk_mem_gen_0_0/synth/design_1_blk_mem_gen_0_0.vhd:69]
INFO: [Synth 8-256] done synthesizing module 'design_1_blk_mem_gen_0_0' (9#1) [/home/tansei/Desktop/cpu/2017/1stcore/cpu1/cpu1.srcs/sources_1/bd/design_1/ip/design_1_blk_mem_gen_0_0/synth/design_1_blk_mem_gen_0_0.vhd:69]
Finished RTL Elaboration : Time (s): cpu = 00:00:41 ; elapsed = 00:01:21 . Memory (MB): peak = 1371.504 ; gain = 436.125 ; free physical = 5745 ; free virtual = 26751
Finished RTL Optimization Phase 1 : Time (s): cpu = 00:00:41 ; elapsed = 00:01:21 . Memory (MB): peak = 1371.504 ; gain = 436.125 ; free physical = 5743 ; free virtual = 26749
INFO: [Device 21-403] Loading part xcku040-ffva1156-2-e
Constraint Validation Runtime : Time (s): cpu = 00:00:00.01 ; elapsed = 00:00:00.01 . Memory (MB): peak = 1599.953 ; gain = 0.004 ; free physical = 6377 ; free virtual = 27396
Finished Constraint Validation : Time (s): cpu = 00:00:49 ; elapsed = 00:01:40 . Memory (MB): peak = 1599.953 ; gain = 664.574 ; free physical = 6377 ; free virtual = 27395
Finished Loading Part and Timing Information : Time (s): cpu = 00:00:49 ; elapsed = 00:01:40 . Memory (MB): peak = 1599.953 ; gain = 664.574 ; free physical = 6377 ; free virtual = 27395
Finished applying 'set_property' XDC Constraints : Time (s): cpu = 00:00:49 ; elapsed = 00:01:40 . Memory (MB): peak = 1599.953 ; gain = 664.574 ; free physical = 6377 ; free virtual = 27395
Finished RTL Optimization Phase 2 : Time (s): cpu = 00:00:49 ; elapsed = 00:01:40 . Memory (MB): peak = 1599.953 ; gain = 664.574 ; free physical = 6374 ; free virtual = 27391
Finished Cross Boundary and Area Optimization : Time (s): cpu = 00:00:49 ; elapsed = 00:01:40 . Memory (MB): peak = 1599.953 ; gain = 664.574 ; free physical = 6374 ; free virtual = 27391
Finished Applying XDC Timing Constraints : Time (s): cpu = 00:00:56 ; elapsed = 00:01:47 . Memory (MB): peak = 1840.363 ; gain = 904.984 ; free physical = 6227 ; free virtual = 27245
Finished Timing Optimization : Time (s): cpu = 00:00:56 ; elapsed = 00:01:47 . Memory (MB): peak = 1840.363 ; gain = 904.984 ; free physical = 6227 ; free virtual = 27245
Finished Technology Mapping : Time (s): cpu = 00:00:56 ; elapsed = 00:01:47 . Memory (MB): peak = 1850.379 ; gain = 915.000 ; free physical = 6217 ; free virtual = 27235
Finished IO Insertion : Time (s): cpu = 00:00:56 ; elapsed = 00:01:47 . Memory (MB): peak = 1850.383 ; gain = 915.004 ; free physical = 6217 ; free virtual = 27235
Finished Renaming Generated Instances : Time (s): cpu = 00:00:56 ; elapsed = 00:01:47 . Memory (MB): peak = 1850.383 ; gain = 915.004 ; free physical = 6217 ; free virtual = 27235
Finished Rebuilding User Hierarchy : Time (s): cpu = 00:00:56 ; elapsed = 00:01:47 . Memory (MB): peak = 1850.383 ; gain = 915.004 ; free physical = 6217 ; free virtual = 27235
Finished Renaming Generated Ports : Time (s): cpu = 00:00:56 ; elapsed = 00:01:47 . Memory (MB): peak = 1850.383 ; gain = 915.004 ; free physical = 6217 ; free virtual = 27235
Finished Handling Custom Attributes : Time (s): cpu = 00:00:56 ; elapsed = 00:01:47 . Memory (MB): peak = 1850.383 ; gain = 915.004 ; free physical = 6217 ; free virtual = 27235
Finished Renaming Generated Nets : Time (s): cpu = 00:00:56 ; elapsed = 00:01:47 . Memory (MB): peak = 1850.383 ; gain = 915.004 ; free physical = 6217 ; free virtual = 27235

Report Cell Usage: 
+------+---------+------+
|      |Cell     |Count |
+------+---------+------+
|1     |RAMB36E2 |     1|
+------+---------+------+
Finished Writing Synthesis Report : Time (s): cpu = 00:00:56 ; elapsed = 00:01:47 . Memory (MB): peak = 1850.383 ; gain = 915.004 ; free physical = 6217 ; free virtual = 27235
synth_design: Time (s): cpu = 00:00:55 ; elapsed = 00:01:46 . Memory (MB): peak = 1888.445 ; gain = 836.555 ; free physical = 6180 ; free virtual = 27198
