
*** Running vivado
    with args -log design_1_blk_mem_gen_0_0.vds -m64 -product Vivado -mode batch -messageDb vivado.pb -notrace -source design_1_blk_mem_gen_0_0.tcl


****** Vivado v2016.4 (64-bit)
  **** SW Build 1756540 on Mon Jan 23 19:11:19 MST 2017
  **** IP Build 1755317 on Mon Jan 23 20:30:07 MST 2017
    ** Copyright 1986-2016 Xilinx, Inc. All Rights Reserved.

source design_1_blk_mem_gen_0_0.tcl -notrace
Starting RTL Elaboration : Time (s): cpu = 00:00:06 ; elapsed = 00:00:46 . Memory (MB): peak = 1172.355 ; gain = 236.980 ; free physical = 6996 ; free virtual = 27973
INFO: [Synth 8-638] synthesizing module 'design_1_blk_mem_gen_0_0' [/home/tansei/Desktop/cpu/2017/1stcore/cpu1/cpu1.srcs/sources_1/bd/design_1/ip/design_1_blk_mem_gen_0_0/synth/design_1_blk_mem_gen_0_0.vhd:69]
INFO: [Synth 8-256] done synthesizing module 'design_1_blk_mem_gen_0_0' (9#1) [/home/tansei/Desktop/cpu/2017/1stcore/cpu1/cpu1.srcs/sources_1/bd/design_1/ip/design_1_blk_mem_gen_0_0/synth/design_1_blk_mem_gen_0_0.vhd:69]
Finished RTL Elaboration : Time (s): cpu = 00:00:41 ; elapsed = 00:01:21 . Memory (MB): peak = 1372.500 ; gain = 437.125 ; free physical = 6770 ; free virtual = 27768
Finished RTL Optimization Phase 1 : Time (s): cpu = 00:00:41 ; elapsed = 00:01:21 . Memory (MB): peak = 1372.500 ; gain = 437.125 ; free physical = 6770 ; free virtual = 27769
INFO: [Device 21-403] Loading part xcku040-ffva1156-2-e
Constraint Validation Runtime : Time (s): cpu = 00:00:00.02 ; elapsed = 00:00:00.02 . Memory (MB): peak = 1600.121 ; gain = 0.004 ; free physical = 6586 ; free virtual = 27578
Finished Constraint Validation : Time (s): cpu = 00:00:49 ; elapsed = 00:01:39 . Memory (MB): peak = 1600.121 ; gain = 664.746 ; free physical = 6585 ; free virtual = 27577
Finished Loading Part and Timing Information : Time (s): cpu = 00:00:49 ; elapsed = 00:01:39 . Memory (MB): peak = 1600.121 ; gain = 664.746 ; free physical = 6585 ; free virtual = 27577
Finished applying 'set_property' XDC Constraints : Time (s): cpu = 00:00:49 ; elapsed = 00:01:39 . Memory (MB): peak = 1600.121 ; gain = 664.746 ; free physical = 6585 ; free virtual = 27577
Finished RTL Optimization Phase 2 : Time (s): cpu = 00:00:49 ; elapsed = 00:01:40 . Memory (MB): peak = 1600.121 ; gain = 664.746 ; free physical = 6558 ; free virtual = 27550
Finished Cross Boundary and Area Optimization : Time (s): cpu = 00:00:49 ; elapsed = 00:01:40 . Memory (MB): peak = 1600.121 ; gain = 664.746 ; free physical = 6551 ; free virtual = 27543
Finished Applying XDC Timing Constraints : Time (s): cpu = 00:00:56 ; elapsed = 00:01:47 . Memory (MB): peak = 1840.531 ; gain = 905.156 ; free physical = 6296 ; free virtual = 27295
Finished Timing Optimization : Time (s): cpu = 00:00:56 ; elapsed = 00:01:47 . Memory (MB): peak = 1840.531 ; gain = 905.156 ; free physical = 6295 ; free virtual = 27295
Finished Technology Mapping : Time (s): cpu = 00:00:56 ; elapsed = 00:01:47 . Memory (MB): peak = 1850.547 ; gain = 915.172 ; free physical = 6286 ; free virtual = 27286
Finished IO Insertion : Time (s): cpu = 00:00:56 ; elapsed = 00:01:47 . Memory (MB): peak = 1850.551 ; gain = 915.176 ; free physical = 6286 ; free virtual = 27285
Finished Renaming Generated Instances : Time (s): cpu = 00:00:56 ; elapsed = 00:01:47 . Memory (MB): peak = 1850.551 ; gain = 915.176 ; free physical = 6286 ; free virtual = 27285
Finished Rebuilding User Hierarchy : Time (s): cpu = 00:00:56 ; elapsed = 00:01:47 . Memory (MB): peak = 1850.551 ; gain = 915.176 ; free physical = 6286 ; free virtual = 27285
Finished Renaming Generated Ports : Time (s): cpu = 00:00:56 ; elapsed = 00:01:47 . Memory (MB): peak = 1850.551 ; gain = 915.176 ; free physical = 6286 ; free virtual = 27285
Finished Handling Custom Attributes : Time (s): cpu = 00:00:56 ; elapsed = 00:01:47 . Memory (MB): peak = 1850.551 ; gain = 915.176 ; free physical = 6286 ; free virtual = 27285
Finished Renaming Generated Nets : Time (s): cpu = 00:00:56 ; elapsed = 00:01:47 . Memory (MB): peak = 1850.551 ; gain = 915.176 ; free physical = 6286 ; free virtual = 27285

Report Cell Usage: 
+------+---------+------+
|      |Cell     |Count |
+------+---------+------+
|1     |RAMB36E2 |     1|
+------+---------+------+
Finished Writing Synthesis Report : Time (s): cpu = 00:00:56 ; elapsed = 00:01:47 . Memory (MB): peak = 1850.551 ; gain = 915.176 ; free physical = 6286 ; free virtual = 27285
synth_design: Time (s): cpu = 00:00:55 ; elapsed = 00:01:46 . Memory (MB): peak = 1888.613 ; gain = 836.727 ; free physical = 6246 ; free virtual = 27245
