
*** Running vivado
    with args -log fadd.vds -m64 -product Vivado -mode batch -messageDb vivado.pb -notrace -source fadd.tcl


****** Vivado v2016.4 (64-bit)
  **** SW Build 1756540 on Mon Jan 23 19:11:19 MST 2017
  **** IP Build 1755317 on Mon Jan 23 20:30:07 MST 2017
    ** Copyright 1986-2016 Xilinx, Inc. All Rights Reserved.

source fadd.tcl -notrace
Starting RTL Elaboration : Time (s): cpu = 00:00:06 ; elapsed = 00:00:06 . Memory (MB): peak = 1171.359 ; gain = 235.980 ; free physical = 6459 ; free virtual = 26688
INFO: [Synth 8-638] synthesizing module 'fadd' [/home/tansei/Desktop/cpu/2017/1stcore/cpu_sim/cpu_sim.srcs/sources_1/ip/fadd_1/synth/fadd.vhd:71]
INFO: [Synth 8-256] done synthesizing module 'fadd' (18#1) [/home/tansei/Desktop/cpu/2017/1stcore/cpu_sim/cpu_sim.srcs/sources_1/ip/fadd_1/synth/fadd.vhd:71]
Finished RTL Elaboration : Time (s): cpu = 00:00:08 ; elapsed = 00:00:09 . Memory (MB): peak = 1253.832 ; gain = 318.453 ; free physical = 6386 ; free virtual = 26614
Finished RTL Optimization Phase 1 : Time (s): cpu = 00:00:09 ; elapsed = 00:00:09 . Memory (MB): peak = 1253.832 ; gain = 318.453 ; free physical = 6386 ; free virtual = 26614
INFO: [Device 21-403] Loading part xcku040-ffva1156-2-e
Constraint Validation Runtime : Time (s): cpu = 00:00:00.03 ; elapsed = 00:00:00.03 . Memory (MB): peak = 1628.461 ; gain = 0.004 ; free physical = 6084 ; free virtual = 26315
Finished Constraint Validation : Time (s): cpu = 00:00:16 ; elapsed = 00:00:17 . Memory (MB): peak = 1628.461 ; gain = 693.082 ; free physical = 6082 ; free virtual = 26314
Finished Loading Part and Timing Information : Time (s): cpu = 00:00:16 ; elapsed = 00:00:17 . Memory (MB): peak = 1628.461 ; gain = 693.082 ; free physical = 6082 ; free virtual = 26314
Finished applying 'set_property' XDC Constraints : Time (s): cpu = 00:00:16 ; elapsed = 00:00:17 . Memory (MB): peak = 1628.461 ; gain = 693.082 ; free physical = 6082 ; free virtual = 26314
Finished RTL Optimization Phase 2 : Time (s): cpu = 00:00:17 ; elapsed = 00:00:18 . Memory (MB): peak = 1628.461 ; gain = 693.082 ; free physical = 6073 ; free virtual = 26304
Finished Cross Boundary and Area Optimization : Time (s): cpu = 00:00:18 ; elapsed = 00:00:19 . Memory (MB): peak = 1636.473 ; gain = 701.094 ; free physical = 6057 ; free virtual = 26288
Finished Applying XDC Timing Constraints : Time (s): cpu = 00:00:25 ; elapsed = 00:00:26 . Memory (MB): peak = 1848.664 ; gain = 913.285 ; free physical = 5824 ; free virtual = 26055
Finished Timing Optimization : Time (s): cpu = 00:00:25 ; elapsed = 00:00:26 . Memory (MB): peak = 1848.664 ; gain = 913.285 ; free physical = 5823 ; free virtual = 26054
Finished Technology Mapping : Time (s): cpu = 00:00:25 ; elapsed = 00:00:26 . Memory (MB): peak = 1869.699 ; gain = 934.320 ; free physical = 5803 ; free virtual = 26035
Finished IO Insertion : Time (s): cpu = 00:00:25 ; elapsed = 00:00:26 . Memory (MB): peak = 1869.703 ; gain = 934.324 ; free physical = 5803 ; free virtual = 26035
Finished Renaming Generated Instances : Time (s): cpu = 00:00:25 ; elapsed = 00:00:26 . Memory (MB): peak = 1869.703 ; gain = 934.324 ; free physical = 5803 ; free virtual = 26035
Finished Rebuilding User Hierarchy : Time (s): cpu = 00:00:25 ; elapsed = 00:00:26 . Memory (MB): peak = 1869.703 ; gain = 934.324 ; free physical = 5803 ; free virtual = 26035
Finished Renaming Generated Ports : Time (s): cpu = 00:00:25 ; elapsed = 00:00:26 . Memory (MB): peak = 1869.703 ; gain = 934.324 ; free physical = 5803 ; free virtual = 26035
Finished Handling Custom Attributes : Time (s): cpu = 00:00:25 ; elapsed = 00:00:26 . Memory (MB): peak = 1869.703 ; gain = 934.324 ; free physical = 5803 ; free virtual = 26035
Finished Renaming Generated Nets : Time (s): cpu = 00:00:25 ; elapsed = 00:00:26 . Memory (MB): peak = 1869.703 ; gain = 934.324 ; free physical = 5803 ; free virtual = 26035

Report Cell Usage: 
+------+--------+------+
|      |Cell    |Count |
+------+--------+------+
|1     |DSP48E1 |     2|
|2     |LUT1    |     3|
|3     |LUT2    |    25|
|4     |LUT3    |    66|
|5     |LUT4    |    43|
|6     |LUT5    |    65|
|7     |LUT6    |    76|
|8     |MUXCY   |    58|
|9     |XORCY   |    17|
|10    |FDE     |     3|
|11    |FDRE    |    79|
+------+--------+------+
Finished Writing Synthesis Report : Time (s): cpu = 00:00:25 ; elapsed = 00:00:26 . Memory (MB): peak = 1869.703 ; gain = 934.324 ; free physical = 5803 ; free virtual = 26035
synth_design: Time (s): cpu = 00:00:24 ; elapsed = 00:00:25 . Memory (MB): peak = 1896.336 ; gain = 846.445 ; free physical = 5775 ; free virtual = 26007
