
*** Running vivado
    with args -log design_1_blk_mem_gen_0_0.vds -m64 -product Vivado -mode batch -messageDb vivado.pb -notrace -source design_1_blk_mem_gen_0_0.tcl


****** Vivado v2016.4 (64-bit)
  **** SW Build 1756540 on Mon Jan 23 19:11:19 MST 2017
  **** IP Build 1755317 on Mon Jan 23 20:30:07 MST 2017
    ** Copyright 1986-2016 Xilinx, Inc. All Rights Reserved.

source design_1_blk_mem_gen_0_0.tcl -notrace
Starting RTL Elaboration : Time (s): cpu = 00:00:07 ; elapsed = 00:00:47 . Memory (MB): peak = 1172.355 ; gain = 236.980 ; free physical = 6870 ; free virtual = 27659
INFO: [Synth 8-638] synthesizing module 'design_1_blk_mem_gen_0_0' [/home/tansei/Desktop/cpu/2017/1stcore/cpu1/cpu1.srcs/sources_1/bd/design_1/ip/design_1_blk_mem_gen_0_0/synth/design_1_blk_mem_gen_0_0.vhd:69]
INFO: [Synth 8-256] done synthesizing module 'design_1_blk_mem_gen_0_0' (9#1) [/home/tansei/Desktop/cpu/2017/1stcore/cpu1/cpu1.srcs/sources_1/bd/design_1/ip/design_1_blk_mem_gen_0_0/synth/design_1_blk_mem_gen_0_0.vhd:69]
Finished RTL Elaboration : Time (s): cpu = 00:00:46 ; elapsed = 00:01:27 . Memory (MB): peak = 1372.031 ; gain = 436.656 ; free physical = 6458 ; free virtual = 27239
Finished RTL Optimization Phase 1 : Time (s): cpu = 00:00:46 ; elapsed = 00:01:27 . Memory (MB): peak = 1372.031 ; gain = 436.656 ; free physical = 6458 ; free virtual = 27239
INFO: [Device 21-403] Loading part xcku040-ffva1156-2-e
Constraint Validation Runtime : Time (s): cpu = 00:00:00.01 ; elapsed = 00:00:00.01 . Memory (MB): peak = 1600.480 ; gain = 0.004 ; free physical = 6070 ; free virtual = 26841
Finished Constraint Validation : Time (s): cpu = 00:00:55 ; elapsed = 00:01:46 . Memory (MB): peak = 1600.480 ; gain = 665.105 ; free physical = 6050 ; free virtual = 26822
Finished Loading Part and Timing Information : Time (s): cpu = 00:00:55 ; elapsed = 00:01:46 . Memory (MB): peak = 1600.480 ; gain = 665.105 ; free physical = 6050 ; free virtual = 26822
Finished applying 'set_property' XDC Constraints : Time (s): cpu = 00:00:55 ; elapsed = 00:01:46 . Memory (MB): peak = 1600.480 ; gain = 665.105 ; free physical = 6050 ; free virtual = 26822
Finished RTL Optimization Phase 2 : Time (s): cpu = 00:00:55 ; elapsed = 00:01:46 . Memory (MB): peak = 1600.480 ; gain = 665.105 ; free physical = 6050 ; free virtual = 26822
Finished Cross Boundary and Area Optimization : Time (s): cpu = 00:00:56 ; elapsed = 00:01:46 . Memory (MB): peak = 1600.480 ; gain = 665.105 ; free physical = 6047 ; free virtual = 26820
Finished Applying XDC Timing Constraints : Time (s): cpu = 00:01:03 ; elapsed = 00:01:54 . Memory (MB): peak = 1840.891 ; gain = 905.516 ; free physical = 5617 ; free virtual = 26376
Finished Timing Optimization : Time (s): cpu = 00:01:03 ; elapsed = 00:01:54 . Memory (MB): peak = 1840.891 ; gain = 905.516 ; free physical = 5614 ; free virtual = 26374
Finished Technology Mapping : Time (s): cpu = 00:01:03 ; elapsed = 00:01:54 . Memory (MB): peak = 1850.906 ; gain = 915.531 ; free physical = 5603 ; free virtual = 26363
Finished IO Insertion : Time (s): cpu = 00:01:03 ; elapsed = 00:01:54 . Memory (MB): peak = 1850.910 ; gain = 915.535 ; free physical = 5578 ; free virtual = 26338
Finished Renaming Generated Instances : Time (s): cpu = 00:01:03 ; elapsed = 00:01:54 . Memory (MB): peak = 1850.910 ; gain = 915.535 ; free physical = 5578 ; free virtual = 26338
Finished Rebuilding User Hierarchy : Time (s): cpu = 00:01:03 ; elapsed = 00:01:54 . Memory (MB): peak = 1850.910 ; gain = 915.535 ; free physical = 5578 ; free virtual = 26338
Finished Renaming Generated Ports : Time (s): cpu = 00:01:03 ; elapsed = 00:01:54 . Memory (MB): peak = 1850.910 ; gain = 915.535 ; free physical = 5578 ; free virtual = 26338
Finished Handling Custom Attributes : Time (s): cpu = 00:01:03 ; elapsed = 00:01:54 . Memory (MB): peak = 1850.910 ; gain = 915.535 ; free physical = 5577 ; free virtual = 26337
Finished Renaming Generated Nets : Time (s): cpu = 00:01:03 ; elapsed = 00:01:54 . Memory (MB): peak = 1850.910 ; gain = 915.535 ; free physical = 5577 ; free virtual = 26337

Report Cell Usage: 
+------+---------+------+
|      |Cell     |Count |
+------+---------+------+
|1     |RAMB36E2 |     1|
+------+---------+------+
Finished Writing Synthesis Report : Time (s): cpu = 00:01:03 ; elapsed = 00:01:54 . Memory (MB): peak = 1850.910 ; gain = 915.535 ; free physical = 5577 ; free virtual = 26337
synth_design: Time (s): cpu = 00:01:03 ; elapsed = 00:01:53 . Memory (MB): peak = 1888.973 ; gain = 837.086 ; free physical = 5505 ; free virtual = 26279
