INFO: [VRFC 10-2263] Analyzing SystemVerilog file "/home/tansei/Desktop/cpu/2017/1stcore/top.sv" into library xil_defaultlib
INFO: [VRFC 10-311] analyzing module top
INFO: [VRFC 10-311] analyzing module fetch
INFO: [VRFC 10-311] analyzing module exec
INFO: [VRFC 10-311] analyzing module reg_write
INFO: [VRFC 10-311] analyzing module mem_load
INFO: [VRFC 10-2263] Analyzing Verilog file "/home/tansei/Desktop/cpu/2017/1stcore/top_wrapper.v" into library xil_defaultlib
INFO: [VRFC 10-311] analyzing module top_wrapper
WARNING: [VRFC 10-756] identifier d_addr2 is used before its declaration [/home/tansei/Desktop/cpu/2017/1stcore/top_wrapper.v:16]
INFO: [VRFC 10-2263] Analyzing Verilog file "/home/tansei/Desktop/cpu/2017/1stcore/cpu1/cpu1.ip_user_files/bd/design_1/ip/design_1_blk_mem_gen_0_0/sim/design_1_blk_mem_gen_0_0.v" into library xil_defaultlib
INFO: [VRFC 10-311] analyzing module design_1_blk_mem_gen_0_0
INFO: [VRFC 10-2263] Analyzing Verilog file "/home/tansei/Desktop/cpu/2017/1stcore/cpu1/cpu1.ip_user_files/bd/design_1/ip/design_1_blk_mem_gen_1_0/sim/design_1_blk_mem_gen_1_0.v" into library xil_defaultlib
INFO: [VRFC 10-311] analyzing module design_1_blk_mem_gen_1_0
INFO: [VRFC 10-2263] Analyzing Verilog file "/home/tansei/Desktop/cpu/2017/1stcore/cpu1/cpu1.ip_user_files/bd/design_1/ip/design_1_top_wrapper_0_0/sim/design_1_top_wrapper_0_0.v" into library xil_defaultlib
INFO: [VRFC 10-311] analyzing module design_1_top_wrapper_0_0
INFO: [VRFC 10-2263] Analyzing Verilog file "/home/tansei/Desktop/cpu/2017/1stcore/cpu1/cpu1.ip_user_files/bd/design_1/hdl/design_1.v" into library xil_defaultlib
INFO: [VRFC 10-311] analyzing module design_1
INFO: [VRFC 10-2263] Analyzing Verilog file "/home/tansei/Desktop/cpu/2017/1stcore/cpu1/cpu1.ip_user_files/bd/design_1/ipshared/68f7/hdl/sim_clk_gen.v" into library xil_defaultlib
INFO: [VRFC 10-311] analyzing module sim_clk_gen
INFO: [VRFC 10-2263] Analyzing Verilog file "/home/tansei/Desktop/cpu/2017/1stcore/cpu1/cpu1.ip_user_files/bd/design_1/ip/design_1_sim_clk_gen_0_0/sim/design_1_sim_clk_gen_0_0.v" into library xil_defaultlib
INFO: [VRFC 10-311] analyzing module design_1_sim_clk_gen_0_0
INFO: [VRFC 10-2263] Analyzing Verilog file "/home/tansei/Desktop/cpu/2017/1stcore/cpu1/cpu1.srcs/sources_1/bd/design_1/hdl/design_1_wrapper.v" into library xil_defaultlib
INFO: [VRFC 10-311] analyzing module design_1_wrapper
INFO: [VRFC 10-2263] Analyzing Verilog file "/home/tansei/Desktop/cpu/2017/1stcore/cpu1/cpu1.sim/sim_1/behav/glbl.v" into library xil_defaultlib
INFO: [VRFC 10-311] analyzing module glbl
