
*** Running vivado
    with args -log design_1_blk_mem_gen_0_0.vds -m64 -product Vivado -mode batch -messageDb vivado.pb -notrace -source design_1_blk_mem_gen_0_0.tcl


****** Vivado v2016.4 (64-bit)
  **** SW Build 1756540 on Mon Jan 23 19:11:19 MST 2017
  **** IP Build 1755317 on Mon Jan 23 20:30:07 MST 2017
    ** Copyright 1986-2016 Xilinx, Inc. All Rights Reserved.

source design_1_blk_mem_gen_0_0.tcl -notrace
Starting RTL Elaboration : Time (s): cpu = 00:00:06 ; elapsed = 00:00:06 . Memory (MB): peak = 1172.359 ; gain = 236.980 ; free physical = 5026 ; free virtual = 28224
INFO: [Synth 8-638] synthesizing module 'design_1_blk_mem_gen_0_0' [/home/tansei/Desktop/cpu/2017/1stcore/cpu1/cpu2.srcs/sources_1/bd/design_1/ip/design_1_blk_mem_gen_0_0/synth/design_1_blk_mem_gen_0_0.vhd:69]
INFO: [Synth 8-256] done synthesizing module 'design_1_blk_mem_gen_0_0' (9#1) [/home/tansei/Desktop/cpu/2017/1stcore/cpu1/cpu2.srcs/sources_1/bd/design_1/ip/design_1_blk_mem_gen_0_0/synth/design_1_blk_mem_gen_0_0.vhd:69]
Finished RTL Elaboration : Time (s): cpu = 00:00:40 ; elapsed = 00:00:40 . Memory (MB): peak = 1373.504 ; gain = 438.125 ; free physical = 4827 ; free virtual = 28022
Finished RTL Optimization Phase 1 : Time (s): cpu = 00:00:40 ; elapsed = 00:00:40 . Memory (MB): peak = 1373.504 ; gain = 438.125 ; free physical = 4827 ; free virtual = 28021
INFO: [Device 21-403] Loading part xcku040-ffva1156-2-e
Constraint Validation Runtime : Time (s): cpu = 00:00:00 ; elapsed = 00:00:00 . Memory (MB): peak = 1600.953 ; gain = 0.004 ; free physical = 4636 ; free virtual = 27830
Finished Constraint Validation : Time (s): cpu = 00:00:47 ; elapsed = 00:00:48 . Memory (MB): peak = 1600.953 ; gain = 665.574 ; free physical = 4635 ; free virtual = 27830
Finished Loading Part and Timing Information : Time (s): cpu = 00:00:48 ; elapsed = 00:00:48 . Memory (MB): peak = 1600.953 ; gain = 665.574 ; free physical = 4635 ; free virtual = 27830
Finished applying 'set_property' XDC Constraints : Time (s): cpu = 00:00:48 ; elapsed = 00:00:48 . Memory (MB): peak = 1600.953 ; gain = 665.574 ; free physical = 4635 ; free virtual = 27830
Finished RTL Optimization Phase 2 : Time (s): cpu = 00:00:48 ; elapsed = 00:00:48 . Memory (MB): peak = 1600.953 ; gain = 665.574 ; free physical = 4635 ; free virtual = 27829
Finished Cross Boundary and Area Optimization : Time (s): cpu = 00:00:48 ; elapsed = 00:00:48 . Memory (MB): peak = 1600.953 ; gain = 665.574 ; free physical = 4635 ; free virtual = 27829
Finished Applying XDC Timing Constraints : Time (s): cpu = 00:00:54 ; elapsed = 00:00:55 . Memory (MB): peak = 1841.363 ; gain = 905.984 ; free physical = 4392 ; free virtual = 27586
Finished Timing Optimization : Time (s): cpu = 00:00:54 ; elapsed = 00:00:55 . Memory (MB): peak = 1841.363 ; gain = 905.984 ; free physical = 4392 ; free virtual = 27586
Finished Technology Mapping : Time (s): cpu = 00:00:54 ; elapsed = 00:00:55 . Memory (MB): peak = 1851.379 ; gain = 916.000 ; free physical = 4383 ; free virtual = 27577
Finished IO Insertion : Time (s): cpu = 00:00:55 ; elapsed = 00:00:56 . Memory (MB): peak = 1851.383 ; gain = 916.004 ; free physical = 4382 ; free virtual = 27577
Finished Renaming Generated Instances : Time (s): cpu = 00:00:55 ; elapsed = 00:00:56 . Memory (MB): peak = 1851.383 ; gain = 916.004 ; free physical = 4382 ; free virtual = 27577
Finished Rebuilding User Hierarchy : Time (s): cpu = 00:00:55 ; elapsed = 00:00:56 . Memory (MB): peak = 1851.383 ; gain = 916.004 ; free physical = 4382 ; free virtual = 27577
Finished Renaming Generated Ports : Time (s): cpu = 00:00:55 ; elapsed = 00:00:56 . Memory (MB): peak = 1851.383 ; gain = 916.004 ; free physical = 4382 ; free virtual = 27577
Finished Handling Custom Attributes : Time (s): cpu = 00:00:55 ; elapsed = 00:00:56 . Memory (MB): peak = 1851.383 ; gain = 916.004 ; free physical = 4382 ; free virtual = 27577
Finished Renaming Generated Nets : Time (s): cpu = 00:00:55 ; elapsed = 00:00:56 . Memory (MB): peak = 1851.383 ; gain = 916.004 ; free physical = 4382 ; free virtual = 27577

Report Cell Usage: 
+------+---------+------+
|      |Cell     |Count |
+------+---------+------+
|1     |RAMB36E2 |     1|
+------+---------+------+
Finished Writing Synthesis Report : Time (s): cpu = 00:00:55 ; elapsed = 00:00:56 . Memory (MB): peak = 1851.383 ; gain = 916.004 ; free physical = 4382 ; free virtual = 27577
synth_design: Time (s): cpu = 00:00:54 ; elapsed = 00:00:54 . Memory (MB): peak = 1889.445 ; gain = 837.555 ; free physical = 4344 ; free virtual = 27538
