
*** Running vivado
    with args -log design_1_fpu_wrapper_0_0.vds -m64 -product Vivado -mode batch -messageDb vivado.pb -notrace -source design_1_fpu_wrapper_0_0.tcl


****** Vivado v2016.4 (64-bit)
  **** SW Build 1756540 on Mon Jan 23 19:11:19 MST 2017
  **** IP Build 1755317 on Mon Jan 23 20:30:07 MST 2017
    ** Copyright 1986-2016 Xilinx, Inc. All Rights Reserved.

source design_1_fpu_wrapper_0_0.tcl -notrace
Command: synth_design -top design_1_fpu_wrapper_0_0 -part xcku040-ffva1156-2-e -mode out_of_context
Starting synth_design
Attempting to get a license for feature 'Synthesis' and/or device 'xcku040'
INFO: [Common 17-349] Got license for feature 'Synthesis' and/or device 'xcku040'
INFO: [Common 17-1223] The version limit for your license is '2017.03' and will expire in -213 days. A version limit expiration means that, although you may be able to continue to use the current version of tools or IP with this license, you will not be eligible for any updates or new releases.
INFO: Launching helper process for spawning children vivado processes
INFO: Helper process launched with PID 19115 
---------------------------------------------------------------------------------
Starting RTL Elaboration : Time (s): cpu = 00:00:06 ; elapsed = 00:00:06 . Memory (MB): peak = 1176.352 ; gain = 240.977 ; free physical = 7652 ; free virtual = 27770
---------------------------------------------------------------------------------
INFO: [Synth 8-638] synthesizing module 'design_1_fpu_wrapper_0_0' [/home/tansei/Desktop/cpu/2017/1stcore/cpu2-sim/cpu2.srcs/sources_1/bd/design_1/ip/design_1_fpu_wrapper_0_0/synth/design_1_fpu_wrapper_0_0.v:56]
INFO: [Synth 8-638] synthesizing module 'fpu_wrapper' [/home/tansei/Desktop/cpu/2017/1stcore/cpu1-sv2/fpu_wrapper.v:2]
INFO: [Synth 8-638] synthesizing module 'fpu' [/home/tansei/Desktop/cpu/2017/1stcore/cpu1-sv2/fpu.sv:2]
	Parameter IDLE bound to: 1'b0 
	Parameter WAIT bound to: 1'b1 
INFO: [Synth 8-256] done synthesizing module 'fpu' (1#1) [/home/tansei/Desktop/cpu/2017/1stcore/cpu1-sv2/fpu.sv:2]
INFO: [Synth 8-256] done synthesizing module 'fpu_wrapper' (2#1) [/home/tansei/Desktop/cpu/2017/1stcore/cpu1-sv2/fpu_wrapper.v:2]
INFO: [Synth 8-256] done synthesizing module 'design_1_fpu_wrapper_0_0' (3#1) [/home/tansei/Desktop/cpu/2017/1stcore/cpu2-sim/cpu2.srcs/sources_1/bd/design_1/ip/design_1_fpu_wrapper_0_0/synth/design_1_fpu_wrapper_0_0.v:56]
WARNING: [Synth 8-3331] design fpu has unconnected port fitof_out_valid
---------------------------------------------------------------------------------
Finished RTL Elaboration : Time (s): cpu = 00:00:06 ; elapsed = 00:00:06 . Memory (MB): peak = 1216.828 ; gain = 281.453 ; free physical = 7610 ; free virtual = 27728
---------------------------------------------------------------------------------

Report Check Netlist: 
+------+------------------+-------+---------+-------+------------------+
|      |Item              |Errors |Warnings |Status |Description       |
+------+------------------+-------+---------+-------+------------------+
|1     |multi_driven_nets |      0|        0|Passed |Multi driven nets |
+------+------------------+-------+---------+-------+------------------+
---------------------------------------------------------------------------------
Finished RTL Optimization Phase 1 : Time (s): cpu = 00:00:06 ; elapsed = 00:00:07 . Memory (MB): peak = 1216.828 ; gain = 281.453 ; free physical = 7609 ; free virtual = 27727
---------------------------------------------------------------------------------
INFO: [Device 21-403] Loading part xcku040-ffva1156-2-e
INFO: [Project 1-570] Preparing netlist for logic optimization

Processing XDC Constraints
Initializing timing engine
Completed Processing XDC Constraints

INFO: [Project 1-111] Unisim Transformation Summary:
No Unisim elements were transformed.

Constraint Validation Runtime : Time (s): cpu = 00:00:00.02 ; elapsed = 00:00:00.02 . Memory (MB): peak = 1661.145 ; gain = 0.000 ; free physical = 7190 ; free virtual = 27307
---------------------------------------------------------------------------------
Finished Constraint Validation : Time (s): cpu = 00:00:14 ; elapsed = 00:00:14 . Memory (MB): peak = 1661.145 ; gain = 725.770 ; free physical = 7044 ; free virtual = 27161
---------------------------------------------------------------------------------
---------------------------------------------------------------------------------
Start Loading Part and Timing Information
---------------------------------------------------------------------------------
Loading part: xcku040-ffva1156-2-e
---------------------------------------------------------------------------------
Finished Loading Part and Timing Information : Time (s): cpu = 00:00:14 ; elapsed = 00:00:14 . Memory (MB): peak = 1661.145 ; gain = 725.770 ; free physical = 7043 ; free virtual = 27160
---------------------------------------------------------------------------------
---------------------------------------------------------------------------------
Start Applying 'set_property' XDC Constraints
---------------------------------------------------------------------------------
---------------------------------------------------------------------------------
Finished applying 'set_property' XDC Constraints : Time (s): cpu = 00:00:14 ; elapsed = 00:00:14 . Memory (MB): peak = 1661.145 ; gain = 725.770 ; free physical = 7040 ; free virtual = 27157
---------------------------------------------------------------------------------
INFO: [Synth 8-4471] merging register 'fdiv_in_valid_b_reg' into 'fdiv_in_valid_a_reg' [/home/tansei/Desktop/cpu/2017/1stcore/cpu1-sv2/fpu.sv:93]
---------------------------------------------------------------------------------
Finished RTL Optimization Phase 2 : Time (s): cpu = 00:00:14 ; elapsed = 00:00:14 . Memory (MB): peak = 1661.145 ; gain = 725.770 ; free physical = 7005 ; free virtual = 27122
---------------------------------------------------------------------------------

Report RTL Partitions: 
+-+--------------+------------+----------+
| |RTL Partition |Replication |Instances |
+-+--------------+------------+----------+
+-+--------------+------------+----------+
---------------------------------------------------------------------------------
Start RTL Component Statistics 
---------------------------------------------------------------------------------
Detailed RTL Component Info : 
+---Registers : 
	               32 Bit    Registers := 1     
	               10 Bit    Registers := 1     
	                1 Bit    Registers := 16    
+---Muxes : 
	   2 Input     10 Bit        Muxes := 1     
	   9 Input      1 Bit        Muxes := 2     
	   2 Input      1 Bit        Muxes := 16    
---------------------------------------------------------------------------------
Finished RTL Component Statistics 
---------------------------------------------------------------------------------
---------------------------------------------------------------------------------
Start RTL Hierarchical Component Statistics 
---------------------------------------------------------------------------------
Hierarchical RTL Component report 
Module fpu 
Detailed RTL Component Info : 
+---Registers : 
	               32 Bit    Registers := 1     
	               10 Bit    Registers := 1     
	                1 Bit    Registers := 16    
+---Muxes : 
	   2 Input     10 Bit        Muxes := 1     
	   9 Input      1 Bit        Muxes := 2     
	   2 Input      1 Bit        Muxes := 16    
---------------------------------------------------------------------------------
Finished RTL Hierarchical Component Statistics
---------------------------------------------------------------------------------
---------------------------------------------------------------------------------
Start Part Resource Summary
---------------------------------------------------------------------------------
Part Resources:
DSPs: 1920 (col length:120)
BRAMs: 1200 (col length: RAMB18 120 RAMB36 60)
---------------------------------------------------------------------------------
Finished Part Resource Summary
---------------------------------------------------------------------------------
---------------------------------------------------------------------------------
Start Cross Boundary and Area Optimization
---------------------------------------------------------------------------------
WARNING: [Synth 8-3331] design design_1_fpu_wrapper_0_0 has unconnected port fitof_out_valid
INFO: [Synth 8-3332] Sequential element (inst/f1/fpu_in_buffer_reg[0]) is unused and will be removed from module design_1_fpu_wrapper_0_0.
---------------------------------------------------------------------------------
Finished Cross Boundary and Area Optimization : Time (s): cpu = 00:00:15 ; elapsed = 00:00:15 . Memory (MB): peak = 1661.148 ; gain = 725.773 ; free physical = 6964 ; free virtual = 27082
---------------------------------------------------------------------------------

Report RTL Partitions: 
+-+--------------+------------+----------+
| |RTL Partition |Replication |Instances |
+-+--------------+------------+----------+
+-+--------------+------------+----------+
---------------------------------------------------------------------------------
Start Timing Optimization
---------------------------------------------------------------------------------
---------------------------------------------------------------------------------
Start Applying XDC Timing Constraints
---------------------------------------------------------------------------------
---------------------------------------------------------------------------------
Finished Applying XDC Timing Constraints : Time (s): cpu = 00:00:22 ; elapsed = 00:00:23 . Memory (MB): peak = 1855.234 ; gain = 919.859 ; free physical = 6701 ; free virtual = 26826
---------------------------------------------------------------------------------
---------------------------------------------------------------------------------
Finished Timing Optimization : Time (s): cpu = 00:00:22 ; elapsed = 00:00:23 . Memory (MB): peak = 1855.234 ; gain = 919.859 ; free physical = 6700 ; free virtual = 26825
---------------------------------------------------------------------------------

Report RTL Partitions: 
+-+--------------+------------+----------+
| |RTL Partition |Replication |Instances |
+-+--------------+------------+----------+
+-+--------------+------------+----------+
---------------------------------------------------------------------------------
Start Technology Mapping
---------------------------------------------------------------------------------
---------------------------------------------------------------------------------
Finished Technology Mapping : Time (s): cpu = 00:00:22 ; elapsed = 00:00:23 . Memory (MB): peak = 1882.273 ; gain = 946.898 ; free physical = 6674 ; free virtual = 26799
---------------------------------------------------------------------------------

Report RTL Partitions: 
+-+--------------+------------+----------+
| |RTL Partition |Replication |Instances |
+-+--------------+------------+----------+
+-+--------------+------------+----------+
---------------------------------------------------------------------------------
Start IO Insertion
---------------------------------------------------------------------------------
---------------------------------------------------------------------------------
Start Flattening Before IO Insertion
---------------------------------------------------------------------------------
---------------------------------------------------------------------------------
Finished Flattening Before IO Insertion
---------------------------------------------------------------------------------
---------------------------------------------------------------------------------
Start Final Netlist Cleanup
---------------------------------------------------------------------------------
---------------------------------------------------------------------------------
Finished Final Netlist Cleanup
---------------------------------------------------------------------------------
---------------------------------------------------------------------------------
Finished IO Insertion : Time (s): cpu = 00:00:22 ; elapsed = 00:00:23 . Memory (MB): peak = 1882.277 ; gain = 946.902 ; free physical = 6675 ; free virtual = 26802
---------------------------------------------------------------------------------

Report Check Netlist: 
+------+------------------+-------+---------+-------+------------------+
|      |Item              |Errors |Warnings |Status |Description       |
+------+------------------+-------+---------+-------+------------------+
|1     |multi_driven_nets |      0|        0|Passed |Multi driven nets |
+------+------------------+-------+---------+-------+------------------+
---------------------------------------------------------------------------------
Start Renaming Generated Instances
---------------------------------------------------------------------------------
---------------------------------------------------------------------------------
Finished Renaming Generated Instances : Time (s): cpu = 00:00:22 ; elapsed = 00:00:23 . Memory (MB): peak = 1882.277 ; gain = 946.902 ; free physical = 6675 ; free virtual = 26802
---------------------------------------------------------------------------------

Report RTL Partitions: 
+-+--------------+------------+----------+
| |RTL Partition |Replication |Instances |
+-+--------------+------------+----------+
+-+--------------+------------+----------+
---------------------------------------------------------------------------------
Start Rebuilding User Hierarchy
---------------------------------------------------------------------------------
---------------------------------------------------------------------------------
Finished Rebuilding User Hierarchy : Time (s): cpu = 00:00:22 ; elapsed = 00:00:23 . Memory (MB): peak = 1882.277 ; gain = 946.902 ; free physical = 6675 ; free virtual = 26802
---------------------------------------------------------------------------------
---------------------------------------------------------------------------------
Start Renaming Generated Ports
---------------------------------------------------------------------------------
---------------------------------------------------------------------------------
Finished Renaming Generated Ports : Time (s): cpu = 00:00:22 ; elapsed = 00:00:23 . Memory (MB): peak = 1882.277 ; gain = 946.902 ; free physical = 6675 ; free virtual = 26802
---------------------------------------------------------------------------------
---------------------------------------------------------------------------------
Start Handling Custom Attributes
---------------------------------------------------------------------------------
---------------------------------------------------------------------------------
Finished Handling Custom Attributes : Time (s): cpu = 00:00:22 ; elapsed = 00:00:23 . Memory (MB): peak = 1882.277 ; gain = 946.902 ; free physical = 6675 ; free virtual = 26802
---------------------------------------------------------------------------------
---------------------------------------------------------------------------------
Start Renaming Generated Nets
---------------------------------------------------------------------------------
---------------------------------------------------------------------------------
Finished Renaming Generated Nets : Time (s): cpu = 00:00:22 ; elapsed = 00:00:23 . Memory (MB): peak = 1882.277 ; gain = 946.902 ; free physical = 6675 ; free virtual = 26802
---------------------------------------------------------------------------------
---------------------------------------------------------------------------------
Start Writing Synthesis Report
---------------------------------------------------------------------------------

Report BlackBoxes: 
+-+--------------+----------+
| |BlackBox name |Instances |
+-+--------------+----------+
+-+--------------+----------+

Report Cell Usage: 
+------+-----+------+
|      |Cell |Count |
+------+-----+------+
|1     |LUT1 |     1|
|2     |LUT2 |    10|
|3     |LUT3 |     2|
|4     |LUT4 |     1|
|5     |LUT5 |     9|
|6     |LUT6 |   135|
|7     |FDRE |    57|
+------+-----+------+

Report Instance Areas: 
+------+---------+------------+------+
|      |Instance |Module      |Cells |
+------+---------+------------+------+
|1     |top      |            |   215|
|2     |  inst   |fpu_wrapper |   215|
|3     |    f1   |fpu         |   215|
+------+---------+------------+------+
---------------------------------------------------------------------------------
Finished Writing Synthesis Report : Time (s): cpu = 00:00:22 ; elapsed = 00:00:23 . Memory (MB): peak = 1882.277 ; gain = 946.902 ; free physical = 6675 ; free virtual = 26802
---------------------------------------------------------------------------------
Synthesis finished with 0 errors, 0 critical warnings and 1 warnings.
Synthesis Optimization Runtime : Time (s): cpu = 00:00:16 ; elapsed = 00:00:16 . Memory (MB): peak = 1882.277 ; gain = 336.605 ; free physical = 6675 ; free virtual = 26802
Synthesis Optimization Complete : Time (s): cpu = 00:00:22 ; elapsed = 00:00:23 . Memory (MB): peak = 1882.281 ; gain = 946.906 ; free physical = 6675 ; free virtual = 26802
INFO: [Project 1-571] Translating synthesized netlist
INFO: [Project 1-570] Preparing netlist for logic optimization
INFO: [Opt 31-138] Pushed 0 inverter(s) to 0 load pin(s).
INFO: [Project 1-111] Unisim Transformation Summary:
No Unisim elements were transformed.

INFO: [Common 17-83] Releasing license: Synthesis
24 Infos, 2 Warnings, 0 Critical Warnings and 0 Errors encountered.
synth_design completed successfully
synth_design: Time (s): cpu = 00:00:21 ; elapsed = 00:00:22 . Memory (MB): peak = 1889.273 ; gain = 838.387 ; free physical = 7782 ; free virtual = 27912
INFO: [Common 17-1381] The checkpoint '/home/tansei/Desktop/cpu/2017/1stcore/cpu2-sim/cpu2.runs/design_1_fpu_wrapper_0_0_synth_1/design_1_fpu_wrapper_0_0.dcp' has been generated.
INFO: [Coretcl 2-1174] Renamed 2 cell refs.
INFO: [Common 17-1381] The checkpoint '/home/tansei/Desktop/cpu/2017/1stcore/cpu2-sim/cpu2.runs/design_1_fpu_wrapper_0_0_synth_1/design_1_fpu_wrapper_0_0.dcp' has been generated.
report_utilization: Time (s): cpu = 00:00:00.06 ; elapsed = 00:00:00.08 . Memory (MB): peak = 1913.289 ; gain = 0.000 ; free physical = 7780 ; free virtual = 27909
INFO: [Common 17-206] Exiting Vivado at Mon Oct 30 14:34:21 2017...
