Copyright 1986-2016 Xilinx, Inc. All Rights Reserved.
------------------------------------------------------------------------------------------------------------------------------------------
| Tool Version : Vivado v.2016.4 (lin64) Build 1756540 Mon Jan 23 19:11:19 MST 2017
| Date         : Mon Oct 30 19:06:27 2017
| Host         : ispc2016 running 64-bit Ubuntu 14.04.5 LTS
| Command      : report_drc -file design_1_wrapper_drc_routed.rpt -pb design_1_wrapper_drc_routed.pb -rpx design_1_wrapper_drc_routed.rpx
| Design       : design_1_wrapper
| Device       : xcku040-ffva1156-2-e
| Speed File   : -2
| Design State : Routed
------------------------------------------------------------------------------------------------------------------------------------------

Report DRC

Table of Contents
-----------------
1. REPORT SUMMARY
2. REPORT DETAILS

1. REPORT SUMMARY
-----------------
            Netlist: netlist
          Floorplan: design_1
      Design limits: <entire design considered>
           Ruledeck: default
             Max violations: <unlimited>
             Violations found: 22
+----------+----------+---------------------------------------------------------------------+------------+
| Rule     | Severity | Description                                                         | Violations |
+----------+----------+---------------------------------------------------------------------+------------+
| CFGBVS-1 | Warning  | Missing CFGBVS and CONFIG_VOLTAGE Design Properties                 | 1          |
| DPIP-2   | Warning  | Input pipelining                                                    | 11         |
| DPOP-3   | Warning  | PREG Output pipelining                                              | 3          |
| DPOP-4   | Warning  | MREG Output pipelining                                              | 5          |
| AVAL-155 | Advisory | enum_AMULTSEL_BMULTSEL_enum_DREG_ADREG_0_connects_CED_CEAD_RSTD_GND | 2          |
+----------+----------+---------------------------------------------------------------------+------------+

2. REPORT DETAILS
-----------------
CFGBVS-1#1 Warning
Missing CFGBVS and CONFIG_VOLTAGE Design Properties  
Neither the CFGBVS nor CONFIG_VOLTAGE voltage property is set in the current_design.  Configuration bank voltage select (CFGBVS) must be set to VCCO or GND, and CONFIG_VOLTAGE must be set to the correct configuration voltage, in order to determine the I/O voltage support for the pins in bank 0.  It is suggested to specify these either using the 'Edit Device Properties' function in the GUI or directly in the XDC file using the following syntax:

 set_property CFGBVS value1 [current_design]
 #where value1 is either VCCO or GND

 set_property CONFIG_VOLTAGE value2 [current_design]
 #where value2 is the voltage provided to configuration bank 0

Refer to the device configuration user guide for more information.
Related violations: <none>

DPIP-2#1 Warning
Input pipelining  
DSP design_1_i/floating_point_0/U0/i_synth/ADDSUB_OP.ADDSUB/SPEED_OP.DSP.OP/DSP48E1_BODY.ALIGN_ADD/DSP2/DSP input design_1_i/floating_point_0/U0/i_synth/ADDSUB_OP.ADDSUB/SPEED_OP.DSP.OP/DSP48E1_BODY.ALIGN_ADD/DSP2/DSP/A[29:0] is not pipelined. Pipelining DSP48 input will improve performance.
Related violations: <none>

DPIP-2#2 Warning
Input pipelining  
DSP design_1_i/floating_point_0/U0/i_synth/ADDSUB_OP.ADDSUB/SPEED_OP.DSP.OP/DSP48E1_BODY.ALIGN_ADD/DSP2/DSP input design_1_i/floating_point_0/U0/i_synth/ADDSUB_OP.ADDSUB/SPEED_OP.DSP.OP/DSP48E1_BODY.ALIGN_ADD/DSP2/DSP/B[17:0] is not pipelined. Pipelining DSP48 input will improve performance.
Related violations: <none>

DPIP-2#3 Warning
Input pipelining  
DSP design_1_i/floating_point_0/U0/i_synth/ADDSUB_OP.ADDSUB/SPEED_OP.DSP.OP/DSP48E1_BODY.ALIGN_ADD/DSP2/DSP input design_1_i/floating_point_0/U0/i_synth/ADDSUB_OP.ADDSUB/SPEED_OP.DSP.OP/DSP48E1_BODY.ALIGN_ADD/DSP2/DSP/C[47:0] is not pipelined. Pipelining DSP48 input will improve performance.
Related violations: <none>

DPIP-2#4 Warning
Input pipelining  
DSP design_1_i/floating_point_0/U0/i_synth/ADDSUB_OP.ADDSUB/SPEED_OP.DSP.OP/DSP48E1_BODY.NORM_RND/FULL_USAGE_DSP.SHIFT_RND/DSP input design_1_i/floating_point_0/U0/i_synth/ADDSUB_OP.ADDSUB/SPEED_OP.DSP.OP/DSP48E1_BODY.NORM_RND/FULL_USAGE_DSP.SHIFT_RND/DSP/C[47:0] is not pipelined. Pipelining DSP48 input will improve performance.
Related violations: <none>

DPIP-2#5 Warning
Input pipelining  
DSP design_1_i/floating_point_1/U0/i_synth/ADDSUB_OP.ADDSUB/SPEED_OP.DSP.OP/DSP48E1_BODY.ALIGN_ADD/DSP2/DSP input design_1_i/floating_point_1/U0/i_synth/ADDSUB_OP.ADDSUB/SPEED_OP.DSP.OP/DSP48E1_BODY.ALIGN_ADD/DSP2/DSP/A[29:0] is not pipelined. Pipelining DSP48 input will improve performance.
Related violations: <none>

DPIP-2#6 Warning
Input pipelining  
DSP design_1_i/floating_point_1/U0/i_synth/ADDSUB_OP.ADDSUB/SPEED_OP.DSP.OP/DSP48E1_BODY.ALIGN_ADD/DSP2/DSP input design_1_i/floating_point_1/U0/i_synth/ADDSUB_OP.ADDSUB/SPEED_OP.DSP.OP/DSP48E1_BODY.ALIGN_ADD/DSP2/DSP/B[17:0] is not pipelined. Pipelining DSP48 input will improve performance.
Related violations: <none>

DPIP-2#7 Warning
Input pipelining  
DSP design_1_i/floating_point_1/U0/i_synth/ADDSUB_OP.ADDSUB/SPEED_OP.DSP.OP/DSP48E1_BODY.ALIGN_ADD/DSP2/DSP input design_1_i/floating_point_1/U0/i_synth/ADDSUB_OP.ADDSUB/SPEED_OP.DSP.OP/DSP48E1_BODY.ALIGN_ADD/DSP2/DSP/C[47:0] is not pipelined. Pipelining DSP48 input will improve performance.
Related violations: <none>

DPIP-2#8 Warning
Input pipelining  
DSP design_1_i/floating_point_1/U0/i_synth/ADDSUB_OP.ADDSUB/SPEED_OP.DSP.OP/DSP48E1_BODY.NORM_RND/FULL_USAGE_DSP.SHIFT_RND/DSP input design_1_i/floating_point_1/U0/i_synth/ADDSUB_OP.ADDSUB/SPEED_OP.DSP.OP/DSP48E1_BODY.NORM_RND/FULL_USAGE_DSP.SHIFT_RND/DSP/C[47:0] is not pipelined. Pipelining DSP48 input will improve performance.
Related violations: <none>

DPIP-2#9 Warning
Input pipelining  
DSP design_1_i/floating_point_2/U0/i_synth/MULT.OP/MULT/MULT_GEN_VARIANT.FIX_MULT/MULT/gDSP.gDSP_only.iDSP/use_prim.appDSP48[0].bppDSP48[0].use_dsp.use_dsp48e2.iDSP48E2 input design_1_i/floating_point_2/U0/i_synth/MULT.OP/MULT/MULT_GEN_VARIANT.FIX_MULT/MULT/gDSP.gDSP_only.iDSP/use_prim.appDSP48[0].bppDSP48[0].use_dsp.use_dsp48e2.iDSP48E2/A[29:0] is not pipelined. Pipelining DSP48 input will improve performance.
Related violations: <none>

DPIP-2#10 Warning
Input pipelining  
DSP design_1_i/floating_point_2/U0/i_synth/MULT.OP/MULT/MULT_GEN_VARIANT.FIX_MULT/MULT/gDSP.gDSP_only.iDSP/use_prim.appDSP48[0].bppDSP48[0].use_dsp.use_dsp48e2.iDSP48E2 input design_1_i/floating_point_2/U0/i_synth/MULT.OP/MULT/MULT_GEN_VARIANT.FIX_MULT/MULT/gDSP.gDSP_only.iDSP/use_prim.appDSP48[0].bppDSP48[0].use_dsp.use_dsp48e2.iDSP48E2/B[17:0] is not pipelined. Pipelining DSP48 input will improve performance.
Related violations: <none>

DPIP-2#11 Warning
Input pipelining  
DSP design_1_i/floating_point_2/U0/i_synth/MULT.OP/MULT/MULT_GEN_VARIANT.FIX_MULT/MULT/gDSP.gDSP_only.iDSP/use_prim.appDSP48[0].bppDSP48[1].use_dsp.use_dsp48e2.iDSP48E2 input design_1_i/floating_point_2/U0/i_synth/MULT.OP/MULT/MULT_GEN_VARIANT.FIX_MULT/MULT/gDSP.gDSP_only.iDSP/use_prim.appDSP48[0].bppDSP48[1].use_dsp.use_dsp48e2.iDSP48E2/B[17:0] is not pipelined. Pipelining DSP48 input will improve performance.
Related violations: <none>

DPOP-3#1 Warning
PREG Output pipelining  
DSP design_1_i/floating_point_0/U0/i_synth/ADDSUB_OP.ADDSUB/SPEED_OP.DSP.OP/DSP48E1_BODY.NORM_RND/FULL_USAGE_DSP.SHIFT_RND/DSP output design_1_i/floating_point_0/U0/i_synth/ADDSUB_OP.ADDSUB/SPEED_OP.DSP.OP/DSP48E1_BODY.NORM_RND/FULL_USAGE_DSP.SHIFT_RND/DSP/P[47:0] is not pipelined (PREG=0). Pipelining the DSP48 output will improve performance and often saves power so it is suggested whenever possible to fully pipeline this function.  If this DSP48 function was inferred, it is suggested to describe an additional register stage after this function.  If the DSP48 was instantiated in the design, it is suggested to set the PREG attribute to 1.
Related violations: <none>

DPOP-3#2 Warning
PREG Output pipelining  
DSP design_1_i/floating_point_1/U0/i_synth/ADDSUB_OP.ADDSUB/SPEED_OP.DSP.OP/DSP48E1_BODY.NORM_RND/FULL_USAGE_DSP.SHIFT_RND/DSP output design_1_i/floating_point_1/U0/i_synth/ADDSUB_OP.ADDSUB/SPEED_OP.DSP.OP/DSP48E1_BODY.NORM_RND/FULL_USAGE_DSP.SHIFT_RND/DSP/P[47:0] is not pipelined (PREG=0). Pipelining the DSP48 output will improve performance and often saves power so it is suggested whenever possible to fully pipeline this function.  If this DSP48 function was inferred, it is suggested to describe an additional register stage after this function.  If the DSP48 was instantiated in the design, it is suggested to set the PREG attribute to 1.
Related violations: <none>

DPOP-3#3 Warning
PREG Output pipelining  
DSP design_1_i/floating_point_2/U0/i_synth/MULT.OP/MULT/MULT_GEN_VARIANT.FIX_MULT/MULT/gDSP.gDSP_only.iDSP/use_prim.appDSP48[0].bppDSP48[0].use_dsp.use_dsp48e2.iDSP48E2 output design_1_i/floating_point_2/U0/i_synth/MULT.OP/MULT/MULT_GEN_VARIANT.FIX_MULT/MULT/gDSP.gDSP_only.iDSP/use_prim.appDSP48[0].bppDSP48[0].use_dsp.use_dsp48e2.iDSP48E2/PATTERNDETECT is not pipelined (PREG=0). Pipelining the DSP48 output will improve performance and often saves power so it is suggested whenever possible to fully pipeline this function.  If this DSP48 function was inferred, it is suggested to describe an additional register stage after this function.  If the DSP48 was instantiated in the design, it is suggested to set the PREG attribute to 1.
Related violations: <none>

DPOP-4#1 Warning
MREG Output pipelining  
DSP design_1_i/floating_point_0/U0/i_synth/ADDSUB_OP.ADDSUB/SPEED_OP.DSP.OP/DSP48E1_BODY.NORM_RND/FULL_USAGE_DSP.SHIFT_RND/DSP multiplier stage design_1_i/floating_point_0/U0/i_synth/ADDSUB_OP.ADDSUB/SPEED_OP.DSP.OP/DSP48E1_BODY.NORM_RND/FULL_USAGE_DSP.SHIFT_RND/DSP/P[47:0] is not pipelined (MREG=0). Pipelining the multiplier function will improve performance and will save significant power so it is suggested whenever possible to fully pipeline this function.  If this multiplier was inferred, it is suggested to describe an additional register stage after this function.  If there is no registered adder/accumulator following the multiply function, two pipeline stages are suggested to allow both the MREG and PREG registers to be used.  If the DSP48 was instantiated in the design, it is suggested to set both the MREG and PREG attributes to 1 when performing multiply functions.
Related violations: <none>

DPOP-4#2 Warning
MREG Output pipelining  
DSP design_1_i/floating_point_1/U0/i_synth/ADDSUB_OP.ADDSUB/SPEED_OP.DSP.OP/DSP48E1_BODY.NORM_RND/FULL_USAGE_DSP.SHIFT_RND/DSP multiplier stage design_1_i/floating_point_1/U0/i_synth/ADDSUB_OP.ADDSUB/SPEED_OP.DSP.OP/DSP48E1_BODY.NORM_RND/FULL_USAGE_DSP.SHIFT_RND/DSP/P[47:0] is not pipelined (MREG=0). Pipelining the multiplier function will improve performance and will save significant power so it is suggested whenever possible to fully pipeline this function.  If this multiplier was inferred, it is suggested to describe an additional register stage after this function.  If there is no registered adder/accumulator following the multiply function, two pipeline stages are suggested to allow both the MREG and PREG registers to be used.  If the DSP48 was instantiated in the design, it is suggested to set both the MREG and PREG attributes to 1 when performing multiply functions.
Related violations: <none>

DPOP-4#3 Warning
MREG Output pipelining  
DSP design_1_i/floating_point_2/U0/i_synth/MULT.OP/MULT/MULT_GEN_VARIANT.FIX_MULT/MULT/gDSP.gDSP_only.iDSP/use_prim.appDSP48[0].bppDSP48[0].use_dsp.use_dsp48e2.iDSP48E2 multiplier stage design_1_i/floating_point_2/U0/i_synth/MULT.OP/MULT/MULT_GEN_VARIANT.FIX_MULT/MULT/gDSP.gDSP_only.iDSP/use_prim.appDSP48[0].bppDSP48[0].use_dsp.use_dsp48e2.iDSP48E2/PATTERNDETECT is not pipelined (MREG=0). Pipelining the multiplier function will improve performance and will save significant power so it is suggested whenever possible to fully pipeline this function.  If this multiplier was inferred, it is suggested to describe an additional register stage after this function.  If there is no registered adder/accumulator following the multiply function, two pipeline stages are suggested to allow both the MREG and PREG registers to be used.  If the DSP48 was instantiated in the design, it is suggested to set both the MREG and PREG attributes to 1 when performing multiply functions.
Related violations: <none>

DPOP-4#4 Warning
MREG Output pipelining  
DSP design_1_i/floating_point_2/U0/i_synth/MULT.OP/MULT/MULT_GEN_VARIANT.FIX_MULT/MULT/gDSP.gDSP_only.iDSP/use_prim.appDSP48[0].bppDSP48[1].use_dsp.use_dsp48e2.iDSP48E2 multiplier stage design_1_i/floating_point_2/U0/i_synth/MULT.OP/MULT/MULT_GEN_VARIANT.FIX_MULT/MULT/gDSP.gDSP_only.iDSP/use_prim.appDSP48[0].bppDSP48[1].use_dsp.use_dsp48e2.iDSP48E2/PATTERNDETECT is not pipelined (MREG=0). Pipelining the multiplier function will improve performance and will save significant power so it is suggested whenever possible to fully pipeline this function.  If this multiplier was inferred, it is suggested to describe an additional register stage after this function.  If there is no registered adder/accumulator following the multiply function, two pipeline stages are suggested to allow both the MREG and PREG registers to be used.  If the DSP48 was instantiated in the design, it is suggested to set both the MREG and PREG attributes to 1 when performing multiply functions.
Related violations: <none>

DPOP-4#5 Warning
MREG Output pipelining  
DSP design_1_i/floating_point_2/U0/i_synth/MULT.OP/MULT/MULT_GEN_VARIANT.FIX_MULT/MULT/gDSP.gDSP_only.iDSP/use_prim.appDSP48[0].bppDSP48[1].use_dsp.use_dsp48e2.iDSP48E2 multiplier stage design_1_i/floating_point_2/U0/i_synth/MULT.OP/MULT/MULT_GEN_VARIANT.FIX_MULT/MULT/gDSP.gDSP_only.iDSP/use_prim.appDSP48[0].bppDSP48[1].use_dsp.use_dsp48e2.iDSP48E2/P[47:0] is not pipelined (MREG=0). Pipelining the multiplier function will improve performance and will save significant power so it is suggested whenever possible to fully pipeline this function.  If this multiplier was inferred, it is suggested to describe an additional register stage after this function.  If there is no registered adder/accumulator following the multiply function, two pipeline stages are suggested to allow both the MREG and PREG registers to be used.  If the DSP48 was instantiated in the design, it is suggested to set both the MREG and PREG attributes to 1 when performing multiply functions.
Related violations: <none>

AVAL-155#1 Advisory
enum_AMULTSEL_BMULTSEL_enum_DREG_ADREG_0_connects_CED_CEAD_RSTD_GND  
design_1_i/floating_point_0/U0/i_synth/ADDSUB_OP.ADDSUB/SPEED_OP.DSP.OP/DSP48E1_BODY.NORM_RND/FULL_USAGE_DSP.SHIFT_RND/DSP: DSP48E2 is not using the D port (AMULTSEL = A and BMULTSEL = B). For improved power characteristics, set DREG and ADREG to '1', tie CED, CEAD, and RSTD to logic '0'.
Related violations: <none>

AVAL-155#2 Advisory
enum_AMULTSEL_BMULTSEL_enum_DREG_ADREG_0_connects_CED_CEAD_RSTD_GND  
design_1_i/floating_point_1/U0/i_synth/ADDSUB_OP.ADDSUB/SPEED_OP.DSP.OP/DSP48E1_BODY.NORM_RND/FULL_USAGE_DSP.SHIFT_RND/DSP: DSP48E2 is not using the D port (AMULTSEL = A and BMULTSEL = B). For improved power characteristics, set DREG and ADREG to '1', tie CED, CEAD, and RSTD to logic '0'.
Related violations: <none>


