
*** Running vivado
    with args -log design_1_floating_point_5_0.vds -m64 -product Vivado -mode batch -messageDb vivado.pb -notrace -source design_1_floating_point_5_0.tcl


****** Vivado v2016.4 (64-bit)
  **** SW Build 1756540 on Mon Jan 23 19:11:19 MST 2017
  **** IP Build 1755317 on Mon Jan 23 20:30:07 MST 2017
    ** Copyright 1986-2016 Xilinx, Inc. All Rights Reserved.

source design_1_floating_point_5_0.tcl -notrace
Starting RTL Elaboration : Time (s): cpu = 00:00:06 ; elapsed = 00:00:07 . Memory (MB): peak = 1171.355 ; gain = 235.980 ; free physical = 8193 ; free virtual = 28306
INFO: [Synth 8-638] synthesizing module 'design_1_floating_point_5_0' [/home/tansei/Desktop/cpu/2017/1stcore/cpu2-sim/cpu2.srcs/sources_1/bd/design_1/ip/design_1_floating_point_5_0/synth/design_1_floating_point_5_0.vhd:69]
INFO: [Synth 8-256] done synthesizing module 'design_1_floating_point_5_0' (6#1) [/home/tansei/Desktop/cpu/2017/1stcore/cpu2-sim/cpu2.srcs/sources_1/bd/design_1/ip/design_1_floating_point_5_0/synth/design_1_floating_point_5_0.vhd:69]
Finished RTL Elaboration : Time (s): cpu = 00:00:08 ; elapsed = 00:00:09 . Memory (MB): peak = 1249.828 ; gain = 314.453 ; free physical = 8101 ; free virtual = 28215
Finished RTL Optimization Phase 1 : Time (s): cpu = 00:00:08 ; elapsed = 00:00:09 . Memory (MB): peak = 1249.828 ; gain = 314.453 ; free physical = 8101 ; free virtual = 28215
INFO: [Device 21-403] Loading part xcku040-ffva1156-2-e
Constraint Validation Runtime : Time (s): cpu = 00:00:00 ; elapsed = 00:00:00.01 . Memory (MB): peak = 1658.129 ; gain = 0.000 ; free physical = 7452 ; free virtual = 27566
Finished Constraint Validation : Time (s): cpu = 00:00:16 ; elapsed = 00:00:17 . Memory (MB): peak = 1658.129 ; gain = 722.754 ; free physical = 7441 ; free virtual = 27554
Finished Loading Part and Timing Information : Time (s): cpu = 00:00:16 ; elapsed = 00:00:17 . Memory (MB): peak = 1658.129 ; gain = 722.754 ; free physical = 7441 ; free virtual = 27554
Finished applying 'set_property' XDC Constraints : Time (s): cpu = 00:00:16 ; elapsed = 00:00:17 . Memory (MB): peak = 1658.129 ; gain = 722.754 ; free physical = 7441 ; free virtual = 27554
Finished RTL Optimization Phase 2 : Time (s): cpu = 00:00:16 ; elapsed = 00:00:17 . Memory (MB): peak = 1658.129 ; gain = 722.754 ; free physical = 7437 ; free virtual = 27551
Finished Cross Boundary and Area Optimization : Time (s): cpu = 00:00:16 ; elapsed = 00:00:17 . Memory (MB): peak = 1658.129 ; gain = 722.754 ; free physical = 7437 ; free virtual = 27551
Finished Applying XDC Timing Constraints : Time (s): cpu = 00:00:24 ; elapsed = 00:00:25 . Memory (MB): peak = 1833.223 ; gain = 897.848 ; free physical = 7079 ; free virtual = 27192
Finished Timing Optimization : Time (s): cpu = 00:00:24 ; elapsed = 00:00:25 . Memory (MB): peak = 1833.223 ; gain = 897.848 ; free physical = 7079 ; free virtual = 27192
Finished Technology Mapping : Time (s): cpu = 00:00:24 ; elapsed = 00:00:25 . Memory (MB): peak = 1842.234 ; gain = 906.859 ; free physical = 7070 ; free virtual = 27184
Finished IO Insertion : Time (s): cpu = 00:00:24 ; elapsed = 00:00:25 . Memory (MB): peak = 1842.238 ; gain = 906.863 ; free physical = 7070 ; free virtual = 27183
Finished Renaming Generated Instances : Time (s): cpu = 00:00:24 ; elapsed = 00:00:25 . Memory (MB): peak = 1842.238 ; gain = 906.863 ; free physical = 7070 ; free virtual = 27183
Finished Rebuilding User Hierarchy : Time (s): cpu = 00:00:24 ; elapsed = 00:00:25 . Memory (MB): peak = 1842.238 ; gain = 906.863 ; free physical = 7070 ; free virtual = 27183
Finished Renaming Generated Ports : Time (s): cpu = 00:00:24 ; elapsed = 00:00:25 . Memory (MB): peak = 1842.238 ; gain = 906.863 ; free physical = 7070 ; free virtual = 27183
Finished Handling Custom Attributes : Time (s): cpu = 00:00:24 ; elapsed = 00:00:25 . Memory (MB): peak = 1842.238 ; gain = 906.863 ; free physical = 7070 ; free virtual = 27183
Finished Renaming Generated Nets : Time (s): cpu = 00:00:24 ; elapsed = 00:00:25 . Memory (MB): peak = 1842.238 ; gain = 906.863 ; free physical = 7070 ; free virtual = 27183

Report Cell Usage: 
+-+-----+------+
| |Cell |Count |
+-+-----+------+
+-+-----+------+
Finished Writing Synthesis Report : Time (s): cpu = 00:00:24 ; elapsed = 00:00:25 . Memory (MB): peak = 1842.238 ; gain = 906.863 ; free physical = 7070 ; free virtual = 27183
synth_design: Time (s): cpu = 00:00:23 ; elapsed = 00:00:23 . Memory (MB): peak = 1873.785 ; gain = 822.898 ; free physical = 7043 ; free virtual = 27156
