
*** Running vivado
    with args -log design_1_floating_point_7_0.vds -m64 -product Vivado -mode batch -messageDb vivado.pb -notrace -source design_1_floating_point_7_0.tcl


****** Vivado v2016.4 (64-bit)
  **** SW Build 1756540 on Mon Jan 23 19:11:19 MST 2017
  **** IP Build 1755317 on Mon Jan 23 20:30:07 MST 2017
    ** Copyright 1986-2016 Xilinx, Inc. All Rights Reserved.

source design_1_floating_point_7_0.tcl -notrace
Starting RTL Elaboration : Time (s): cpu = 00:00:06 ; elapsed = 00:00:06 . Memory (MB): peak = 1172.352 ; gain = 236.980 ; free physical = 6600 ; free virtual = 27065
INFO: [Synth 8-638] synthesizing module 'design_1_floating_point_7_0' [/home/tansei/Desktop/cpu/2017/1stcore/cpu2/cpu2.srcs/sources_1/bd/design_1/ip/design_1_floating_point_7_0/synth/design_1_floating_point_7_0.vhd:70]
INFO: [Synth 8-256] done synthesizing module 'design_1_floating_point_7_0' (13#1) [/home/tansei/Desktop/cpu/2017/1stcore/cpu2/cpu2.srcs/sources_1/bd/design_1/ip/design_1_floating_point_7_0/synth/design_1_floating_point_7_0.vhd:70]
Finished RTL Elaboration : Time (s): cpu = 00:00:08 ; elapsed = 00:00:08 . Memory (MB): peak = 1250.824 ; gain = 315.453 ; free physical = 6372 ; free virtual = 26836
Finished RTL Optimization Phase 1 : Time (s): cpu = 00:00:08 ; elapsed = 00:00:08 . Memory (MB): peak = 1250.824 ; gain = 315.453 ; free physical = 6350 ; free virtual = 26814
INFO: [Device 21-403] Loading part xcku040-ffva1156-2-e
Constraint Validation Runtime : Time (s): cpu = 00:00:00.01 ; elapsed = 00:00:00.01 . Memory (MB): peak = 1673.062 ; gain = 0.004 ; free physical = 5936 ; free virtual = 26400
Finished Constraint Validation : Time (s): cpu = 00:00:16 ; elapsed = 00:00:16 . Memory (MB): peak = 1673.062 ; gain = 737.691 ; free physical = 5918 ; free virtual = 26382
Finished Loading Part and Timing Information : Time (s): cpu = 00:00:16 ; elapsed = 00:00:16 . Memory (MB): peak = 1673.062 ; gain = 737.691 ; free physical = 5918 ; free virtual = 26382
Finished applying 'set_property' XDC Constraints : Time (s): cpu = 00:00:16 ; elapsed = 00:00:16 . Memory (MB): peak = 1673.062 ; gain = 737.691 ; free physical = 5918 ; free virtual = 26382
Finished RTL Optimization Phase 2 : Time (s): cpu = 00:00:16 ; elapsed = 00:00:17 . Memory (MB): peak = 1673.062 ; gain = 737.691 ; free physical = 5893 ; free virtual = 26358
Finished Cross Boundary and Area Optimization : Time (s): cpu = 00:00:18 ; elapsed = 00:00:18 . Memory (MB): peak = 1673.066 ; gain = 737.695 ; free physical = 5854 ; free virtual = 26319
Finished Applying XDC Timing Constraints : Time (s): cpu = 00:00:25 ; elapsed = 00:00:26 . Memory (MB): peak = 1849.156 ; gain = 913.785 ; free physical = 5376 ; free virtual = 25840
Finished Timing Optimization : Time (s): cpu = 00:00:27 ; elapsed = 00:00:27 . Memory (MB): peak = 1882.168 ; gain = 946.797 ; free physical = 5326 ; free virtual = 25792
Finished Technology Mapping : Time (s): cpu = 00:00:27 ; elapsed = 00:00:27 . Memory (MB): peak = 1890.176 ; gain = 954.805 ; free physical = 5316 ; free virtual = 25782
Finished IO Insertion : Time (s): cpu = 00:00:27 ; elapsed = 00:00:28 . Memory (MB): peak = 1890.180 ; gain = 954.809 ; free physical = 5318 ; free virtual = 25784
Finished Renaming Generated Instances : Time (s): cpu = 00:00:27 ; elapsed = 00:00:28 . Memory (MB): peak = 1890.180 ; gain = 954.809 ; free physical = 5318 ; free virtual = 25784
Finished Rebuilding User Hierarchy : Time (s): cpu = 00:00:27 ; elapsed = 00:00:28 . Memory (MB): peak = 1890.180 ; gain = 954.809 ; free physical = 5318 ; free virtual = 25784
Finished Renaming Generated Ports : Time (s): cpu = 00:00:27 ; elapsed = 00:00:28 . Memory (MB): peak = 1890.180 ; gain = 954.809 ; free physical = 5318 ; free virtual = 25784
Finished Handling Custom Attributes : Time (s): cpu = 00:00:27 ; elapsed = 00:00:28 . Memory (MB): peak = 1890.180 ; gain = 954.809 ; free physical = 5318 ; free virtual = 25784
Finished Renaming Generated Nets : Time (s): cpu = 00:00:27 ; elapsed = 00:00:28 . Memory (MB): peak = 1890.180 ; gain = 954.809 ; free physical = 5318 ; free virtual = 25784

Report Cell Usage: 
+------+------+------+
|      |Cell  |Count |
+------+------+------+
|1     |LUT1  |     1|
|2     |LUT2  |     5|
|3     |LUT3  |     7|
|4     |LUT4  |    28|
|5     |LUT5  |    71|
|6     |LUT6  |   130|
|7     |MUXCY |    38|
|8     |MUXF7 |     5|
|9     |MUXF8 |     1|
|10    |XORCY |    32|
|11    |FDRE  |    70|
+------+------+------+
Finished Writing Synthesis Report : Time (s): cpu = 00:00:27 ; elapsed = 00:00:28 . Memory (MB): peak = 1890.180 ; gain = 954.809 ; free physical = 5318 ; free virtual = 25784
synth_design: Time (s): cpu = 00:00:27 ; elapsed = 00:00:27 . Memory (MB): peak = 1904.180 ; gain = 852.297 ; free physical = 6267 ; free virtual = 26734
