
*** Running vivado
    with args -log design_2_blk_mem_gen_1_0.vds -m64 -product Vivado -mode batch -messageDb vivado.pb -notrace -source design_2_blk_mem_gen_1_0.tcl


****** Vivado v2016.4 (64-bit)
  **** SW Build 1756540 on Mon Jan 23 19:11:19 MST 2017
  **** IP Build 1755317 on Mon Jan 23 20:30:07 MST 2017
    ** Copyright 1986-2016 Xilinx, Inc. All Rights Reserved.

source design_2_blk_mem_gen_1_0.tcl -notrace
Starting RTL Elaboration : Time (s): cpu = 00:00:07 ; elapsed = 00:00:48 . Memory (MB): peak = 1171.359 ; gain = 235.980 ; free physical = 8654 ; free virtual = 28538
INFO: [Synth 8-638] synthesizing module 'design_2_blk_mem_gen_1_0' [/home/tansei/cpu1/cpu1.srcs/sources_1/bd/design_2/ip/design_2_blk_mem_gen_1_0/synth/design_2_blk_mem_gen_1_0.vhd:69]
INFO: [Synth 8-256] done synthesizing module 'design_2_blk_mem_gen_1_0' (9#1) [/home/tansei/cpu1/cpu1.srcs/sources_1/bd/design_2/ip/design_2_blk_mem_gen_1_0/synth/design_2_blk_mem_gen_1_0.vhd:69]
Finished RTL Elaboration : Time (s): cpu = 00:00:41 ; elapsed = 00:01:23 . Memory (MB): peak = 1373.035 ; gain = 437.656 ; free physical = 8434 ; free virtual = 28324
Finished RTL Optimization Phase 1 : Time (s): cpu = 00:00:41 ; elapsed = 00:01:23 . Memory (MB): peak = 1373.035 ; gain = 437.656 ; free physical = 8434 ; free virtual = 28324
INFO: [Device 21-403] Loading part xcku040-ffva1156-2-e
Constraint Validation Runtime : Time (s): cpu = 00:00:00.01 ; elapsed = 00:00:00.03 . Memory (MB): peak = 1600.656 ; gain = 0.004 ; free physical = 8233 ; free virtual = 28139
Finished Constraint Validation : Time (s): cpu = 00:00:49 ; elapsed = 00:01:42 . Memory (MB): peak = 1600.656 ; gain = 665.277 ; free physical = 8237 ; free virtual = 28140
Finished Loading Part and Timing Information : Time (s): cpu = 00:00:49 ; elapsed = 00:01:42 . Memory (MB): peak = 1600.656 ; gain = 665.277 ; free physical = 8237 ; free virtual = 28140
Finished applying 'set_property' XDC Constraints : Time (s): cpu = 00:00:49 ; elapsed = 00:01:42 . Memory (MB): peak = 1600.656 ; gain = 665.277 ; free physical = 8237 ; free virtual = 28140
Finished RTL Optimization Phase 2 : Time (s): cpu = 00:00:49 ; elapsed = 00:01:42 . Memory (MB): peak = 1600.656 ; gain = 665.277 ; free physical = 8235 ; free virtual = 28138
Finished Cross Boundary and Area Optimization : Time (s): cpu = 00:00:50 ; elapsed = 00:01:42 . Memory (MB): peak = 1600.656 ; gain = 665.277 ; free physical = 8235 ; free virtual = 28138
Finished Applying XDC Timing Constraints : Time (s): cpu = 00:00:56 ; elapsed = 00:01:50 . Memory (MB): peak = 1840.754 ; gain = 905.375 ; free physical = 7966 ; free virtual = 27890
Finished Timing Optimization : Time (s): cpu = 00:00:56 ; elapsed = 00:01:50 . Memory (MB): peak = 1840.754 ; gain = 905.375 ; free physical = 7966 ; free virtual = 27890
Finished Technology Mapping : Time (s): cpu = 00:00:56 ; elapsed = 00:01:50 . Memory (MB): peak = 1850.770 ; gain = 915.391 ; free physical = 7957 ; free virtual = 27881
Finished IO Insertion : Time (s): cpu = 00:00:57 ; elapsed = 00:01:50 . Memory (MB): peak = 1850.773 ; gain = 915.395 ; free physical = 7957 ; free virtual = 27882
Finished Renaming Generated Instances : Time (s): cpu = 00:00:57 ; elapsed = 00:01:50 . Memory (MB): peak = 1850.773 ; gain = 915.395 ; free physical = 7957 ; free virtual = 27882
Finished Rebuilding User Hierarchy : Time (s): cpu = 00:00:57 ; elapsed = 00:01:50 . Memory (MB): peak = 1850.773 ; gain = 915.395 ; free physical = 7957 ; free virtual = 27881
Finished Renaming Generated Ports : Time (s): cpu = 00:00:57 ; elapsed = 00:01:50 . Memory (MB): peak = 1850.773 ; gain = 915.395 ; free physical = 7957 ; free virtual = 27881
Finished Handling Custom Attributes : Time (s): cpu = 00:00:57 ; elapsed = 00:01:50 . Memory (MB): peak = 1850.773 ; gain = 915.395 ; free physical = 7957 ; free virtual = 27881
Finished Renaming Generated Nets : Time (s): cpu = 00:00:57 ; elapsed = 00:01:50 . Memory (MB): peak = 1850.773 ; gain = 915.395 ; free physical = 7957 ; free virtual = 27881

Report Cell Usage: 
+------+---------+------+
|      |Cell     |Count |
+------+---------+------+
|1     |RAMB36E2 |     1|
+------+---------+------+
Finished Writing Synthesis Report : Time (s): cpu = 00:00:57 ; elapsed = 00:01:50 . Memory (MB): peak = 1850.773 ; gain = 915.395 ; free physical = 7957 ; free virtual = 27881
synth_design: Time (s): cpu = 00:00:55 ; elapsed = 00:01:49 . Memory (MB): peak = 1888.836 ; gain = 836.945 ; free physical = 7889 ; free virtual = 27816
