
*** Running vivado
    with args -log design_1_floating_point_2_0.vds -m64 -product Vivado -mode batch -messageDb vivado.pb -notrace -source design_1_floating_point_2_0.tcl


****** Vivado v2016.4 (64-bit)
  **** SW Build 1756540 on Mon Jan 23 19:11:19 MST 2017
  **** IP Build 1755317 on Mon Jan 23 20:30:07 MST 2017
    ** Copyright 1986-2016 Xilinx, Inc. All Rights Reserved.

source design_1_floating_point_2_0.tcl -notrace
Starting RTL Elaboration : Time (s): cpu = 00:00:08 ; elapsed = 00:00:08 . Memory (MB): peak = 1172.352 ; gain = 236.980 ; free physical = 8282 ; free virtual = 28376
INFO: [Synth 8-638] synthesizing module 'design_1_floating_point_2_0' [/home/tansei/Desktop/cpu/2017/1stcore/cpu2-sim/cpu2.srcs/sources_1/bd/design_1/ip/design_1_floating_point_2_0/synth/design_1_floating_point_2_0.vhd:73]
INFO: [Synth 8-256] done synthesizing module 'design_1_floating_point_2_0' (21#1) [/home/tansei/Desktop/cpu/2017/1stcore/cpu2-sim/cpu2.srcs/sources_1/bd/design_1/ip/design_1_floating_point_2_0/synth/design_1_floating_point_2_0.vhd:73]
Finished RTL Elaboration : Time (s): cpu = 00:00:11 ; elapsed = 00:00:12 . Memory (MB): peak = 1253.824 ; gain = 318.453 ; free physical = 8138 ; free virtual = 28233
Finished RTL Optimization Phase 1 : Time (s): cpu = 00:00:12 ; elapsed = 00:00:12 . Memory (MB): peak = 1253.824 ; gain = 318.453 ; free physical = 8132 ; free virtual = 28227
INFO: [Device 21-403] Loading part xcku040-ffva1156-2-e
Constraint Validation Runtime : Time (s): cpu = 00:00:00.03 ; elapsed = 00:00:00.03 . Memory (MB): peak = 1627.445 ; gain = 0.004 ; free physical = 7341 ; free virtual = 27438
Finished Constraint Validation : Time (s): cpu = 00:00:23 ; elapsed = 00:00:25 . Memory (MB): peak = 1627.445 ; gain = 692.074 ; free physical = 6943 ; free virtual = 27040
Finished Loading Part and Timing Information : Time (s): cpu = 00:00:23 ; elapsed = 00:00:25 . Memory (MB): peak = 1627.445 ; gain = 692.074 ; free physical = 6943 ; free virtual = 27040
Finished applying 'set_property' XDC Constraints : Time (s): cpu = 00:00:23 ; elapsed = 00:00:25 . Memory (MB): peak = 1627.445 ; gain = 692.074 ; free physical = 6942 ; free virtual = 27039
Finished RTL Optimization Phase 2 : Time (s): cpu = 00:00:24 ; elapsed = 00:00:26 . Memory (MB): peak = 1627.445 ; gain = 692.074 ; free physical = 6971 ; free virtual = 27072
Finished Cross Boundary and Area Optimization : Time (s): cpu = 00:00:25 ; elapsed = 00:00:27 . Memory (MB): peak = 1627.449 ; gain = 692.078 ; free physical = 6945 ; free virtual = 27046
Finished Applying XDC Timing Constraints : Time (s): cpu = 00:00:33 ; elapsed = 00:00:36 . Memory (MB): peak = 1855.637 ; gain = 920.266 ; free physical = 7017 ; free virtual = 27124
Finished Timing Optimization : Time (s): cpu = 00:00:33 ; elapsed = 00:00:36 . Memory (MB): peak = 1866.652 ; gain = 931.281 ; free physical = 7004 ; free virtual = 27111
Finished Technology Mapping : Time (s): cpu = 00:00:33 ; elapsed = 00:00:36 . Memory (MB): peak = 1877.676 ; gain = 942.305 ; free physical = 6986 ; free virtual = 27092
Finished IO Insertion : Time (s): cpu = 00:00:34 ; elapsed = 00:00:36 . Memory (MB): peak = 1877.680 ; gain = 942.309 ; free physical = 6973 ; free virtual = 27080
Finished Renaming Generated Instances : Time (s): cpu = 00:00:34 ; elapsed = 00:00:36 . Memory (MB): peak = 1877.680 ; gain = 942.309 ; free physical = 6973 ; free virtual = 27080
Finished Rebuilding User Hierarchy : Time (s): cpu = 00:00:34 ; elapsed = 00:00:36 . Memory (MB): peak = 1877.680 ; gain = 942.309 ; free physical = 6973 ; free virtual = 27080
Finished Renaming Generated Ports : Time (s): cpu = 00:00:34 ; elapsed = 00:00:36 . Memory (MB): peak = 1877.680 ; gain = 942.309 ; free physical = 6973 ; free virtual = 27080
Finished Handling Custom Attributes : Time (s): cpu = 00:00:34 ; elapsed = 00:00:36 . Memory (MB): peak = 1877.680 ; gain = 942.309 ; free physical = 6973 ; free virtual = 27080
Finished Renaming Generated Nets : Time (s): cpu = 00:00:34 ; elapsed = 00:00:36 . Memory (MB): peak = 1877.680 ; gain = 942.309 ; free physical = 6973 ; free virtual = 27080

Report Cell Usage: 
+------+----------------+------+
|      |Cell            |Count |
+------+----------------+------+
|1     |DSP_ALU         |     2|
|2     |DSP_A_B_DATA    |     1|
|3     |DSP_A_B_DATA_1  |     1|
|4     |DSP_C_DATA      |     2|
|5     |DSP_MULTIPLIER  |     2|
|6     |DSP_M_DATA      |     2|
|7     |DSP_OUTPUT      |     1|
|8     |DSP_OUTPUT_1    |     1|
|9     |DSP_PREADD      |     2|
|10    |DSP_PREADD_DATA |     2|
|11    |LUT1            |     2|
|12    |LUT2            |    13|
|13    |LUT3            |    47|
|14    |LUT4            |    13|
|15    |LUT5            |     8|
|16    |LUT6            |    26|
|17    |MUXCY           |    50|
|18    |XORCY           |    39|
|19    |FDRE            |    69|
+------+----------------+------+
Finished Writing Synthesis Report : Time (s): cpu = 00:00:34 ; elapsed = 00:00:36 . Memory (MB): peak = 1877.680 ; gain = 942.309 ; free physical = 6973 ; free virtual = 27080
synth_design: Time (s): cpu = 00:00:33 ; elapsed = 00:00:35 . Memory (MB): peak = 1900.680 ; gain = 848.797 ; free physical = 6955 ; free virtual = 27061
