
*** Running vivado
    with args -log design_1_blk_mem_gen_0_0.vds -m64 -product Vivado -mode batch -messageDb vivado.pb -notrace -source design_1_blk_mem_gen_0_0.tcl


****** Vivado v2016.4 (64-bit)
  **** SW Build 1756540 on Mon Jan 23 19:11:19 MST 2017
  **** IP Build 1755317 on Mon Jan 23 20:30:07 MST 2017
    ** Copyright 1986-2016 Xilinx, Inc. All Rights Reserved.

source design_1_blk_mem_gen_0_0.tcl -notrace
Starting RTL Elaboration : Time (s): cpu = 00:00:06 ; elapsed = 00:00:47 . Memory (MB): peak = 1172.355 ; gain = 236.980 ; free physical = 9348 ; free virtual = 29072
INFO: [Synth 8-638] synthesizing module 'design_1_blk_mem_gen_0_0' [/home/tansei/Desktop/cpu/2017/1stcore/cpu1/cpu1.srcs/sources_1/bd/design_1/ip/design_1_blk_mem_gen_0_0/synth/design_1_blk_mem_gen_0_0.vhd:69]
INFO: [Synth 8-256] done synthesizing module 'design_1_blk_mem_gen_0_0' (9#1) [/home/tansei/Desktop/cpu/2017/1stcore/cpu1/cpu1.srcs/sources_1/bd/design_1/ip/design_1_blk_mem_gen_0_0/synth/design_1_blk_mem_gen_0_0.vhd:69]
Finished RTL Elaboration : Time (s): cpu = 00:00:45 ; elapsed = 00:01:26 . Memory (MB): peak = 1372.500 ; gain = 437.125 ; free physical = 8283 ; free virtual = 28089
Finished RTL Optimization Phase 1 : Time (s): cpu = 00:00:45 ; elapsed = 00:01:26 . Memory (MB): peak = 1372.500 ; gain = 437.125 ; free physical = 8279 ; free virtual = 28085
INFO: [Device 21-403] Loading part xcku040-ffva1156-2-e
Constraint Validation Runtime : Time (s): cpu = 00:00:00.01 ; elapsed = 00:00:00.03 . Memory (MB): peak = 1600.949 ; gain = 0.004 ; free physical = 8994 ; free virtual = 28816
Finished Constraint Validation : Time (s): cpu = 00:00:53 ; elapsed = 00:01:44 . Memory (MB): peak = 1600.949 ; gain = 665.574 ; free physical = 8995 ; free virtual = 28816
Finished Loading Part and Timing Information : Time (s): cpu = 00:00:53 ; elapsed = 00:01:44 . Memory (MB): peak = 1600.949 ; gain = 665.574 ; free physical = 8995 ; free virtual = 28816
Finished applying 'set_property' XDC Constraints : Time (s): cpu = 00:00:53 ; elapsed = 00:01:44 . Memory (MB): peak = 1600.949 ; gain = 665.574 ; free physical = 8995 ; free virtual = 28816
Finished RTL Optimization Phase 2 : Time (s): cpu = 00:00:53 ; elapsed = 00:01:44 . Memory (MB): peak = 1600.949 ; gain = 665.574 ; free physical = 8994 ; free virtual = 28814
Finished Cross Boundary and Area Optimization : Time (s): cpu = 00:00:53 ; elapsed = 00:01:45 . Memory (MB): peak = 1600.949 ; gain = 665.574 ; free physical = 8995 ; free virtual = 28814
Finished Applying XDC Timing Constraints : Time (s): cpu = 00:01:01 ; elapsed = 00:01:52 . Memory (MB): peak = 1839.359 ; gain = 903.984 ; free physical = 8662 ; free virtual = 28513
Finished Timing Optimization : Time (s): cpu = 00:01:01 ; elapsed = 00:01:52 . Memory (MB): peak = 1840.359 ; gain = 904.984 ; free physical = 8659 ; free virtual = 28511
Finished Technology Mapping : Time (s): cpu = 00:01:01 ; elapsed = 00:01:52 . Memory (MB): peak = 1850.383 ; gain = 915.008 ; free physical = 8647 ; free virtual = 28499
Finished IO Insertion : Time (s): cpu = 00:01:01 ; elapsed = 00:01:52 . Memory (MB): peak = 1850.387 ; gain = 915.012 ; free physical = 8620 ; free virtual = 28469
Finished Renaming Generated Instances : Time (s): cpu = 00:01:01 ; elapsed = 00:01:52 . Memory (MB): peak = 1850.387 ; gain = 915.012 ; free physical = 8622 ; free virtual = 28469
Finished Rebuilding User Hierarchy : Time (s): cpu = 00:01:01 ; elapsed = 00:01:52 . Memory (MB): peak = 1850.387 ; gain = 915.012 ; free physical = 8622 ; free virtual = 28469
Finished Renaming Generated Ports : Time (s): cpu = 00:01:01 ; elapsed = 00:01:52 . Memory (MB): peak = 1850.387 ; gain = 915.012 ; free physical = 8622 ; free virtual = 28469
Finished Handling Custom Attributes : Time (s): cpu = 00:01:01 ; elapsed = 00:01:52 . Memory (MB): peak = 1850.387 ; gain = 915.012 ; free physical = 8620 ; free virtual = 28467
Finished Renaming Generated Nets : Time (s): cpu = 00:01:01 ; elapsed = 00:01:52 . Memory (MB): peak = 1850.387 ; gain = 915.012 ; free physical = 8620 ; free virtual = 28467

Report Cell Usage: 
+------+---------+------+
|      |Cell     |Count |
+------+---------+------+
|1     |RAMB36E2 |     1|
+------+---------+------+
Finished Writing Synthesis Report : Time (s): cpu = 00:01:01 ; elapsed = 00:01:52 . Memory (MB): peak = 1850.387 ; gain = 915.012 ; free physical = 8620 ; free virtual = 28467
synth_design: Time (s): cpu = 00:01:00 ; elapsed = 00:01:51 . Memory (MB): peak = 1888.449 ; gain = 836.562 ; free physical = 8522 ; free virtual = 28372
