
*** Running vivado
    with args -log design_1_blk_mem_gen_0_0.vds -m64 -product Vivado -mode batch -messageDb vivado.pb -notrace -source design_1_blk_mem_gen_0_0.tcl


****** Vivado v2016.4 (64-bit)
  **** SW Build 1756540 on Mon Jan 23 19:11:19 MST 2017
  **** IP Build 1755317 on Mon Jan 23 20:30:07 MST 2017
    ** Copyright 1986-2016 Xilinx, Inc. All Rights Reserved.

source design_1_blk_mem_gen_0_0.tcl -notrace
Starting RTL Elaboration : Time (s): cpu = 00:00:08 ; elapsed = 00:00:09 . Memory (MB): peak = 1171.359 ; gain = 235.980 ; free physical = 10791 ; free virtual = 29403
INFO: [Synth 8-638] synthesizing module 'design_1_blk_mem_gen_0_0' [/home/tansei/Desktop/cpu/2017/1stcore/cpu-sim/cpu2.srcs/sources_1/bd/design_1/ip/design_1_blk_mem_gen_0_0/synth/design_1_blk_mem_gen_0_0.vhd:69]
INFO: [Synth 8-256] done synthesizing module 'design_1_blk_mem_gen_0_0' (9#1) [/home/tansei/Desktop/cpu/2017/1stcore/cpu-sim/cpu2.srcs/sources_1/bd/design_1/ip/design_1_blk_mem_gen_0_0/synth/design_1_blk_mem_gen_0_0.vhd:69]
Finished RTL Elaboration : Time (s): cpu = 00:00:47 ; elapsed = 00:00:49 . Memory (MB): peak = 1372.035 ; gain = 436.656 ; free physical = 10070 ; free virtual = 28784
Finished RTL Optimization Phase 1 : Time (s): cpu = 00:00:47 ; elapsed = 00:00:49 . Memory (MB): peak = 1372.035 ; gain = 436.656 ; free physical = 10070 ; free virtual = 28784
INFO: [Device 21-403] Loading part xcku040-ffva1156-2-e
Constraint Validation Runtime : Time (s): cpu = 00:00:00.01 ; elapsed = 00:00:00.01 . Memory (MB): peak = 1600.484 ; gain = 0.004 ; free physical = 9795 ; free virtual = 28508
Finished Constraint Validation : Time (s): cpu = 00:00:55 ; elapsed = 00:00:58 . Memory (MB): peak = 1600.484 ; gain = 665.105 ; free physical = 9818 ; free virtual = 28532
Finished Loading Part and Timing Information : Time (s): cpu = 00:00:55 ; elapsed = 00:00:58 . Memory (MB): peak = 1600.484 ; gain = 665.105 ; free physical = 9818 ; free virtual = 28532
Finished applying 'set_property' XDC Constraints : Time (s): cpu = 00:00:55 ; elapsed = 00:00:58 . Memory (MB): peak = 1600.484 ; gain = 665.105 ; free physical = 9818 ; free virtual = 28532
Finished RTL Optimization Phase 2 : Time (s): cpu = 00:00:56 ; elapsed = 00:00:58 . Memory (MB): peak = 1600.484 ; gain = 665.105 ; free physical = 9811 ; free virtual = 28525
Finished Cross Boundary and Area Optimization : Time (s): cpu = 00:00:56 ; elapsed = 00:00:58 . Memory (MB): peak = 1600.484 ; gain = 665.105 ; free physical = 9811 ; free virtual = 28525
Finished Applying XDC Timing Constraints : Time (s): cpu = 00:01:03 ; elapsed = 00:01:06 . Memory (MB): peak = 1840.895 ; gain = 905.516 ; free physical = 9428 ; free virtual = 28171
Finished Timing Optimization : Time (s): cpu = 00:01:03 ; elapsed = 00:01:06 . Memory (MB): peak = 1840.895 ; gain = 905.516 ; free physical = 9427 ; free virtual = 28170
Finished Technology Mapping : Time (s): cpu = 00:01:03 ; elapsed = 00:01:06 . Memory (MB): peak = 1850.910 ; gain = 915.531 ; free physical = 9418 ; free virtual = 28161
Finished IO Insertion : Time (s): cpu = 00:01:04 ; elapsed = 00:01:07 . Memory (MB): peak = 1850.914 ; gain = 915.535 ; free physical = 9418 ; free virtual = 28161
Finished Renaming Generated Instances : Time (s): cpu = 00:01:04 ; elapsed = 00:01:07 . Memory (MB): peak = 1850.914 ; gain = 915.535 ; free physical = 9418 ; free virtual = 28161
Finished Rebuilding User Hierarchy : Time (s): cpu = 00:01:04 ; elapsed = 00:01:07 . Memory (MB): peak = 1850.914 ; gain = 915.535 ; free physical = 9418 ; free virtual = 28161
Finished Renaming Generated Ports : Time (s): cpu = 00:01:04 ; elapsed = 00:01:07 . Memory (MB): peak = 1850.914 ; gain = 915.535 ; free physical = 9418 ; free virtual = 28161
Finished Handling Custom Attributes : Time (s): cpu = 00:01:04 ; elapsed = 00:01:07 . Memory (MB): peak = 1850.914 ; gain = 915.535 ; free physical = 9417 ; free virtual = 28161
Finished Renaming Generated Nets : Time (s): cpu = 00:01:04 ; elapsed = 00:01:07 . Memory (MB): peak = 1850.914 ; gain = 915.535 ; free physical = 9417 ; free virtual = 28161

Report Cell Usage: 
+------+---------+------+
|      |Cell     |Count |
+------+---------+------+
|1     |RAMB36E2 |     1|
+------+---------+------+
Finished Writing Synthesis Report : Time (s): cpu = 00:01:04 ; elapsed = 00:01:07 . Memory (MB): peak = 1850.914 ; gain = 915.535 ; free physical = 9417 ; free virtual = 28161
synth_design: Time (s): cpu = 00:01:02 ; elapsed = 00:01:05 . Memory (MB): peak = 1888.977 ; gain = 837.086 ; free physical = 9280 ; free virtual = 28026
