
*** Running vivado
    with args -log design_2_blk_mem_gen_1_0.vds -m64 -product Vivado -mode batch -messageDb vivado.pb -notrace -source design_2_blk_mem_gen_1_0.tcl


****** Vivado v2016.4 (64-bit)
  **** SW Build 1756540 on Mon Jan 23 19:11:19 MST 2017
  **** IP Build 1755317 on Mon Jan 23 20:30:07 MST 2017
    ** Copyright 1986-2016 Xilinx, Inc. All Rights Reserved.

source design_2_blk_mem_gen_1_0.tcl -notrace
Starting RTL Elaboration : Time (s): cpu = 00:00:06 ; elapsed = 00:00:46 . Memory (MB): peak = 1171.355 ; gain = 235.980 ; free physical = 8051 ; free virtual = 28195
INFO: [Synth 8-638] synthesizing module 'design_2_blk_mem_gen_1_0' [/home/tansei/cpu1/cpu1.srcs/sources_1/bd/design_2/ip/design_2_blk_mem_gen_1_0/synth/design_2_blk_mem_gen_1_0.vhd:69]
INFO: [Synth 8-256] done synthesizing module 'design_2_blk_mem_gen_1_0' (9#1) [/home/tansei/cpu1/cpu1.srcs/sources_1/bd/design_2/ip/design_2_blk_mem_gen_1_0/synth/design_2_blk_mem_gen_1_0.vhd:69]
Finished RTL Elaboration : Time (s): cpu = 00:00:41 ; elapsed = 00:01:21 . Memory (MB): peak = 1372.031 ; gain = 436.656 ; free physical = 7321 ; free virtual = 27465
Finished RTL Optimization Phase 1 : Time (s): cpu = 00:00:41 ; elapsed = 00:01:21 . Memory (MB): peak = 1372.031 ; gain = 436.656 ; free physical = 7286 ; free virtual = 27429
INFO: [Device 21-403] Loading part xcku040-ffva1156-2-e
Constraint Validation Runtime : Time (s): cpu = 00:00:00.01 ; elapsed = 00:00:00.02 . Memory (MB): peak = 1600.648 ; gain = 1.000 ; free physical = 8035 ; free virtual = 28186
Finished Constraint Validation : Time (s): cpu = 00:00:49 ; elapsed = 00:01:39 . Memory (MB): peak = 1600.652 ; gain = 665.277 ; free physical = 8034 ; free virtual = 28185
Finished Loading Part and Timing Information : Time (s): cpu = 00:00:49 ; elapsed = 00:01:39 . Memory (MB): peak = 1600.652 ; gain = 665.277 ; free physical = 8034 ; free virtual = 28185
Finished applying 'set_property' XDC Constraints : Time (s): cpu = 00:00:49 ; elapsed = 00:01:39 . Memory (MB): peak = 1600.652 ; gain = 665.277 ; free physical = 8034 ; free virtual = 28185
Finished RTL Optimization Phase 2 : Time (s): cpu = 00:00:49 ; elapsed = 00:01:39 . Memory (MB): peak = 1600.652 ; gain = 665.277 ; free physical = 8030 ; free virtual = 28181
Finished Cross Boundary and Area Optimization : Time (s): cpu = 00:00:49 ; elapsed = 00:01:40 . Memory (MB): peak = 1600.652 ; gain = 665.277 ; free physical = 8030 ; free virtual = 28181
Finished Applying XDC Timing Constraints : Time (s): cpu = 00:00:56 ; elapsed = 00:01:46 . Memory (MB): peak = 1840.062 ; gain = 904.688 ; free physical = 7783 ; free virtual = 27932
Finished Timing Optimization : Time (s): cpu = 00:00:56 ; elapsed = 00:01:46 . Memory (MB): peak = 1841.062 ; gain = 905.688 ; free physical = 7783 ; free virtual = 27931
Finished Technology Mapping : Time (s): cpu = 00:00:56 ; elapsed = 00:01:46 . Memory (MB): peak = 1850.078 ; gain = 914.703 ; free physical = 7774 ; free virtual = 27923
Finished IO Insertion : Time (s): cpu = 00:00:56 ; elapsed = 00:01:47 . Memory (MB): peak = 1850.082 ; gain = 914.707 ; free physical = 7774 ; free virtual = 27922
Finished Renaming Generated Instances : Time (s): cpu = 00:00:56 ; elapsed = 00:01:47 . Memory (MB): peak = 1850.082 ; gain = 914.707 ; free physical = 7774 ; free virtual = 27922
Finished Rebuilding User Hierarchy : Time (s): cpu = 00:00:56 ; elapsed = 00:01:47 . Memory (MB): peak = 1850.082 ; gain = 914.707 ; free physical = 7774 ; free virtual = 27922
Finished Renaming Generated Ports : Time (s): cpu = 00:00:56 ; elapsed = 00:01:47 . Memory (MB): peak = 1850.082 ; gain = 914.707 ; free physical = 7774 ; free virtual = 27922
Finished Handling Custom Attributes : Time (s): cpu = 00:00:56 ; elapsed = 00:01:47 . Memory (MB): peak = 1850.082 ; gain = 914.707 ; free physical = 7774 ; free virtual = 27922
Finished Renaming Generated Nets : Time (s): cpu = 00:00:56 ; elapsed = 00:01:47 . Memory (MB): peak = 1850.082 ; gain = 914.707 ; free physical = 7774 ; free virtual = 27922

Report Cell Usage: 
+------+---------+------+
|      |Cell     |Count |
+------+---------+------+
|1     |RAMB36E2 |     1|
+------+---------+------+
Finished Writing Synthesis Report : Time (s): cpu = 00:00:56 ; elapsed = 00:01:47 . Memory (MB): peak = 1850.082 ; gain = 914.707 ; free physical = 7774 ; free virtual = 27922
synth_design: Time (s): cpu = 00:00:55 ; elapsed = 00:01:45 . Memory (MB): peak = 1889.145 ; gain = 837.258 ; free physical = 7736 ; free virtual = 27884
