
*** Running vivado
    with args -log fsub.vds -m64 -product Vivado -mode batch -messageDb vivado.pb -notrace -source fsub.tcl


****** Vivado v2016.4 (64-bit)
  **** SW Build 1756540 on Mon Jan 23 19:11:19 MST 2017
  **** IP Build 1755317 on Mon Jan 23 20:30:07 MST 2017
    ** Copyright 1986-2016 Xilinx, Inc. All Rights Reserved.

source fsub.tcl -notrace
Starting RTL Elaboration : Time (s): cpu = 00:00:06 ; elapsed = 00:00:06 . Memory (MB): peak = 1172.355 ; gain = 236.980 ; free physical = 8412 ; free virtual = 28763
INFO: [Synth 8-638] synthesizing module 'fsub' [/home/tansei/Desktop/cpu/2017/1stcore/cpu_sim/cpu_sim.srcs/sources_1/ip/fsub_1/synth/fsub.vhd:71]
INFO: [Synth 8-256] done synthesizing module 'fsub' (18#1) [/home/tansei/Desktop/cpu/2017/1stcore/cpu_sim/cpu_sim.srcs/sources_1/ip/fsub_1/synth/fsub.vhd:71]
Finished RTL Elaboration : Time (s): cpu = 00:00:08 ; elapsed = 00:00:09 . Memory (MB): peak = 1254.828 ; gain = 319.453 ; free physical = 8328 ; free virtual = 28680
Finished RTL Optimization Phase 1 : Time (s): cpu = 00:00:08 ; elapsed = 00:00:09 . Memory (MB): peak = 1254.828 ; gain = 319.453 ; free physical = 8328 ; free virtual = 28679
INFO: [Device 21-403] Loading part xcku040-ffva1156-2-e
Constraint Validation Runtime : Time (s): cpu = 00:00:00.03 ; elapsed = 00:00:00.02 . Memory (MB): peak = 1629.855 ; gain = 0.004 ; free physical = 8027 ; free virtual = 28378
Finished Constraint Validation : Time (s): cpu = 00:00:17 ; elapsed = 00:00:17 . Memory (MB): peak = 1629.855 ; gain = 694.480 ; free physical = 8025 ; free virtual = 28377
Finished Loading Part and Timing Information : Time (s): cpu = 00:00:17 ; elapsed = 00:00:17 . Memory (MB): peak = 1629.855 ; gain = 694.480 ; free physical = 8025 ; free virtual = 28377
Finished applying 'set_property' XDC Constraints : Time (s): cpu = 00:00:17 ; elapsed = 00:00:17 . Memory (MB): peak = 1629.855 ; gain = 694.480 ; free physical = 8025 ; free virtual = 28377
Finished RTL Optimization Phase 2 : Time (s): cpu = 00:00:17 ; elapsed = 00:00:18 . Memory (MB): peak = 1629.855 ; gain = 694.480 ; free physical = 8024 ; free virtual = 28376
Finished Cross Boundary and Area Optimization : Time (s): cpu = 00:00:18 ; elapsed = 00:00:19 . Memory (MB): peak = 1629.859 ; gain = 694.484 ; free physical = 8009 ; free virtual = 28361
Finished Applying XDC Timing Constraints : Time (s): cpu = 00:00:25 ; elapsed = 00:00:26 . Memory (MB): peak = 1849.051 ; gain = 913.676 ; free physical = 7762 ; free virtual = 28116
Finished Timing Optimization : Time (s): cpu = 00:00:25 ; elapsed = 00:00:26 . Memory (MB): peak = 1850.047 ; gain = 914.672 ; free physical = 7761 ; free virtual = 28116
Finished Technology Mapping : Time (s): cpu = 00:00:25 ; elapsed = 00:00:26 . Memory (MB): peak = 1870.086 ; gain = 934.711 ; free physical = 7742 ; free virtual = 28096
Finished IO Insertion : Time (s): cpu = 00:00:26 ; elapsed = 00:00:27 . Memory (MB): peak = 1870.090 ; gain = 934.715 ; free physical = 7741 ; free virtual = 28096
Finished Renaming Generated Instances : Time (s): cpu = 00:00:26 ; elapsed = 00:00:27 . Memory (MB): peak = 1870.090 ; gain = 934.715 ; free physical = 7741 ; free virtual = 28096
Finished Rebuilding User Hierarchy : Time (s): cpu = 00:00:26 ; elapsed = 00:00:27 . Memory (MB): peak = 1870.090 ; gain = 934.715 ; free physical = 7741 ; free virtual = 28096
Finished Renaming Generated Ports : Time (s): cpu = 00:00:26 ; elapsed = 00:00:27 . Memory (MB): peak = 1870.090 ; gain = 934.715 ; free physical = 7741 ; free virtual = 28096
Finished Handling Custom Attributes : Time (s): cpu = 00:00:26 ; elapsed = 00:00:27 . Memory (MB): peak = 1870.090 ; gain = 934.715 ; free physical = 7741 ; free virtual = 28096
Finished Renaming Generated Nets : Time (s): cpu = 00:00:26 ; elapsed = 00:00:27 . Memory (MB): peak = 1870.090 ; gain = 934.715 ; free physical = 7741 ; free virtual = 28096

Report Cell Usage: 
+------+--------+------+
|      |Cell    |Count |
+------+--------+------+
|1     |DSP48E1 |     2|
|2     |LUT1    |     4|
|3     |LUT2    |    25|
|4     |LUT3    |    66|
|5     |LUT4    |    43|
|6     |LUT5    |    65|
|7     |LUT6    |    76|
|8     |MUXCY   |    58|
|9     |XORCY   |    17|
|10    |FDE     |     3|
|11    |FDRE    |    79|
+------+--------+------+
Finished Writing Synthesis Report : Time (s): cpu = 00:00:26 ; elapsed = 00:00:27 . Memory (MB): peak = 1870.090 ; gain = 934.715 ; free physical = 7741 ; free virtual = 28096
synth_design: Time (s): cpu = 00:00:25 ; elapsed = 00:00:26 . Memory (MB): peak = 1897.090 ; gain = 845.203 ; free physical = 7717 ; free virtual = 28071
