
*** Running vivado
    with args -log design_1_clk_wiz_0_0.vds -m64 -product Vivado -mode batch -messageDb vivado.pb -notrace -source design_1_clk_wiz_0_0.tcl


****** Vivado v2016.4 (64-bit)
  **** SW Build 1756540 on Mon Jan 23 19:11:19 MST 2017
  **** IP Build 1755317 on Mon Jan 23 20:30:07 MST 2017
    ** Copyright 1986-2016 Xilinx, Inc. All Rights Reserved.

source design_1_clk_wiz_0_0.tcl -notrace
Starting RTL Elaboration : Time (s): cpu = 00:00:05 ; elapsed = 00:00:46 . Memory (MB): peak = 1172.352 ; gain = 236.977 ; free physical = 7451 ; free virtual = 28169
INFO: [Synth 8-638] synthesizing module 'design_1_clk_wiz_0_0' [/home/tansei/Desktop/cpu/2017/1stcore/cpu1/cpu1.srcs/sources_1/bd/design_1/ip/design_1_clk_wiz_0_0/design_1_clk_wiz_0_0.v:70]
INFO: [Synth 8-638] synthesizing module 'design_1_clk_wiz_0_0_clk_wiz' [/home/tansei/Desktop/cpu/2017/1stcore/cpu1/cpu1.srcs/sources_1/bd/design_1/ip/design_1_clk_wiz_0_0/design_1_clk_wiz_0_0_clk_wiz.v:68]
INFO: [Synth 8-638] synthesizing module 'IBUFDS' [/opt/Xilinx/Vivado/2016.4/scripts/rt/data/unisim_comp.v:14161]
INFO: [Synth 8-256] done synthesizing module 'IBUFDS' (1#1) [/opt/Xilinx/Vivado/2016.4/scripts/rt/data/unisim_comp.v:14161]
INFO: [Synth 8-638] synthesizing module 'MMCME3_ADV' [/opt/Xilinx/Vivado/2016.4/scripts/rt/data/unisim_comp.v:20605]
INFO: [Synth 8-256] done synthesizing module 'MMCME3_ADV' (2#1) [/opt/Xilinx/Vivado/2016.4/scripts/rt/data/unisim_comp.v:20605]
INFO: [Synth 8-638] synthesizing module 'BUFG' [/opt/Xilinx/Vivado/2016.4/scripts/rt/data/unisim_comp.v:607]
INFO: [Synth 8-256] done synthesizing module 'BUFG' (3#1) [/opt/Xilinx/Vivado/2016.4/scripts/rt/data/unisim_comp.v:607]
INFO: [Synth 8-256] done synthesizing module 'design_1_clk_wiz_0_0_clk_wiz' (4#1) [/home/tansei/Desktop/cpu/2017/1stcore/cpu1/cpu1.srcs/sources_1/bd/design_1/ip/design_1_clk_wiz_0_0/design_1_clk_wiz_0_0_clk_wiz.v:68]
INFO: [Synth 8-256] done synthesizing module 'design_1_clk_wiz_0_0' (5#1) [/home/tansei/Desktop/cpu/2017/1stcore/cpu1/cpu1.srcs/sources_1/bd/design_1/ip/design_1_clk_wiz_0_0/design_1_clk_wiz_0_0.v:70]
Finished RTL Elaboration : Time (s): cpu = 00:00:06 ; elapsed = 00:00:46 . Memory (MB): peak = 1213.828 ; gain = 278.453 ; free physical = 7409 ; free virtual = 28127
Finished RTL Optimization Phase 1 : Time (s): cpu = 00:00:06 ; elapsed = 00:00:46 . Memory (MB): peak = 1213.828 ; gain = 278.453 ; free physical = 7409 ; free virtual = 28127
INFO: [Device 21-403] Loading part xcku040-ffva1156-2-e
Constraint Validation Runtime : Time (s): cpu = 00:00:00.01 ; elapsed = 00:00:00.01 . Memory (MB): peak = 1594.684 ; gain = 0.000 ; free physical = 7082 ; free virtual = 27800
Finished Constraint Validation : Time (s): cpu = 00:00:13 ; elapsed = 00:01:04 . Memory (MB): peak = 1594.684 ; gain = 659.309 ; free physical = 7080 ; free virtual = 27798
Finished Loading Part and Timing Information : Time (s): cpu = 00:00:13 ; elapsed = 00:01:04 . Memory (MB): peak = 1594.684 ; gain = 659.309 ; free physical = 7080 ; free virtual = 27798
Finished applying 'set_property' XDC Constraints : Time (s): cpu = 00:00:13 ; elapsed = 00:01:04 . Memory (MB): peak = 1594.684 ; gain = 659.309 ; free physical = 7080 ; free virtual = 27798
Finished RTL Optimization Phase 2 : Time (s): cpu = 00:00:13 ; elapsed = 00:01:04 . Memory (MB): peak = 1594.684 ; gain = 659.309 ; free physical = 7080 ; free virtual = 27798
Finished Cross Boundary and Area Optimization : Time (s): cpu = 00:00:14 ; elapsed = 00:01:04 . Memory (MB): peak = 1594.684 ; gain = 659.309 ; free physical = 7080 ; free virtual = 27798
Finished Applying XDC Timing Constraints : Time (s): cpu = 00:00:20 ; elapsed = 00:01:11 . Memory (MB): peak = 1822.879 ; gain = 887.504 ; free physical = 6829 ; free virtual = 27551
Finished Timing Optimization : Time (s): cpu = 00:00:20 ; elapsed = 00:01:11 . Memory (MB): peak = 1822.879 ; gain = 887.504 ; free physical = 6829 ; free virtual = 27551
Finished Technology Mapping : Time (s): cpu = 00:00:20 ; elapsed = 00:01:11 . Memory (MB): peak = 1832.891 ; gain = 897.516 ; free physical = 6820 ; free virtual = 27542
Finished IO Insertion : Time (s): cpu = 00:00:21 ; elapsed = 00:01:11 . Memory (MB): peak = 1832.895 ; gain = 897.520 ; free physical = 6819 ; free virtual = 27541
Finished Renaming Generated Instances : Time (s): cpu = 00:00:21 ; elapsed = 00:01:11 . Memory (MB): peak = 1832.895 ; gain = 897.520 ; free physical = 6819 ; free virtual = 27541
Finished Rebuilding User Hierarchy : Time (s): cpu = 00:00:21 ; elapsed = 00:01:11 . Memory (MB): peak = 1832.895 ; gain = 897.520 ; free physical = 6819 ; free virtual = 27541
Finished Renaming Generated Ports : Time (s): cpu = 00:00:21 ; elapsed = 00:01:11 . Memory (MB): peak = 1832.895 ; gain = 897.520 ; free physical = 6819 ; free virtual = 27541
Finished Handling Custom Attributes : Time (s): cpu = 00:00:21 ; elapsed = 00:01:11 . Memory (MB): peak = 1832.895 ; gain = 897.520 ; free physical = 6819 ; free virtual = 27541
Finished Renaming Generated Nets : Time (s): cpu = 00:00:21 ; elapsed = 00:01:11 . Memory (MB): peak = 1832.895 ; gain = 897.520 ; free physical = 6819 ; free virtual = 27541

Report Cell Usage: 
+------+-----------+------+
|      |Cell       |Count |
+------+-----------+------+
|1     |BUFG       |     2|
|2     |MMCME3_ADV |     1|
|3     |IBUFDS     |     1|
+------+-----------+------+
Finished Writing Synthesis Report : Time (s): cpu = 00:00:21 ; elapsed = 00:01:11 . Memory (MB): peak = 1832.895 ; gain = 897.520 ; free physical = 6819 ; free virtual = 27541
synth_design: Time (s): cpu = 00:00:20 ; elapsed = 00:01:11 . Memory (MB): peak = 1932.961 ; gain = 881.074 ; free physical = 6739 ; free virtual = 27458
