
*** Running vivado
    with args -log design_1_blk_mem_gen_0_0.vds -m64 -product Vivado -mode batch -messageDb vivado.pb -notrace -source design_1_blk_mem_gen_0_0.tcl


****** Vivado v2016.4 (64-bit)
  **** SW Build 1756540 on Mon Jan 23 19:11:19 MST 2017
  **** IP Build 1755317 on Mon Jan 23 20:30:07 MST 2017
    ** Copyright 1986-2016 Xilinx, Inc. All Rights Reserved.

source design_1_blk_mem_gen_0_0.tcl -notrace
Starting RTL Elaboration : Time (s): cpu = 00:00:09 ; elapsed = 00:00:12 . Memory (MB): peak = 1171.363 ; gain = 235.980 ; free physical = 6593 ; free virtual = 28024
INFO: [Synth 8-638] synthesizing module 'design_1_blk_mem_gen_0_0' [/home/tansei/Desktop/cpu/2017/1stcore/cpu-sim/cpu2.srcs/sources_1/bd/design_1/ip/design_1_blk_mem_gen_0_0/synth/design_1_blk_mem_gen_0_0.vhd:69]
INFO: [Synth 8-256] done synthesizing module 'design_1_blk_mem_gen_0_0' (9#1) [/home/tansei/Desktop/cpu/2017/1stcore/cpu-sim/cpu2.srcs/sources_1/bd/design_1/ip/design_1_blk_mem_gen_0_0/synth/design_1_blk_mem_gen_0_0.vhd:69]
Finished RTL Elaboration : Time (s): cpu = 00:01:01 ; elapsed = 00:01:15 . Memory (MB): peak = 1371.039 ; gain = 435.656 ; free physical = 5620 ; free virtual = 27064
Finished RTL Optimization Phase 1 : Time (s): cpu = 00:01:02 ; elapsed = 00:01:15 . Memory (MB): peak = 1371.039 ; gain = 435.656 ; free physical = 5620 ; free virtual = 27065
INFO: [Device 21-403] Loading part xcku040-ffva1156-2-e
Constraint Validation Runtime : Time (s): cpu = 00:00:00.02 ; elapsed = 00:00:00.02 . Memory (MB): peak = 1599.488 ; gain = 0.004 ; free physical = 5321 ; free virtual = 26769
Finished Constraint Validation : Time (s): cpu = 00:01:13 ; elapsed = 00:01:28 . Memory (MB): peak = 1599.488 ; gain = 664.105 ; free physical = 5313 ; free virtual = 26763
Finished Loading Part and Timing Information : Time (s): cpu = 00:01:13 ; elapsed = 00:01:28 . Memory (MB): peak = 1599.488 ; gain = 664.105 ; free physical = 5313 ; free virtual = 26763
Finished applying 'set_property' XDC Constraints : Time (s): cpu = 00:01:13 ; elapsed = 00:01:28 . Memory (MB): peak = 1599.488 ; gain = 664.105 ; free physical = 5313 ; free virtual = 26763
Finished RTL Optimization Phase 2 : Time (s): cpu = 00:01:13 ; elapsed = 00:01:28 . Memory (MB): peak = 1599.488 ; gain = 664.105 ; free physical = 5313 ; free virtual = 26763
Finished Cross Boundary and Area Optimization : Time (s): cpu = 00:01:13 ; elapsed = 00:01:28 . Memory (MB): peak = 1599.488 ; gain = 664.105 ; free physical = 5313 ; free virtual = 26764
Finished Applying XDC Timing Constraints : Time (s): cpu = 00:01:23 ; elapsed = 00:01:39 . Memory (MB): peak = 1838.898 ; gain = 903.516 ; free physical = 5039 ; free virtual = 26472
Finished Timing Optimization : Time (s): cpu = 00:01:23 ; elapsed = 00:01:39 . Memory (MB): peak = 1839.898 ; gain = 904.516 ; free physical = 5035 ; free virtual = 26468
Finished Technology Mapping : Time (s): cpu = 00:01:23 ; elapsed = 00:01:39 . Memory (MB): peak = 1848.914 ; gain = 913.531 ; free physical = 5021 ; free virtual = 26455
Finished IO Insertion : Time (s): cpu = 00:01:24 ; elapsed = 00:01:39 . Memory (MB): peak = 1848.918 ; gain = 913.535 ; free physical = 5011 ; free virtual = 26444
Finished Renaming Generated Instances : Time (s): cpu = 00:01:24 ; elapsed = 00:01:39 . Memory (MB): peak = 1848.918 ; gain = 913.535 ; free physical = 5011 ; free virtual = 26444
Finished Rebuilding User Hierarchy : Time (s): cpu = 00:01:24 ; elapsed = 00:01:39 . Memory (MB): peak = 1848.918 ; gain = 913.535 ; free physical = 5011 ; free virtual = 26444
Finished Renaming Generated Ports : Time (s): cpu = 00:01:24 ; elapsed = 00:01:39 . Memory (MB): peak = 1848.918 ; gain = 913.535 ; free physical = 5011 ; free virtual = 26444
Finished Handling Custom Attributes : Time (s): cpu = 00:01:24 ; elapsed = 00:01:39 . Memory (MB): peak = 1848.918 ; gain = 913.535 ; free physical = 5010 ; free virtual = 26444
Finished Renaming Generated Nets : Time (s): cpu = 00:01:24 ; elapsed = 00:01:39 . Memory (MB): peak = 1848.918 ; gain = 913.535 ; free physical = 5010 ; free virtual = 26444

Report Cell Usage: 
+------+---------+------+
|      |Cell     |Count |
+------+---------+------+
|1     |RAMB36E2 |     1|
+------+---------+------+
Finished Writing Synthesis Report : Time (s): cpu = 00:01:24 ; elapsed = 00:01:39 . Memory (MB): peak = 1848.918 ; gain = 913.535 ; free physical = 5010 ; free virtual = 26444
synth_design: Time (s): cpu = 00:01:22 ; elapsed = 00:01:36 . Memory (MB): peak = 1887.980 ; gain = 837.086 ; free physical = 4954 ; free virtual = 26389
