
*** Running vivado
    with args -log design_1_uart_0_0.vds -m64 -product Vivado -mode batch -messageDb vivado.pb -notrace -source design_1_uart_0_0.tcl


****** Vivado v2016.4 (64-bit)
  **** SW Build 1756540 on Mon Jan 23 19:11:19 MST 2017
  **** IP Build 1755317 on Mon Jan 23 20:30:07 MST 2017
    ** Copyright 1986-2016 Xilinx, Inc. All Rights Reserved.

source design_1_uart_0_0.tcl -notrace
Command: synth_design -top design_1_uart_0_0 -part xcku040-ffva1156-2-e -mode out_of_context
Starting synth_design
Attempting to get a license for feature 'Synthesis' and/or device 'xcku040'
INFO: [Common 17-349] Got license for feature 'Synthesis' and/or device 'xcku040'
INFO: [Common 17-1223] The version limit for your license is '2017.03' and will expire in -323 days. A version limit expiration means that, although you may be able to continue to use the current version of tools or IP with this license, you will not be eligible for any updates or new releases.
INFO: Launching helper process for spawning children vivado processes
INFO: Helper process launched with PID 32258 
---------------------------------------------------------------------------------
Starting RTL Elaboration : Time (s): cpu = 00:00:05 ; elapsed = 00:00:06 . Memory (MB): peak = 1178.348 ; gain = 242.977 ; free physical = 4033 ; free virtual = 26297
---------------------------------------------------------------------------------
INFO: [Synth 8-638] synthesizing module 'design_1_uart_0_0' [/home/tansei/Desktop/cpu/2017/1stcore/cpu1/cpu2.srcs/sources_1/bd/design_1/ip/design_1_uart_0_0/synth/design_1_uart_0_0.v:56]
INFO: [Synth 8-638] synthesizing module 'uart' [/home/tansei/Desktop/aa/core/1stcore/cpu1-sv/uart.v:1]
	Parameter s_read_wait bound to: 7'b0000001 
	Parameter s_read_wait2 bound to: 7'b0000010 
	Parameter s_read bound to: 7'b0000100 
	Parameter s_read2 bound to: 7'b0001000 
	Parameter s_read3 bound to: 7'b0010000 
	Parameter s_write_wait bound to: 7'b1000001 
	Parameter s_write_wait2 bound to: 7'b1000010 
	Parameter s_write bound to: 7'b1000100 
	Parameter s_write2 bound to: 7'b1001000 
	Parameter s_write3 bound to: 7'b1010000 
	Parameter s_write4 bound to: 7'b1100000 
INFO: [Synth 8-155] case statement is not full and has no default [/home/tansei/Desktop/aa/core/1stcore/cpu1-sv/uart.v:71]
INFO: [Synth 8-155] case statement is not full and has no default [/home/tansei/Desktop/aa/core/1stcore/cpu1-sv/uart.v:102]
WARNING: [Synth 8-3848] Net uart_invalid in module/entity uart does not have driver. [/home/tansei/Desktop/aa/core/1stcore/cpu1-sv/uart.v:26]
WARNING: [Synth 8-3848] Net uart_outvalid in module/entity uart does not have driver. [/home/tansei/Desktop/aa/core/1stcore/cpu1-sv/uart.v:23]
INFO: [Synth 8-256] done synthesizing module 'uart' (1#1) [/home/tansei/Desktop/aa/core/1stcore/cpu1-sv/uart.v:1]
INFO: [Synth 8-256] done synthesizing module 'design_1_uart_0_0' (2#1) [/home/tansei/Desktop/cpu/2017/1stcore/cpu1/cpu2.srcs/sources_1/bd/design_1/ip/design_1_uart_0_0/synth/design_1_uart_0_0.v:56]
WARNING: [Synth 8-3331] design uart has unconnected port uart_outvalid
WARNING: [Synth 8-3331] design uart has unconnected port BRESP[1]
WARNING: [Synth 8-3331] design uart has unconnected port BRESP[0]
WARNING: [Synth 8-3331] design uart has unconnected port RDATA[31]
WARNING: [Synth 8-3331] design uart has unconnected port RDATA[30]
WARNING: [Synth 8-3331] design uart has unconnected port RDATA[29]
WARNING: [Synth 8-3331] design uart has unconnected port RDATA[28]
WARNING: [Synth 8-3331] design uart has unconnected port RDATA[27]
WARNING: [Synth 8-3331] design uart has unconnected port RDATA[26]
WARNING: [Synth 8-3331] design uart has unconnected port RDATA[25]
WARNING: [Synth 8-3331] design uart has unconnected port RDATA[24]
WARNING: [Synth 8-3331] design uart has unconnected port RDATA[23]
WARNING: [Synth 8-3331] design uart has unconnected port RDATA[22]
WARNING: [Synth 8-3331] design uart has unconnected port RDATA[21]
WARNING: [Synth 8-3331] design uart has unconnected port RDATA[20]
WARNING: [Synth 8-3331] design uart has unconnected port RDATA[19]
WARNING: [Synth 8-3331] design uart has unconnected port RDATA[18]
WARNING: [Synth 8-3331] design uart has unconnected port RDATA[17]
WARNING: [Synth 8-3331] design uart has unconnected port RDATA[16]
WARNING: [Synth 8-3331] design uart has unconnected port RDATA[15]
WARNING: [Synth 8-3331] design uart has unconnected port RDATA[14]
WARNING: [Synth 8-3331] design uart has unconnected port RDATA[13]
WARNING: [Synth 8-3331] design uart has unconnected port RDATA[12]
WARNING: [Synth 8-3331] design uart has unconnected port RDATA[11]
WARNING: [Synth 8-3331] design uart has unconnected port RDATA[10]
WARNING: [Synth 8-3331] design uart has unconnected port RDATA[9]
WARNING: [Synth 8-3331] design uart has unconnected port RDATA[8]
WARNING: [Synth 8-3331] design uart has unconnected port RRESP[1]
WARNING: [Synth 8-3331] design uart has unconnected port RRESP[0]
WARNING: [Synth 8-3331] design uart has unconnected port uart_outready
---------------------------------------------------------------------------------
Finished RTL Elaboration : Time (s): cpu = 00:00:06 ; elapsed = 00:00:07 . Memory (MB): peak = 1218.824 ; gain = 283.453 ; free physical = 3991 ; free virtual = 26255
---------------------------------------------------------------------------------

Report Check Netlist: 
+------+------------------+-------+---------+-------+------------------+
|      |Item              |Errors |Warnings |Status |Description       |
+------+------------------+-------+---------+-------+------------------+
|1     |multi_driven_nets |      0|        0|Passed |Multi driven nets |
+------+------------------+-------+---------+-------+------------------+
---------------------------------------------------------------------------------
Finished RTL Optimization Phase 1 : Time (s): cpu = 00:00:06 ; elapsed = 00:00:07 . Memory (MB): peak = 1218.824 ; gain = 283.453 ; free physical = 3991 ; free virtual = 26255
---------------------------------------------------------------------------------
INFO: [Device 21-403] Loading part xcku040-ffva1156-2-e
INFO: [Project 1-570] Preparing netlist for logic optimization

Processing XDC Constraints
Initializing timing engine
Completed Processing XDC Constraints

INFO: [Project 1-111] Unisim Transformation Summary:
No Unisim elements were transformed.

Constraint Validation Runtime : Time (s): cpu = 00:00:00.01 ; elapsed = 00:00:00.01 . Memory (MB): peak = 1663.133 ; gain = 0.000 ; free physical = 3587 ; free virtual = 25850
---------------------------------------------------------------------------------
Finished Constraint Validation : Time (s): cpu = 00:00:14 ; elapsed = 00:00:14 . Memory (MB): peak = 1663.133 ; gain = 727.762 ; free physical = 3586 ; free virtual = 25850
---------------------------------------------------------------------------------
---------------------------------------------------------------------------------
Start Loading Part and Timing Information
---------------------------------------------------------------------------------
Loading part: xcku040-ffva1156-2-e
---------------------------------------------------------------------------------
Finished Loading Part and Timing Information : Time (s): cpu = 00:00:14 ; elapsed = 00:00:14 . Memory (MB): peak = 1663.133 ; gain = 727.762 ; free physical = 3586 ; free virtual = 25850
---------------------------------------------------------------------------------
---------------------------------------------------------------------------------
Start Applying 'set_property' XDC Constraints
---------------------------------------------------------------------------------
---------------------------------------------------------------------------------
Finished applying 'set_property' XDC Constraints : Time (s): cpu = 00:00:14 ; elapsed = 00:00:14 . Memory (MB): peak = 1663.133 ; gain = 727.762 ; free physical = 3586 ; free virtual = 25850
---------------------------------------------------------------------------------
INFO: [Synth 8-3898] No Re-encoding of one hot register 'read_status_reg' in module 'uart'
INFO: [Synth 8-802] inferred FSM for state register 'write_status_reg' in module 'uart'
INFO: [Synth 8-5546] ROM "ARADDR" won't be mapped to RAM because it is too sparse
INFO: [Synth 8-5546] ROM "read_status" won't be mapped to RAM because it is too sparse
INFO: [Synth 8-5546] ROM "RREADY" won't be mapped to RAM because it is too sparse
INFO: [Synth 8-5546] ROM "uart_input" won't be mapped to RAM because it is too sparse
INFO: [Synth 8-5546] ROM "ARADDR" won't be mapped to RAM because it is too sparse
INFO: [Synth 8-5546] ROM "RREADY" won't be mapped to RAM because it is too sparse
INFO: [Synth 8-5546] ROM "write_status" won't be mapped to RAM because it is too sparse
INFO: [Synth 8-5546] ROM "AWADDR" won't be mapped to RAM because it is too sparse
INFO: [Synth 8-5546] ROM "AWVALID" won't be mapped to RAM because it is too sparse
INFO: [Synth 8-5546] ROM "BREADY" won't be mapped to RAM because it is too sparse
INFO: [Synth 8-5544] ROM "write_status0" won't be mapped to Block RAM because address size (1) smaller than threshold (5)
INFO: [Synth 8-5544] ROM "write_status0" won't be mapped to Block RAM because address size (1) smaller than threshold (5)
INFO: [Synth 8-5544] ROM "write_status0" won't be mapped to Block RAM because address size (1) smaller than threshold (5)
INFO: [Synth 8-5544] ROM "write_status1" won't be mapped to Block RAM because address size (1) smaller than threshold (5)
---------------------------------------------------------------------------------------------------
                   State |                     New Encoding |                Previous Encoding 
---------------------------------------------------------------------------------------------------
            s_write_wait |                              000 |                          1000001
           s_write_wait2 |                              001 |                          1000010
                 s_write |                              010 |                          1000100
                s_write2 |                              011 |                          1001000
                s_write3 |                              100 |                          1010000
                s_write4 |                              101 |                          1100000
---------------------------------------------------------------------------------------------------
INFO: [Synth 8-3354] encoded FSM with state register 'write_status_reg' using encoding 'sequential' in module 'uart'
---------------------------------------------------------------------------------
Finished RTL Optimization Phase 2 : Time (s): cpu = 00:00:14 ; elapsed = 00:00:14 . Memory (MB): peak = 1663.133 ; gain = 727.762 ; free physical = 3585 ; free virtual = 25848
---------------------------------------------------------------------------------

Report RTL Partitions: 
+-+--------------+------------+----------+
| |RTL Partition |Replication |Instances |
+-+--------------+------------+----------+
+-+--------------+------------+----------+
---------------------------------------------------------------------------------
Start RTL Component Statistics 
---------------------------------------------------------------------------------
Detailed RTL Component Info : 
+---Registers : 
	                8 Bit    Registers := 2     
	                7 Bit    Registers := 1     
	                4 Bit    Registers := 3     
	                1 Bit    Registers := 7     
+---Muxes : 
	   2 Input      5 Bit        Muxes := 1     
	   2 Input      4 Bit        Muxes := 1     
	   7 Input      4 Bit        Muxes := 1     
	  12 Input      3 Bit        Muxes := 1     
	   3 Input      3 Bit        Muxes := 1     
	   2 Input      2 Bit        Muxes := 4     
	   2 Input      1 Bit        Muxes := 9     
	   6 Input      1 Bit        Muxes := 13    
	   7 Input      1 Bit        Muxes := 1     
---------------------------------------------------------------------------------
Finished RTL Component Statistics 
---------------------------------------------------------------------------------
---------------------------------------------------------------------------------
Start RTL Hierarchical Component Statistics 
---------------------------------------------------------------------------------
Hierarchical RTL Component report 
Module uart 
Detailed RTL Component Info : 
+---Registers : 
	                8 Bit    Registers := 2     
	                7 Bit    Registers := 1     
	                4 Bit    Registers := 3     
	                1 Bit    Registers := 7     
+---Muxes : 
	   2 Input      5 Bit        Muxes := 1     
	   2 Input      4 Bit        Muxes := 1     
	   7 Input      4 Bit        Muxes := 1     
	  12 Input      3 Bit        Muxes := 1     
	   3 Input      3 Bit        Muxes := 1     
	   2 Input      2 Bit        Muxes := 4     
	   2 Input      1 Bit        Muxes := 9     
	   6 Input      1 Bit        Muxes := 13    
	   7 Input      1 Bit        Muxes := 1     
---------------------------------------------------------------------------------
Finished RTL Hierarchical Component Statistics
---------------------------------------------------------------------------------
---------------------------------------------------------------------------------
Start Part Resource Summary
---------------------------------------------------------------------------------
Part Resources:
DSPs: 1920 (col length:120)
BRAMs: 1200 (col length: RAMB18 120 RAMB36 60)
---------------------------------------------------------------------------------
Finished Part Resource Summary
---------------------------------------------------------------------------------
---------------------------------------------------------------------------------
Start Cross Boundary and Area Optimization
---------------------------------------------------------------------------------
INFO: [Synth 8-3917] design design_1_uart_0_0 has port WDATA[31] driven by constant 0
INFO: [Synth 8-3917] design design_1_uart_0_0 has port WDATA[30] driven by constant 0
INFO: [Synth 8-3917] design design_1_uart_0_0 has port WDATA[29] driven by constant 0
INFO: [Synth 8-3917] design design_1_uart_0_0 has port WDATA[28] driven by constant 0
INFO: [Synth 8-3917] design design_1_uart_0_0 has port WDATA[27] driven by constant 0
INFO: [Synth 8-3917] design design_1_uart_0_0 has port WDATA[26] driven by constant 0
INFO: [Synth 8-3917] design design_1_uart_0_0 has port WDATA[25] driven by constant 0
INFO: [Synth 8-3917] design design_1_uart_0_0 has port WDATA[24] driven by constant 0
INFO: [Synth 8-3917] design design_1_uart_0_0 has port WDATA[23] driven by constant 0
INFO: [Synth 8-3917] design design_1_uart_0_0 has port WDATA[22] driven by constant 0
INFO: [Synth 8-3917] design design_1_uart_0_0 has port WDATA[21] driven by constant 0
INFO: [Synth 8-3917] design design_1_uart_0_0 has port WDATA[20] driven by constant 0
INFO: [Synth 8-3917] design design_1_uart_0_0 has port WDATA[19] driven by constant 0
INFO: [Synth 8-3917] design design_1_uart_0_0 has port WDATA[18] driven by constant 0
INFO: [Synth 8-3917] design design_1_uart_0_0 has port WDATA[17] driven by constant 0
INFO: [Synth 8-3917] design design_1_uart_0_0 has port WDATA[16] driven by constant 0
INFO: [Synth 8-3917] design design_1_uart_0_0 has port WDATA[15] driven by constant 0
INFO: [Synth 8-3917] design design_1_uart_0_0 has port WDATA[14] driven by constant 0
INFO: [Synth 8-3917] design design_1_uart_0_0 has port WDATA[13] driven by constant 0
INFO: [Synth 8-3917] design design_1_uart_0_0 has port WDATA[12] driven by constant 0
INFO: [Synth 8-3917] design design_1_uart_0_0 has port WDATA[11] driven by constant 0
INFO: [Synth 8-3917] design design_1_uart_0_0 has port WDATA[10] driven by constant 0
INFO: [Synth 8-3917] design design_1_uart_0_0 has port WDATA[9] driven by constant 0
INFO: [Synth 8-3917] design design_1_uart_0_0 has port WDATA[8] driven by constant 0
WARNING: [Synth 8-3331] design design_1_uart_0_0 has unconnected port uart_outvalid
WARNING: [Synth 8-3331] design design_1_uart_0_0 has unconnected port uart_invalid
WARNING: [Synth 8-3331] design design_1_uart_0_0 has unconnected port BRESP[1]
WARNING: [Synth 8-3331] design design_1_uart_0_0 has unconnected port BRESP[0]
WARNING: [Synth 8-3331] design design_1_uart_0_0 has unconnected port RDATA[31]
WARNING: [Synth 8-3331] design design_1_uart_0_0 has unconnected port RDATA[30]
WARNING: [Synth 8-3331] design design_1_uart_0_0 has unconnected port RDATA[29]
WARNING: [Synth 8-3331] design design_1_uart_0_0 has unconnected port RDATA[28]
WARNING: [Synth 8-3331] design design_1_uart_0_0 has unconnected port RDATA[27]
WARNING: [Synth 8-3331] design design_1_uart_0_0 has unconnected port RDATA[26]
WARNING: [Synth 8-3331] design design_1_uart_0_0 has unconnected port RDATA[25]
WARNING: [Synth 8-3331] design design_1_uart_0_0 has unconnected port RDATA[24]
WARNING: [Synth 8-3331] design design_1_uart_0_0 has unconnected port RDATA[23]
WARNING: [Synth 8-3331] design design_1_uart_0_0 has unconnected port RDATA[22]
WARNING: [Synth 8-3331] design design_1_uart_0_0 has unconnected port RDATA[21]
WARNING: [Synth 8-3331] design design_1_uart_0_0 has unconnected port RDATA[20]
WARNING: [Synth 8-3331] design design_1_uart_0_0 has unconnected port RDATA[19]
WARNING: [Synth 8-3331] design design_1_uart_0_0 has unconnected port RDATA[18]
WARNING: [Synth 8-3331] design design_1_uart_0_0 has unconnected port RDATA[17]
WARNING: [Synth 8-3331] design design_1_uart_0_0 has unconnected port RDATA[16]
WARNING: [Synth 8-3331] design design_1_uart_0_0 has unconnected port RDATA[15]
WARNING: [Synth 8-3331] design design_1_uart_0_0 has unconnected port RDATA[14]
WARNING: [Synth 8-3331] design design_1_uart_0_0 has unconnected port RDATA[13]
WARNING: [Synth 8-3331] design design_1_uart_0_0 has unconnected port RDATA[12]
WARNING: [Synth 8-3331] design design_1_uart_0_0 has unconnected port RDATA[11]
WARNING: [Synth 8-3331] design design_1_uart_0_0 has unconnected port RDATA[10]
WARNING: [Synth 8-3331] design design_1_uart_0_0 has unconnected port RDATA[9]
WARNING: [Synth 8-3331] design design_1_uart_0_0 has unconnected port RDATA[8]
WARNING: [Synth 8-3331] design design_1_uart_0_0 has unconnected port RRESP[1]
WARNING: [Synth 8-3331] design design_1_uart_0_0 has unconnected port RRESP[0]
WARNING: [Synth 8-3331] design design_1_uart_0_0 has unconnected port uart_outready
INFO: [Synth 8-3886] merging instance 'inst/read_status_reg[5]' (FDE) to 'inst/read_status_reg[6]'
INFO: [Synth 8-3333] propagating constant 0 across sequential element (\inst/read_status_reg[6] )
INFO: [Synth 8-3333] propagating constant 1 across sequential element (\inst/i_out_reg )
INFO: [Synth 8-3886] merging instance 'inst/WSTRB_reg[1]' (FD) to 'inst/WSTRB_reg[3]'
INFO: [Synth 8-3886] merging instance 'inst/WSTRB_reg[2]' (FD) to 'inst/WSTRB_reg[3]'
INFO: [Synth 8-3333] propagating constant 0 across sequential element (\inst/WSTRB_reg[3] )
INFO: [Synth 8-3886] merging instance 'inst/AWADDR_reg[0]' (FDE) to 'inst/AWADDR_reg[1]'
INFO: [Synth 8-3886] merging instance 'inst/AWADDR_reg[1]' (FDE) to 'inst/AWADDR_reg[3]'
INFO: [Synth 8-3333] propagating constant 0 across sequential element (\inst/AWADDR_reg[3] )
INFO: [Synth 8-3886] merging instance 'inst/ARADDR_reg[0]' (FDE) to 'inst/ARADDR_reg[2]'
INFO: [Synth 8-3886] merging instance 'inst/ARADDR_reg[1]' (FDE) to 'inst/ARADDR_reg[2]'
INFO: [Synth 8-3333] propagating constant 0 across sequential element (\inst/ARADDR_reg[2] )
INFO: [Synth 8-3332] Sequential element (inst/read_status_reg[6]) is unused and will be removed from module design_1_uart_0_0.
INFO: [Synth 8-3332] Sequential element (inst/i_out_reg) is unused and will be removed from module design_1_uart_0_0.
INFO: [Synth 8-3332] Sequential element (inst/ARADDR_reg[2]) is unused and will be removed from module design_1_uart_0_0.
INFO: [Synth 8-3332] Sequential element (inst/AWADDR_reg[3]) is unused and will be removed from module design_1_uart_0_0.
INFO: [Synth 8-3332] Sequential element (inst/WSTRB_reg[3]) is unused and will be removed from module design_1_uart_0_0.
---------------------------------------------------------------------------------
Finished Cross Boundary and Area Optimization : Time (s): cpu = 00:00:14 ; elapsed = 00:00:15 . Memory (MB): peak = 1663.137 ; gain = 727.766 ; free physical = 3585 ; free virtual = 25848
---------------------------------------------------------------------------------

Report RTL Partitions: 
+-+--------------+------------+----------+
| |RTL Partition |Replication |Instances |
+-+--------------+------------+----------+
+-+--------------+------------+----------+
---------------------------------------------------------------------------------
Start Timing Optimization
---------------------------------------------------------------------------------
---------------------------------------------------------------------------------
Start Applying XDC Timing Constraints
---------------------------------------------------------------------------------
---------------------------------------------------------------------------------
Finished Applying XDC Timing Constraints : Time (s): cpu = 00:00:21 ; elapsed = 00:00:22 . Memory (MB): peak = 1849.223 ; gain = 913.852 ; free physical = 3393 ; free virtual = 25656
---------------------------------------------------------------------------------
---------------------------------------------------------------------------------
Finished Timing Optimization : Time (s): cpu = 00:00:21 ; elapsed = 00:00:22 . Memory (MB): peak = 1849.223 ; gain = 913.852 ; free physical = 3393 ; free virtual = 25656
---------------------------------------------------------------------------------

Report RTL Partitions: 
+-+--------------+------------+----------+
| |RTL Partition |Replication |Instances |
+-+--------------+------------+----------+
+-+--------------+------------+----------+
---------------------------------------------------------------------------------
Start Technology Mapping
---------------------------------------------------------------------------------
---------------------------------------------------------------------------------
Finished Technology Mapping : Time (s): cpu = 00:00:21 ; elapsed = 00:00:22 . Memory (MB): peak = 1868.254 ; gain = 932.883 ; free physical = 3374 ; free virtual = 25637
---------------------------------------------------------------------------------

Report RTL Partitions: 
+-+--------------+------------+----------+
| |RTL Partition |Replication |Instances |
+-+--------------+------------+----------+
+-+--------------+------------+----------+
---------------------------------------------------------------------------------
Start IO Insertion
---------------------------------------------------------------------------------
---------------------------------------------------------------------------------
Start Flattening Before IO Insertion
---------------------------------------------------------------------------------
---------------------------------------------------------------------------------
Finished Flattening Before IO Insertion
---------------------------------------------------------------------------------
---------------------------------------------------------------------------------
Start Final Netlist Cleanup
---------------------------------------------------------------------------------
---------------------------------------------------------------------------------
Finished Final Netlist Cleanup
---------------------------------------------------------------------------------
---------------------------------------------------------------------------------
Finished IO Insertion : Time (s): cpu = 00:00:21 ; elapsed = 00:00:22 . Memory (MB): peak = 1868.258 ; gain = 932.887 ; free physical = 3374 ; free virtual = 25637
---------------------------------------------------------------------------------

Report Check Netlist: 
+------+------------------+-------+---------+-------+------------------+
|      |Item              |Errors |Warnings |Status |Description       |
+------+------------------+-------+---------+-------+------------------+
|1     |multi_driven_nets |      0|        0|Passed |Multi driven nets |
+------+------------------+-------+---------+-------+------------------+
---------------------------------------------------------------------------------
Start Renaming Generated Instances
---------------------------------------------------------------------------------
---------------------------------------------------------------------------------
Finished Renaming Generated Instances : Time (s): cpu = 00:00:21 ; elapsed = 00:00:22 . Memory (MB): peak = 1868.258 ; gain = 932.887 ; free physical = 3374 ; free virtual = 25637
---------------------------------------------------------------------------------

Report RTL Partitions: 
+-+--------------+------------+----------+
| |RTL Partition |Replication |Instances |
+-+--------------+------------+----------+
+-+--------------+------------+----------+
---------------------------------------------------------------------------------
Start Rebuilding User Hierarchy
---------------------------------------------------------------------------------
---------------------------------------------------------------------------------
Finished Rebuilding User Hierarchy : Time (s): cpu = 00:00:21 ; elapsed = 00:00:22 . Memory (MB): peak = 1868.258 ; gain = 932.887 ; free physical = 3374 ; free virtual = 25637
---------------------------------------------------------------------------------
---------------------------------------------------------------------------------
Start Renaming Generated Ports
---------------------------------------------------------------------------------
---------------------------------------------------------------------------------
Finished Renaming Generated Ports : Time (s): cpu = 00:00:21 ; elapsed = 00:00:22 . Memory (MB): peak = 1868.258 ; gain = 932.887 ; free physical = 3374 ; free virtual = 25637
---------------------------------------------------------------------------------
---------------------------------------------------------------------------------
Start Handling Custom Attributes
---------------------------------------------------------------------------------
---------------------------------------------------------------------------------
Finished Handling Custom Attributes : Time (s): cpu = 00:00:22 ; elapsed = 00:00:22 . Memory (MB): peak = 1868.258 ; gain = 932.887 ; free physical = 3374 ; free virtual = 25637
---------------------------------------------------------------------------------
---------------------------------------------------------------------------------
Start Renaming Generated Nets
---------------------------------------------------------------------------------
---------------------------------------------------------------------------------
Finished Renaming Generated Nets : Time (s): cpu = 00:00:22 ; elapsed = 00:00:22 . Memory (MB): peak = 1868.258 ; gain = 932.887 ; free physical = 3374 ; free virtual = 25637
---------------------------------------------------------------------------------
---------------------------------------------------------------------------------
Start Writing Synthesis Report
---------------------------------------------------------------------------------

Report BlackBoxes: 
+-+--------------+----------+
| |BlackBox name |Instances |
+-+--------------+----------+
+-+--------------+----------+

Report Cell Usage: 
+------+-----+------+
|      |Cell |Count |
+------+-----+------+
|1     |LUT2 |     4|
|2     |LUT3 |     5|
|3     |LUT4 |     7|
|4     |LUT5 |     1|
|5     |LUT6 |    14|
|6     |FDRE |    33|
+------+-----+------+

Report Instance Areas: 
+------+---------+-------+------+
|      |Instance |Module |Cells |
+------+---------+-------+------+
|1     |top      |       |    64|
|2     |  inst   |uart   |    64|
+------+---------+-------+------+
---------------------------------------------------------------------------------
Finished Writing Synthesis Report : Time (s): cpu = 00:00:22 ; elapsed = 00:00:22 . Memory (MB): peak = 1868.258 ; gain = 932.887 ; free physical = 3374 ; free virtual = 25637
---------------------------------------------------------------------------------
Synthesis finished with 0 errors, 0 critical warnings and 31 warnings.
Synthesis Optimization Runtime : Time (s): cpu = 00:00:15 ; elapsed = 00:00:15 . Memory (MB): peak = 1868.258 ; gain = 320.598 ; free physical = 3374 ; free virtual = 25637
Synthesis Optimization Complete : Time (s): cpu = 00:00:22 ; elapsed = 00:00:22 . Memory (MB): peak = 1868.262 ; gain = 932.891 ; free physical = 3374 ; free virtual = 25636
INFO: [Project 1-571] Translating synthesized netlist
INFO: [Project 1-570] Preparing netlist for logic optimization
INFO: [Opt 31-138] Pushed 0 inverter(s) to 0 load pin(s).
INFO: [Project 1-111] Unisim Transformation Summary:
No Unisim elements were transformed.

INFO: [Common 17-83] Releasing license: Synthesis
78 Infos, 63 Warnings, 0 Critical Warnings and 0 Errors encountered.
synth_design completed successfully
synth_design: Time (s): cpu = 00:00:20 ; elapsed = 00:00:21 . Memory (MB): peak = 1881.887 ; gain = 829.004 ; free physical = 3362 ; free virtual = 25624
INFO: [Common 17-1381] The checkpoint '/home/tansei/Desktop/cpu/2017/1stcore/cpu1/cpu2.runs/design_1_uart_0_0_synth_1/design_1_uart_0_0.dcp' has been generated.
INFO: [Common 17-1381] The checkpoint '/home/tansei/Desktop/cpu/2017/1stcore/cpu1/cpu2.runs/design_1_uart_0_0_synth_1/design_1_uart_0_0.dcp' has been generated.
report_utilization: Time (s): cpu = 00:00:00.06 ; elapsed = 00:00:00.09 . Memory (MB): peak = 1905.902 ; gain = 0.000 ; free physical = 3360 ; free virtual = 25623
INFO: [Common 17-206] Exiting Vivado at Sat Feb 17 02:36:34 2018...
