
*** Running vivado
    with args -log fcmp.vds -m64 -product Vivado -mode batch -messageDb vivado.pb -notrace -source fcmp.tcl


****** Vivado v2016.4 (64-bit)
  **** SW Build 1756540 on Mon Jan 23 19:11:19 MST 2017
  **** IP Build 1755317 on Mon Jan 23 20:30:07 MST 2017
    ** Copyright 1986-2016 Xilinx, Inc. All Rights Reserved.

source fcmp.tcl -notrace
Starting RTL Elaboration : Time (s): cpu = 00:00:06 ; elapsed = 00:00:06 . Memory (MB): peak = 1171.359 ; gain = 235.980 ; free physical = 8843 ; free virtual = 29130
INFO: [Synth 8-638] synthesizing module 'fcmp' [/home/tansei/Desktop/cpu/2017/1stcore/cpu1/cpu1.srcs/sources_1/ip/fcmp/synth/fcmp.vhd:73]
INFO: [Synth 8-256] done synthesizing module 'fcmp' (12#1) [/home/tansei/Desktop/cpu/2017/1stcore/cpu1/cpu1.srcs/sources_1/ip/fcmp/synth/fcmp.vhd:73]
Finished RTL Elaboration : Time (s): cpu = 00:00:07 ; elapsed = 00:00:08 . Memory (MB): peak = 1248.832 ; gain = 313.453 ; free physical = 8762 ; free virtual = 29049
Finished RTL Optimization Phase 1 : Time (s): cpu = 00:00:08 ; elapsed = 00:00:08 . Memory (MB): peak = 1248.832 ; gain = 313.453 ; free physical = 8762 ; free virtual = 29049
INFO: [Device 21-403] Loading part xcku040-ffva1156-2-e
Constraint Validation Runtime : Time (s): cpu = 00:00:00.01 ; elapsed = 00:00:00.01 . Memory (MB): peak = 1671.461 ; gain = 0.004 ; free physical = 8377 ; free virtual = 28664
Finished Constraint Validation : Time (s): cpu = 00:00:15 ; elapsed = 00:00:16 . Memory (MB): peak = 1671.461 ; gain = 736.082 ; free physical = 8368 ; free virtual = 28655
Finished Loading Part and Timing Information : Time (s): cpu = 00:00:15 ; elapsed = 00:00:16 . Memory (MB): peak = 1671.461 ; gain = 736.082 ; free physical = 8368 ; free virtual = 28655
Finished applying 'set_property' XDC Constraints : Time (s): cpu = 00:00:15 ; elapsed = 00:00:16 . Memory (MB): peak = 1671.461 ; gain = 736.082 ; free physical = 8368 ; free virtual = 28655
Finished RTL Optimization Phase 2 : Time (s): cpu = 00:00:15 ; elapsed = 00:00:16 . Memory (MB): peak = 1671.461 ; gain = 736.082 ; free physical = 8422 ; free virtual = 28709
Finished Cross Boundary and Area Optimization : Time (s): cpu = 00:00:16 ; elapsed = 00:00:17 . Memory (MB): peak = 1671.465 ; gain = 736.086 ; free physical = 8422 ; free virtual = 28709
Finished Applying XDC Timing Constraints : Time (s): cpu = 00:00:23 ; elapsed = 00:00:23 . Memory (MB): peak = 1844.555 ; gain = 909.176 ; free physical = 8196 ; free virtual = 28479
Finished Timing Optimization : Time (s): cpu = 00:00:23 ; elapsed = 00:00:23 . Memory (MB): peak = 1855.566 ; gain = 920.188 ; free physical = 8187 ; free virtual = 28469
Finished Technology Mapping : Time (s): cpu = 00:00:23 ; elapsed = 00:00:24 . Memory (MB): peak = 1865.590 ; gain = 930.211 ; free physical = 8175 ; free virtual = 28458
Finished IO Insertion : Time (s): cpu = 00:00:23 ; elapsed = 00:00:24 . Memory (MB): peak = 1865.594 ; gain = 930.215 ; free physical = 8175 ; free virtual = 28458
Finished Renaming Generated Instances : Time (s): cpu = 00:00:23 ; elapsed = 00:00:24 . Memory (MB): peak = 1865.594 ; gain = 930.215 ; free physical = 8175 ; free virtual = 28458
Finished Rebuilding User Hierarchy : Time (s): cpu = 00:00:23 ; elapsed = 00:00:24 . Memory (MB): peak = 1865.594 ; gain = 930.215 ; free physical = 8175 ; free virtual = 28458
Finished Renaming Generated Ports : Time (s): cpu = 00:00:23 ; elapsed = 00:00:24 . Memory (MB): peak = 1865.594 ; gain = 930.215 ; free physical = 8175 ; free virtual = 28458
Finished Handling Custom Attributes : Time (s): cpu = 00:00:23 ; elapsed = 00:00:24 . Memory (MB): peak = 1865.594 ; gain = 930.215 ; free physical = 8175 ; free virtual = 28458
Finished Renaming Generated Nets : Time (s): cpu = 00:00:23 ; elapsed = 00:00:24 . Memory (MB): peak = 1865.594 ; gain = 930.215 ; free physical = 8175 ; free virtual = 28458

Report Cell Usage: 
+------+------+------+
|      |Cell  |Count |
+------+------+------+
|1     |LUT2  |     6|
|2     |LUT4  |    37|
|3     |LUT5  |     2|
|4     |LUT6  |    25|
|5     |MUXCY |    42|
|6     |FDRE  |    69|
+------+------+------+
Finished Writing Synthesis Report : Time (s): cpu = 00:00:23 ; elapsed = 00:00:24 . Memory (MB): peak = 1865.594 ; gain = 930.215 ; free physical = 8175 ; free virtual = 28458
synth_design: Time (s): cpu = 00:00:22 ; elapsed = 00:00:23 . Memory (MB): peak = 1891.594 ; gain = 839.703 ; free physical = 8147 ; free virtual = 28434
