
*** Running vivado
    with args -log design_1_blk_mem_gen_0_0.vds -m64 -product Vivado -mode batch -messageDb vivado.pb -notrace -source design_1_blk_mem_gen_0_0.tcl


****** Vivado v2016.4 (64-bit)
  **** SW Build 1756540 on Mon Jan 23 19:11:19 MST 2017
  **** IP Build 1755317 on Mon Jan 23 20:30:07 MST 2017
    ** Copyright 1986-2016 Xilinx, Inc. All Rights Reserved.

source design_1_blk_mem_gen_0_0.tcl -notrace
Starting RTL Elaboration : Time (s): cpu = 00:00:07 ; elapsed = 00:00:07 . Memory (MB): peak = 1171.355 ; gain = 235.980 ; free physical = 7409 ; free virtual = 27447
INFO: [Synth 8-638] synthesizing module 'design_1_blk_mem_gen_0_0' [/home/tansei/Desktop/cpu/2017/1stcore/cpu_sim/cpu_sim.srcs/sources_1/bd/design_1/ip/design_1_blk_mem_gen_0_0/synth/design_1_blk_mem_gen_0_0.vhd:69]
INFO: [Synth 8-256] done synthesizing module 'design_1_blk_mem_gen_0_0' (9#1) [/home/tansei/Desktop/cpu/2017/1stcore/cpu_sim/cpu_sim.srcs/sources_1/bd/design_1/ip/design_1_blk_mem_gen_0_0/synth/design_1_blk_mem_gen_0_0.vhd:69]
Finished RTL Elaboration : Time (s): cpu = 00:00:43 ; elapsed = 00:00:43 . Memory (MB): peak = 1371.500 ; gain = 436.125 ; free physical = 7478 ; free virtual = 27519
Finished RTL Optimization Phase 1 : Time (s): cpu = 00:00:43 ; elapsed = 00:00:43 . Memory (MB): peak = 1371.500 ; gain = 436.125 ; free physical = 7477 ; free virtual = 27519
INFO: [Device 21-403] Loading part xcku040-ffva1156-2-e
Constraint Validation Runtime : Time (s): cpu = 00:00:00.01 ; elapsed = 00:00:00.02 . Memory (MB): peak = 1600.121 ; gain = 0.004 ; free physical = 7287 ; free virtual = 27329
Finished Constraint Validation : Time (s): cpu = 00:00:51 ; elapsed = 00:00:51 . Memory (MB): peak = 1600.121 ; gain = 664.746 ; free physical = 7280 ; free virtual = 27322
Finished Loading Part and Timing Information : Time (s): cpu = 00:00:51 ; elapsed = 00:00:51 . Memory (MB): peak = 1600.121 ; gain = 664.746 ; free physical = 7280 ; free virtual = 27322
Finished applying 'set_property' XDC Constraints : Time (s): cpu = 00:00:51 ; elapsed = 00:00:52 . Memory (MB): peak = 1600.121 ; gain = 664.746 ; free physical = 7280 ; free virtual = 27322
Finished RTL Optimization Phase 2 : Time (s): cpu = 00:00:51 ; elapsed = 00:00:52 . Memory (MB): peak = 1600.121 ; gain = 664.746 ; free physical = 7278 ; free virtual = 27320
Finished Cross Boundary and Area Optimization : Time (s): cpu = 00:00:51 ; elapsed = 00:00:52 . Memory (MB): peak = 1600.121 ; gain = 664.746 ; free physical = 7278 ; free virtual = 27320
Finished Applying XDC Timing Constraints : Time (s): cpu = 00:00:58 ; elapsed = 00:00:59 . Memory (MB): peak = 1839.531 ; gain = 904.156 ; free physical = 7011 ; free virtual = 27052
Finished Timing Optimization : Time (s): cpu = 00:00:58 ; elapsed = 00:00:59 . Memory (MB): peak = 1840.531 ; gain = 905.156 ; free physical = 7011 ; free virtual = 27052
Finished Technology Mapping : Time (s): cpu = 00:00:58 ; elapsed = 00:00:59 . Memory (MB): peak = 1849.547 ; gain = 914.172 ; free physical = 7002 ; free virtual = 27043
Finished IO Insertion : Time (s): cpu = 00:00:58 ; elapsed = 00:00:59 . Memory (MB): peak = 1849.551 ; gain = 914.176 ; free physical = 7002 ; free virtual = 27043
Finished Renaming Generated Instances : Time (s): cpu = 00:00:58 ; elapsed = 00:00:59 . Memory (MB): peak = 1849.551 ; gain = 914.176 ; free physical = 7002 ; free virtual = 27043
Finished Rebuilding User Hierarchy : Time (s): cpu = 00:00:58 ; elapsed = 00:00:59 . Memory (MB): peak = 1849.551 ; gain = 914.176 ; free physical = 7002 ; free virtual = 27043
Finished Renaming Generated Ports : Time (s): cpu = 00:00:58 ; elapsed = 00:00:59 . Memory (MB): peak = 1849.551 ; gain = 914.176 ; free physical = 7002 ; free virtual = 27043
Finished Handling Custom Attributes : Time (s): cpu = 00:00:58 ; elapsed = 00:00:59 . Memory (MB): peak = 1849.551 ; gain = 914.176 ; free physical = 7002 ; free virtual = 27043
Finished Renaming Generated Nets : Time (s): cpu = 00:00:58 ; elapsed = 00:00:59 . Memory (MB): peak = 1849.551 ; gain = 914.176 ; free physical = 7002 ; free virtual = 27043

Report Cell Usage: 
+------+---------+------+
|      |Cell     |Count |
+------+---------+------+
|1     |RAMB36E2 |     1|
+------+---------+------+
Finished Writing Synthesis Report : Time (s): cpu = 00:00:58 ; elapsed = 00:00:59 . Memory (MB): peak = 1849.551 ; gain = 914.176 ; free physical = 7002 ; free virtual = 27043
synth_design: Time (s): cpu = 00:00:57 ; elapsed = 00:00:58 . Memory (MB): peak = 1888.613 ; gain = 837.727 ; free physical = 6963 ; free virtual = 27004
