
*** Running vivado
    with args -log design_1_floating_point_8_0.vds -m64 -product Vivado -mode batch -messageDb vivado.pb -notrace -source design_1_floating_point_8_0.tcl


****** Vivado v2016.4 (64-bit)
  **** SW Build 1756540 on Mon Jan 23 19:11:19 MST 2017
  **** IP Build 1755317 on Mon Jan 23 20:30:07 MST 2017
    ** Copyright 1986-2016 Xilinx, Inc. All Rights Reserved.

source design_1_floating_point_8_0.tcl -notrace
Starting RTL Elaboration : Time (s): cpu = 00:00:06 ; elapsed = 00:00:06 . Memory (MB): peak = 1172.348 ; gain = 236.977 ; free physical = 8522 ; free virtual = 28686
INFO: [Synth 8-638] synthesizing module 'design_1_floating_point_8_0' [/home/tansei/Desktop/cpu/2017/1stcore/cpu2/cpu2.srcs/sources_1/bd/design_1/ip/design_1_floating_point_8_0/synth/design_1_floating_point_8_0.vhd:70]
INFO: [Synth 8-256] done synthesizing module 'design_1_floating_point_8_0' (16#1) [/home/tansei/Desktop/cpu/2017/1stcore/cpu2/cpu2.srcs/sources_1/bd/design_1/ip/design_1_floating_point_8_0/synth/design_1_floating_point_8_0.vhd:70]
Finished RTL Elaboration : Time (s): cpu = 00:00:08 ; elapsed = 00:00:09 . Memory (MB): peak = 1251.824 ; gain = 316.453 ; free physical = 8386 ; free virtual = 28551
Finished RTL Optimization Phase 1 : Time (s): cpu = 00:00:09 ; elapsed = 00:00:09 . Memory (MB): peak = 1251.824 ; gain = 316.453 ; free physical = 8386 ; free virtual = 28551
INFO: [Device 21-403] Loading part xcku040-ffva1156-2-e
Constraint Validation Runtime : Time (s): cpu = 00:00:00.03 ; elapsed = 00:00:00.03 . Memory (MB): peak = 1675.070 ; gain = 0.004 ; free physical = 7739 ; free virtual = 27903
Finished Constraint Validation : Time (s): cpu = 00:00:17 ; elapsed = 00:00:18 . Memory (MB): peak = 1675.070 ; gain = 739.699 ; free physical = 7641 ; free virtual = 27806
Finished Loading Part and Timing Information : Time (s): cpu = 00:00:17 ; elapsed = 00:00:18 . Memory (MB): peak = 1675.070 ; gain = 739.699 ; free physical = 7641 ; free virtual = 27806
Finished applying 'set_property' XDC Constraints : Time (s): cpu = 00:00:17 ; elapsed = 00:00:18 . Memory (MB): peak = 1675.070 ; gain = 739.699 ; free physical = 7641 ; free virtual = 27806
Finished RTL Optimization Phase 2 : Time (s): cpu = 00:00:18 ; elapsed = 00:00:18 . Memory (MB): peak = 1675.070 ; gain = 739.699 ; free physical = 7632 ; free virtual = 27797
Finished Cross Boundary and Area Optimization : Time (s): cpu = 00:00:18 ; elapsed = 00:00:19 . Memory (MB): peak = 1675.074 ; gain = 739.703 ; free physical = 7614 ; free virtual = 27779
Finished Applying XDC Timing Constraints : Time (s): cpu = 00:00:25 ; elapsed = 00:00:26 . Memory (MB): peak = 1845.164 ; gain = 909.793 ; free physical = 7257 ; free virtual = 27422
Finished Timing Optimization : Time (s): cpu = 00:00:25 ; elapsed = 00:00:26 . Memory (MB): peak = 1855.176 ; gain = 919.805 ; free physical = 7244 ; free virtual = 27410
Finished Technology Mapping : Time (s): cpu = 00:00:25 ; elapsed = 00:00:26 . Memory (MB): peak = 1866.199 ; gain = 930.828 ; free physical = 7218 ; free virtual = 27382
Finished IO Insertion : Time (s): cpu = 00:00:26 ; elapsed = 00:00:27 . Memory (MB): peak = 1866.203 ; gain = 930.832 ; free physical = 7175 ; free virtual = 27340
Finished Renaming Generated Instances : Time (s): cpu = 00:00:26 ; elapsed = 00:00:27 . Memory (MB): peak = 1866.203 ; gain = 930.832 ; free physical = 7175 ; free virtual = 27340
Finished Rebuilding User Hierarchy : Time (s): cpu = 00:00:26 ; elapsed = 00:00:27 . Memory (MB): peak = 1866.203 ; gain = 930.832 ; free physical = 7175 ; free virtual = 27339
Finished Renaming Generated Ports : Time (s): cpu = 00:00:26 ; elapsed = 00:00:27 . Memory (MB): peak = 1866.203 ; gain = 930.832 ; free physical = 7175 ; free virtual = 27339
Finished Handling Custom Attributes : Time (s): cpu = 00:00:26 ; elapsed = 00:00:27 . Memory (MB): peak = 1866.203 ; gain = 930.832 ; free physical = 7172 ; free virtual = 27336
Finished Renaming Generated Nets : Time (s): cpu = 00:00:26 ; elapsed = 00:00:27 . Memory (MB): peak = 1866.203 ; gain = 930.832 ; free physical = 7171 ; free virtual = 27336

Report Cell Usage: 
+------+-------+------+
|      |Cell   |Count |
+------+-------+------+
|1     |LUT1   |     1|
|2     |LUT2   |    55|
|3     |LUT3   |    37|
|4     |LUT4   |     9|
|5     |LUT5   |    15|
|6     |LUT6   |    47|
|7     |MUXCY  |    77|
|8     |SRL16E |     3|
|9     |XORCY  |    56|
|10    |FDE    |    16|
|11    |FDRE   |   249|
+------+-------+------+
Finished Writing Synthesis Report : Time (s): cpu = 00:00:26 ; elapsed = 00:00:27 . Memory (MB): peak = 1866.203 ; gain = 930.832 ; free physical = 7171 ; free virtual = 27336
synth_design: Time (s): cpu = 00:00:25 ; elapsed = 00:00:25 . Memory (MB): peak = 1892.836 ; gain = 840.953 ; free physical = 7105 ; free virtual = 27270
