
*** Running vivado
    with args -log fcmp.vds -m64 -product Vivado -mode batch -messageDb vivado.pb -notrace -source fcmp.tcl


****** Vivado v2016.4 (64-bit)
  **** SW Build 1756540 on Mon Jan 23 19:11:19 MST 2017
  **** IP Build 1755317 on Mon Jan 23 20:30:07 MST 2017
    ** Copyright 1986-2016 Xilinx, Inc. All Rights Reserved.

source fcmp.tcl -notrace
Starting RTL Elaboration : Time (s): cpu = 00:00:06 ; elapsed = 00:00:06 . Memory (MB): peak = 1171.355 ; gain = 235.980 ; free physical = 6883 ; free virtual = 27046
INFO: [Synth 8-638] synthesizing module 'fcmp' [/home/tansei/Desktop/cpu/2017/1stcore/cpu_sim/cpu_sim.srcs/sources_1/ip/fcmp/synth/fcmp.vhd:74]
INFO: [Synth 8-256] done synthesizing module 'fcmp' (12#1) [/home/tansei/Desktop/cpu/2017/1stcore/cpu_sim/cpu_sim.srcs/sources_1/ip/fcmp/synth/fcmp.vhd:74]
Finished RTL Elaboration : Time (s): cpu = 00:00:08 ; elapsed = 00:00:08 . Memory (MB): peak = 1249.828 ; gain = 314.453 ; free physical = 6798 ; free virtual = 26964
Finished RTL Optimization Phase 1 : Time (s): cpu = 00:00:08 ; elapsed = 00:00:08 . Memory (MB): peak = 1249.828 ; gain = 314.453 ; free physical = 6798 ; free virtual = 26964
INFO: [Device 21-403] Loading part xcku040-ffva1156-2-e
Constraint Validation Runtime : Time (s): cpu = 00:00:00.02 ; elapsed = 00:00:00.01 . Memory (MB): peak = 1670.457 ; gain = 0.004 ; free physical = 6398 ; free virtual = 26579
Finished Constraint Validation : Time (s): cpu = 00:00:16 ; elapsed = 00:00:16 . Memory (MB): peak = 1670.457 ; gain = 735.082 ; free physical = 6413 ; free virtual = 26575
Finished Loading Part and Timing Information : Time (s): cpu = 00:00:16 ; elapsed = 00:00:16 . Memory (MB): peak = 1670.457 ; gain = 735.082 ; free physical = 6413 ; free virtual = 26575
Finished applying 'set_property' XDC Constraints : Time (s): cpu = 00:00:16 ; elapsed = 00:00:16 . Memory (MB): peak = 1670.457 ; gain = 735.082 ; free physical = 6413 ; free virtual = 26575
Finished RTL Optimization Phase 2 : Time (s): cpu = 00:00:16 ; elapsed = 00:00:17 . Memory (MB): peak = 1670.457 ; gain = 735.082 ; free physical = 6481 ; free virtual = 26645
Finished Cross Boundary and Area Optimization : Time (s): cpu = 00:00:16 ; elapsed = 00:00:17 . Memory (MB): peak = 1670.461 ; gain = 735.086 ; free physical = 6472 ; free virtual = 26636
Finished Applying XDC Timing Constraints : Time (s): cpu = 00:00:23 ; elapsed = 00:00:24 . Memory (MB): peak = 1843.551 ; gain = 908.176 ; free physical = 6219 ; free virtual = 26394
Finished Timing Optimization : Time (s): cpu = 00:00:23 ; elapsed = 00:00:24 . Memory (MB): peak = 1857.562 ; gain = 922.188 ; free physical = 6207 ; free virtual = 26382
Finished Technology Mapping : Time (s): cpu = 00:00:24 ; elapsed = 00:00:24 . Memory (MB): peak = 1866.578 ; gain = 931.203 ; free physical = 6198 ; free virtual = 26372
Finished IO Insertion : Time (s): cpu = 00:00:24 ; elapsed = 00:00:25 . Memory (MB): peak = 1866.582 ; gain = 931.207 ; free physical = 6203 ; free virtual = 26373
Finished Renaming Generated Instances : Time (s): cpu = 00:00:24 ; elapsed = 00:00:25 . Memory (MB): peak = 1866.582 ; gain = 931.207 ; free physical = 6203 ; free virtual = 26373
Finished Rebuilding User Hierarchy : Time (s): cpu = 00:00:24 ; elapsed = 00:00:25 . Memory (MB): peak = 1866.582 ; gain = 931.207 ; free physical = 6203 ; free virtual = 26373
Finished Renaming Generated Ports : Time (s): cpu = 00:00:24 ; elapsed = 00:00:25 . Memory (MB): peak = 1866.582 ; gain = 931.207 ; free physical = 6203 ; free virtual = 26373
Finished Handling Custom Attributes : Time (s): cpu = 00:00:24 ; elapsed = 00:00:25 . Memory (MB): peak = 1866.582 ; gain = 931.207 ; free physical = 6203 ; free virtual = 26373
Finished Renaming Generated Nets : Time (s): cpu = 00:00:24 ; elapsed = 00:00:25 . Memory (MB): peak = 1866.582 ; gain = 931.207 ; free physical = 6203 ; free virtual = 26373

Report Cell Usage: 
+------+------+------+
|      |Cell  |Count |
+------+------+------+
|1     |LUT2  |     6|
|2     |LUT3  |    64|
|3     |LUT4  |    37|
|4     |LUT5  |     4|
|5     |LUT6  |    28|
|6     |MUXCY |    42|
|7     |FDRE  |   135|
+------+------+------+
Finished Writing Synthesis Report : Time (s): cpu = 00:00:24 ; elapsed = 00:00:25 . Memory (MB): peak = 1866.582 ; gain = 931.207 ; free physical = 6203 ; free virtual = 26373
synth_design: Time (s): cpu = 00:00:23 ; elapsed = 00:00:24 . Memory (MB): peak = 1891.582 ; gain = 841.695 ; free physical = 6183 ; free virtual = 26349
