
*** Running vivado
    with args -log fsqrt.vds -m64 -product Vivado -mode batch -messageDb vivado.pb -notrace -source fsqrt.tcl


****** Vivado v2016.4 (64-bit)
  **** SW Build 1756540 on Mon Jan 23 19:11:19 MST 2017
  **** IP Build 1755317 on Mon Jan 23 20:30:07 MST 2017
    ** Copyright 1986-2016 Xilinx, Inc. All Rights Reserved.

source fsqrt.tcl -notrace
Starting RTL Elaboration : Time (s): cpu = 00:00:06 ; elapsed = 00:00:06 . Memory (MB): peak = 1171.355 ; gain = 235.980 ; free physical = 8866 ; free virtual = 29139
INFO: [Synth 8-638] synthesizing module 'fsqrt' [/home/tansei/Desktop/cpu/2017/1stcore/cpu1/cpu1.srcs/sources_1/ip/fsqrt/synth/fsqrt.vhd:71]
INFO: [Synth 8-256] done synthesizing module 'fsqrt' (15#1) [/home/tansei/Desktop/cpu/2017/1stcore/cpu1/cpu1.srcs/sources_1/ip/fsqrt/synth/fsqrt.vhd:71]
Finished RTL Elaboration : Time (s): cpu = 00:00:09 ; elapsed = 00:00:09 . Memory (MB): peak = 1261.828 ; gain = 326.453 ; free physical = 8770 ; free virtual = 29044
Finished RTL Optimization Phase 1 : Time (s): cpu = 00:00:09 ; elapsed = 00:00:10 . Memory (MB): peak = 1261.828 ; gain = 326.453 ; free physical = 8770 ; free virtual = 29044
INFO: [Device 21-403] Loading part xcku040-ffva1156-2-e
Constraint Validation Runtime : Time (s): cpu = 00:00:00.02 ; elapsed = 00:00:00.02 . Memory (MB): peak = 1685.434 ; gain = 0.004 ; free physical = 8464 ; free virtual = 28742
Finished Constraint Validation : Time (s): cpu = 00:00:19 ; elapsed = 00:00:20 . Memory (MB): peak = 1685.434 ; gain = 750.059 ; free physical = 8327 ; free virtual = 28611
Finished Loading Part and Timing Information : Time (s): cpu = 00:00:19 ; elapsed = 00:00:20 . Memory (MB): peak = 1685.434 ; gain = 750.059 ; free physical = 8327 ; free virtual = 28611
Finished applying 'set_property' XDC Constraints : Time (s): cpu = 00:00:19 ; elapsed = 00:00:20 . Memory (MB): peak = 1685.434 ; gain = 750.059 ; free physical = 8327 ; free virtual = 28611
Finished RTL Optimization Phase 2 : Time (s): cpu = 00:00:20 ; elapsed = 00:00:21 . Memory (MB): peak = 1685.434 ; gain = 750.059 ; free physical = 8264 ; free virtual = 28548
Finished Cross Boundary and Area Optimization : Time (s): cpu = 00:00:21 ; elapsed = 00:00:22 . Memory (MB): peak = 1685.438 ; gain = 750.062 ; free physical = 8205 ; free virtual = 28489
Finished Applying XDC Timing Constraints : Time (s): cpu = 00:00:29 ; elapsed = 00:00:30 . Memory (MB): peak = 1853.527 ; gain = 918.152 ; free physical = 7664 ; free virtual = 27943
Finished Timing Optimization : Time (s): cpu = 00:00:29 ; elapsed = 00:00:30 . Memory (MB): peak = 1865.539 ; gain = 930.164 ; free physical = 7640 ; free virtual = 27920
Finished Technology Mapping : Time (s): cpu = 00:00:29 ; elapsed = 00:00:30 . Memory (MB): peak = 1876.555 ; gain = 941.180 ; free physical = 7616 ; free virtual = 27896
Finished IO Insertion : Time (s): cpu = 00:00:29 ; elapsed = 00:00:31 . Memory (MB): peak = 1876.559 ; gain = 941.184 ; free physical = 7596 ; free virtual = 27879
Finished Renaming Generated Instances : Time (s): cpu = 00:00:29 ; elapsed = 00:00:31 . Memory (MB): peak = 1876.559 ; gain = 941.184 ; free physical = 7595 ; free virtual = 27879
Finished Rebuilding User Hierarchy : Time (s): cpu = 00:00:29 ; elapsed = 00:00:31 . Memory (MB): peak = 1876.559 ; gain = 941.184 ; free physical = 7592 ; free virtual = 27872
Finished Renaming Generated Ports : Time (s): cpu = 00:00:30 ; elapsed = 00:00:31 . Memory (MB): peak = 1876.559 ; gain = 941.184 ; free physical = 7592 ; free virtual = 27872
Finished Handling Custom Attributes : Time (s): cpu = 00:00:30 ; elapsed = 00:00:31 . Memory (MB): peak = 1876.559 ; gain = 941.184 ; free physical = 7592 ; free virtual = 27872
Finished Renaming Generated Nets : Time (s): cpu = 00:00:30 ; elapsed = 00:00:31 . Memory (MB): peak = 1876.559 ; gain = 941.184 ; free physical = 7592 ; free virtual = 27872

Report Cell Usage: 
+------+------+------+
|      |Cell  |Count |
+------+------+------+
|1     |LUT1  |    25|
|2     |LUT2  |    35|
|3     |LUT3  |   373|
|4     |LUT4  |    34|
|5     |LUT5  |     3|
|6     |LUT6  |    10|
|7     |MUXCY |   423|
|8     |XORCY |   424|
|9     |FDRE  |   169|
+------+------+------+
Finished Writing Synthesis Report : Time (s): cpu = 00:00:30 ; elapsed = 00:00:31 . Memory (MB): peak = 1876.559 ; gain = 941.184 ; free physical = 7592 ; free virtual = 27872
synth_design: Time (s): cpu = 00:00:29 ; elapsed = 00:00:30 . Memory (MB): peak = 1904.555 ; gain = 852.668 ; free physical = 7511 ; free virtual = 27790
