
*** Running vivado
    with args -log design_1_blk_mem_gen_1_0.vds -m64 -product Vivado -mode batch -messageDb vivado.pb -notrace -source design_1_blk_mem_gen_1_0.tcl


****** Vivado v2016.4 (64-bit)
  **** SW Build 1756540 on Mon Jan 23 19:11:19 MST 2017
  **** IP Build 1755317 on Mon Jan 23 20:30:07 MST 2017
    ** Copyright 1986-2016 Xilinx, Inc. All Rights Reserved.

source design_1_blk_mem_gen_1_0.tcl -notrace
Starting RTL Elaboration : Time (s): cpu = 00:00:08 ; elapsed = 00:00:08 . Memory (MB): peak = 1171.359 ; gain = 235.980 ; free physical = 7213 ; free virtual = 28070
INFO: [Synth 8-638] synthesizing module 'design_1_blk_mem_gen_1_0' [/home/tansei/Desktop/cpu/2017/1stcore/cpu-sim/cpu2.srcs/sources_1/bd/design_1/ip/design_1_blk_mem_gen_1_0/synth/design_1_blk_mem_gen_1_0.vhd:69]
INFO: [Synth 8-256] done synthesizing module 'design_1_blk_mem_gen_1_0' (11#1) [/home/tansei/Desktop/cpu/2017/1stcore/cpu-sim/cpu2.srcs/sources_1/bd/design_1/ip/design_1_blk_mem_gen_1_0/synth/design_1_blk_mem_gen_1_0.vhd:69]
Finished RTL Elaboration : Time (s): cpu = 00:04:32 ; elapsed = 00:04:35 . Memory (MB): peak = 1588.770 ; gain = 653.391 ; free physical = 7001 ; free virtual = 27917
Finished RTL Optimization Phase 1 : Time (s): cpu = 00:04:33 ; elapsed = 00:04:36 . Memory (MB): peak = 1588.770 ; gain = 653.391 ; free physical = 7004 ; free virtual = 27920
INFO: [Device 21-403] Loading part xcku040-ffva1156-2-e
Constraint Validation Runtime : Time (s): cpu = 00:00:00.34 ; elapsed = 00:00:00.30 . Memory (MB): peak = 1913.391 ; gain = 3.004 ; free physical = 6781 ; free virtual = 27693
Finished Constraint Validation : Time (s): cpu = 00:04:48 ; elapsed = 00:04:51 . Memory (MB): peak = 1913.391 ; gain = 978.012 ; free physical = 6779 ; free virtual = 27691
Finished Loading Part and Timing Information : Time (s): cpu = 00:04:48 ; elapsed = 00:04:51 . Memory (MB): peak = 1913.391 ; gain = 978.012 ; free physical = 6779 ; free virtual = 27691
Finished applying 'set_property' XDC Constraints : Time (s): cpu = 00:04:48 ; elapsed = 00:04:51 . Memory (MB): peak = 1913.391 ; gain = 978.012 ; free physical = 6779 ; free virtual = 27691
Finished RTL Optimization Phase 2 : Time (s): cpu = 00:04:54 ; elapsed = 00:04:58 . Memory (MB): peak = 1913.391 ; gain = 978.012 ; free physical = 6768 ; free virtual = 27689
Finished Cross Boundary and Area Optimization : Time (s): cpu = 00:04:58 ; elapsed = 00:05:01 . Memory (MB): peak = 1913.395 ; gain = 978.016 ; free physical = 6740 ; free virtual = 27661
Finished Applying XDC Timing Constraints : Time (s): cpu = 00:05:06 ; elapsed = 00:05:09 . Memory (MB): peak = 1945.066 ; gain = 1009.688 ; free physical = 6672 ; free virtual = 27590
Finished Timing Optimization : Time (s): cpu = 00:05:07 ; elapsed = 00:05:10 . Memory (MB): peak = 1989.066 ; gain = 1053.688 ; free physical = 6629 ; free virtual = 27547
Finished Technology Mapping : Time (s): cpu = 00:05:08 ; elapsed = 00:05:12 . Memory (MB): peak = 2042.840 ; gain = 1107.461 ; free physical = 6574 ; free virtual = 27492
Finished IO Insertion : Time (s): cpu = 00:05:09 ; elapsed = 00:05:12 . Memory (MB): peak = 2042.844 ; gain = 1107.465 ; free physical = 6573 ; free virtual = 27492
Finished Renaming Generated Instances : Time (s): cpu = 00:05:09 ; elapsed = 00:05:12 . Memory (MB): peak = 2042.844 ; gain = 1107.465 ; free physical = 6573 ; free virtual = 27492
Finished Rebuilding User Hierarchy : Time (s): cpu = 00:05:10 ; elapsed = 00:05:14 . Memory (MB): peak = 2042.844 ; gain = 1107.465 ; free physical = 6573 ; free virtual = 27492
Finished Renaming Generated Ports : Time (s): cpu = 00:05:10 ; elapsed = 00:05:14 . Memory (MB): peak = 2042.844 ; gain = 1107.465 ; free physical = 6573 ; free virtual = 27492
Finished Handling Custom Attributes : Time (s): cpu = 00:05:10 ; elapsed = 00:05:14 . Memory (MB): peak = 2042.844 ; gain = 1107.465 ; free physical = 6573 ; free virtual = 27492
Finished Renaming Generated Nets : Time (s): cpu = 00:05:10 ; elapsed = 00:05:14 . Memory (MB): peak = 2042.844 ; gain = 1107.465 ; free physical = 6573 ; free virtual = 27492

Report Cell Usage: 
+------+-----------+------+
|      |Cell       |Count |
+------+-----------+------+
|1     |LUT3       |     8|
|2     |LUT4       |   184|
|3     |LUT5       |    40|
|4     |LUT6       |   928|
|5     |MUXF7      |   464|
|6     |MUXF8      |   216|
|7     |RAMB36E2   |   384|
|8     |RAMB36E2_1 |    40|
|9     |RAMB36E2_2 |    40|
|10    |FDRE       |    23|
|11    |FDSE       |    40|
+------+-----------+------+
Finished Writing Synthesis Report : Time (s): cpu = 00:05:10 ; elapsed = 00:05:14 . Memory (MB): peak = 2042.844 ; gain = 1107.465 ; free physical = 6573 ; free virtual = 27492
synth_design: Time (s): cpu = 00:05:12 ; elapsed = 00:05:15 . Memory (MB): peak = 2056.359 ; gain = 1004.469 ; free physical = 6562 ; free virtual = 27481
