
*** Running vivado
    with args -log design_1_blk_mem_gen_0_0.vds -m64 -product Vivado -mode batch -messageDb vivado.pb -notrace -source design_1_blk_mem_gen_0_0.tcl


****** Vivado v2016.4 (64-bit)
  **** SW Build 1756540 on Mon Jan 23 19:11:19 MST 2017
  **** IP Build 1755317 on Mon Jan 23 20:30:07 MST 2017
    ** Copyright 1986-2016 Xilinx, Inc. All Rights Reserved.

source design_1_blk_mem_gen_0_0.tcl -notrace
Starting RTL Elaboration : Time (s): cpu = 00:00:07 ; elapsed = 00:00:08 . Memory (MB): peak = 1171.355 ; gain = 235.980 ; free physical = 7362 ; free virtual = 27419
INFO: [Synth 8-638] synthesizing module 'design_1_blk_mem_gen_0_0' [/home/tansei/Desktop/cpu/2017/1stcore/cpu_sim/cpu_sim.srcs/sources_1/bd/design_1/ip/design_1_blk_mem_gen_0_0/synth/design_1_blk_mem_gen_0_0.vhd:69]
INFO: [Synth 8-256] done synthesizing module 'design_1_blk_mem_gen_0_0' (9#1) [/home/tansei/Desktop/cpu/2017/1stcore/cpu_sim/cpu_sim.srcs/sources_1/bd/design_1/ip/design_1_blk_mem_gen_0_0/synth/design_1_blk_mem_gen_0_0.vhd:69]
Finished RTL Elaboration : Time (s): cpu = 00:00:45 ; elapsed = 00:00:46 . Memory (MB): peak = 1371.500 ; gain = 436.125 ; free physical = 6511 ; free virtual = 26588
Finished RTL Optimization Phase 1 : Time (s): cpu = 00:00:45 ; elapsed = 00:00:46 . Memory (MB): peak = 1371.500 ; gain = 436.125 ; free physical = 6497 ; free virtual = 26574
INFO: [Device 21-403] Loading part xcku040-ffva1156-2-e
Constraint Validation Runtime : Time (s): cpu = 00:00:00.01 ; elapsed = 00:00:00 . Memory (MB): peak = 1599.949 ; gain = 0.004 ; free physical = 7256 ; free virtual = 27336
Finished Constraint Validation : Time (s): cpu = 00:00:53 ; elapsed = 00:00:54 . Memory (MB): peak = 1599.949 ; gain = 664.574 ; free physical = 7252 ; free virtual = 27335
Finished Loading Part and Timing Information : Time (s): cpu = 00:00:53 ; elapsed = 00:00:54 . Memory (MB): peak = 1599.949 ; gain = 664.574 ; free physical = 7252 ; free virtual = 27335
Finished applying 'set_property' XDC Constraints : Time (s): cpu = 00:00:53 ; elapsed = 00:00:54 . Memory (MB): peak = 1599.949 ; gain = 664.574 ; free physical = 7252 ; free virtual = 27335
Finished RTL Optimization Phase 2 : Time (s): cpu = 00:00:53 ; elapsed = 00:00:54 . Memory (MB): peak = 1599.949 ; gain = 664.574 ; free physical = 7248 ; free virtual = 27331
Finished Cross Boundary and Area Optimization : Time (s): cpu = 00:00:53 ; elapsed = 00:00:55 . Memory (MB): peak = 1599.949 ; gain = 664.574 ; free physical = 7275 ; free virtual = 27358
Finished Applying XDC Timing Constraints : Time (s): cpu = 00:01:00 ; elapsed = 00:01:02 . Memory (MB): peak = 1839.359 ; gain = 903.984 ; free physical = 7037 ; free virtual = 27112
Finished Timing Optimization : Time (s): cpu = 00:01:00 ; elapsed = 00:01:02 . Memory (MB): peak = 1840.359 ; gain = 904.984 ; free physical = 7037 ; free virtual = 27111
Finished Technology Mapping : Time (s): cpu = 00:01:00 ; elapsed = 00:01:02 . Memory (MB): peak = 1849.375 ; gain = 914.000 ; free physical = 7028 ; free virtual = 27103
Finished IO Insertion : Time (s): cpu = 00:01:01 ; elapsed = 00:01:02 . Memory (MB): peak = 1849.379 ; gain = 914.004 ; free physical = 7028 ; free virtual = 27103
Finished Renaming Generated Instances : Time (s): cpu = 00:01:01 ; elapsed = 00:01:02 . Memory (MB): peak = 1849.379 ; gain = 914.004 ; free physical = 7028 ; free virtual = 27103
Finished Rebuilding User Hierarchy : Time (s): cpu = 00:01:01 ; elapsed = 00:01:02 . Memory (MB): peak = 1849.379 ; gain = 914.004 ; free physical = 7028 ; free virtual = 27103
Finished Renaming Generated Ports : Time (s): cpu = 00:01:01 ; elapsed = 00:01:02 . Memory (MB): peak = 1849.379 ; gain = 914.004 ; free physical = 7028 ; free virtual = 27103
Finished Handling Custom Attributes : Time (s): cpu = 00:01:01 ; elapsed = 00:01:02 . Memory (MB): peak = 1849.379 ; gain = 914.004 ; free physical = 7028 ; free virtual = 27102
Finished Renaming Generated Nets : Time (s): cpu = 00:01:01 ; elapsed = 00:01:02 . Memory (MB): peak = 1849.379 ; gain = 914.004 ; free physical = 7028 ; free virtual = 27102

Report Cell Usage: 
+------+---------+------+
|      |Cell     |Count |
+------+---------+------+
|1     |RAMB36E2 |     1|
+------+---------+------+
Finished Writing Synthesis Report : Time (s): cpu = 00:01:01 ; elapsed = 00:01:02 . Memory (MB): peak = 1849.379 ; gain = 914.004 ; free physical = 7028 ; free virtual = 27102
synth_design: Time (s): cpu = 00:01:00 ; elapsed = 00:01:01 . Memory (MB): peak = 1888.441 ; gain = 836.555 ; free physical = 6990 ; free virtual = 27065
