
*** Running vivado
    with args -log design_1_blk_mem_gen_0_0.vds -m64 -product Vivado -mode batch -messageDb vivado.pb -notrace -source design_1_blk_mem_gen_0_0.tcl


****** Vivado v2016.4 (64-bit)
  **** SW Build 1756540 on Mon Jan 23 19:11:19 MST 2017
  **** IP Build 1755317 on Mon Jan 23 20:30:07 MST 2017
    ** Copyright 1986-2016 Xilinx, Inc. All Rights Reserved.

source design_1_blk_mem_gen_0_0.tcl -notrace
Starting RTL Elaboration : Time (s): cpu = 00:00:06 ; elapsed = 00:00:07 . Memory (MB): peak = 1172.355 ; gain = 236.980 ; free physical = 5711 ; free virtual = 28204
INFO: [Synth 8-638] synthesizing module 'design_1_blk_mem_gen_0_0' [/home/tansei/Desktop/cpu/2017/1stcore/cpu1/cpu2.srcs/sources_1/bd/design_1/ip/design_1_blk_mem_gen_0_0/synth/design_1_blk_mem_gen_0_0.vhd:69]
INFO: [Synth 8-256] done synthesizing module 'design_1_blk_mem_gen_0_0' (9#1) [/home/tansei/Desktop/cpu/2017/1stcore/cpu1/cpu2.srcs/sources_1/bd/design_1/ip/design_1_blk_mem_gen_0_0/synth/design_1_blk_mem_gen_0_0.vhd:69]
Finished RTL Elaboration : Time (s): cpu = 00:00:41 ; elapsed = 00:00:42 . Memory (MB): peak = 1374.195 ; gain = 438.820 ; free physical = 5424 ; free virtual = 27917
Finished RTL Optimization Phase 1 : Time (s): cpu = 00:00:41 ; elapsed = 00:00:42 . Memory (MB): peak = 1374.195 ; gain = 438.820 ; free physical = 5423 ; free virtual = 27916
INFO: [Device 21-403] Loading part xcku040-ffva1156-2-e
Constraint Validation Runtime : Time (s): cpu = 00:00:00.01 ; elapsed = 00:00:00.02 . Memory (MB): peak = 1601.645 ; gain = 0.004 ; free physical = 5228 ; free virtual = 27734
Finished Constraint Validation : Time (s): cpu = 00:00:49 ; elapsed = 00:00:51 . Memory (MB): peak = 1601.645 ; gain = 666.270 ; free physical = 5221 ; free virtual = 27725
Finished Loading Part and Timing Information : Time (s): cpu = 00:00:49 ; elapsed = 00:00:51 . Memory (MB): peak = 1601.645 ; gain = 666.270 ; free physical = 5221 ; free virtual = 27725
Finished applying 'set_property' XDC Constraints : Time (s): cpu = 00:00:49 ; elapsed = 00:00:51 . Memory (MB): peak = 1601.645 ; gain = 666.270 ; free physical = 5221 ; free virtual = 27725
Finished RTL Optimization Phase 2 : Time (s): cpu = 00:00:50 ; elapsed = 00:00:51 . Memory (MB): peak = 1601.645 ; gain = 666.270 ; free physical = 5217 ; free virtual = 27722
Finished Cross Boundary and Area Optimization : Time (s): cpu = 00:00:50 ; elapsed = 00:00:51 . Memory (MB): peak = 1601.645 ; gain = 666.270 ; free physical = 5217 ; free virtual = 27722
Finished Applying XDC Timing Constraints : Time (s): cpu = 00:00:57 ; elapsed = 00:00:59 . Memory (MB): peak = 1841.055 ; gain = 905.680 ; free physical = 4713 ; free virtual = 27240
Finished Timing Optimization : Time (s): cpu = 00:00:57 ; elapsed = 00:00:59 . Memory (MB): peak = 1841.055 ; gain = 905.680 ; free physical = 4712 ; free virtual = 27240
Finished Technology Mapping : Time (s): cpu = 00:00:57 ; elapsed = 00:00:59 . Memory (MB): peak = 1851.070 ; gain = 915.695 ; free physical = 4703 ; free virtual = 27230
Finished IO Insertion : Time (s): cpu = 00:00:57 ; elapsed = 00:00:59 . Memory (MB): peak = 1851.074 ; gain = 915.699 ; free physical = 4703 ; free virtual = 27230
Finished Renaming Generated Instances : Time (s): cpu = 00:00:57 ; elapsed = 00:00:59 . Memory (MB): peak = 1851.074 ; gain = 915.699 ; free physical = 4703 ; free virtual = 27230
Finished Rebuilding User Hierarchy : Time (s): cpu = 00:00:57 ; elapsed = 00:00:59 . Memory (MB): peak = 1851.074 ; gain = 915.699 ; free physical = 4703 ; free virtual = 27230
Finished Renaming Generated Ports : Time (s): cpu = 00:00:57 ; elapsed = 00:00:59 . Memory (MB): peak = 1851.074 ; gain = 915.699 ; free physical = 4703 ; free virtual = 27230
Finished Handling Custom Attributes : Time (s): cpu = 00:00:57 ; elapsed = 00:00:59 . Memory (MB): peak = 1851.074 ; gain = 915.699 ; free physical = 4703 ; free virtual = 27230
Finished Renaming Generated Nets : Time (s): cpu = 00:00:57 ; elapsed = 00:00:59 . Memory (MB): peak = 1851.074 ; gain = 915.699 ; free physical = 4703 ; free virtual = 27230

Report Cell Usage: 
+------+---------+------+
|      |Cell     |Count |
+------+---------+------+
|1     |RAMB36E2 |     1|
+------+---------+------+
Finished Writing Synthesis Report : Time (s): cpu = 00:00:57 ; elapsed = 00:00:59 . Memory (MB): peak = 1851.074 ; gain = 915.699 ; free physical = 4703 ; free virtual = 27230
synth_design: Time (s): cpu = 00:00:56 ; elapsed = 00:00:58 . Memory (MB): peak = 1889.137 ; gain = 837.250 ; free physical = 4661 ; free virtual = 27192
