
*** Running vivado
    with args -log design_2_blk_mem_gen_0_0.vds -m64 -product Vivado -mode batch -messageDb vivado.pb -notrace -source design_2_blk_mem_gen_0_0.tcl


****** Vivado v2016.4 (64-bit)
  **** SW Build 1756540 on Mon Jan 23 19:11:19 MST 2017
  **** IP Build 1755317 on Mon Jan 23 20:30:07 MST 2017
    ** Copyright 1986-2016 Xilinx, Inc. All Rights Reserved.

source design_2_blk_mem_gen_0_0.tcl -notrace
Starting RTL Elaboration : Time (s): cpu = 00:00:06 ; elapsed = 00:00:47 . Memory (MB): peak = 1171.355 ; gain = 235.980 ; free physical = 8551 ; free virtual = 28686
INFO: [Synth 8-638] synthesizing module 'design_2_blk_mem_gen_0_0' [/home/tansei/cpu1/cpu1.srcs/sources_1/bd/design_2/ip/design_2_blk_mem_gen_0_0/synth/design_2_blk_mem_gen_0_0.vhd:69]
INFO: [Synth 8-256] done synthesizing module 'design_2_blk_mem_gen_0_0' (9#1) [/home/tansei/cpu1/cpu1.srcs/sources_1/bd/design_2/ip/design_2_blk_mem_gen_0_0/synth/design_2_blk_mem_gen_0_0.vhd:69]
Finished RTL Elaboration : Time (s): cpu = 00:00:40 ; elapsed = 00:01:21 . Memory (MB): peak = 1372.031 ; gain = 436.656 ; free physical = 8131 ; free virtual = 28267
Finished RTL Optimization Phase 1 : Time (s): cpu = 00:00:41 ; elapsed = 00:01:21 . Memory (MB): peak = 1372.031 ; gain = 436.656 ; free physical = 8131 ; free virtual = 28267
INFO: [Device 21-403] Loading part xcku040-ffva1156-2-e
Constraint Validation Runtime : Time (s): cpu = 00:00:00.01 ; elapsed = 00:00:00 . Memory (MB): peak = 1600.480 ; gain = 0.004 ; free physical = 7881 ; free virtual = 28017
Finished Constraint Validation : Time (s): cpu = 00:00:48 ; elapsed = 00:01:39 . Memory (MB): peak = 1600.480 ; gain = 665.105 ; free physical = 7879 ; free virtual = 28016
Finished Loading Part and Timing Information : Time (s): cpu = 00:00:48 ; elapsed = 00:01:39 . Memory (MB): peak = 1600.480 ; gain = 665.105 ; free physical = 7879 ; free virtual = 28016
Finished applying 'set_property' XDC Constraints : Time (s): cpu = 00:00:48 ; elapsed = 00:01:39 . Memory (MB): peak = 1600.480 ; gain = 665.105 ; free physical = 7879 ; free virtual = 28016
Finished RTL Optimization Phase 2 : Time (s): cpu = 00:00:48 ; elapsed = 00:01:39 . Memory (MB): peak = 1600.480 ; gain = 665.105 ; free physical = 7876 ; free virtual = 28012
Finished Cross Boundary and Area Optimization : Time (s): cpu = 00:00:49 ; elapsed = 00:01:39 . Memory (MB): peak = 1600.480 ; gain = 665.105 ; free physical = 7876 ; free virtual = 28012
Finished Applying XDC Timing Constraints : Time (s): cpu = 00:00:55 ; elapsed = 00:01:46 . Memory (MB): peak = 1839.891 ; gain = 904.516 ; free physical = 7631 ; free virtual = 27767
Finished Timing Optimization : Time (s): cpu = 00:00:55 ; elapsed = 00:01:46 . Memory (MB): peak = 1839.891 ; gain = 904.516 ; free physical = 7630 ; free virtual = 27767
Finished Technology Mapping : Time (s): cpu = 00:00:55 ; elapsed = 00:01:46 . Memory (MB): peak = 1849.906 ; gain = 914.531 ; free physical = 7621 ; free virtual = 27757
Finished IO Insertion : Time (s): cpu = 00:00:56 ; elapsed = 00:01:47 . Memory (MB): peak = 1849.910 ; gain = 914.535 ; free physical = 7621 ; free virtual = 27757
Finished Renaming Generated Instances : Time (s): cpu = 00:00:56 ; elapsed = 00:01:47 . Memory (MB): peak = 1849.910 ; gain = 914.535 ; free physical = 7621 ; free virtual = 27757
Finished Rebuilding User Hierarchy : Time (s): cpu = 00:00:56 ; elapsed = 00:01:47 . Memory (MB): peak = 1849.910 ; gain = 914.535 ; free physical = 7621 ; free virtual = 27757
Finished Renaming Generated Ports : Time (s): cpu = 00:00:56 ; elapsed = 00:01:47 . Memory (MB): peak = 1849.910 ; gain = 914.535 ; free physical = 7621 ; free virtual = 27757
Finished Handling Custom Attributes : Time (s): cpu = 00:00:56 ; elapsed = 00:01:47 . Memory (MB): peak = 1849.910 ; gain = 914.535 ; free physical = 7621 ; free virtual = 27757
Finished Renaming Generated Nets : Time (s): cpu = 00:00:56 ; elapsed = 00:01:47 . Memory (MB): peak = 1849.910 ; gain = 914.535 ; free physical = 7621 ; free virtual = 27757

Report Cell Usage: 
+------+---------+------+
|      |Cell     |Count |
+------+---------+------+
|1     |RAMB36E2 |     1|
+------+---------+------+
Finished Writing Synthesis Report : Time (s): cpu = 00:00:56 ; elapsed = 00:01:47 . Memory (MB): peak = 1849.910 ; gain = 914.535 ; free physical = 7621 ; free virtual = 27757
synth_design: Time (s): cpu = 00:00:54 ; elapsed = 00:01:45 . Memory (MB): peak = 1887.973 ; gain = 836.086 ; free physical = 7557 ; free virtual = 27693
