
*** Running vivado
    with args -log design_1_blk_mem_gen_0_0.vds -m64 -product Vivado -mode batch -messageDb vivado.pb -notrace -source design_1_blk_mem_gen_0_0.tcl


****** Vivado v2016.4 (64-bit)
  **** SW Build 1756540 on Mon Jan 23 19:11:19 MST 2017
  **** IP Build 1755317 on Mon Jan 23 20:30:07 MST 2017
    ** Copyright 1986-2016 Xilinx, Inc. All Rights Reserved.

source design_1_blk_mem_gen_0_0.tcl -notrace
Starting RTL Elaboration : Time (s): cpu = 00:00:06 ; elapsed = 00:00:06 . Memory (MB): peak = 1171.359 ; gain = 235.980 ; free physical = 6443 ; free virtual = 27896
INFO: [Synth 8-638] synthesizing module 'design_1_blk_mem_gen_0_0' [/home/tansei/Desktop/cpu/2017/1stcore/cpu1/cpu2.srcs/sources_1/bd/design_1/ip/design_1_blk_mem_gen_0_0/synth/design_1_blk_mem_gen_0_0.vhd:69]
INFO: [Synth 8-256] done synthesizing module 'design_1_blk_mem_gen_0_0' (9#1) [/home/tansei/Desktop/cpu/2017/1stcore/cpu1/cpu2.srcs/sources_1/bd/design_1/ip/design_1_blk_mem_gen_0_0/synth/design_1_blk_mem_gen_0_0.vhd:69]
Finished RTL Elaboration : Time (s): cpu = 00:00:42 ; elapsed = 00:00:42 . Memory (MB): peak = 1372.504 ; gain = 437.125 ; free physical = 6220 ; free virtual = 27669
Finished RTL Optimization Phase 1 : Time (s): cpu = 00:00:42 ; elapsed = 00:00:42 . Memory (MB): peak = 1372.504 ; gain = 437.125 ; free physical = 6219 ; free virtual = 27669
INFO: [Device 21-403] Loading part xcku040-ffva1156-2-e
Constraint Validation Runtime : Time (s): cpu = 00:00:00.01 ; elapsed = 00:00:00.01 . Memory (MB): peak = 1599.953 ; gain = 0.004 ; free physical = 6037 ; free virtual = 27488
Finished Constraint Validation : Time (s): cpu = 00:00:50 ; elapsed = 00:00:51 . Memory (MB): peak = 1599.953 ; gain = 664.574 ; free physical = 6050 ; free virtual = 27502
Finished Loading Part and Timing Information : Time (s): cpu = 00:00:50 ; elapsed = 00:00:51 . Memory (MB): peak = 1599.953 ; gain = 664.574 ; free physical = 6050 ; free virtual = 27502
Finished applying 'set_property' XDC Constraints : Time (s): cpu = 00:00:50 ; elapsed = 00:00:51 . Memory (MB): peak = 1599.953 ; gain = 664.574 ; free physical = 6050 ; free virtual = 27502
Finished RTL Optimization Phase 2 : Time (s): cpu = 00:00:50 ; elapsed = 00:00:51 . Memory (MB): peak = 1599.953 ; gain = 664.574 ; free physical = 6048 ; free virtual = 27501
Finished Cross Boundary and Area Optimization : Time (s): cpu = 00:00:50 ; elapsed = 00:00:51 . Memory (MB): peak = 1599.953 ; gain = 664.574 ; free physical = 6048 ; free virtual = 27500
Finished Applying XDC Timing Constraints : Time (s): cpu = 00:00:57 ; elapsed = 00:00:58 . Memory (MB): peak = 1840.363 ; gain = 904.984 ; free physical = 5810 ; free virtual = 27249
Finished Timing Optimization : Time (s): cpu = 00:00:57 ; elapsed = 00:00:58 . Memory (MB): peak = 1840.363 ; gain = 904.984 ; free physical = 5809 ; free virtual = 27249
Finished Technology Mapping : Time (s): cpu = 00:00:57 ; elapsed = 00:00:58 . Memory (MB): peak = 1850.379 ; gain = 915.000 ; free physical = 5800 ; free virtual = 27240
Finished IO Insertion : Time (s): cpu = 00:00:58 ; elapsed = 00:00:58 . Memory (MB): peak = 1850.383 ; gain = 915.004 ; free physical = 5800 ; free virtual = 27240
Finished Renaming Generated Instances : Time (s): cpu = 00:00:58 ; elapsed = 00:00:58 . Memory (MB): peak = 1850.383 ; gain = 915.004 ; free physical = 5800 ; free virtual = 27240
Finished Rebuilding User Hierarchy : Time (s): cpu = 00:00:58 ; elapsed = 00:00:58 . Memory (MB): peak = 1850.383 ; gain = 915.004 ; free physical = 5800 ; free virtual = 27240
Finished Renaming Generated Ports : Time (s): cpu = 00:00:58 ; elapsed = 00:00:58 . Memory (MB): peak = 1850.383 ; gain = 915.004 ; free physical = 5800 ; free virtual = 27240
Finished Handling Custom Attributes : Time (s): cpu = 00:00:58 ; elapsed = 00:00:59 . Memory (MB): peak = 1850.383 ; gain = 915.004 ; free physical = 5800 ; free virtual = 27240
Finished Renaming Generated Nets : Time (s): cpu = 00:00:58 ; elapsed = 00:00:59 . Memory (MB): peak = 1850.383 ; gain = 915.004 ; free physical = 5800 ; free virtual = 27240

Report Cell Usage: 
+------+---------+------+
|      |Cell     |Count |
+------+---------+------+
|1     |RAMB36E2 |     1|
+------+---------+------+
Finished Writing Synthesis Report : Time (s): cpu = 00:00:58 ; elapsed = 00:00:59 . Memory (MB): peak = 1850.383 ; gain = 915.004 ; free physical = 5800 ; free virtual = 27240
synth_design: Time (s): cpu = 00:00:57 ; elapsed = 00:00:57 . Memory (MB): peak = 1888.445 ; gain = 836.555 ; free physical = 5768 ; free virtual = 27210
