
*** Running vivado
    with args -log fdiv.vds -m64 -product Vivado -mode batch -messageDb vivado.pb -notrace -source fdiv.tcl


****** Vivado v2016.4 (64-bit)
  **** SW Build 1756540 on Mon Jan 23 19:11:19 MST 2017
  **** IP Build 1755317 on Mon Jan 23 20:30:07 MST 2017
    ** Copyright 1986-2016 Xilinx, Inc. All Rights Reserved.

source fdiv.tcl -notrace
Starting RTL Elaboration : Time (s): cpu = 00:00:06 ; elapsed = 00:00:06 . Memory (MB): peak = 1171.355 ; gain = 235.980 ; free physical = 6727 ; free virtual = 26915
INFO: [Synth 8-638] synthesizing module 'fdiv' [/home/tansei/Desktop/cpu/2017/1stcore/cpu_sim/cpu_sim.srcs/sources_1/ip/fdiv/synth/fdiv.vhd:74]
INFO: [Synth 8-256] done synthesizing module 'fdiv' (15#1) [/home/tansei/Desktop/cpu/2017/1stcore/cpu_sim/cpu_sim.srcs/sources_1/ip/fdiv/synth/fdiv.vhd:74]
Finished RTL Elaboration : Time (s): cpu = 00:00:08 ; elapsed = 00:00:08 . Memory (MB): peak = 1253.828 ; gain = 318.453 ; free physical = 6644 ; free virtual = 26832
Finished RTL Optimization Phase 1 : Time (s): cpu = 00:00:08 ; elapsed = 00:00:08 . Memory (MB): peak = 1253.828 ; gain = 318.453 ; free physical = 6644 ; free virtual = 26832
INFO: [Device 21-403] Loading part xcku040-ffva1156-2-e
Constraint Validation Runtime : Time (s): cpu = 00:00:00.04 ; elapsed = 00:00:00.03 . Memory (MB): peak = 1683.059 ; gain = 1.004 ; free physical = 6339 ; free virtual = 26528
Finished Constraint Validation : Time (s): cpu = 00:00:16 ; elapsed = 00:00:16 . Memory (MB): peak = 1683.059 ; gain = 747.684 ; free physical = 6338 ; free virtual = 26526
Finished Loading Part and Timing Information : Time (s): cpu = 00:00:16 ; elapsed = 00:00:16 . Memory (MB): peak = 1683.059 ; gain = 747.684 ; free physical = 6338 ; free virtual = 26526
Finished applying 'set_property' XDC Constraints : Time (s): cpu = 00:00:16 ; elapsed = 00:00:16 . Memory (MB): peak = 1683.059 ; gain = 747.684 ; free physical = 6338 ; free virtual = 26526
Finished RTL Optimization Phase 2 : Time (s): cpu = 00:00:17 ; elapsed = 00:00:17 . Memory (MB): peak = 1683.059 ; gain = 747.684 ; free physical = 6327 ; free virtual = 26515
Finished Cross Boundary and Area Optimization : Time (s): cpu = 00:00:18 ; elapsed = 00:00:18 . Memory (MB): peak = 1683.062 ; gain = 747.688 ; free physical = 6311 ; free virtual = 26499
Finished Applying XDC Timing Constraints : Time (s): cpu = 00:00:24 ; elapsed = 00:00:25 . Memory (MB): peak = 1854.152 ; gain = 918.777 ; free physical = 6071 ; free virtual = 26263
Finished Timing Optimization : Time (s): cpu = 00:00:25 ; elapsed = 00:00:26 . Memory (MB): peak = 1885.164 ; gain = 949.789 ; free physical = 6040 ; free virtual = 26232
Finished Technology Mapping : Time (s): cpu = 00:00:26 ; elapsed = 00:00:26 . Memory (MB): peak = 1896.180 ; gain = 960.805 ; free physical = 6033 ; free virtual = 26221
Finished IO Insertion : Time (s): cpu = 00:00:26 ; elapsed = 00:00:27 . Memory (MB): peak = 1896.184 ; gain = 960.809 ; free physical = 6033 ; free virtual = 26221
Finished Renaming Generated Instances : Time (s): cpu = 00:00:26 ; elapsed = 00:00:27 . Memory (MB): peak = 1896.184 ; gain = 960.809 ; free physical = 6033 ; free virtual = 26221
Finished Rebuilding User Hierarchy : Time (s): cpu = 00:00:26 ; elapsed = 00:00:27 . Memory (MB): peak = 1896.184 ; gain = 960.809 ; free physical = 6033 ; free virtual = 26221
Finished Renaming Generated Ports : Time (s): cpu = 00:00:26 ; elapsed = 00:00:27 . Memory (MB): peak = 1896.184 ; gain = 960.809 ; free physical = 6033 ; free virtual = 26221
Finished Handling Custom Attributes : Time (s): cpu = 00:00:26 ; elapsed = 00:00:27 . Memory (MB): peak = 1896.184 ; gain = 960.809 ; free physical = 6033 ; free virtual = 26221
Finished Renaming Generated Nets : Time (s): cpu = 00:00:26 ; elapsed = 00:00:27 . Memory (MB): peak = 1896.184 ; gain = 960.809 ; free physical = 6033 ; free virtual = 26221

Report Cell Usage: 
+------+------+------+
|      |Cell  |Count |
+------+------+------+
|1     |LUT1  |     8|
|2     |LUT2  |   109|
|3     |LUT3  |   647|
|4     |LUT4  |    17|
|5     |LUT5  |    20|
|6     |LUT6  |    56|
|7     |MUXCY |   658|
|8     |XORCY |   681|
|9     |FDRE  |   238|
+------+------+------+
Finished Writing Synthesis Report : Time (s): cpu = 00:00:26 ; elapsed = 00:00:27 . Memory (MB): peak = 1896.184 ; gain = 960.809 ; free physical = 6033 ; free virtual = 26221
synth_design: Time (s): cpu = 00:00:26 ; elapsed = 00:00:27 . Memory (MB): peak = 1920.184 ; gain = 870.297 ; free physical = 6011 ; free virtual = 26199
