
*** Running vivado
    with args -log design_1_blk_mem_gen_0_0.vds -m64 -product Vivado -mode batch -messageDb vivado.pb -notrace -source design_1_blk_mem_gen_0_0.tcl


****** Vivado v2016.4 (64-bit)
  **** SW Build 1756540 on Mon Jan 23 19:11:19 MST 2017
  **** IP Build 1755317 on Mon Jan 23 20:30:07 MST 2017
    ** Copyright 1986-2016 Xilinx, Inc. All Rights Reserved.

source design_1_blk_mem_gen_0_0.tcl -notrace
Starting RTL Elaboration : Time (s): cpu = 00:00:09 ; elapsed = 00:00:09 . Memory (MB): peak = 1171.355 ; gain = 235.980 ; free physical = 7180 ; free virtual = 28038
INFO: [Synth 8-638] synthesizing module 'design_1_blk_mem_gen_0_0' [/home/tansei/Desktop/cpu/2017/1stcore/cpu-sim/cpu2.srcs/sources_1/bd/design_1/ip/design_1_blk_mem_gen_0_0/synth/design_1_blk_mem_gen_0_0.vhd:69]
INFO: [Synth 8-256] done synthesizing module 'design_1_blk_mem_gen_0_0' (11#1) [/home/tansei/Desktop/cpu/2017/1stcore/cpu-sim/cpu2.srcs/sources_1/bd/design_1/ip/design_1_blk_mem_gen_0_0/synth/design_1_blk_mem_gen_0_0.vhd:69]
Finished RTL Elaboration : Time (s): cpu = 00:00:57 ; elapsed = 00:00:59 . Memory (MB): peak = 1372.031 ; gain = 436.656 ; free physical = 6808 ; free virtual = 27671
Finished RTL Optimization Phase 1 : Time (s): cpu = 00:00:57 ; elapsed = 00:00:59 . Memory (MB): peak = 1372.031 ; gain = 436.656 ; free physical = 6808 ; free virtual = 27671
INFO: [Device 21-403] Loading part xcku040-ffva1156-2-e
Constraint Validation Runtime : Time (s): cpu = 00:00:00.02 ; elapsed = 00:00:00.01 . Memory (MB): peak = 1648.480 ; gain = 0.004 ; free physical = 6573 ; free virtual = 27436
Finished Constraint Validation : Time (s): cpu = 00:01:06 ; elapsed = 00:01:08 . Memory (MB): peak = 1648.480 ; gain = 713.105 ; free physical = 6572 ; free virtual = 27435
Finished Loading Part and Timing Information : Time (s): cpu = 00:01:06 ; elapsed = 00:01:08 . Memory (MB): peak = 1648.480 ; gain = 713.105 ; free physical = 6572 ; free virtual = 27435
Finished applying 'set_property' XDC Constraints : Time (s): cpu = 00:01:06 ; elapsed = 00:01:08 . Memory (MB): peak = 1648.480 ; gain = 713.105 ; free physical = 6572 ; free virtual = 27435
Finished RTL Optimization Phase 2 : Time (s): cpu = 00:01:06 ; elapsed = 00:01:08 . Memory (MB): peak = 1648.480 ; gain = 713.105 ; free physical = 6568 ; free virtual = 27431
Finished Cross Boundary and Area Optimization : Time (s): cpu = 00:01:06 ; elapsed = 00:01:09 . Memory (MB): peak = 1648.480 ; gain = 713.105 ; free physical = 6567 ; free virtual = 27430
Finished Applying XDC Timing Constraints : Time (s): cpu = 00:01:14 ; elapsed = 00:01:16 . Memory (MB): peak = 1862.672 ; gain = 927.297 ; free physical = 6316 ; free virtual = 27179
Finished Timing Optimization : Time (s): cpu = 00:01:14 ; elapsed = 00:01:16 . Memory (MB): peak = 1863.672 ; gain = 928.297 ; free physical = 6315 ; free virtual = 27178
Finished Technology Mapping : Time (s): cpu = 00:01:14 ; elapsed = 00:01:16 . Memory (MB): peak = 1873.688 ; gain = 938.312 ; free physical = 6305 ; free virtual = 27168
Finished IO Insertion : Time (s): cpu = 00:01:14 ; elapsed = 00:01:17 . Memory (MB): peak = 1873.691 ; gain = 938.316 ; free physical = 6305 ; free virtual = 27168
Finished Renaming Generated Instances : Time (s): cpu = 00:01:14 ; elapsed = 00:01:17 . Memory (MB): peak = 1873.691 ; gain = 938.316 ; free physical = 6305 ; free virtual = 27168
Finished Rebuilding User Hierarchy : Time (s): cpu = 00:01:14 ; elapsed = 00:01:17 . Memory (MB): peak = 1873.691 ; gain = 938.316 ; free physical = 6305 ; free virtual = 27168
Finished Renaming Generated Ports : Time (s): cpu = 00:01:14 ; elapsed = 00:01:17 . Memory (MB): peak = 1873.691 ; gain = 938.316 ; free physical = 6305 ; free virtual = 27168
Finished Handling Custom Attributes : Time (s): cpu = 00:01:14 ; elapsed = 00:01:17 . Memory (MB): peak = 1873.691 ; gain = 938.316 ; free physical = 6305 ; free virtual = 27168
Finished Renaming Generated Nets : Time (s): cpu = 00:01:14 ; elapsed = 00:01:17 . Memory (MB): peak = 1873.691 ; gain = 938.316 ; free physical = 6305 ; free virtual = 27168

Report Cell Usage: 
+------+-----------+------+
|      |Cell       |Count |
+------+-----------+------+
|1     |LUT1       |     1|
|2     |LUT3       |    26|
|3     |RAMB18E2   |     1|
|4     |RAMB36E2   |     1|
|5     |RAMB36E2_1 |     1|
|6     |RAMB36E2_2 |     1|
|7     |RAMB36E2_3 |     1|
|8     |RAMB36E2_4 |     1|
|9     |RAMB36E2_5 |     1|
|10    |RAMB36E2_6 |     1|
|11    |FDRE       |     1|
+------+-----------+------+
Finished Writing Synthesis Report : Time (s): cpu = 00:01:14 ; elapsed = 00:01:17 . Memory (MB): peak = 1873.691 ; gain = 938.316 ; free physical = 6305 ; free virtual = 27168
synth_design: Time (s): cpu = 00:01:12 ; elapsed = 00:01:15 . Memory (MB): peak = 1912.754 ; gain = 860.867 ; free physical = 6267 ; free virtual = 27130
