
*** Running vivado
    with args -log design_1_floating_point_4_0.vds -m64 -product Vivado -mode batch -messageDb vivado.pb -notrace -source design_1_floating_point_4_0.tcl


****** Vivado v2016.4 (64-bit)
  **** SW Build 1756540 on Mon Jan 23 19:11:19 MST 2017
  **** IP Build 1755317 on Mon Jan 23 20:30:07 MST 2017
    ** Copyright 1986-2016 Xilinx, Inc. All Rights Reserved.

source design_1_floating_point_4_0.tcl -notrace
Starting RTL Elaboration : Time (s): cpu = 00:00:06 ; elapsed = 00:00:07 . Memory (MB): peak = 1172.348 ; gain = 236.977 ; free physical = 8512 ; free virtual = 28669
INFO: [Synth 8-638] synthesizing module 'design_1_floating_point_4_0' [/home/tansei/Desktop/cpu/2017/1stcore/cpu2/cpu2.srcs/sources_1/bd/design_1/ip/design_1_floating_point_4_0/synth/design_1_floating_point_4_0.vhd:70]
INFO: [Synth 8-256] done synthesizing module 'design_1_floating_point_4_0' (15#1) [/home/tansei/Desktop/cpu/2017/1stcore/cpu2/cpu2.srcs/sources_1/bd/design_1/ip/design_1_floating_point_4_0/synth/design_1_floating_point_4_0.vhd:70]
Finished RTL Elaboration : Time (s): cpu = 00:00:10 ; elapsed = 00:00:10 . Memory (MB): peak = 1262.824 ; gain = 327.453 ; free physical = 8346 ; free virtual = 28499
Finished RTL Optimization Phase 1 : Time (s): cpu = 00:00:10 ; elapsed = 00:00:10 . Memory (MB): peak = 1262.824 ; gain = 327.453 ; free physical = 8335 ; free virtual = 28488
INFO: [Device 21-403] Loading part xcku040-ffva1156-2-e
Constraint Validation Runtime : Time (s): cpu = 00:00:00.03 ; elapsed = 00:00:00.03 . Memory (MB): peak = 1684.445 ; gain = 0.004 ; free physical = 7615 ; free virtual = 27771
Finished Constraint Validation : Time (s): cpu = 00:00:19 ; elapsed = 00:00:19 . Memory (MB): peak = 1684.445 ; gain = 749.074 ; free physical = 7463 ; free virtual = 27622
Finished Loading Part and Timing Information : Time (s): cpu = 00:00:19 ; elapsed = 00:00:19 . Memory (MB): peak = 1684.445 ; gain = 749.074 ; free physical = 7463 ; free virtual = 27622
Finished applying 'set_property' XDC Constraints : Time (s): cpu = 00:00:19 ; elapsed = 00:00:19 . Memory (MB): peak = 1684.445 ; gain = 749.074 ; free physical = 7463 ; free virtual = 27622
Finished RTL Optimization Phase 2 : Time (s): cpu = 00:00:20 ; elapsed = 00:00:21 . Memory (MB): peak = 1684.445 ; gain = 749.074 ; free physical = 7531 ; free virtual = 27689
Finished Cross Boundary and Area Optimization : Time (s): cpu = 00:00:21 ; elapsed = 00:00:22 . Memory (MB): peak = 1684.445 ; gain = 749.074 ; free physical = 7494 ; free virtual = 27653
Finished Applying XDC Timing Constraints : Time (s): cpu = 00:00:28 ; elapsed = 00:00:29 . Memory (MB): peak = 1851.539 ; gain = 916.168 ; free physical = 7171 ; free virtual = 27329
Finished Timing Optimization : Time (s): cpu = 00:00:29 ; elapsed = 00:00:30 . Memory (MB): peak = 1863.551 ; gain = 928.180 ; free physical = 7160 ; free virtual = 27318
Finished Technology Mapping : Time (s): cpu = 00:00:29 ; elapsed = 00:00:30 . Memory (MB): peak = 1873.566 ; gain = 938.195 ; free physical = 7144 ; free virtual = 27302
Finished IO Insertion : Time (s): cpu = 00:00:29 ; elapsed = 00:00:30 . Memory (MB): peak = 1873.570 ; gain = 938.199 ; free physical = 7122 ; free virtual = 27280
Finished Renaming Generated Instances : Time (s): cpu = 00:00:29 ; elapsed = 00:00:30 . Memory (MB): peak = 1873.570 ; gain = 938.199 ; free physical = 7121 ; free virtual = 27279
Finished Rebuilding User Hierarchy : Time (s): cpu = 00:00:29 ; elapsed = 00:00:30 . Memory (MB): peak = 1873.570 ; gain = 938.199 ; free physical = 7113 ; free virtual = 27271
Finished Renaming Generated Ports : Time (s): cpu = 00:00:29 ; elapsed = 00:00:30 . Memory (MB): peak = 1873.570 ; gain = 938.199 ; free physical = 7119 ; free virtual = 27277
Finished Handling Custom Attributes : Time (s): cpu = 00:00:29 ; elapsed = 00:00:30 . Memory (MB): peak = 1873.570 ; gain = 938.199 ; free physical = 7122 ; free virtual = 27281
Finished Renaming Generated Nets : Time (s): cpu = 00:00:29 ; elapsed = 00:00:30 . Memory (MB): peak = 1873.570 ; gain = 938.199 ; free physical = 7122 ; free virtual = 27281

Report Cell Usage: 
+------+------+------+
|      |Cell  |Count |
+------+------+------+
|1     |LUT1  |    25|
|2     |LUT2  |    43|
|3     |LUT3  |   339|
|4     |LUT4  |    24|
|5     |LUT5  |     3|
|6     |LUT6  |     7|
|7     |MUXCY |   423|
|8     |XORCY |   424|
|9     |FDRE  |   135|
+------+------+------+
Finished Writing Synthesis Report : Time (s): cpu = 00:00:29 ; elapsed = 00:00:30 . Memory (MB): peak = 1873.570 ; gain = 938.199 ; free physical = 7122 ; free virtual = 27281
synth_design: Time (s): cpu = 00:00:29 ; elapsed = 00:00:30 . Memory (MB): peak = 1901.570 ; gain = 850.688 ; free physical = 8028 ; free virtual = 28186
