
*** Running vivado
    with args -log design_1_blk_mem_gen_0_0.vds -m64 -product Vivado -mode batch -messageDb vivado.pb -notrace -source design_1_blk_mem_gen_0_0.tcl


****** Vivado v2016.4 (64-bit)
  **** SW Build 1756540 on Mon Jan 23 19:11:19 MST 2017
  **** IP Build 1755317 on Mon Jan 23 20:30:07 MST 2017
    ** Copyright 1986-2016 Xilinx, Inc. All Rights Reserved.

source design_1_blk_mem_gen_0_0.tcl -notrace
Starting RTL Elaboration : Time (s): cpu = 00:00:06 ; elapsed = 00:00:06 . Memory (MB): peak = 1171.359 ; gain = 235.980 ; free physical = 6223 ; free virtual = 27681
INFO: [Synth 8-638] synthesizing module 'design_1_blk_mem_gen_0_0' [/home/tansei/Desktop/cpu/2017/1stcore/cpu1/cpu2.srcs/sources_1/bd/design_1/ip/design_1_blk_mem_gen_0_0/synth/design_1_blk_mem_gen_0_0.vhd:69]
INFO: [Synth 8-256] done synthesizing module 'design_1_blk_mem_gen_0_0' (9#1) [/home/tansei/Desktop/cpu/2017/1stcore/cpu1/cpu2.srcs/sources_1/bd/design_1/ip/design_1_blk_mem_gen_0_0/synth/design_1_blk_mem_gen_0_0.vhd:69]
Finished RTL Elaboration : Time (s): cpu = 00:00:42 ; elapsed = 00:00:42 . Memory (MB): peak = 1373.035 ; gain = 437.656 ; free physical = 6027 ; free virtual = 27478
Finished RTL Optimization Phase 1 : Time (s): cpu = 00:00:42 ; elapsed = 00:00:42 . Memory (MB): peak = 1373.035 ; gain = 437.656 ; free physical = 6027 ; free virtual = 27478
INFO: [Device 21-403] Loading part xcku040-ffva1156-2-e
Constraint Validation Runtime : Time (s): cpu = 00:00:00.01 ; elapsed = 00:00:00.02 . Memory (MB): peak = 1600.656 ; gain = 0.004 ; free physical = 5825 ; free virtual = 27278
Finished Constraint Validation : Time (s): cpu = 00:00:50 ; elapsed = 00:00:50 . Memory (MB): peak = 1600.656 ; gain = 665.277 ; free physical = 5825 ; free virtual = 27278
Finished Loading Part and Timing Information : Time (s): cpu = 00:00:50 ; elapsed = 00:00:50 . Memory (MB): peak = 1600.656 ; gain = 665.277 ; free physical = 5825 ; free virtual = 27278
Finished applying 'set_property' XDC Constraints : Time (s): cpu = 00:00:50 ; elapsed = 00:00:50 . Memory (MB): peak = 1600.656 ; gain = 665.277 ; free physical = 5825 ; free virtual = 27278
Finished RTL Optimization Phase 2 : Time (s): cpu = 00:00:50 ; elapsed = 00:00:51 . Memory (MB): peak = 1600.656 ; gain = 665.277 ; free physical = 5824 ; free virtual = 27278
Finished Cross Boundary and Area Optimization : Time (s): cpu = 00:00:50 ; elapsed = 00:00:51 . Memory (MB): peak = 1600.656 ; gain = 665.277 ; free physical = 5824 ; free virtual = 27278
Finished Applying XDC Timing Constraints : Time (s): cpu = 00:00:57 ; elapsed = 00:00:58 . Memory (MB): peak = 1840.066 ; gain = 904.688 ; free physical = 5575 ; free virtual = 27032
Finished Timing Optimization : Time (s): cpu = 00:00:57 ; elapsed = 00:00:58 . Memory (MB): peak = 1840.066 ; gain = 904.688 ; free physical = 5575 ; free virtual = 27032
Finished Technology Mapping : Time (s): cpu = 00:00:57 ; elapsed = 00:00:58 . Memory (MB): peak = 1850.082 ; gain = 914.703 ; free physical = 5566 ; free virtual = 27023
Finished IO Insertion : Time (s): cpu = 00:00:58 ; elapsed = 00:00:58 . Memory (MB): peak = 1850.086 ; gain = 914.707 ; free physical = 5566 ; free virtual = 27022
Finished Renaming Generated Instances : Time (s): cpu = 00:00:58 ; elapsed = 00:00:58 . Memory (MB): peak = 1850.086 ; gain = 914.707 ; free physical = 5566 ; free virtual = 27022
Finished Rebuilding User Hierarchy : Time (s): cpu = 00:00:58 ; elapsed = 00:00:58 . Memory (MB): peak = 1850.086 ; gain = 914.707 ; free physical = 5566 ; free virtual = 27022
Finished Renaming Generated Ports : Time (s): cpu = 00:00:58 ; elapsed = 00:00:58 . Memory (MB): peak = 1850.086 ; gain = 914.707 ; free physical = 5566 ; free virtual = 27022
Finished Handling Custom Attributes : Time (s): cpu = 00:00:58 ; elapsed = 00:00:58 . Memory (MB): peak = 1850.086 ; gain = 914.707 ; free physical = 5565 ; free virtual = 27022
Finished Renaming Generated Nets : Time (s): cpu = 00:00:58 ; elapsed = 00:00:58 . Memory (MB): peak = 1850.086 ; gain = 914.707 ; free physical = 5565 ; free virtual = 27022

Report Cell Usage: 
+------+---------+------+
|      |Cell     |Count |
+------+---------+------+
|1     |RAMB36E2 |     1|
+------+---------+------+
Finished Writing Synthesis Report : Time (s): cpu = 00:00:58 ; elapsed = 00:00:58 . Memory (MB): peak = 1850.086 ; gain = 914.707 ; free physical = 5565 ; free virtual = 27022
synth_design: Time (s): cpu = 00:00:57 ; elapsed = 00:00:57 . Memory (MB): peak = 1889.148 ; gain = 837.258 ; free physical = 5524 ; free virtual = 26982
