
*** Running vivado
    with args -log design_1_blk_mem_gen_0_0.vds -m64 -product Vivado -mode batch -messageDb vivado.pb -notrace -source design_1_blk_mem_gen_0_0.tcl


****** Vivado v2016.4 (64-bit)
  **** SW Build 1756540 on Mon Jan 23 19:11:19 MST 2017
  **** IP Build 1755317 on Mon Jan 23 20:30:07 MST 2017
    ** Copyright 1986-2016 Xilinx, Inc. All Rights Reserved.

source design_1_blk_mem_gen_0_0.tcl -notrace
Starting RTL Elaboration : Time (s): cpu = 00:00:06 ; elapsed = 00:00:08 . Memory (MB): peak = 1172.355 ; gain = 236.980 ; free physical = 7908 ; free virtual = 28360
INFO: [Synth 8-638] synthesizing module 'design_1_blk_mem_gen_0_0' [/home/tansei/Desktop/cpu/2017/1stcore/cpu1/cpu2.srcs/sources_1/bd/design_1/ip/design_1_blk_mem_gen_0_0/synth/design_1_blk_mem_gen_0_0.vhd:69]
INFO: [Synth 8-256] done synthesizing module 'design_1_blk_mem_gen_0_0' (9#1) [/home/tansei/Desktop/cpu/2017/1stcore/cpu1/cpu2.srcs/sources_1/bd/design_1/ip/design_1_blk_mem_gen_0_0/synth/design_1_blk_mem_gen_0_0.vhd:69]
Finished RTL Elaboration : Time (s): cpu = 00:00:43 ; elapsed = 00:00:45 . Memory (MB): peak = 1374.031 ; gain = 438.656 ; free physical = 8034 ; free virtual = 28469
Finished RTL Optimization Phase 1 : Time (s): cpu = 00:00:43 ; elapsed = 00:00:45 . Memory (MB): peak = 1374.031 ; gain = 438.656 ; free physical = 8034 ; free virtual = 28469
INFO: [Device 21-403] Loading part xcku040-ffva1156-2-e
Constraint Validation Runtime : Time (s): cpu = 00:00:00.02 ; elapsed = 00:00:00.03 . Memory (MB): peak = 1601.480 ; gain = 0.004 ; free physical = 7840 ; free virtual = 28288
Finished Constraint Validation : Time (s): cpu = 00:00:51 ; elapsed = 00:00:54 . Memory (MB): peak = 1601.480 ; gain = 666.105 ; free physical = 7762 ; free virtual = 28248
Finished Loading Part and Timing Information : Time (s): cpu = 00:00:51 ; elapsed = 00:00:54 . Memory (MB): peak = 1601.480 ; gain = 666.105 ; free physical = 7761 ; free virtual = 28248
Finished applying 'set_property' XDC Constraints : Time (s): cpu = 00:00:51 ; elapsed = 00:00:54 . Memory (MB): peak = 1601.480 ; gain = 666.105 ; free physical = 7761 ; free virtual = 28248
Finished RTL Optimization Phase 2 : Time (s): cpu = 00:00:51 ; elapsed = 00:00:54 . Memory (MB): peak = 1601.480 ; gain = 666.105 ; free physical = 7758 ; free virtual = 28244
Finished Cross Boundary and Area Optimization : Time (s): cpu = 00:00:52 ; elapsed = 00:00:54 . Memory (MB): peak = 1601.480 ; gain = 666.105 ; free physical = 7757 ; free virtual = 28244
Finished Applying XDC Timing Constraints : Time (s): cpu = 00:00:59 ; elapsed = 00:01:03 . Memory (MB): peak = 1840.891 ; gain = 905.516 ; free physical = 7289 ; free virtual = 27874
Finished Timing Optimization : Time (s): cpu = 00:00:59 ; elapsed = 00:01:03 . Memory (MB): peak = 1841.891 ; gain = 906.516 ; free physical = 7288 ; free virtual = 27873
Finished Technology Mapping : Time (s): cpu = 00:00:59 ; elapsed = 00:01:03 . Memory (MB): peak = 1850.906 ; gain = 915.531 ; free physical = 7278 ; free virtual = 27864
Finished IO Insertion : Time (s): cpu = 00:01:00 ; elapsed = 00:01:04 . Memory (MB): peak = 1850.910 ; gain = 915.535 ; free physical = 7244 ; free virtual = 27843
Finished Renaming Generated Instances : Time (s): cpu = 00:01:00 ; elapsed = 00:01:04 . Memory (MB): peak = 1850.910 ; gain = 915.535 ; free physical = 7244 ; free virtual = 27843
Finished Rebuilding User Hierarchy : Time (s): cpu = 00:01:00 ; elapsed = 00:01:04 . Memory (MB): peak = 1850.910 ; gain = 915.535 ; free physical = 7243 ; free virtual = 27843
Finished Renaming Generated Ports : Time (s): cpu = 00:01:00 ; elapsed = 00:01:04 . Memory (MB): peak = 1850.910 ; gain = 915.535 ; free physical = 7243 ; free virtual = 27843
Finished Handling Custom Attributes : Time (s): cpu = 00:01:00 ; elapsed = 00:01:04 . Memory (MB): peak = 1850.910 ; gain = 915.535 ; free physical = 7243 ; free virtual = 27842
Finished Renaming Generated Nets : Time (s): cpu = 00:01:00 ; elapsed = 00:01:04 . Memory (MB): peak = 1850.910 ; gain = 915.535 ; free physical = 7243 ; free virtual = 27842

Report Cell Usage: 
+------+---------+------+
|      |Cell     |Count |
+------+---------+------+
|1     |RAMB36E2 |     1|
+------+---------+------+
Finished Writing Synthesis Report : Time (s): cpu = 00:01:00 ; elapsed = 00:01:04 . Memory (MB): peak = 1850.910 ; gain = 915.535 ; free physical = 7243 ; free virtual = 27842
synth_design: Time (s): cpu = 00:00:59 ; elapsed = 00:01:03 . Memory (MB): peak = 1888.973 ; gain = 837.086 ; free physical = 7079 ; free virtual = 27742
