
*** Running vivado
    with args -log design_1_blk_mem_gen_0_0.vds -m64 -product Vivado -mode batch -messageDb vivado.pb -notrace -source design_1_blk_mem_gen_0_0.tcl


****** Vivado v2016.4 (64-bit)
  **** SW Build 1756540 on Mon Jan 23 19:11:19 MST 2017
  **** IP Build 1755317 on Mon Jan 23 20:30:07 MST 2017
    ** Copyright 1986-2016 Xilinx, Inc. All Rights Reserved.

source design_1_blk_mem_gen_0_0.tcl -notrace
Starting RTL Elaboration : Time (s): cpu = 00:00:07 ; elapsed = 00:00:08 . Memory (MB): peak = 1171.359 ; gain = 235.980 ; free physical = 6827 ; free virtual = 27960
INFO: [Synth 8-638] synthesizing module 'design_1_blk_mem_gen_0_0' [/home/tansei/Desktop/cpu/2017/1stcore/cpu-sim/cpu2.srcs/sources_1/bd/design_1/ip/design_1_blk_mem_gen_0_0/synth/design_1_blk_mem_gen_0_0.vhd:69]
INFO: [Synth 8-256] done synthesizing module 'design_1_blk_mem_gen_0_0' (9#1) [/home/tansei/Desktop/cpu/2017/1stcore/cpu-sim/cpu2.srcs/sources_1/bd/design_1/ip/design_1_blk_mem_gen_0_0/synth/design_1_blk_mem_gen_0_0.vhd:69]
Finished RTL Elaboration : Time (s): cpu = 00:00:49 ; elapsed = 00:00:51 . Memory (MB): peak = 1372.035 ; gain = 436.656 ; free physical = 6206 ; free virtual = 27352
Finished RTL Optimization Phase 1 : Time (s): cpu = 00:00:50 ; elapsed = 00:00:52 . Memory (MB): peak = 1372.035 ; gain = 436.656 ; free physical = 6203 ; free virtual = 27349
INFO: [Device 21-403] Loading part xcku040-ffva1156-2-e
Constraint Validation Runtime : Time (s): cpu = 00:00:00.01 ; elapsed = 00:00:00.01 . Memory (MB): peak = 1600.484 ; gain = 0.004 ; free physical = 5941 ; free virtual = 27091
Finished Constraint Validation : Time (s): cpu = 00:00:58 ; elapsed = 00:01:00 . Memory (MB): peak = 1600.484 ; gain = 665.105 ; free physical = 5941 ; free virtual = 27088
Finished Loading Part and Timing Information : Time (s): cpu = 00:00:58 ; elapsed = 00:01:00 . Memory (MB): peak = 1600.484 ; gain = 665.105 ; free physical = 5941 ; free virtual = 27088
Finished applying 'set_property' XDC Constraints : Time (s): cpu = 00:00:58 ; elapsed = 00:01:00 . Memory (MB): peak = 1600.484 ; gain = 665.105 ; free physical = 5941 ; free virtual = 27088
Finished RTL Optimization Phase 2 : Time (s): cpu = 00:00:58 ; elapsed = 00:01:00 . Memory (MB): peak = 1600.484 ; gain = 665.105 ; free physical = 5939 ; free virtual = 27085
Finished Cross Boundary and Area Optimization : Time (s): cpu = 00:00:58 ; elapsed = 00:01:00 . Memory (MB): peak = 1600.484 ; gain = 665.105 ; free physical = 5939 ; free virtual = 27085
Finished Applying XDC Timing Constraints : Time (s): cpu = 00:01:06 ; elapsed = 00:01:08 . Memory (MB): peak = 1839.895 ; gain = 904.516 ; free physical = 5596 ; free virtual = 26741
Finished Timing Optimization : Time (s): cpu = 00:01:06 ; elapsed = 00:01:08 . Memory (MB): peak = 1840.895 ; gain = 905.516 ; free physical = 5588 ; free virtual = 26733
Finished Technology Mapping : Time (s): cpu = 00:01:06 ; elapsed = 00:01:08 . Memory (MB): peak = 1849.910 ; gain = 914.531 ; free physical = 5570 ; free virtual = 26715
Finished IO Insertion : Time (s): cpu = 00:01:06 ; elapsed = 00:01:08 . Memory (MB): peak = 1849.914 ; gain = 914.535 ; free physical = 5541 ; free virtual = 26686
Finished Renaming Generated Instances : Time (s): cpu = 00:01:06 ; elapsed = 00:01:08 . Memory (MB): peak = 1849.914 ; gain = 914.535 ; free physical = 5541 ; free virtual = 26686
Finished Rebuilding User Hierarchy : Time (s): cpu = 00:01:06 ; elapsed = 00:01:08 . Memory (MB): peak = 1849.914 ; gain = 914.535 ; free physical = 5541 ; free virtual = 26686
Finished Renaming Generated Ports : Time (s): cpu = 00:01:06 ; elapsed = 00:01:08 . Memory (MB): peak = 1849.914 ; gain = 914.535 ; free physical = 5541 ; free virtual = 26686
Finished Handling Custom Attributes : Time (s): cpu = 00:01:06 ; elapsed = 00:01:08 . Memory (MB): peak = 1849.914 ; gain = 914.535 ; free physical = 5541 ; free virtual = 26686
Finished Renaming Generated Nets : Time (s): cpu = 00:01:06 ; elapsed = 00:01:08 . Memory (MB): peak = 1849.914 ; gain = 914.535 ; free physical = 5541 ; free virtual = 26686

Report Cell Usage: 
+------+---------+------+
|      |Cell     |Count |
+------+---------+------+
|1     |RAMB36E2 |     1|
+------+---------+------+
Finished Writing Synthesis Report : Time (s): cpu = 00:01:06 ; elapsed = 00:01:08 . Memory (MB): peak = 1849.914 ; gain = 914.535 ; free physical = 5541 ; free virtual = 26686
synth_design: Time (s): cpu = 00:01:05 ; elapsed = 00:01:07 . Memory (MB): peak = 1888.977 ; gain = 837.086 ; free physical = 5451 ; free virtual = 26597
