
*** Running vivado
    with args -log design_1_blk_mem_gen_0_0.vds -m64 -product Vivado -mode batch -messageDb vivado.pb -notrace -source design_1_blk_mem_gen_0_0.tcl


****** Vivado v2016.4 (64-bit)
  **** SW Build 1756540 on Mon Jan 23 19:11:19 MST 2017
  **** IP Build 1755317 on Mon Jan 23 20:30:07 MST 2017
    ** Copyright 1986-2016 Xilinx, Inc. All Rights Reserved.

source design_1_blk_mem_gen_0_0.tcl -notrace
Starting RTL Elaboration : Time (s): cpu = 00:00:07 ; elapsed = 00:00:48 . Memory (MB): peak = 1172.355 ; gain = 236.980 ; free physical = 7213 ; free virtual = 27923
INFO: [Synth 8-638] synthesizing module 'design_1_blk_mem_gen_0_0' [/home/tansei/Desktop/cpu/2017/1stcore/cpu1/cpu1.srcs/sources_1/bd/design_1/ip/design_1_blk_mem_gen_0_0/synth/design_1_blk_mem_gen_0_0.vhd:69]
INFO: [Synth 8-256] done synthesizing module 'design_1_blk_mem_gen_0_0' (9#1) [/home/tansei/Desktop/cpu/2017/1stcore/cpu1/cpu1.srcs/sources_1/bd/design_1/ip/design_1_blk_mem_gen_0_0/synth/design_1_blk_mem_gen_0_0.vhd:69]
Finished RTL Elaboration : Time (s): cpu = 00:00:46 ; elapsed = 00:01:26 . Memory (MB): peak = 1372.031 ; gain = 436.656 ; free physical = 7034 ; free virtual = 27669
Finished RTL Optimization Phase 1 : Time (s): cpu = 00:00:46 ; elapsed = 00:01:27 . Memory (MB): peak = 1372.031 ; gain = 436.656 ; free physical = 7025 ; free virtual = 27669
INFO: [Device 21-403] Loading part xcku040-ffva1156-2-e
Constraint Validation Runtime : Time (s): cpu = 00:00:00.02 ; elapsed = 00:00:00.01 . Memory (MB): peak = 1600.480 ; gain = 0.004 ; free physical = 6878 ; free virtual = 27530
Finished Constraint Validation : Time (s): cpu = 00:00:54 ; elapsed = 00:01:46 . Memory (MB): peak = 1600.480 ; gain = 665.105 ; free physical = 6884 ; free virtual = 27529
Finished Loading Part and Timing Information : Time (s): cpu = 00:00:54 ; elapsed = 00:01:46 . Memory (MB): peak = 1600.480 ; gain = 665.105 ; free physical = 6884 ; free virtual = 27529
Finished applying 'set_property' XDC Constraints : Time (s): cpu = 00:00:54 ; elapsed = 00:01:46 . Memory (MB): peak = 1600.480 ; gain = 665.105 ; free physical = 6884 ; free virtual = 27529
Finished RTL Optimization Phase 2 : Time (s): cpu = 00:00:55 ; elapsed = 00:01:46 . Memory (MB): peak = 1600.480 ; gain = 665.105 ; free physical = 6880 ; free virtual = 27526
Finished Cross Boundary and Area Optimization : Time (s): cpu = 00:00:55 ; elapsed = 00:01:46 . Memory (MB): peak = 1600.480 ; gain = 665.105 ; free physical = 6879 ; free virtual = 27525
Finished Applying XDC Timing Constraints : Time (s): cpu = 00:01:02 ; elapsed = 00:01:53 . Memory (MB): peak = 1839.891 ; gain = 904.516 ; free physical = 6636 ; free virtual = 27294
Finished Timing Optimization : Time (s): cpu = 00:01:02 ; elapsed = 00:01:53 . Memory (MB): peak = 1840.891 ; gain = 905.516 ; free physical = 6636 ; free virtual = 27294
Finished Technology Mapping : Time (s): cpu = 00:01:02 ; elapsed = 00:01:53 . Memory (MB): peak = 1849.906 ; gain = 914.531 ; free physical = 6627 ; free virtual = 27285
Finished IO Insertion : Time (s): cpu = 00:01:02 ; elapsed = 00:01:54 . Memory (MB): peak = 1849.910 ; gain = 914.535 ; free physical = 6634 ; free virtual = 27285
Finished Renaming Generated Instances : Time (s): cpu = 00:01:02 ; elapsed = 00:01:54 . Memory (MB): peak = 1849.910 ; gain = 914.535 ; free physical = 6634 ; free virtual = 27285
Finished Rebuilding User Hierarchy : Time (s): cpu = 00:01:02 ; elapsed = 00:01:54 . Memory (MB): peak = 1849.910 ; gain = 914.535 ; free physical = 6634 ; free virtual = 27285
Finished Renaming Generated Ports : Time (s): cpu = 00:01:02 ; elapsed = 00:01:54 . Memory (MB): peak = 1849.910 ; gain = 914.535 ; free physical = 6634 ; free virtual = 27285
Finished Handling Custom Attributes : Time (s): cpu = 00:01:02 ; elapsed = 00:01:54 . Memory (MB): peak = 1849.910 ; gain = 914.535 ; free physical = 6648 ; free virtual = 27285
Finished Renaming Generated Nets : Time (s): cpu = 00:01:02 ; elapsed = 00:01:54 . Memory (MB): peak = 1849.910 ; gain = 914.535 ; free physical = 6648 ; free virtual = 27285

Report Cell Usage: 
+------+---------+------+
|      |Cell     |Count |
+------+---------+------+
|1     |RAMB36E2 |     1|
+------+---------+------+
Finished Writing Synthesis Report : Time (s): cpu = 00:01:02 ; elapsed = 00:01:54 . Memory (MB): peak = 1849.910 ; gain = 914.535 ; free physical = 6648 ; free virtual = 27285
synth_design: Time (s): cpu = 00:01:01 ; elapsed = 00:01:52 . Memory (MB): peak = 1888.973 ; gain = 837.086 ; free physical = 6610 ; free virtual = 27247
