
*** Running vivado
    with args -log fitof.vds -m64 -product Vivado -mode batch -messageDb vivado.pb -notrace -source fitof.tcl


****** Vivado v2016.4 (64-bit)
  **** SW Build 1756540 on Mon Jan 23 19:11:19 MST 2017
  **** IP Build 1755317 on Mon Jan 23 20:30:07 MST 2017
    ** Copyright 1986-2016 Xilinx, Inc. All Rights Reserved.

source fitof.tcl -notrace
Starting RTL Elaboration : Time (s): cpu = 00:00:06 ; elapsed = 00:00:06 . Memory (MB): peak = 1173.359 ; gain = 237.980 ; free physical = 9208 ; free virtual = 28952
INFO: [Synth 8-638] synthesizing module 'fitof' [/home/tansei/Desktop/cpu/2017/1stcore/cpu1/cpu1.srcs/sources_1/ip/fitof/synth/fitof.vhd:70]
INFO: [Synth 8-256] done synthesizing module 'fitof' (16#1) [/home/tansei/Desktop/cpu/2017/1stcore/cpu1/cpu1.srcs/sources_1/ip/fitof/synth/fitof.vhd:70]
Finished RTL Elaboration : Time (s): cpu = 00:00:08 ; elapsed = 00:00:09 . Memory (MB): peak = 1251.832 ; gain = 316.453 ; free physical = 9105 ; free virtual = 28849
Finished RTL Optimization Phase 1 : Time (s): cpu = 00:00:08 ; elapsed = 00:00:09 . Memory (MB): peak = 1251.832 ; gain = 316.453 ; free physical = 9104 ; free virtual = 28848
INFO: [Device 21-403] Loading part xcku040-ffva1156-2-e
Constraint Validation Runtime : Time (s): cpu = 00:00:00.01 ; elapsed = 00:00:00.01 . Memory (MB): peak = 1675.469 ; gain = 0.004 ; free physical = 8703 ; free virtual = 28468
Finished Constraint Validation : Time (s): cpu = 00:00:16 ; elapsed = 00:00:17 . Memory (MB): peak = 1675.469 ; gain = 740.090 ; free physical = 8711 ; free virtual = 28464
Finished Loading Part and Timing Information : Time (s): cpu = 00:00:16 ; elapsed = 00:00:17 . Memory (MB): peak = 1675.469 ; gain = 740.090 ; free physical = 8711 ; free virtual = 28464
Finished applying 'set_property' XDC Constraints : Time (s): cpu = 00:00:16 ; elapsed = 00:00:17 . Memory (MB): peak = 1675.469 ; gain = 740.090 ; free physical = 8711 ; free virtual = 28464
Finished RTL Optimization Phase 2 : Time (s): cpu = 00:00:17 ; elapsed = 00:00:17 . Memory (MB): peak = 1675.469 ; gain = 740.090 ; free physical = 8704 ; free virtual = 28461
Finished Cross Boundary and Area Optimization : Time (s): cpu = 00:00:18 ; elapsed = 00:00:18 . Memory (MB): peak = 1675.473 ; gain = 740.094 ; free physical = 8699 ; free virtual = 28450
Finished Applying XDC Timing Constraints : Time (s): cpu = 00:00:24 ; elapsed = 00:00:25 . Memory (MB): peak = 1849.562 ; gain = 914.184 ; free physical = 8526 ; free virtual = 28276
Finished Timing Optimization : Time (s): cpu = 00:00:24 ; elapsed = 00:00:25 . Memory (MB): peak = 1859.574 ; gain = 924.195 ; free physical = 8517 ; free virtual = 28266
Finished Technology Mapping : Time (s): cpu = 00:00:24 ; elapsed = 00:00:25 . Memory (MB): peak = 1876.598 ; gain = 941.219 ; free physical = 8500 ; free virtual = 28250
Finished IO Insertion : Time (s): cpu = 00:00:25 ; elapsed = 00:00:26 . Memory (MB): peak = 1876.602 ; gain = 941.223 ; free physical = 8500 ; free virtual = 28250
Finished Renaming Generated Instances : Time (s): cpu = 00:00:25 ; elapsed = 00:00:26 . Memory (MB): peak = 1876.602 ; gain = 941.223 ; free physical = 8500 ; free virtual = 28250
Finished Rebuilding User Hierarchy : Time (s): cpu = 00:00:25 ; elapsed = 00:00:26 . Memory (MB): peak = 1876.602 ; gain = 941.223 ; free physical = 8500 ; free virtual = 28250
Finished Renaming Generated Ports : Time (s): cpu = 00:00:25 ; elapsed = 00:00:26 . Memory (MB): peak = 1876.602 ; gain = 941.223 ; free physical = 8500 ; free virtual = 28250
Finished Handling Custom Attributes : Time (s): cpu = 00:00:25 ; elapsed = 00:00:26 . Memory (MB): peak = 1876.602 ; gain = 941.223 ; free physical = 8500 ; free virtual = 28250
Finished Renaming Generated Nets : Time (s): cpu = 00:00:25 ; elapsed = 00:00:26 . Memory (MB): peak = 1876.602 ; gain = 941.223 ; free physical = 8500 ; free virtual = 28250

Report Cell Usage: 
+------+------+------+
|      |Cell  |Count |
+------+------+------+
|1     |LUT2  |    53|
|2     |LUT3  |    46|
|3     |LUT4  |    17|
|4     |LUT5  |    24|
|5     |LUT6  |    57|
|6     |MUXCY |    77|
|7     |XORCY |    56|
|8     |FDRE  |    37|
+------+------+------+
Finished Writing Synthesis Report : Time (s): cpu = 00:00:25 ; elapsed = 00:00:26 . Memory (MB): peak = 1876.602 ; gain = 941.223 ; free physical = 8500 ; free virtual = 28250
synth_design: Time (s): cpu = 00:00:24 ; elapsed = 00:00:25 . Memory (MB): peak = 1896.602 ; gain = 843.711 ; free physical = 8459 ; free virtual = 28208
