
*** Running vivado
    with args -log fsqrt.vds -m64 -product Vivado -mode batch -messageDb vivado.pb -notrace -source fsqrt.tcl


****** Vivado v2016.4 (64-bit)
  **** SW Build 1756540 on Mon Jan 23 19:11:19 MST 2017
  **** IP Build 1755317 on Mon Jan 23 20:30:07 MST 2017
    ** Copyright 1986-2016 Xilinx, Inc. All Rights Reserved.

source fsqrt.tcl -notrace
Starting RTL Elaboration : Time (s): cpu = 00:00:06 ; elapsed = 00:00:06 . Memory (MB): peak = 1172.355 ; gain = 236.980 ; free physical = 8392 ; free virtual = 28765
INFO: [Synth 8-638] synthesizing module 'fsqrt' [/home/tansei/Desktop/cpu/2017/1stcore/cpu_sim/cpu_sim.srcs/sources_1/ip/fsqrt_1/synth/fsqrt.vhd:69]
INFO: [Synth 8-256] done synthesizing module 'fsqrt' (14#1) [/home/tansei/Desktop/cpu/2017/1stcore/cpu_sim/cpu_sim.srcs/sources_1/ip/fsqrt_1/synth/fsqrt.vhd:69]
Finished RTL Elaboration : Time (s): cpu = 00:00:09 ; elapsed = 00:00:09 . Memory (MB): peak = 1262.828 ; gain = 327.453 ; free physical = 8300 ; free virtual = 28673
Finished RTL Optimization Phase 1 : Time (s): cpu = 00:00:09 ; elapsed = 00:00:10 . Memory (MB): peak = 1262.828 ; gain = 327.453 ; free physical = 8300 ; free virtual = 28673
INFO: [Device 21-403] Loading part xcku040-ffva1156-2-e
Constraint Validation Runtime : Time (s): cpu = 00:00:00.02 ; elapsed = 00:00:00.01 . Memory (MB): peak = 1685.465 ; gain = 0.004 ; free physical = 8003 ; free virtual = 28376
Finished Constraint Validation : Time (s): cpu = 00:00:17 ; elapsed = 00:00:18 . Memory (MB): peak = 1685.465 ; gain = 750.090 ; free physical = 8002 ; free virtual = 28375
Finished Loading Part and Timing Information : Time (s): cpu = 00:00:17 ; elapsed = 00:00:18 . Memory (MB): peak = 1685.465 ; gain = 750.090 ; free physical = 8002 ; free virtual = 28375
Finished applying 'set_property' XDC Constraints : Time (s): cpu = 00:00:17 ; elapsed = 00:00:18 . Memory (MB): peak = 1685.465 ; gain = 750.090 ; free physical = 8002 ; free virtual = 28375
Finished RTL Optimization Phase 2 : Time (s): cpu = 00:00:18 ; elapsed = 00:00:19 . Memory (MB): peak = 1685.465 ; gain = 750.090 ; free physical = 7993 ; free virtual = 28366
Finished Cross Boundary and Area Optimization : Time (s): cpu = 00:00:19 ; elapsed = 00:00:20 . Memory (MB): peak = 1685.469 ; gain = 750.094 ; free physical = 7977 ; free virtual = 28350
Finished Applying XDC Timing Constraints : Time (s): cpu = 00:00:26 ; elapsed = 00:00:27 . Memory (MB): peak = 1849.559 ; gain = 914.184 ; free physical = 7747 ; free virtual = 28118
Finished Timing Optimization : Time (s): cpu = 00:00:26 ; elapsed = 00:00:27 . Memory (MB): peak = 1859.570 ; gain = 924.195 ; free physical = 7738 ; free virtual = 28109
Finished Technology Mapping : Time (s): cpu = 00:00:26 ; elapsed = 00:00:27 . Memory (MB): peak = 1870.586 ; gain = 935.211 ; free physical = 7728 ; free virtual = 28099
Finished IO Insertion : Time (s): cpu = 00:00:26 ; elapsed = 00:00:27 . Memory (MB): peak = 1870.590 ; gain = 935.215 ; free physical = 7728 ; free virtual = 28100
Finished Renaming Generated Instances : Time (s): cpu = 00:00:26 ; elapsed = 00:00:27 . Memory (MB): peak = 1870.590 ; gain = 935.215 ; free physical = 7728 ; free virtual = 28100
Finished Rebuilding User Hierarchy : Time (s): cpu = 00:00:26 ; elapsed = 00:00:27 . Memory (MB): peak = 1870.590 ; gain = 935.215 ; free physical = 7728 ; free virtual = 28100
Finished Renaming Generated Ports : Time (s): cpu = 00:00:26 ; elapsed = 00:00:27 . Memory (MB): peak = 1870.590 ; gain = 935.215 ; free physical = 7732 ; free virtual = 28099
Finished Handling Custom Attributes : Time (s): cpu = 00:00:26 ; elapsed = 00:00:27 . Memory (MB): peak = 1870.590 ; gain = 935.215 ; free physical = 7731 ; free virtual = 28099
Finished Renaming Generated Nets : Time (s): cpu = 00:00:26 ; elapsed = 00:00:27 . Memory (MB): peak = 1870.590 ; gain = 935.215 ; free physical = 7731 ; free virtual = 28099

Report Cell Usage: 
+------+------+------+
|      |Cell  |Count |
+------+------+------+
|1     |LUT1  |    25|
|2     |LUT2  |    42|
|3     |LUT3  |   337|
|4     |LUT4  |    20|
|5     |LUT5  |     3|
|6     |LUT6  |     6|
|7     |MUXCY |   423|
|8     |XORCY |   397|
|9     |FDRE  |   111|
+------+------+------+
Finished Writing Synthesis Report : Time (s): cpu = 00:00:26 ; elapsed = 00:00:27 . Memory (MB): peak = 1870.590 ; gain = 935.215 ; free physical = 7731 ; free virtual = 28099
synth_design: Time (s): cpu = 00:00:26 ; elapsed = 00:00:27 . Memory (MB): peak = 1898.590 ; gain = 846.703 ; free physical = 7706 ; free virtual = 28073
