
*** Running vivado
    with args -log design_1_blk_mem_gen_0_0.vds -m64 -product Vivado -mode batch -messageDb vivado.pb -notrace -source design_1_blk_mem_gen_0_0.tcl


****** Vivado v2016.4 (64-bit)
  **** SW Build 1756540 on Mon Jan 23 19:11:19 MST 2017
  **** IP Build 1755317 on Mon Jan 23 20:30:07 MST 2017
    ** Copyright 1986-2016 Xilinx, Inc. All Rights Reserved.

source design_1_blk_mem_gen_0_0.tcl -notrace
Starting RTL Elaboration : Time (s): cpu = 00:00:07 ; elapsed = 00:00:08 . Memory (MB): peak = 1172.355 ; gain = 236.980 ; free physical = 7813 ; free virtual = 28174
INFO: [Synth 8-638] synthesizing module 'design_1_blk_mem_gen_0_0' [/home/tansei/Desktop/cpu/2017/1stcore/cpu1/cpu2.srcs/sources_1/bd/design_1/ip/design_1_blk_mem_gen_0_0/synth/design_1_blk_mem_gen_0_0.vhd:69]
INFO: [Synth 8-256] done synthesizing module 'design_1_blk_mem_gen_0_0' (9#1) [/home/tansei/Desktop/cpu/2017/1stcore/cpu1/cpu2.srcs/sources_1/bd/design_1/ip/design_1_blk_mem_gen_0_0/synth/design_1_blk_mem_gen_0_0.vhd:69]
Finished RTL Elaboration : Time (s): cpu = 00:00:43 ; elapsed = 00:00:44 . Memory (MB): peak = 1374.031 ; gain = 438.656 ; free physical = 7324 ; free virtual = 27722
Finished RTL Optimization Phase 1 : Time (s): cpu = 00:00:43 ; elapsed = 00:00:44 . Memory (MB): peak = 1374.031 ; gain = 438.656 ; free physical = 7324 ; free virtual = 27722
INFO: [Device 21-403] Loading part xcku040-ffva1156-2-e
Constraint Validation Runtime : Time (s): cpu = 00:00:00.02 ; elapsed = 00:00:00.03 . Memory (MB): peak = 1600.652 ; gain = 0.004 ; free physical = 7093 ; free virtual = 27489
Finished Constraint Validation : Time (s): cpu = 00:00:51 ; elapsed = 00:00:53 . Memory (MB): peak = 1600.652 ; gain = 665.277 ; free physical = 7086 ; free virtual = 27483
Finished Loading Part and Timing Information : Time (s): cpu = 00:00:51 ; elapsed = 00:00:53 . Memory (MB): peak = 1600.652 ; gain = 665.277 ; free physical = 7086 ; free virtual = 27483
Finished applying 'set_property' XDC Constraints : Time (s): cpu = 00:00:51 ; elapsed = 00:00:53 . Memory (MB): peak = 1600.652 ; gain = 665.277 ; free physical = 7086 ; free virtual = 27483
Finished RTL Optimization Phase 2 : Time (s): cpu = 00:00:52 ; elapsed = 00:00:53 . Memory (MB): peak = 1600.652 ; gain = 665.277 ; free physical = 7083 ; free virtual = 27480
Finished Cross Boundary and Area Optimization : Time (s): cpu = 00:00:52 ; elapsed = 00:00:53 . Memory (MB): peak = 1600.652 ; gain = 665.277 ; free physical = 7083 ; free virtual = 27480
Finished Applying XDC Timing Constraints : Time (s): cpu = 00:00:59 ; elapsed = 00:01:01 . Memory (MB): peak = 1841.062 ; gain = 905.688 ; free physical = 6763 ; free virtual = 27159
Finished Timing Optimization : Time (s): cpu = 00:00:59 ; elapsed = 00:01:01 . Memory (MB): peak = 1841.062 ; gain = 905.688 ; free physical = 6763 ; free virtual = 27159
Finished Technology Mapping : Time (s): cpu = 00:00:59 ; elapsed = 00:01:01 . Memory (MB): peak = 1851.078 ; gain = 915.703 ; free physical = 6753 ; free virtual = 27149
Finished IO Insertion : Time (s): cpu = 00:01:00 ; elapsed = 00:01:01 . Memory (MB): peak = 1851.082 ; gain = 915.707 ; free physical = 6753 ; free virtual = 27149
Finished Renaming Generated Instances : Time (s): cpu = 00:01:00 ; elapsed = 00:01:01 . Memory (MB): peak = 1851.082 ; gain = 915.707 ; free physical = 6753 ; free virtual = 27149
Finished Rebuilding User Hierarchy : Time (s): cpu = 00:01:00 ; elapsed = 00:01:01 . Memory (MB): peak = 1851.082 ; gain = 915.707 ; free physical = 6753 ; free virtual = 27149
Finished Renaming Generated Ports : Time (s): cpu = 00:01:00 ; elapsed = 00:01:01 . Memory (MB): peak = 1851.082 ; gain = 915.707 ; free physical = 6753 ; free virtual = 27149
Finished Handling Custom Attributes : Time (s): cpu = 00:01:00 ; elapsed = 00:01:01 . Memory (MB): peak = 1851.082 ; gain = 915.707 ; free physical = 6753 ; free virtual = 27149
Finished Renaming Generated Nets : Time (s): cpu = 00:01:00 ; elapsed = 00:01:01 . Memory (MB): peak = 1851.082 ; gain = 915.707 ; free physical = 6753 ; free virtual = 27149

Report Cell Usage: 
+------+---------+------+
|      |Cell     |Count |
+------+---------+------+
|1     |RAMB36E2 |     1|
+------+---------+------+
Finished Writing Synthesis Report : Time (s): cpu = 00:01:00 ; elapsed = 00:01:01 . Memory (MB): peak = 1851.082 ; gain = 915.707 ; free physical = 6753 ; free virtual = 27149
synth_design: Time (s): cpu = 00:00:58 ; elapsed = 00:01:00 . Memory (MB): peak = 1889.145 ; gain = 837.258 ; free physical = 6697 ; free virtual = 27093
