
*** Running vivado
    with args -log design_1_top_wrapper_0_0.vds -m64 -product Vivado -mode batch -messageDb vivado.pb -notrace -source design_1_top_wrapper_0_0.tcl


****** Vivado v2016.4 (64-bit)
  **** SW Build 1756540 on Mon Jan 23 19:11:19 MST 2017
  **** IP Build 1755317 on Mon Jan 23 20:30:07 MST 2017
    ** Copyright 1986-2016 Xilinx, Inc. All Rights Reserved.

source design_1_top_wrapper_0_0.tcl -notrace
Command: synth_design -top design_1_top_wrapper_0_0 -part xcku040-ffva1156-2-e -mode out_of_context
Starting synth_design
Attempting to get a license for feature 'Synthesis' and/or device 'xcku040'
INFO: [Common 17-349] Got license for feature 'Synthesis' and/or device 'xcku040'
INFO: [Common 17-1223] The version limit for your license is '2017.03' and will expire in -189 days. A version limit expiration means that, although you may be able to continue to use the current version of tools or IP with this license, you will not be eligible for any updates or new releases.
INFO: Launching helper process for spawning children vivado processes
INFO: Helper process launched with PID 1227 
---------------------------------------------------------------------------------
Starting RTL Elaboration : Time (s): cpu = 00:00:05 ; elapsed = 00:00:46 . Memory (MB): peak = 1176.352 ; gain = 240.977 ; free physical = 6826 ; free virtual = 27833
---------------------------------------------------------------------------------
INFO: [Synth 8-638] synthesizing module 'design_1_top_wrapper_0_0' [/home/tansei/Desktop/cpu/2017/1stcore/cpu1/cpu1.srcs/sources_1/bd/design_1/ip/design_1_top_wrapper_0_0/synth/design_1_top_wrapper_0_0.v:56]
INFO: [Synth 8-638] synthesizing module 'top_wrapper' [/home/tansei/Desktop/cpu/2017/1stcore/top_wrapper.v:1]
INFO: [Synth 8-638] synthesizing module 'top' [/home/tansei/Desktop/cpu/2017/1stcore/top.sv:1]
	Parameter FETCH bound to: 6'b000000 
	Parameter EXEC bound to: 6'b000001 
	Parameter WRITE bound to: 6'b000010 
	Parameter LOAD1 bound to: 6'b000011 
	Parameter LOAD2 bound to: 6'b000100 
	Parameter LOAD3 bound to: 6'b000101 
	Parameter WAIT bound to: 6'b000110 
	Parameter OP_SPECIAL bound to: 6'b000000 
	Parameter FUNC_ADD bound to: 6'b100000 
	Parameter OP_ADDI bound to: 6'b001000 
	Parameter FUNC_AND bound to: 6'b100100 
	Parameter FUNC_OR bound to: 6'b100101 
	Parameter OP_BEQ bound to: 6'b000100 
	Parameter OP_BNE bound to: 6'b000101 
	Parameter OP_J bound to: 6'b000010 
	Parameter OP_JAL bound to: 6'b000011 
	Parameter OP_LW bound to: 6'b100011 
	Parameter OP_SW bound to: 6'b101011 
	Parameter OP_SLTI bound to: 6'b001010 
	Parameter GPR_ZERO bound to: 6'b000000 
	Parameter GPR_RA bound to: 6'b011111 
INFO: [Synth 8-256] done synthesizing module 'top' (1#1) [/home/tansei/Desktop/cpu/2017/1stcore/top.sv:1]
INFO: [Synth 8-256] done synthesizing module 'top_wrapper' (2#1) [/home/tansei/Desktop/cpu/2017/1stcore/top_wrapper.v:1]
INFO: [Synth 8-256] done synthesizing module 'design_1_top_wrapper_0_0' (3#1) [/home/tansei/Desktop/cpu/2017/1stcore/cpu1/cpu1.srcs/sources_1/bd/design_1/ip/design_1_top_wrapper_0_0/synth/design_1_top_wrapper_0_0.v:56]
---------------------------------------------------------------------------------
Finished RTL Elaboration : Time (s): cpu = 00:00:06 ; elapsed = 00:00:46 . Memory (MB): peak = 1228.828 ; gain = 293.453 ; free physical = 6773 ; free virtual = 27779
---------------------------------------------------------------------------------

Report Check Netlist: 
+------+------------------+-------+---------+-------+------------------+
|      |Item              |Errors |Warnings |Status |Description       |
+------+------------------+-------+---------+-------+------------------+
|1     |multi_driven_nets |      0|        0|Passed |Multi driven nets |
+------+------------------+-------+---------+-------+------------------+
---------------------------------------------------------------------------------
Finished RTL Optimization Phase 1 : Time (s): cpu = 00:00:06 ; elapsed = 00:00:47 . Memory (MB): peak = 1228.828 ; gain = 293.453 ; free physical = 6772 ; free virtual = 27779
---------------------------------------------------------------------------------
INFO: [Device 21-403] Loading part xcku040-ffva1156-2-e
INFO: [Project 1-570] Preparing netlist for logic optimization

Processing XDC Constraints
Initializing timing engine
Completed Processing XDC Constraints

INFO: [Project 1-111] Unisim Transformation Summary:
No Unisim elements were transformed.

Constraint Validation Runtime : Time (s): cpu = 00:00:00.13 ; elapsed = 00:00:00.07 . Memory (MB): peak = 1683.145 ; gain = 2.004 ; free physical = 6353 ; free virtual = 27360
---------------------------------------------------------------------------------
Finished Constraint Validation : Time (s): cpu = 00:00:14 ; elapsed = 00:01:05 . Memory (MB): peak = 1683.145 ; gain = 747.770 ; free physical = 6352 ; free virtual = 27359
---------------------------------------------------------------------------------
---------------------------------------------------------------------------------
Start Loading Part and Timing Information
---------------------------------------------------------------------------------
Loading part: xcku040-ffva1156-2-e
---------------------------------------------------------------------------------
Finished Loading Part and Timing Information : Time (s): cpu = 00:00:14 ; elapsed = 00:01:05 . Memory (MB): peak = 1683.145 ; gain = 747.770 ; free physical = 6352 ; free virtual = 27359
---------------------------------------------------------------------------------
---------------------------------------------------------------------------------
Start Applying 'set_property' XDC Constraints
---------------------------------------------------------------------------------
---------------------------------------------------------------------------------
Finished applying 'set_property' XDC Constraints : Time (s): cpu = 00:00:14 ; elapsed = 00:01:05 . Memory (MB): peak = 1683.145 ; gain = 747.770 ; free physical = 6352 ; free virtual = 27359
---------------------------------------------------------------------------------
INFO: [Synth 8-802] inferred FSM for state register 'mode_reg' in module 'top'
INFO: [Synth 8-5546] ROM "gpr_reg[31]" won't be mapped to RAM because it is too sparse
INFO: [Synth 8-5546] ROM "gpr_reg[31]" won't be mapped to RAM because it is too sparse
INFO: [Synth 8-5546] ROM "gpr_reg[30]" won't be mapped to RAM because it is too sparse
INFO: [Synth 8-5546] ROM "gpr_reg[30]" won't be mapped to RAM because it is too sparse
INFO: [Synth 8-5546] ROM "gpr_reg[29]" won't be mapped to RAM because it is too sparse
INFO: [Synth 8-5546] ROM "gpr_reg[29]" won't be mapped to RAM because it is too sparse
INFO: [Synth 8-5546] ROM "gpr_reg[28]" won't be mapped to RAM because it is too sparse
INFO: [Synth 8-5546] ROM "gpr_reg[28]" won't be mapped to RAM because it is too sparse
INFO: [Synth 8-5546] ROM "gpr_reg[27]" won't be mapped to RAM because it is too sparse
INFO: [Synth 8-5546] ROM "gpr_reg[27]" won't be mapped to RAM because it is too sparse
INFO: [Synth 8-5546] ROM "gpr_reg[26]" won't be mapped to RAM because it is too sparse
INFO: [Synth 8-5546] ROM "gpr_reg[26]" won't be mapped to RAM because it is too sparse
INFO: [Synth 8-5546] ROM "gpr_reg[25]" won't be mapped to RAM because it is too sparse
INFO: [Synth 8-5546] ROM "gpr_reg[25]" won't be mapped to RAM because it is too sparse
INFO: [Synth 8-5546] ROM "gpr_reg[24]" won't be mapped to RAM because it is too sparse
INFO: [Synth 8-5546] ROM "gpr_reg[24]" won't be mapped to RAM because it is too sparse
INFO: [Synth 8-5546] ROM "gpr_reg[23]" won't be mapped to RAM because it is too sparse
INFO: [Synth 8-5546] ROM "gpr_reg[23]" won't be mapped to RAM because it is too sparse
INFO: [Synth 8-5546] ROM "gpr_reg[22]" won't be mapped to RAM because it is too sparse
INFO: [Synth 8-5546] ROM "gpr_reg[22]" won't be mapped to RAM because it is too sparse
INFO: [Synth 8-5546] ROM "gpr_reg[21]" won't be mapped to RAM because it is too sparse
INFO: [Synth 8-5546] ROM "gpr_reg[21]" won't be mapped to RAM because it is too sparse
INFO: [Synth 8-5546] ROM "gpr_reg[20]" won't be mapped to RAM because it is too sparse
INFO: [Synth 8-5546] ROM "gpr_reg[20]" won't be mapped to RAM because it is too sparse
INFO: [Synth 8-5546] ROM "gpr_reg[19]" won't be mapped to RAM because it is too sparse
INFO: [Synth 8-5546] ROM "gpr_reg[19]" won't be mapped to RAM because it is too sparse
INFO: [Synth 8-5546] ROM "gpr_reg[18]" won't be mapped to RAM because it is too sparse
INFO: [Synth 8-5546] ROM "gpr_reg[18]" won't be mapped to RAM because it is too sparse
INFO: [Synth 8-5546] ROM "gpr_reg[17]" won't be mapped to RAM because it is too sparse
INFO: [Synth 8-5546] ROM "gpr_reg[17]" won't be mapped to RAM because it is too sparse
INFO: [Synth 8-5546] ROM "gpr_reg[16]" won't be mapped to RAM because it is too sparse
INFO: [Synth 8-5546] ROM "gpr_reg[16]" won't be mapped to RAM because it is too sparse
INFO: [Synth 8-5546] ROM "gpr_reg[15]" won't be mapped to RAM because it is too sparse
INFO: [Synth 8-5546] ROM "gpr_reg[15]" won't be mapped to RAM because it is too sparse
INFO: [Synth 8-5546] ROM "gpr_reg[14]" won't be mapped to RAM because it is too sparse
INFO: [Synth 8-5546] ROM "gpr_reg[14]" won't be mapped to RAM because it is too sparse
INFO: [Synth 8-5546] ROM "gpr_reg[13]" won't be mapped to RAM because it is too sparse
INFO: [Synth 8-5546] ROM "gpr_reg[13]" won't be mapped to RAM because it is too sparse
INFO: [Synth 8-5546] ROM "gpr_reg[12]" won't be mapped to RAM because it is too sparse
INFO: [Synth 8-5546] ROM "gpr_reg[12]" won't be mapped to RAM because it is too sparse
INFO: [Synth 8-5546] ROM "gpr_reg[11]" won't be mapped to RAM because it is too sparse
INFO: [Synth 8-5546] ROM "gpr_reg[11]" won't be mapped to RAM because it is too sparse
INFO: [Synth 8-5546] ROM "gpr_reg[10]" won't be mapped to RAM because it is too sparse
INFO: [Synth 8-5546] ROM "gpr_reg[10]" won't be mapped to RAM because it is too sparse
INFO: [Synth 8-5546] ROM "gpr_reg[9]" won't be mapped to RAM because it is too sparse
INFO: [Synth 8-5546] ROM "gpr_reg[9]" won't be mapped to RAM because it is too sparse
INFO: [Synth 8-5546] ROM "gpr_reg[8]" won't be mapped to RAM because it is too sparse
INFO: [Synth 8-5546] ROM "gpr_reg[8]" won't be mapped to RAM because it is too sparse
INFO: [Synth 8-5546] ROM "gpr_reg[7]" won't be mapped to RAM because it is too sparse
INFO: [Synth 8-5546] ROM "gpr_reg[7]" won't be mapped to RAM because it is too sparse
INFO: [Synth 8-5546] ROM "gpr_reg[6]" won't be mapped to RAM because it is too sparse
INFO: [Synth 8-5546] ROM "gpr_reg[6]" won't be mapped to RAM because it is too sparse
INFO: [Synth 8-5546] ROM "gpr_reg[5]" won't be mapped to RAM because it is too sparse
INFO: [Synth 8-5546] ROM "gpr_reg[5]" won't be mapped to RAM because it is too sparse
INFO: [Synth 8-5546] ROM "gpr_reg[4]" won't be mapped to RAM because it is too sparse
INFO: [Synth 8-5546] ROM "gpr_reg[4]" won't be mapped to RAM because it is too sparse
INFO: [Synth 8-5546] ROM "gpr_reg[3]" won't be mapped to RAM because it is too sparse
INFO: [Synth 8-5546] ROM "gpr_reg[3]" won't be mapped to RAM because it is too sparse
INFO: [Synth 8-5546] ROM "gpr_reg[2]" won't be mapped to RAM because it is too sparse
INFO: [Synth 8-5546] ROM "gpr_reg[2]" won't be mapped to RAM because it is too sparse
INFO: [Synth 8-5546] ROM "gpr_reg[1]" won't be mapped to RAM because it is too sparse
INFO: [Synth 8-5546] ROM "gpr_reg[1]" won't be mapped to RAM because it is too sparse
INFO: [Synth 8-5546] ROM "gpr_reg[0]" won't be mapped to RAM because it is too sparse
INFO: [Synth 8-5546] ROM "gpr_reg[0]" won't be mapped to RAM because it is too sparse
INFO: [Synth 8-5546] ROM "d_addr" won't be mapped to RAM because it is too sparse
INFO: [Synth 8-5546] ROM "pc" won't be mapped to RAM because it is too sparse
INFO: [Synth 8-5546] ROM "op" won't be mapped to RAM because it is too sparse
INFO: [Synth 8-5546] ROM "wea" won't be mapped to RAM because it is too sparse
INFO: [Synth 8-5546] ROM "mode" won't be mapped to RAM because it is too sparse
---------------------------------------------------------------------------------------------------
                   State |                     New Encoding |                Previous Encoding 
---------------------------------------------------------------------------------------------------
                 iSTATE4 |                           000001 |                           000000
*
                 iSTATE3 |                           000010 |                           000001
                 iSTATE2 |                           000100 |                           000010
                 iSTATE5 |                           001000 |                           000110
                 iSTATE1 |                           010000 |                           000011
                 iSTATE0 |                           100000 |                           000100
---------------------------------------------------------------------------------------------------
INFO: [Synth 8-3354] encoded FSM with state register 'mode_reg' using encoding 'one-hot' in module 'top'
---------------------------------------------------------------------------------
Finished RTL Optimization Phase 2 : Time (s): cpu = 00:00:16 ; elapsed = 00:01:07 . Memory (MB): peak = 1683.145 ; gain = 747.770 ; free physical = 6351 ; free virtual = 27358
---------------------------------------------------------------------------------

Report RTL Partitions: 
+-+--------------+------------+----------+
| |RTL Partition |Replication |Instances |
+-+--------------+------------+----------+
+-+--------------+------------+----------+
---------------------------------------------------------------------------------
Start RTL Component Statistics 
---------------------------------------------------------------------------------
Detailed RTL Component Info : 
+---Adders : 
	   2 Input     32 Bit       Adders := 4     
	   2 Input     10 Bit       Adders := 1     
+---Registers : 
	               32 Bit    Registers := 35    
	               10 Bit    Registers := 1     
	                1 Bit    Registers := 2     
+---Muxes : 
	   2 Input     32 Bit        Muxes := 114   
	   3 Input     32 Bit        Muxes := 1     
	   2 Input      8 Bit        Muxes := 1     
	  13 Input      6 Bit        Muxes := 1     
	   8 Input      2 Bit        Muxes := 1     
	   2 Input      1 Bit        Muxes := 165   
	   7 Input      1 Bit        Muxes := 32    
	   4 Input      1 Bit        Muxes := 32    
	   3 Input      1 Bit        Muxes := 1     
	   8 Input      1 Bit        Muxes := 2     
	   5 Input      1 Bit        Muxes := 1     
---------------------------------------------------------------------------------
Finished RTL Component Statistics 
---------------------------------------------------------------------------------
---------------------------------------------------------------------------------
Start RTL Hierarchical Component Statistics 
---------------------------------------------------------------------------------
Hierarchical RTL Component report 
Module top 
Detailed RTL Component Info : 
+---Adders : 
	   2 Input     32 Bit       Adders := 4     
	   2 Input     10 Bit       Adders := 1     
+---Registers : 
	               32 Bit    Registers := 35    
	               10 Bit    Registers := 1     
	                1 Bit    Registers := 2     
+---Muxes : 
	   2 Input     32 Bit        Muxes := 114   
	   3 Input     32 Bit        Muxes := 1     
	   2 Input      8 Bit        Muxes := 1     
	  13 Input      6 Bit        Muxes := 1     
	   8 Input      2 Bit        Muxes := 1     
	   2 Input      1 Bit        Muxes := 165   
	   7 Input      1 Bit        Muxes := 32    
	   4 Input      1 Bit        Muxes := 32    
	   3 Input      1 Bit        Muxes := 1     
	   8 Input      1 Bit        Muxes := 2     
	   5 Input      1 Bit        Muxes := 1     
---------------------------------------------------------------------------------
Finished RTL Hierarchical Component Statistics
---------------------------------------------------------------------------------
---------------------------------------------------------------------------------
Start Part Resource Summary
---------------------------------------------------------------------------------
Part Resources:
DSPs: 1920 (col length:120)
BRAMs: 1200 (col length: RAMB18 120 RAMB36 60)
---------------------------------------------------------------------------------
Finished Part Resource Summary
---------------------------------------------------------------------------------
---------------------------------------------------------------------------------
Start Cross Boundary and Area Optimization
---------------------------------------------------------------------------------
WARNING: [Synth 8-3332] Sequential element (gpr_reg[0][31]) is unused and will be removed from module top.
CRITICAL WARNING: [Synth 8-3352] multi-driven net data31[31] with 1st driver pin 'inst/t1/gpr_reg[0][31]/Q' [/home/tansei/Desktop/cpu/2017/1stcore/top.sv:49]
CRITICAL WARNING: [Synth 8-3352] multi-driven net data31[31] with 2nd driver pin 'GND' [/home/tansei/Desktop/cpu/2017/1stcore/top.sv:49]
CRITICAL WARNING: [Synth 8-5559] multi-driven net data31[31] is connected to constant driver, other driver is ignored [/home/tansei/Desktop/cpu/2017/1stcore/top.sv:49]
WARNING: [Synth 8-3332] Sequential element (gpr_reg[0][30]) is unused and will be removed from module top.
CRITICAL WARNING: [Synth 8-3352] multi-driven net data31[30] with 1st driver pin 'inst/t1/gpr_reg[0][30]/Q' [/home/tansei/Desktop/cpu/2017/1stcore/top.sv:49]
CRITICAL WARNING: [Synth 8-3352] multi-driven net data31[30] with 2nd driver pin 'GND' [/home/tansei/Desktop/cpu/2017/1stcore/top.sv:49]
CRITICAL WARNING: [Synth 8-5559] multi-driven net data31[30] is connected to constant driver, other driver is ignored [/home/tansei/Desktop/cpu/2017/1stcore/top.sv:49]
WARNING: [Synth 8-3332] Sequential element (gpr_reg[0][29]) is unused and will be removed from module top.
CRITICAL WARNING: [Synth 8-3352] multi-driven net data31[29] with 1st driver pin 'inst/t1/gpr_reg[0][29]/Q' [/home/tansei/Desktop/cpu/2017/1stcore/top.sv:49]
CRITICAL WARNING: [Synth 8-3352] multi-driven net data31[29] with 2nd driver pin 'GND' [/home/tansei/Desktop/cpu/2017/1stcore/top.sv:49]
CRITICAL WARNING: [Synth 8-5559] multi-driven net data31[29] is connected to constant driver, other driver is ignored [/home/tansei/Desktop/cpu/2017/1stcore/top.sv:49]
WARNING: [Synth 8-3332] Sequential element (gpr_reg[0][28]) is unused and will be removed from module top.
CRITICAL WARNING: [Synth 8-3352] multi-driven net data31[28] with 1st driver pin 'inst/t1/gpr_reg[0][28]/Q' [/home/tansei/Desktop/cpu/2017/1stcore/top.sv:49]
CRITICAL WARNING: [Synth 8-3352] multi-driven net data31[28] with 2nd driver pin 'GND' [/home/tansei/Desktop/cpu/2017/1stcore/top.sv:49]
CRITICAL WARNING: [Synth 8-5559] multi-driven net data31[28] is connected to constant driver, other driver is ignored [/home/tansei/Desktop/cpu/2017/1stcore/top.sv:49]
WARNING: [Synth 8-3332] Sequential element (gpr_reg[0][27]) is unused and will be removed from module top.
CRITICAL WARNING: [Synth 8-3352] multi-driven net data31[27] with 1st driver pin 'inst/t1/gpr_reg[0][27]/Q' [/home/tansei/Desktop/cpu/2017/1stcore/top.sv:49]
CRITICAL WARNING: [Synth 8-3352] multi-driven net data31[27] with 2nd driver pin 'GND' [/home/tansei/Desktop/cpu/2017/1stcore/top.sv:49]
CRITICAL WARNING: [Synth 8-5559] multi-driven net data31[27] is connected to constant driver, other driver is ignored [/home/tansei/Desktop/cpu/2017/1stcore/top.sv:49]
WARNING: [Synth 8-3332] Sequential element (gpr_reg[0][26]) is unused and will be removed from module top.
CRITICAL WARNING: [Synth 8-3352] multi-driven net data31[26] with 1st driver pin 'inst/t1/gpr_reg[0][26]/Q' [/home/tansei/Desktop/cpu/2017/1stcore/top.sv:49]
CRITICAL WARNING: [Synth 8-3352] multi-driven net data31[26] with 2nd driver pin 'GND' [/home/tansei/Desktop/cpu/2017/1stcore/top.sv:49]
CRITICAL WARNING: [Synth 8-5559] multi-driven net data31[26] is connected to constant driver, other driver is ignored [/home/tansei/Desktop/cpu/2017/1stcore/top.sv:49]
WARNING: [Synth 8-3332] Sequential element (gpr_reg[0][25]) is unused and will be removed from module top.
CRITICAL WARNING: [Synth 8-3352] multi-driven net data31[25] with 1st driver pin 'inst/t1/gpr_reg[0][25]/Q' [/home/tansei/Desktop/cpu/2017/1stcore/top.sv:49]
CRITICAL WARNING: [Synth 8-3352] multi-driven net data31[25] with 2nd driver pin 'GND' [/home/tansei/Desktop/cpu/2017/1stcore/top.sv:49]
CRITICAL WARNING: [Synth 8-5559] multi-driven net data31[25] is connected to constant driver, other driver is ignored [/home/tansei/Desktop/cpu/2017/1stcore/top.sv:49]
WARNING: [Synth 8-3332] Sequential element (gpr_reg[0][24]) is unused and will be removed from module top.
CRITICAL WARNING: [Synth 8-3352] multi-driven net data31[24] with 1st driver pin 'inst/t1/gpr_reg[0][24]/Q' [/home/tansei/Desktop/cpu/2017/1stcore/top.sv:49]
CRITICAL WARNING: [Synth 8-3352] multi-driven net data31[24] with 2nd driver pin 'GND' [/home/tansei/Desktop/cpu/2017/1stcore/top.sv:49]
CRITICAL WARNING: [Synth 8-5559] multi-driven net data31[24] is connected to constant driver, other driver is ignored [/home/tansei/Desktop/cpu/2017/1stcore/top.sv:49]
WARNING: [Synth 8-3332] Sequential element (gpr_reg[0][23]) is unused and will be removed from module top.
CRITICAL WARNING: [Synth 8-3352] multi-driven net data31[23] with 1st driver pin 'inst/t1/gpr_reg[0][23]/Q' [/home/tansei/Desktop/cpu/2017/1stcore/top.sv:49]
CRITICAL WARNING: [Synth 8-3352] multi-driven net data31[23] with 2nd driver pin 'GND' [/home/tansei/Desktop/cpu/2017/1stcore/top.sv:49]
CRITICAL WARNING: [Synth 8-5559] multi-driven net data31[23] is connected to constant driver, other driver is ignored [/home/tansei/Desktop/cpu/2017/1stcore/top.sv:49]
WARNING: [Synth 8-3332] Sequential element (gpr_reg[0][22]) is unused and will be removed from module top.
CRITICAL WARNING: [Synth 8-3352] multi-driven net data31[22] with 1st driver pin 'inst/t1/gpr_reg[0][22]/Q' [/home/tansei/Desktop/cpu/2017/1stcore/top.sv:49]
CRITICAL WARNING: [Synth 8-3352] multi-driven net data31[22] with 2nd driver pin 'GND' [/home/tansei/Desktop/cpu/2017/1stcore/top.sv:49]
CRITICAL WARNING: [Synth 8-5559] multi-driven net data31[22] is connected to constant driver, other driver is ignored [/home/tansei/Desktop/cpu/2017/1stcore/top.sv:49]
WARNING: [Synth 8-3332] Sequential element (gpr_reg[0][21]) is unused and will be removed from module top.
CRITICAL WARNING: [Synth 8-3352] multi-driven net data31[21] with 1st driver pin 'inst/t1/gpr_reg[0][21]/Q' [/home/tansei/Desktop/cpu/2017/1stcore/top.sv:49]
CRITICAL WARNING: [Synth 8-3352] multi-driven net data31[21] with 2nd driver pin 'GND' [/home/tansei/Desktop/cpu/2017/1stcore/top.sv:49]
CRITICAL WARNING: [Synth 8-5559] multi-driven net data31[21] is connected to constant driver, other driver is ignored [/home/tansei/Desktop/cpu/2017/1stcore/top.sv:49]
WARNING: [Synth 8-3332] Sequential element (gpr_reg[0][20]) is unused and will be removed from module top.
CRITICAL WARNING: [Synth 8-3352] multi-driven net data31[20] with 1st driver pin 'inst/t1/gpr_reg[0][20]/Q' [/home/tansei/Desktop/cpu/2017/1stcore/top.sv:49]
CRITICAL WARNING: [Synth 8-3352] multi-driven net data31[20] with 2nd driver pin 'GND' [/home/tansei/Desktop/cpu/2017/1stcore/top.sv:49]
CRITICAL WARNING: [Synth 8-5559] multi-driven net data31[20] is connected to constant driver, other driver is ignored [/home/tansei/Desktop/cpu/2017/1stcore/top.sv:49]
WARNING: [Synth 8-3332] Sequential element (gpr_reg[0][19]) is unused and will be removed from module top.
CRITICAL WARNING: [Synth 8-3352] multi-driven net data31[19] with 1st driver pin 'inst/t1/gpr_reg[0][19]/Q' [/home/tansei/Desktop/cpu/2017/1stcore/top.sv:49]
CRITICAL WARNING: [Synth 8-3352] multi-driven net data31[19] with 2nd driver pin 'GND' [/home/tansei/Desktop/cpu/2017/1stcore/top.sv:49]
CRITICAL WARNING: [Synth 8-5559] multi-driven net data31[19] is connected to constant driver, other driver is ignored [/home/tansei/Desktop/cpu/2017/1stcore/top.sv:49]
WARNING: [Synth 8-3332] Sequential element (gpr_reg[0][18]) is unused and will be removed from module top.
CRITICAL WARNING: [Synth 8-3352] multi-driven net data31[18] with 1st driver pin 'inst/t1/gpr_reg[0][18]/Q' [/home/tansei/Desktop/cpu/2017/1stcore/top.sv:49]
CRITICAL WARNING: [Synth 8-3352] multi-driven net data31[18] with 2nd driver pin 'GND' [/home/tansei/Desktop/cpu/2017/1stcore/top.sv:49]
CRITICAL WARNING: [Synth 8-5559] multi-driven net data31[18] is connected to constant driver, other driver is ignored [/home/tansei/Desktop/cpu/2017/1stcore/top.sv:49]
WARNING: [Synth 8-3332] Sequential element (gpr_reg[0][17]) is unused and will be removed from module top.
CRITICAL WARNING: [Synth 8-3352] multi-driven net data31[17] with 1st driver pin 'inst/t1/gpr_reg[0][17]/Q' [/home/tansei/Desktop/cpu/2017/1stcore/top.sv:49]
CRITICAL WARNING: [Synth 8-3352] multi-driven net data31[17] with 2nd driver pin 'GND' [/home/tansei/Desktop/cpu/2017/1stcore/top.sv:49]
CRITICAL WARNING: [Synth 8-5559] multi-driven net data31[17] is connected to constant driver, other driver is ignored [/home/tansei/Desktop/cpu/2017/1stcore/top.sv:49]
WARNING: [Synth 8-3332] Sequential element (gpr_reg[0][16]) is unused and will be removed from module top.
CRITICAL WARNING: [Synth 8-3352] multi-driven net data31[16] with 1st driver pin 'inst/t1/gpr_reg[0][16]/Q' [/home/tansei/Desktop/cpu/2017/1stcore/top.sv:49]
CRITICAL WARNING: [Synth 8-3352] multi-driven net data31[16] with 2nd driver pin 'GND' [/home/tansei/Desktop/cpu/2017/1stcore/top.sv:49]
CRITICAL WARNING: [Synth 8-5559] multi-driven net data31[16] is connected to constant driver, other driver is ignored [/home/tansei/Desktop/cpu/2017/1stcore/top.sv:49]
WARNING: [Synth 8-3332] Sequential element (gpr_reg[0][15]) is unused and will be removed from module top.
CRITICAL WARNING: [Synth 8-3352] multi-driven net data31[15] with 1st driver pin 'inst/t1/gpr_reg[0][15]/Q' [/home/tansei/Desktop/cpu/2017/1stcore/top.sv:49]
CRITICAL WARNING: [Synth 8-3352] multi-driven net data31[15] with 2nd driver pin 'GND' [/home/tansei/Desktop/cpu/2017/1stcore/top.sv:49]
CRITICAL WARNING: [Synth 8-5559] multi-driven net data31[15] is connected to constant driver, other driver is ignored [/home/tansei/Desktop/cpu/2017/1stcore/top.sv:49]
WARNING: [Synth 8-3332] Sequential element (gpr_reg[0][14]) is unused and will be removed from module top.
CRITICAL WARNING: [Synth 8-3352] multi-driven net data31[14] with 1st driver pin 'inst/t1/gpr_reg[0][14]/Q' [/home/tansei/Desktop/cpu/2017/1stcore/top.sv:49]
CRITICAL WARNING: [Synth 8-3352] multi-driven net data31[14] with 2nd driver pin 'GND' [/home/tansei/Desktop/cpu/2017/1stcore/top.sv:49]
CRITICAL WARNING: [Synth 8-5559] multi-driven net data31[14] is connected to constant driver, other driver is ignored [/home/tansei/Desktop/cpu/2017/1stcore/top.sv:49]
WARNING: [Synth 8-3332] Sequential element (gpr_reg[0][13]) is unused and will be removed from module top.
CRITICAL WARNING: [Synth 8-3352] multi-driven net data31[13] with 1st driver pin 'inst/t1/gpr_reg[0][13]/Q' [/home/tansei/Desktop/cpu/2017/1stcore/top.sv:49]
CRITICAL WARNING: [Synth 8-3352] multi-driven net data31[13] with 2nd driver pin 'GND' [/home/tansei/Desktop/cpu/2017/1stcore/top.sv:49]
CRITICAL WARNING: [Synth 8-5559] multi-driven net data31[13] is connected to constant driver, other driver is ignored [/home/tansei/Desktop/cpu/2017/1stcore/top.sv:49]
WARNING: [Synth 8-3332] Sequential element (gpr_reg[0][12]) is unused and will be removed from module top.
CRITICAL WARNING: [Synth 8-3352] multi-driven net data31[12] with 1st driver pin 'inst/t1/gpr_reg[0][12]/Q' [/home/tansei/Desktop/cpu/2017/1stcore/top.sv:49]
CRITICAL WARNING: [Synth 8-3352] multi-driven net data31[12] with 2nd driver pin 'GND' [/home/tansei/Desktop/cpu/2017/1stcore/top.sv:49]
CRITICAL WARNING: [Synth 8-5559] multi-driven net data31[12] is connected to constant driver, other driver is ignored [/home/tansei/Desktop/cpu/2017/1stcore/top.sv:49]
WARNING: [Synth 8-3332] Sequential element (gpr_reg[0][11]) is unused and will be removed from module top.
CRITICAL WARNING: [Synth 8-3352] multi-driven net data31[11] with 1st driver pin 'inst/t1/gpr_reg[0][11]/Q' [/home/tansei/Desktop/cpu/2017/1stcore/top.sv:49]
CRITICAL WARNING: [Synth 8-3352] multi-driven net data31[11] with 2nd driver pin 'GND' [/home/tansei/Desktop/cpu/2017/1stcore/top.sv:49]
CRITICAL WARNING: [Synth 8-5559] multi-driven net data31[11] is connected to constant driver, other driver is ignored [/home/tansei/Desktop/cpu/2017/1stcore/top.sv:49]
WARNING: [Synth 8-3332] Sequential element (gpr_reg[0][10]) is unused and will be removed from module top.
CRITICAL WARNING: [Synth 8-3352] multi-driven net data31[10] with 1st driver pin 'inst/t1/gpr_reg[0][10]/Q' [/home/tansei/Desktop/cpu/2017/1stcore/top.sv:49]
CRITICAL WARNING: [Synth 8-3352] multi-driven net data31[10] with 2nd driver pin 'GND' [/home/tansei/Desktop/cpu/2017/1stcore/top.sv:49]
CRITICAL WARNING: [Synth 8-5559] multi-driven net data31[10] is connected to constant driver, other driver is ignored [/home/tansei/Desktop/cpu/2017/1stcore/top.sv:49]
WARNING: [Synth 8-3332] Sequential element (gpr_reg[0][9]) is unused and will be removed from module top.
CRITICAL WARNING: [Synth 8-3352] multi-driven net data31[9] with 1st driver pin 'inst/t1/gpr_reg[0][9]/Q' [/home/tansei/Desktop/cpu/2017/1stcore/top.sv:49]
CRITICAL WARNING: [Synth 8-3352] multi-driven net data31[9] with 2nd driver pin 'GND' [/home/tansei/Desktop/cpu/2017/1stcore/top.sv:49]
CRITICAL WARNING: [Synth 8-5559] multi-driven net data31[9] is connected to constant driver, other driver is ignored [/home/tansei/Desktop/cpu/2017/1stcore/top.sv:49]
WARNING: [Synth 8-3332] Sequential element (gpr_reg[0][8]) is unused and will be removed from module top.
CRITICAL WARNING: [Synth 8-3352] multi-driven net data31[8] with 1st driver pin 'inst/t1/gpr_reg[0][8]/Q' [/home/tansei/Desktop/cpu/2017/1stcore/top.sv:49]
CRITICAL WARNING: [Synth 8-3352] multi-driven net data31[8] with 2nd driver pin 'GND' [/home/tansei/Desktop/cpu/2017/1stcore/top.sv:49]
CRITICAL WARNING: [Synth 8-5559] multi-driven net data31[8] is connected to constant driver, other driver is ignored [/home/tansei/Desktop/cpu/2017/1stcore/top.sv:49]
WARNING: [Synth 8-3332] Sequential element (gpr_reg[0][7]) is unused and will be removed from module top.
CRITICAL WARNING: [Synth 8-3352] multi-driven net data31[7] with 1st driver pin 'inst/t1/gpr_reg[0][7]/Q' [/home/tansei/Desktop/cpu/2017/1stcore/top.sv:49]
CRITICAL WARNING: [Synth 8-3352] multi-driven net data31[7] with 2nd driver pin 'GND' [/home/tansei/Desktop/cpu/2017/1stcore/top.sv:49]
CRITICAL WARNING: [Synth 8-5559] multi-driven net data31[7] is connected to constant driver, other driver is ignored [/home/tansei/Desktop/cpu/2017/1stcore/top.sv:49]
WARNING: [Synth 8-3332] Sequential element (gpr_reg[0][6]) is unused and will be removed from module top.
CRITICAL WARNING: [Synth 8-3352] multi-driven net data31[6] with 1st driver pin 'inst/t1/gpr_reg[0][6]/Q' [/home/tansei/Desktop/cpu/2017/1stcore/top.sv:49]
CRITICAL WARNING: [Synth 8-3352] multi-driven net data31[6] with 2nd driver pin 'GND' [/home/tansei/Desktop/cpu/2017/1stcore/top.sv:49]
CRITICAL WARNING: [Synth 8-5559] multi-driven net data31[6] is connected to constant driver, other driver is ignored [/home/tansei/Desktop/cpu/2017/1stcore/top.sv:49]
WARNING: [Synth 8-3332] Sequential element (gpr_reg[0][5]) is unused and will be removed from module top.
CRITICAL WARNING: [Synth 8-3352] multi-driven net data31[5] with 1st driver pin 'inst/t1/gpr_reg[0][5]/Q' [/home/tansei/Desktop/cpu/2017/1stcore/top.sv:49]
CRITICAL WARNING: [Synth 8-3352] multi-driven net data31[5] with 2nd driver pin 'GND' [/home/tansei/Desktop/cpu/2017/1stcore/top.sv:49]
CRITICAL WARNING: [Synth 8-5559] multi-driven net data31[5] is connected to constant driver, other driver is ignored [/home/tansei/Desktop/cpu/2017/1stcore/top.sv:49]
WARNING: [Synth 8-3332] Sequential element (gpr_reg[0][4]) is unused and will be removed from module top.
CRITICAL WARNING: [Synth 8-3352] multi-driven net data31[4] with 1st driver pin 'inst/t1/gpr_reg[0][4]/Q' [/home/tansei/Desktop/cpu/2017/1stcore/top.sv:49]
CRITICAL WARNING: [Synth 8-3352] multi-driven net data31[4] with 2nd driver pin 'GND' [/home/tansei/Desktop/cpu/2017/1stcore/top.sv:49]
CRITICAL WARNING: [Synth 8-5559] multi-driven net data31[4] is connected to constant driver, other driver is ignored [/home/tansei/Desktop/cpu/2017/1stcore/top.sv:49]
WARNING: [Synth 8-3332] Sequential element (gpr_reg[0][3]) is unused and will be removed from module top.
CRITICAL WARNING: [Synth 8-3352] multi-driven net data31[3] with 1st driver pin 'inst/t1/gpr_reg[0][3]/Q' [/home/tansei/Desktop/cpu/2017/1stcore/top.sv:49]
CRITICAL WARNING: [Synth 8-3352] multi-driven net data31[3] with 2nd driver pin 'GND' [/home/tansei/Desktop/cpu/2017/1stcore/top.sv:49]
CRITICAL WARNING: [Synth 8-5559] multi-driven net data31[3] is connected to constant driver, other driver is ignored [/home/tansei/Desktop/cpu/2017/1stcore/top.sv:49]
WARNING: [Synth 8-3332] Sequential element (gpr_reg[0][2]) is unused and will be removed from module top.
CRITICAL WARNING: [Synth 8-3352] multi-driven net data31[2] with 1st driver pin 'inst/t1/gpr_reg[0][2]/Q' [/home/tansei/Desktop/cpu/2017/1stcore/top.sv:49]
CRITICAL WARNING: [Synth 8-3352] multi-driven net data31[2] with 2nd driver pin 'GND' [/home/tansei/Desktop/cpu/2017/1stcore/top.sv:49]
CRITICAL WARNING: [Synth 8-5559] multi-driven net data31[2] is connected to constant driver, other driver is ignored [/home/tansei/Desktop/cpu/2017/1stcore/top.sv:49]
WARNING: [Synth 8-3332] Sequential element (gpr_reg[0][1]) is unused and will be removed from module top.
CRITICAL WARNING: [Synth 8-3352] multi-driven net data31[1] with 1st driver pin 'inst/t1/gpr_reg[0][1]/Q' [/home/tansei/Desktop/cpu/2017/1stcore/top.sv:49]
CRITICAL WARNING: [Synth 8-3352] multi-driven net data31[1] with 2nd driver pin 'GND' [/home/tansei/Desktop/cpu/2017/1stcore/top.sv:49]
CRITICAL WARNING: [Synth 8-5559] multi-driven net data31[1] is connected to constant driver, other driver is ignored [/home/tansei/Desktop/cpu/2017/1stcore/top.sv:49]
WARNING: [Synth 8-3332] Sequential element (gpr_reg[0][0]) is unused and will be removed from module top.
CRITICAL WARNING: [Synth 8-3352] multi-driven net data31[0] with 1st driver pin 'inst/t1/gpr_reg[0][0]/Q' [/home/tansei/Desktop/cpu/2017/1stcore/top.sv:49]
CRITICAL WARNING: [Synth 8-3352] multi-driven net data31[0] with 2nd driver pin 'GND' [/home/tansei/Desktop/cpu/2017/1stcore/top.sv:49]
CRITICAL WARNING: [Synth 8-5559] multi-driven net data31[0] is connected to constant driver, other driver is ignored [/home/tansei/Desktop/cpu/2017/1stcore/top.sv:49]
WARNING: [Synth 8-3332] Sequential element (d_addr_reg[31]) is unused and will be removed from module top.
WARNING: [Synth 8-3332] Sequential element (d_addr_reg[30]) is unused and will be removed from module top.
WARNING: [Synth 8-3332] Sequential element (d_addr_reg[29]) is unused and will be removed from module top.
WARNING: [Synth 8-3332] Sequential element (d_addr_reg[28]) is unused and will be removed from module top.
WARNING: [Synth 8-3332] Sequential element (d_addr_reg[27]) is unused and will be removed from module top.
WARNING: [Synth 8-3332] Sequential element (d_addr_reg[26]) is unused and will be removed from module top.
WARNING: [Synth 8-3332] Sequential element (d_addr_reg[25]) is unused and will be removed from module top.
WARNING: [Synth 8-3332] Sequential element (d_addr_reg[24]) is unused and will be removed from module top.
WARNING: [Synth 8-3332] Sequential element (d_addr_reg[23]) is unused and will be removed from module top.
WARNING: [Synth 8-3332] Sequential element (d_addr_reg[22]) is unused and will be removed from module top.
WARNING: [Synth 8-3332] Sequential element (d_addr_reg[21]) is unused and will be removed from module top.
WARNING: [Synth 8-3332] Sequential element (d_addr_reg[20]) is unused and will be removed from module top.
WARNING: [Synth 8-3332] Sequential element (d_addr_reg[19]) is unused and will be removed from module top.
WARNING: [Synth 8-3332] Sequential element (d_addr_reg[18]) is unused and will be removed from module top.
WARNING: [Synth 8-3332] Sequential element (d_addr_reg[17]) is unused and will be removed from module top.
WARNING: [Synth 8-3332] Sequential element (d_addr_reg[16]) is unused and will be removed from module top.
WARNING: [Synth 8-3332] Sequential element (d_addr_reg[15]) is unused and will be removed from module top.
WARNING: [Synth 8-3332] Sequential element (d_addr_reg[14]) is unused and will be removed from module top.
WARNING: [Synth 8-3332] Sequential element (d_addr_reg[13]) is unused and will be removed from module top.
WARNING: [Synth 8-3332] Sequential element (d_addr_reg[12]) is unused and will be removed from module top.
WARNING: [Synth 8-3332] Sequential element (d_addr_reg[11]) is unused and will be removed from module top.
WARNING: [Synth 8-3332] Sequential element (d_addr_reg[10]) is unused and will be removed from module top.
---------------------------------------------------------------------------------
Finished Cross Boundary and Area Optimization : Time (s): cpu = 00:00:24 ; elapsed = 00:01:14 . Memory (MB): peak = 1730.141 ; gain = 794.766 ; free physical = 6297 ; free virtual = 27308
---------------------------------------------------------------------------------

Report RTL Partitions: 
+-+--------------+------------+----------+
| |RTL Partition |Replication |Instances |
+-+--------------+------------+----------+
+-+--------------+------------+----------+
---------------------------------------------------------------------------------
Start Timing Optimization
---------------------------------------------------------------------------------
---------------------------------------------------------------------------------
Start Applying XDC Timing Constraints
---------------------------------------------------------------------------------
---------------------------------------------------------------------------------
Finished Applying XDC Timing Constraints : Time (s): cpu = 00:00:30 ; elapsed = 00:01:21 . Memory (MB): peak = 1886.238 ; gain = 950.863 ; free physical = 6146 ; free virtual = 27153
---------------------------------------------------------------------------------
---------------------------------------------------------------------------------
Finished Timing Optimization : Time (s): cpu = 00:00:31 ; elapsed = 00:01:21 . Memory (MB): peak = 1889.234 ; gain = 953.859 ; free physical = 6143 ; free virtual = 27150
---------------------------------------------------------------------------------

Report RTL Partitions: 
+-+--------------+------------+----------+
| |RTL Partition |Replication |Instances |
+-+--------------+------------+----------+
+-+--------------+------------+----------+
---------------------------------------------------------------------------------
Start Technology Mapping
---------------------------------------------------------------------------------
---------------------------------------------------------------------------------
Finished Technology Mapping : Time (s): cpu = 00:00:32 ; elapsed = 00:01:22 . Memory (MB): peak = 1956.469 ; gain = 1021.094 ; free physical = 6076 ; free virtual = 27083
---------------------------------------------------------------------------------

Report RTL Partitions: 
+-+--------------+------------+----------+
| |RTL Partition |Replication |Instances |
+-+--------------+------------+----------+
+-+--------------+------------+----------+
---------------------------------------------------------------------------------
Start IO Insertion
---------------------------------------------------------------------------------
---------------------------------------------------------------------------------
Start Flattening Before IO Insertion
---------------------------------------------------------------------------------
---------------------------------------------------------------------------------
Finished Flattening Before IO Insertion
---------------------------------------------------------------------------------
---------------------------------------------------------------------------------
Start Final Netlist Cleanup
---------------------------------------------------------------------------------
---------------------------------------------------------------------------------
Finished Final Netlist Cleanup
---------------------------------------------------------------------------------
---------------------------------------------------------------------------------
Finished IO Insertion : Time (s): cpu = 00:00:32 ; elapsed = 00:01:23 . Memory (MB): peak = 1956.473 ; gain = 1021.098 ; free physical = 6076 ; free virtual = 27083
---------------------------------------------------------------------------------

Report Check Netlist: 
+------+------------------+-------+---------+-------+------------------+
|      |Item              |Errors |Warnings |Status |Description       |
+------+------------------+-------+---------+-------+------------------+
|1     |multi_driven_nets |      0|        0|Passed |Multi driven nets |
+------+------------------+-------+---------+-------+------------------+
---------------------------------------------------------------------------------
Start Renaming Generated Instances
---------------------------------------------------------------------------------
---------------------------------------------------------------------------------
Finished Renaming Generated Instances : Time (s): cpu = 00:00:32 ; elapsed = 00:01:23 . Memory (MB): peak = 1956.473 ; gain = 1021.098 ; free physical = 6076 ; free virtual = 27083
---------------------------------------------------------------------------------

Report RTL Partitions: 
+-+--------------+------------+----------+
| |RTL Partition |Replication |Instances |
+-+--------------+------------+----------+
+-+--------------+------------+----------+
---------------------------------------------------------------------------------
Start Rebuilding User Hierarchy
---------------------------------------------------------------------------------
---------------------------------------------------------------------------------
Finished Rebuilding User Hierarchy : Time (s): cpu = 00:00:32 ; elapsed = 00:01:23 . Memory (MB): peak = 1956.473 ; gain = 1021.098 ; free physical = 6076 ; free virtual = 27083
---------------------------------------------------------------------------------
---------------------------------------------------------------------------------
Start Renaming Generated Ports
---------------------------------------------------------------------------------
---------------------------------------------------------------------------------
Finished Renaming Generated Ports : Time (s): cpu = 00:00:32 ; elapsed = 00:01:23 . Memory (MB): peak = 1956.473 ; gain = 1021.098 ; free physical = 6076 ; free virtual = 27083
---------------------------------------------------------------------------------
---------------------------------------------------------------------------------
Start Handling Custom Attributes
---------------------------------------------------------------------------------
---------------------------------------------------------------------------------
Finished Handling Custom Attributes : Time (s): cpu = 00:00:33 ; elapsed = 00:01:23 . Memory (MB): peak = 1956.473 ; gain = 1021.098 ; free physical = 6076 ; free virtual = 27083
---------------------------------------------------------------------------------
---------------------------------------------------------------------------------
Start Renaming Generated Nets
---------------------------------------------------------------------------------
---------------------------------------------------------------------------------
Finished Renaming Generated Nets : Time (s): cpu = 00:00:33 ; elapsed = 00:01:23 . Memory (MB): peak = 1956.473 ; gain = 1021.098 ; free physical = 6076 ; free virtual = 27083
---------------------------------------------------------------------------------
---------------------------------------------------------------------------------
Start Writing Synthesis Report
---------------------------------------------------------------------------------

Report BlackBoxes: 
+-+--------------+----------+
| |BlackBox name |Instances |
+-+--------------+----------+
+-+--------------+----------+

Report Cell Usage: 
+------+-------+------+
|      |Cell   |Count |
+------+-------+------+
|1     |CARRY8 |    18|
|2     |LUT1   |    66|
|3     |LUT2   |   190|
|4     |LUT3   |   257|
|5     |LUT4   |    42|
|6     |LUT5   |   241|
|7     |LUT6   |  2011|
|8     |MUXF7  |   194|
|9     |FDRE   |  1133|
+------+-------+------+

Report Instance Areas: 
+------+---------+------------+------+
|      |Instance |Module      |Cells |
+------+---------+------------+------+
|1     |top      |            |  4152|
|2     |  inst   |top_wrapper |  4152|
|3     |    t1   |top         |  4152|
+------+---------+------------+------+
---------------------------------------------------------------------------------
Finished Writing Synthesis Report : Time (s): cpu = 00:00:33 ; elapsed = 00:01:23 . Memory (MB): peak = 1956.473 ; gain = 1021.098 ; free physical = 6076 ; free virtual = 27083
---------------------------------------------------------------------------------
Synthesis finished with 0 errors, 96 critical warnings and 54 warnings.
Synthesis Optimization Runtime : Time (s): cpu = 00:00:26 ; elapsed = 00:00:26 . Memory (MB): peak = 1956.473 ; gain = 399.801 ; free physical = 6076 ; free virtual = 27083
Synthesis Optimization Complete : Time (s): cpu = 00:00:33 ; elapsed = 00:01:24 . Memory (MB): peak = 1956.477 ; gain = 1021.102 ; free physical = 6076 ; free virtual = 27083
INFO: [Project 1-571] Translating synthesized netlist
WARNING: [Netlist 29-101] Netlist 'design_1_top_wrapper_0_0' is not ideal for floorplanning, since the cellview 'top' contains a large number of primitives.  Please consider enabling hierarchy in synthesis if you want to do floorplanning.
INFO: [Project 1-570] Preparing netlist for logic optimization
INFO: [Opt 31-138] Pushed 0 inverter(s) to 0 load pin(s).
INFO: [Project 1-111] Unisim Transformation Summary:
No Unisim elements were transformed.

INFO: [Common 17-83] Releasing license: Synthesis
93 Infos, 55 Warnings, 96 Critical Warnings and 0 Errors encountered.
synth_design completed successfully
synth_design: Time (s): cpu = 00:00:32 ; elapsed = 00:01:22 . Memory (MB): peak = 1956.477 ; gain = 904.590 ; free physical = 6077 ; free virtual = 27085
INFO: [Common 17-1381] The checkpoint '/home/tansei/Desktop/cpu/2017/1stcore/cpu1/cpu1.runs/design_1_top_wrapper_0_0_synth_1/design_1_top_wrapper_0_0.dcp' has been generated.
INFO: [Coretcl 2-1174] Renamed 2 cell refs.
INFO: [Common 17-1381] The checkpoint '/home/tansei/Desktop/cpu/2017/1stcore/cpu1/cpu1.runs/design_1_top_wrapper_0_0_synth_1/design_1_top_wrapper_0_0.dcp' has been generated.
report_utilization: Time (s): cpu = 00:00:00.08 ; elapsed = 00:00:00.09 . Memory (MB): peak = 1980.484 ; gain = 0.000 ; free physical = 6073 ; free virtual = 27083
INFO: [Common 17-206] Exiting Vivado at Fri Oct  6 20:18:14 2017...
