
*** Running vivado
    with args -log design_1_floating_point_7_0.vds -m64 -product Vivado -mode batch -messageDb vivado.pb -notrace -source design_1_floating_point_7_0.tcl


****** Vivado v2016.4 (64-bit)
  **** SW Build 1756540 on Mon Jan 23 19:11:19 MST 2017
  **** IP Build 1755317 on Mon Jan 23 20:30:07 MST 2017
    ** Copyright 1986-2016 Xilinx, Inc. All Rights Reserved.

source design_1_floating_point_7_0.tcl -notrace
Starting RTL Elaboration : Time (s): cpu = 00:00:06 ; elapsed = 00:00:06 . Memory (MB): peak = 1172.355 ; gain = 236.977 ; free physical = 8357 ; free virtual = 28520
INFO: [Synth 8-638] synthesizing module 'design_1_floating_point_7_0' [/home/tansei/Desktop/cpu/2017/1stcore/cpu2/cpu2.srcs/sources_1/bd/design_1/ip/design_1_floating_point_7_0/synth/design_1_floating_point_7_0.vhd:70]
INFO: [Synth 8-256] done synthesizing module 'design_1_floating_point_7_0' (13#1) [/home/tansei/Desktop/cpu/2017/1stcore/cpu2/cpu2.srcs/sources_1/bd/design_1/ip/design_1_floating_point_7_0/synth/design_1_floating_point_7_0.vhd:70]
Finished RTL Elaboration : Time (s): cpu = 00:00:08 ; elapsed = 00:00:08 . Memory (MB): peak = 1249.832 ; gain = 314.453 ; free physical = 8102 ; free virtual = 28264
Finished RTL Optimization Phase 1 : Time (s): cpu = 00:00:08 ; elapsed = 00:00:08 . Memory (MB): peak = 1249.832 ; gain = 314.453 ; free physical = 8090 ; free virtual = 28253
INFO: [Device 21-403] Loading part xcku040-ffva1156-2-e
Constraint Validation Runtime : Time (s): cpu = 00:00:00.02 ; elapsed = 00:00:00.02 . Memory (MB): peak = 1673.078 ; gain = 0.004 ; free physical = 7609 ; free virtual = 27771
Finished Constraint Validation : Time (s): cpu = 00:00:16 ; elapsed = 00:00:17 . Memory (MB): peak = 1673.078 ; gain = 737.699 ; free physical = 7545 ; free virtual = 27708
Finished Loading Part and Timing Information : Time (s): cpu = 00:00:16 ; elapsed = 00:00:17 . Memory (MB): peak = 1673.078 ; gain = 737.699 ; free physical = 7545 ; free virtual = 27708
Finished applying 'set_property' XDC Constraints : Time (s): cpu = 00:00:16 ; elapsed = 00:00:17 . Memory (MB): peak = 1673.078 ; gain = 737.699 ; free physical = 7545 ; free virtual = 27708
Finished RTL Optimization Phase 2 : Time (s): cpu = 00:00:17 ; elapsed = 00:00:17 . Memory (MB): peak = 1673.078 ; gain = 737.699 ; free physical = 7534 ; free virtual = 27697
Finished Cross Boundary and Area Optimization : Time (s): cpu = 00:00:18 ; elapsed = 00:00:19 . Memory (MB): peak = 1673.082 ; gain = 737.703 ; free physical = 7434 ; free virtual = 27597
Finished Applying XDC Timing Constraints : Time (s): cpu = 00:00:25 ; elapsed = 00:00:26 . Memory (MB): peak = 1850.168 ; gain = 914.789 ; free physical = 8067 ; free virtual = 28230
Finished Timing Optimization : Time (s): cpu = 00:00:26 ; elapsed = 00:00:26 . Memory (MB): peak = 1859.184 ; gain = 923.805 ; free physical = 8058 ; free virtual = 28221
Finished Technology Mapping : Time (s): cpu = 00:00:26 ; elapsed = 00:00:26 . Memory (MB): peak = 1877.215 ; gain = 941.836 ; free physical = 8041 ; free virtual = 28203
Finished IO Insertion : Time (s): cpu = 00:00:26 ; elapsed = 00:00:27 . Memory (MB): peak = 1877.219 ; gain = 941.840 ; free physical = 8040 ; free virtual = 28203
Finished Renaming Generated Instances : Time (s): cpu = 00:00:26 ; elapsed = 00:00:27 . Memory (MB): peak = 1877.219 ; gain = 941.840 ; free physical = 8040 ; free virtual = 28203
Finished Rebuilding User Hierarchy : Time (s): cpu = 00:00:26 ; elapsed = 00:00:27 . Memory (MB): peak = 1877.219 ; gain = 941.840 ; free physical = 8040 ; free virtual = 28203
Finished Renaming Generated Ports : Time (s): cpu = 00:00:26 ; elapsed = 00:00:27 . Memory (MB): peak = 1877.219 ; gain = 941.840 ; free physical = 8040 ; free virtual = 28203
Finished Handling Custom Attributes : Time (s): cpu = 00:00:26 ; elapsed = 00:00:27 . Memory (MB): peak = 1877.219 ; gain = 941.840 ; free physical = 8040 ; free virtual = 28203
Finished Renaming Generated Nets : Time (s): cpu = 00:00:26 ; elapsed = 00:00:27 . Memory (MB): peak = 1877.219 ; gain = 941.840 ; free physical = 8040 ; free virtual = 28203

Report Cell Usage: 
+------+------+------+
|      |Cell  |Count |
+------+------+------+
|1     |LUT2  |     5|
|2     |LUT3  |    38|
|3     |LUT4  |    31|
|4     |LUT5  |    42|
|5     |LUT6  |   134|
|6     |MUXCY |    38|
|7     |MUXF7 |     4|
|8     |MUXF8 |     1|
|9     |XORCY |    32|
|10    |FDRE  |    37|
+------+------+------+
Finished Writing Synthesis Report : Time (s): cpu = 00:00:26 ; elapsed = 00:00:27 . Memory (MB): peak = 1877.219 ; gain = 941.840 ; free physical = 8040 ; free virtual = 28203
synth_design: Time (s): cpu = 00:00:25 ; elapsed = 00:00:26 . Memory (MB): peak = 1897.219 ; gain = 845.328 ; free physical = 8007 ; free virtual = 28170
