INFO: [VRFC 10-2263] Analyzing SystemVerilog file "/home/tansei/Desktop/cpu/2017/1stcore/cpu1-sv/write.sv" into library xil_defaultlib
INFO: [VRFC 10-311] analyzing module gpr_write
INFO: [VRFC 10-311] analyzing module fpr_write
INFO: [VRFC 10-2263] Analyzing SystemVerilog file "/home/tansei/Desktop/cpu/2017/1stcore/cpu1-sv/pc.sv" into library xil_defaultlib
INFO: [VRFC 10-311] analyzing module pc
INFO: [VRFC 10-2263] Analyzing SystemVerilog file "/home/tansei/Desktop/cpu/2017/1stcore/cpu1-sv/mem_ls.sv" into library xil_defaultlib
INFO: [VRFC 10-311] analyzing module mem_ls
INFO: [VRFC 10-2263] Analyzing SystemVerilog file "/home/tansei/Desktop/cpu/2017/1stcore/cpu1-sv/alu.sv" into library xil_defaultlib
INFO: [VRFC 10-311] analyzing module alu
INFO: [VRFC 10-2458] undeclared symbol data_sub, assumed default net type wire [/home/tansei/Desktop/cpu/2017/1stcore/cpu1-sv/alu.sv:24]
INFO: [VRFC 10-2263] Analyzing SystemVerilog file "/home/tansei/Desktop/cpu/2017/1stcore/cpu1-sv/uart_tx_7han.sv" into library xil_defaultlib
INFO: [VRFC 10-311] analyzing module uart_tx
INFO: [VRFC 10-2263] Analyzing SystemVerilog file "/home/tansei/Desktop/cpu/2017/1stcore/cpu1-sv/fetch.sv" into library xil_defaultlib
INFO: [VRFC 10-311] analyzing module fetch
INFO: [VRFC 10-2263] Analyzing SystemVerilog file "/home/tansei/Desktop/cpu/2017/1stcore/cpu1-sv/decode.sv" into library xil_defaultlib
INFO: [VRFC 10-311] analyzing module decode
INFO: [VRFC 10-2263] Analyzing SystemVerilog file "/home/tansei/Desktop/cpu/2017/1stcore/cpu1-sv/uart_rx.sv" into library xil_defaultlib
INFO: [VRFC 10-311] analyzing module uart_rx
INFO: [VRFC 10-2263] Analyzing SystemVerilog file "/home/tansei/Desktop/cpu/2017/1stcore/cpu1-sv/top.sv" into library xil_defaultlib
INFO: [VRFC 10-311] analyzing module top
INFO: [VRFC 10-2263] Analyzing Verilog file "/home/tansei/Desktop/cpu/2017/1stcore/cpu1-sv/top_wrapper-sim.v" into library xil_defaultlib
INFO: [VRFC 10-311] analyzing module top_wrapper
INFO: [VRFC 10-2263] Analyzing SystemVerilog file "/home/tansei/Desktop/cpu/2017/1stcore/cpu1-sv/fpu.sv" into library xil_defaultlib
INFO: [VRFC 10-311] analyzing module fpu
INFO: [VRFC 10-2263] Analyzing Verilog file "/home/tansei/Desktop/cpu/2017/1stcore/cpu1-sv/fpu_wrapper.v" into library xil_defaultlib
INFO: [VRFC 10-311] analyzing module fpu_wrapper
INFO: [VRFC 10-2263] Analyzing Verilog file "/home/tansei/Desktop/cpu/2017/1stcore/cpu-sim/cpu2.ip_user_files/bd/design_1/ip/design_1_top_wrapper_0_0/sim/design_1_top_wrapper_0_0.v" into library xil_defaultlib
INFO: [VRFC 10-311] analyzing module design_1_top_wrapper_0_0
INFO: [VRFC 10-2263] Analyzing Verilog file "/home/tansei/Desktop/cpu/2017/1stcore/cpu-sim/cpu2.ip_user_files/bd/design_1/ip/design_1_fpu_wrapper_0_0/sim/design_1_fpu_wrapper_0_0.v" into library xil_defaultlib
INFO: [VRFC 10-311] analyzing module design_1_fpu_wrapper_0_0
INFO: [VRFC 10-2263] Analyzing Verilog file "/home/tansei/Desktop/cpu/2017/1stcore/cpu-sim/cpu2.ip_user_files/bd/design_1/ip/design_1_blk_mem_gen_0_0/sim/design_1_blk_mem_gen_0_0.v" into library xil_defaultlib
INFO: [VRFC 10-311] analyzing module design_1_blk_mem_gen_0_0
INFO: [VRFC 10-2263] Analyzing Verilog file "/home/tansei/Desktop/cpu/2017/1stcore/cpu-sim/cpu2.ip_user_files/bd/design_1/ip/design_1_blk_mem_gen_1_0/sim/design_1_blk_mem_gen_1_0.v" into library xil_defaultlib
INFO: [VRFC 10-311] analyzing module design_1_blk_mem_gen_1_0
INFO: [VRFC 10-2263] Analyzing Verilog file "/home/tansei/Desktop/cpu/2017/1stcore/cpu-sim/cpu2.ip_user_files/bd/design_1/ipshared/68f7/hdl/sim_clk_gen.v" into library xil_defaultlib
INFO: [VRFC 10-311] analyzing module sim_clk_gen
INFO: [VRFC 10-2263] Analyzing Verilog file "/home/tansei/Desktop/cpu/2017/1stcore/cpu-sim/cpu2.ip_user_files/bd/design_1/ip/design_1_sim_clk_gen_0_0/sim/design_1_sim_clk_gen_0_0.v" into library xil_defaultlib
INFO: [VRFC 10-311] analyzing module design_1_sim_clk_gen_0_0
INFO: [VRFC 10-2263] Analyzing Verilog file "/home/tansei/Desktop/cpu/2017/1stcore/cpu-sim/cpu2.ip_user_files/bd/design_1/hdl/design_1.v" into library xil_defaultlib
INFO: [VRFC 10-311] analyzing module design_1
INFO: [VRFC 10-2263] Analyzing Verilog file "/home/tansei/Desktop/cpu/2017/1stcore/cpu-sim/cpu2.srcs/sources_1/bd/design_1/hdl/design_1_wrapper.v" into library xil_defaultlib
INFO: [VRFC 10-311] analyzing module design_1_wrapper
INFO: [VRFC 10-2263] Analyzing Verilog file "/home/tansei/Desktop/cpu/2017/1stcore/cpu-sim/cpu2.sim/sim_1/behav/glbl.v" into library xil_defaultlib
INFO: [VRFC 10-311] analyzing module glbl
INFO: [VRFC 10-163] Analyzing VHDL file "/home/tansei/Desktop/cpu/2017/1stcore/cpu-sim/cpu2.ip_user_files/bd/design_1/ip/design_1_floating_point_0_1/sim/design_1_floating_point_0_1.vhd" into library xil_defaultlib
INFO: [VRFC 10-307] analyzing entity design_1_floating_point_0_1
INFO: [VRFC 10-163] Analyzing VHDL file "/home/tansei/Desktop/cpu/2017/1stcore/cpu-sim/cpu2.ip_user_files/bd/design_1/ip/design_1_floating_point_1_0/sim/design_1_floating_point_1_0.vhd" into library xil_defaultlib
INFO: [VRFC 10-307] analyzing entity design_1_floating_point_1_0
INFO: [VRFC 10-163] Analyzing VHDL file "/home/tansei/Desktop/cpu/2017/1stcore/cpu-sim/cpu2.ip_user_files/bd/design_1/ip/design_1_floating_point_2_0/sim/design_1_floating_point_2_0.vhd" into library xil_defaultlib
INFO: [VRFC 10-307] analyzing entity design_1_floating_point_2_0
INFO: [VRFC 10-163] Analyzing VHDL file "/home/tansei/Desktop/cpu/2017/1stcore/cpu-sim/cpu2.ip_user_files/bd/design_1/ip/design_1_floating_point_3_0/sim/design_1_floating_point_3_0.vhd" into library xil_defaultlib
INFO: [VRFC 10-307] analyzing entity design_1_floating_point_3_0
INFO: [VRFC 10-163] Analyzing VHDL file "/home/tansei/Desktop/cpu/2017/1stcore/cpu-sim/cpu2.ip_user_files/bd/design_1/ip/design_1_floating_point_4_0/sim/design_1_floating_point_4_0.vhd" into library xil_defaultlib
INFO: [VRFC 10-307] analyzing entity design_1_floating_point_4_0
INFO: [VRFC 10-163] Analyzing VHDL file "/home/tansei/Desktop/cpu/2017/1stcore/cpu-sim/cpu2.ip_user_files/bd/design_1/ip/design_1_floating_point_5_0/sim/design_1_floating_point_5_0.vhd" into library xil_defaultlib
INFO: [VRFC 10-307] analyzing entity design_1_floating_point_5_0
INFO: [VRFC 10-163] Analyzing VHDL file "/home/tansei/Desktop/cpu/2017/1stcore/cpu-sim/cpu2.ip_user_files/bd/design_1/ip/design_1_floating_point_6_0/sim/design_1_floating_point_6_0.vhd" into library xil_defaultlib
INFO: [VRFC 10-307] analyzing entity design_1_floating_point_6_0
INFO: [VRFC 10-163] Analyzing VHDL file "/home/tansei/Desktop/cpu/2017/1stcore/cpu-sim/cpu2.ip_user_files/bd/design_1/ip/design_1_floating_point_7_0/sim/design_1_floating_point_7_0.vhd" into library xil_defaultlib
INFO: [VRFC 10-307] analyzing entity design_1_floating_point_7_0
INFO: [VRFC 10-163] Analyzing VHDL file "/home/tansei/Desktop/cpu/2017/1stcore/cpu-sim/cpu2.ip_user_files/bd/design_1/ip/design_1_floating_point_8_0/sim/design_1_floating_point_8_0.vhd" into library xil_defaultlib
INFO: [VRFC 10-307] analyzing entity design_1_floating_point_8_0
