
*** Running vivado
    with args -log fcmp.vds -m64 -product Vivado -mode batch -messageDb vivado.pb -notrace -source fcmp.tcl


****** Vivado v2016.4 (64-bit)
  **** SW Build 1756540 on Mon Jan 23 19:11:19 MST 2017
  **** IP Build 1755317 on Mon Jan 23 20:30:07 MST 2017
    ** Copyright 1986-2016 Xilinx, Inc. All Rights Reserved.

source fcmp.tcl -notrace
Starting RTL Elaboration : Time (s): cpu = 00:00:06 ; elapsed = 00:00:07 . Memory (MB): peak = 1173.352 ; gain = 237.980 ; free physical = 9565 ; free virtual = 29022
INFO: [Synth 8-638] synthesizing module 'fcmp' [/home/tansei/Desktop/cpu/2017/1stcore/cpu1/cpu1.srcs/sources_1/ip/fcmp_1/synth/fcmp.vhd:76]
INFO: [Synth 8-256] done synthesizing module 'fcmp' (12#1) [/home/tansei/Desktop/cpu/2017/1stcore/cpu1/cpu1.srcs/sources_1/ip/fcmp_1/synth/fcmp.vhd:76]
Finished RTL Elaboration : Time (s): cpu = 00:00:08 ; elapsed = 00:00:08 . Memory (MB): peak = 1250.824 ; gain = 315.453 ; free physical = 9484 ; free virtual = 28943
Finished RTL Optimization Phase 1 : Time (s): cpu = 00:00:08 ; elapsed = 00:00:09 . Memory (MB): peak = 1250.824 ; gain = 315.453 ; free physical = 9484 ; free virtual = 28943
INFO: [Device 21-403] Loading part xcku040-ffva1156-2-e
Constraint Validation Runtime : Time (s): cpu = 00:00:00.01 ; elapsed = 00:00:00.04 . Memory (MB): peak = 1672.078 ; gain = 0.004 ; free physical = 8860 ; free virtual = 28564
Finished Constraint Validation : Time (s): cpu = 00:00:16 ; elapsed = 00:00:19 . Memory (MB): peak = 1672.078 ; gain = 736.707 ; free physical = 8841 ; free virtual = 28536
Finished Loading Part and Timing Information : Time (s): cpu = 00:00:16 ; elapsed = 00:00:19 . Memory (MB): peak = 1672.078 ; gain = 736.707 ; free physical = 8841 ; free virtual = 28536
Finished applying 'set_property' XDC Constraints : Time (s): cpu = 00:00:16 ; elapsed = 00:00:19 . Memory (MB): peak = 1672.078 ; gain = 736.707 ; free physical = 8841 ; free virtual = 28536
Finished RTL Optimization Phase 2 : Time (s): cpu = 00:00:16 ; elapsed = 00:00:19 . Memory (MB): peak = 1672.078 ; gain = 736.707 ; free physical = 8837 ; free virtual = 28532
Finished Cross Boundary and Area Optimization : Time (s): cpu = 00:00:16 ; elapsed = 00:00:19 . Memory (MB): peak = 1672.082 ; gain = 736.711 ; free physical = 8835 ; free virtual = 28532
Finished Applying XDC Timing Constraints : Time (s): cpu = 00:00:23 ; elapsed = 00:00:27 . Memory (MB): peak = 1845.172 ; gain = 909.801 ; free physical = 8636 ; free virtual = 28355
Finished Timing Optimization : Time (s): cpu = 00:00:23 ; elapsed = 00:00:27 . Memory (MB): peak = 1855.184 ; gain = 919.812 ; free physical = 8627 ; free virtual = 28346
Finished Technology Mapping : Time (s): cpu = 00:00:23 ; elapsed = 00:00:27 . Memory (MB): peak = 1865.199 ; gain = 929.828 ; free physical = 8617 ; free virtual = 28336
Finished IO Insertion : Time (s): cpu = 00:00:23 ; elapsed = 00:00:27 . Memory (MB): peak = 1865.203 ; gain = 929.832 ; free physical = 8617 ; free virtual = 28336
Finished Renaming Generated Instances : Time (s): cpu = 00:00:23 ; elapsed = 00:00:27 . Memory (MB): peak = 1865.203 ; gain = 929.832 ; free physical = 8617 ; free virtual = 28336
Finished Rebuilding User Hierarchy : Time (s): cpu = 00:00:23 ; elapsed = 00:00:27 . Memory (MB): peak = 1865.203 ; gain = 929.832 ; free physical = 8617 ; free virtual = 28336
Finished Renaming Generated Ports : Time (s): cpu = 00:00:23 ; elapsed = 00:00:27 . Memory (MB): peak = 1865.203 ; gain = 929.832 ; free physical = 8617 ; free virtual = 28336
Finished Handling Custom Attributes : Time (s): cpu = 00:00:23 ; elapsed = 00:00:27 . Memory (MB): peak = 1865.203 ; gain = 929.832 ; free physical = 8616 ; free virtual = 28336
Finished Renaming Generated Nets : Time (s): cpu = 00:00:23 ; elapsed = 00:00:27 . Memory (MB): peak = 1865.203 ; gain = 929.832 ; free physical = 8616 ; free virtual = 28336

Report Cell Usage: 
+------+------+------+
|      |Cell  |Count |
+------+------+------+
|1     |LUT2  |     7|
|2     |LUT4  |    37|
|3     |LUT5  |     3|
|4     |LUT6  |    25|
|5     |MUXCY |    42|
|6     |FDRE  |    74|
+------+------+------+
Finished Writing Synthesis Report : Time (s): cpu = 00:00:23 ; elapsed = 00:00:27 . Memory (MB): peak = 1865.203 ; gain = 929.832 ; free physical = 8616 ; free virtual = 28335
synth_design: Time (s): cpu = 00:00:22 ; elapsed = 00:00:26 . Memory (MB): peak = 1891.203 ; gain = 838.320 ; free physical = 8588 ; free virtual = 28311
