
*** Running vivado
    with args -log design_1_blk_mem_gen_1_0.vds -m64 -product Vivado -mode batch -messageDb vivado.pb -notrace -source design_1_blk_mem_gen_1_0.tcl


****** Vivado v2016.4 (64-bit)
  **** SW Build 1756540 on Mon Jan 23 19:11:19 MST 2017
  **** IP Build 1755317 on Mon Jan 23 20:30:07 MST 2017
    ** Copyright 1986-2016 Xilinx, Inc. All Rights Reserved.

source design_1_blk_mem_gen_1_0.tcl -notrace
Starting RTL Elaboration : Time (s): cpu = 00:00:06 ; elapsed = 00:00:06 . Memory (MB): peak = 1171.359 ; gain = 235.980 ; free physical = 4175 ; free virtual = 27290
INFO: [Synth 8-638] synthesizing module 'design_1_blk_mem_gen_1_0' [/home/tansei/Desktop/cpu/2017/1stcore/cpu-sim/cpu2.srcs/sources_1/bd/design_1/ip/design_1_blk_mem_gen_1_0/synth/design_1_blk_mem_gen_1_0.vhd:69]
INFO: [Synth 8-256] done synthesizing module 'design_1_blk_mem_gen_1_0' (11#1) [/home/tansei/Desktop/cpu/2017/1stcore/cpu-sim/cpu2.srcs/sources_1/bd/design_1/ip/design_1_blk_mem_gen_1_0/synth/design_1_blk_mem_gen_1_0.vhd:69]
Finished RTL Elaboration : Time (s): cpu = 00:01:06 ; elapsed = 00:01:06 . Memory (MB): peak = 1379.199 ; gain = 443.820 ; free physical = 3932 ; free virtual = 27050
Finished RTL Optimization Phase 1 : Time (s): cpu = 00:01:06 ; elapsed = 00:01:06 . Memory (MB): peak = 1379.199 ; gain = 443.820 ; free physical = 3924 ; free virtual = 27042
INFO: [Device 21-403] Loading part xcku040-ffva1156-2-e
Constraint Validation Runtime : Time (s): cpu = 00:00:00.05 ; elapsed = 00:00:00.04 . Memory (MB): peak = 1702.645 ; gain = 1.000 ; free physical = 3497 ; free virtual = 26615
Finished Constraint Validation : Time (s): cpu = 00:01:15 ; elapsed = 00:01:15 . Memory (MB): peak = 1702.648 ; gain = 767.270 ; free physical = 3490 ; free virtual = 26608
Finished Loading Part and Timing Information : Time (s): cpu = 00:01:15 ; elapsed = 00:01:15 . Memory (MB): peak = 1702.648 ; gain = 767.270 ; free physical = 3490 ; free virtual = 26608
Finished applying 'set_property' XDC Constraints : Time (s): cpu = 00:01:15 ; elapsed = 00:01:15 . Memory (MB): peak = 1702.648 ; gain = 767.270 ; free physical = 3490 ; free virtual = 26608
Finished RTL Optimization Phase 2 : Time (s): cpu = 00:01:16 ; elapsed = 00:01:16 . Memory (MB): peak = 1702.648 ; gain = 767.270 ; free physical = 3398 ; free virtual = 26515
Finished Cross Boundary and Area Optimization : Time (s): cpu = 00:01:16 ; elapsed = 00:01:17 . Memory (MB): peak = 1702.652 ; gain = 767.273 ; free physical = 3371 ; free virtual = 26489
Finished Applying XDC Timing Constraints : Time (s): cpu = 00:01:23 ; elapsed = 00:01:24 . Memory (MB): peak = 1866.738 ; gain = 931.359 ; free physical = 3994 ; free virtual = 27112
Finished Timing Optimization : Time (s): cpu = 00:01:23 ; elapsed = 00:01:24 . Memory (MB): peak = 1871.738 ; gain = 936.359 ; free physical = 3989 ; free virtual = 27107
Finished Technology Mapping : Time (s): cpu = 00:01:24 ; elapsed = 00:01:24 . Memory (MB): peak = 1891.770 ; gain = 956.391 ; free physical = 3969 ; free virtual = 27087
Finished IO Insertion : Time (s): cpu = 00:01:24 ; elapsed = 00:01:25 . Memory (MB): peak = 1891.773 ; gain = 956.395 ; free physical = 3969 ; free virtual = 27087
Finished Renaming Generated Instances : Time (s): cpu = 00:01:24 ; elapsed = 00:01:25 . Memory (MB): peak = 1891.773 ; gain = 956.395 ; free physical = 3969 ; free virtual = 27087
Finished Rebuilding User Hierarchy : Time (s): cpu = 00:01:24 ; elapsed = 00:01:25 . Memory (MB): peak = 1891.773 ; gain = 956.395 ; free physical = 3969 ; free virtual = 27087
Finished Renaming Generated Ports : Time (s): cpu = 00:01:24 ; elapsed = 00:01:25 . Memory (MB): peak = 1891.773 ; gain = 956.395 ; free physical = 3969 ; free virtual = 27087
Finished Handling Custom Attributes : Time (s): cpu = 00:01:24 ; elapsed = 00:01:25 . Memory (MB): peak = 1891.773 ; gain = 956.395 ; free physical = 3969 ; free virtual = 27087
Finished Renaming Generated Nets : Time (s): cpu = 00:01:24 ; elapsed = 00:01:25 . Memory (MB): peak = 1891.773 ; gain = 956.395 ; free physical = 3969 ; free virtual = 27087

Report Cell Usage: 
+------+-----------+------+
|      |Cell       |Count |
+------+-----------+------+
|1     |LUT1       |     1|
|2     |LUT4       |    16|
|3     |LUT6       |   108|
|4     |MUXF7      |    54|
|5     |MUXF8      |    27|
|6     |RAMB36E2   |    48|
|7     |RAMB36E2_1 |     5|
|8     |RAMB36E2_2 |     5|
|9     |FDRE       |     4|
+------+-----------+------+
Finished Writing Synthesis Report : Time (s): cpu = 00:01:24 ; elapsed = 00:01:25 . Memory (MB): peak = 1891.773 ; gain = 956.395 ; free physical = 3969 ; free virtual = 27087
synth_design: Time (s): cpu = 00:01:23 ; elapsed = 00:01:24 . Memory (MB): peak = 1924.922 ; gain = 873.031 ; free physical = 3916 ; free virtual = 27034
