
*** Running vivado
    with args -log fcmp.vds -m64 -product Vivado -mode batch -messageDb vivado.pb -notrace -source fcmp.tcl


****** Vivado v2016.4 (64-bit)
  **** SW Build 1756540 on Mon Jan 23 19:11:19 MST 2017
  **** IP Build 1755317 on Mon Jan 23 20:30:07 MST 2017
    ** Copyright 1986-2016 Xilinx, Inc. All Rights Reserved.

source fcmp.tcl -notrace
Starting RTL Elaboration : Time (s): cpu = 00:00:06 ; elapsed = 00:00:06 . Memory (MB): peak = 1172.352 ; gain = 236.980 ; free physical = 8370 ; free virtual = 28764
INFO: [Synth 8-638] synthesizing module 'fcmp' [/home/tansei/Desktop/cpu/2017/1stcore/cpu_sim/cpu_sim.srcs/sources_1/ip/fcmp_1/synth/fcmp.vhd:71]
INFO: [Synth 8-256] done synthesizing module 'fcmp' (11#1) [/home/tansei/Desktop/cpu/2017/1stcore/cpu_sim/cpu_sim.srcs/sources_1/ip/fcmp_1/synth/fcmp.vhd:71]
Finished RTL Elaboration : Time (s): cpu = 00:00:07 ; elapsed = 00:00:08 . Memory (MB): peak = 1250.824 ; gain = 315.453 ; free physical = 8288 ; free virtual = 28682
Finished RTL Optimization Phase 1 : Time (s): cpu = 00:00:08 ; elapsed = 00:00:08 . Memory (MB): peak = 1250.824 ; gain = 315.453 ; free physical = 8288 ; free virtual = 28682
INFO: [Device 21-403] Loading part xcku040-ffva1156-2-e
Constraint Validation Runtime : Time (s): cpu = 00:00:00.01 ; elapsed = 00:00:00.01 . Memory (MB): peak = 1670.453 ; gain = 0.004 ; free physical = 7906 ; free virtual = 28300
Finished Constraint Validation : Time (s): cpu = 00:00:15 ; elapsed = 00:00:16 . Memory (MB): peak = 1670.453 ; gain = 735.082 ; free physical = 7905 ; free virtual = 28299
Finished Loading Part and Timing Information : Time (s): cpu = 00:00:15 ; elapsed = 00:00:16 . Memory (MB): peak = 1670.453 ; gain = 735.082 ; free physical = 7905 ; free virtual = 28299
Finished applying 'set_property' XDC Constraints : Time (s): cpu = 00:00:15 ; elapsed = 00:00:16 . Memory (MB): peak = 1670.453 ; gain = 735.082 ; free physical = 7905 ; free virtual = 28299
Finished RTL Optimization Phase 2 : Time (s): cpu = 00:00:15 ; elapsed = 00:00:16 . Memory (MB): peak = 1670.453 ; gain = 735.082 ; free physical = 7900 ; free virtual = 28295
Finished Cross Boundary and Area Optimization : Time (s): cpu = 00:00:16 ; elapsed = 00:00:16 . Memory (MB): peak = 1670.457 ; gain = 735.086 ; free physical = 7899 ; free virtual = 28293
Finished Applying XDC Timing Constraints : Time (s): cpu = 00:00:22 ; elapsed = 00:00:23 . Memory (MB): peak = 1844.547 ; gain = 909.176 ; free physical = 7725 ; free virtual = 28119
Finished Timing Optimization : Time (s): cpu = 00:00:22 ; elapsed = 00:00:23 . Memory (MB): peak = 1844.547 ; gain = 909.176 ; free physical = 7725 ; free virtual = 28119
Finished Technology Mapping : Time (s): cpu = 00:00:22 ; elapsed = 00:00:23 . Memory (MB): peak = 1864.582 ; gain = 929.211 ; free physical = 7706 ; free virtual = 28100
Finished IO Insertion : Time (s): cpu = 00:00:23 ; elapsed = 00:00:23 . Memory (MB): peak = 1864.586 ; gain = 929.215 ; free physical = 7706 ; free virtual = 28100
Finished Renaming Generated Instances : Time (s): cpu = 00:00:23 ; elapsed = 00:00:23 . Memory (MB): peak = 1864.586 ; gain = 929.215 ; free physical = 7706 ; free virtual = 28100
Finished Rebuilding User Hierarchy : Time (s): cpu = 00:00:23 ; elapsed = 00:00:23 . Memory (MB): peak = 1864.586 ; gain = 929.215 ; free physical = 7706 ; free virtual = 28100
Finished Renaming Generated Ports : Time (s): cpu = 00:00:23 ; elapsed = 00:00:23 . Memory (MB): peak = 1864.586 ; gain = 929.215 ; free physical = 7706 ; free virtual = 28100
Finished Handling Custom Attributes : Time (s): cpu = 00:00:23 ; elapsed = 00:00:23 . Memory (MB): peak = 1864.586 ; gain = 929.215 ; free physical = 7705 ; free virtual = 28100
Finished Renaming Generated Nets : Time (s): cpu = 00:00:23 ; elapsed = 00:00:23 . Memory (MB): peak = 1864.586 ; gain = 929.215 ; free physical = 7705 ; free virtual = 28100

Report Cell Usage: 
+------+------+------+
|      |Cell  |Count |
+------+------+------+
|1     |LUT2  |     4|
|2     |LUT4  |    35|
|3     |LUT5  |     2|
|4     |LUT6  |    22|
|5     |MUXCY |    42|
|6     |FDRE  |     5|
+------+------+------+
Finished Writing Synthesis Report : Time (s): cpu = 00:00:23 ; elapsed = 00:00:23 . Memory (MB): peak = 1864.586 ; gain = 929.215 ; free physical = 7705 ; free virtual = 28100
synth_design: Time (s): cpu = 00:00:21 ; elapsed = 00:00:22 . Memory (MB): peak = 1891.219 ; gain = 839.336 ; free physical = 7678 ; free virtual = 28076
