
*** Running vivado
    with args -log design_1_fpu_wrapper_0_0.vds -m64 -product Vivado -mode batch -messageDb vivado.pb -notrace -source design_1_fpu_wrapper_0_0.tcl


****** Vivado v2016.4 (64-bit)
  **** SW Build 1756540 on Mon Jan 23 19:11:19 MST 2017
  **** IP Build 1755317 on Mon Jan 23 20:30:07 MST 2017
    ** Copyright 1986-2016 Xilinx, Inc. All Rights Reserved.

source design_1_fpu_wrapper_0_0.tcl -notrace
Command: synth_design -top design_1_fpu_wrapper_0_0 -part xcku040-ffva1156-2-e -mode out_of_context
Starting synth_design
Attempting to get a license for feature 'Synthesis' and/or device 'xcku040'
INFO: [Common 17-349] Got license for feature 'Synthesis' and/or device 'xcku040'
INFO: [Common 17-1223] The version limit for your license is '2017.03' and will expire in -263 days. A version limit expiration means that, although you may be able to continue to use the current version of tools or IP with this license, you will not be eligible for any updates or new releases.
INFO: Launching helper process for spawning children vivado processes
INFO: Helper process launched with PID 15079 
---------------------------------------------------------------------------------
Starting RTL Elaboration : Time (s): cpu = 00:00:06 ; elapsed = 00:00:07 . Memory (MB): peak = 1177.352 ; gain = 241.977 ; free physical = 10181 ; free virtual = 29164
---------------------------------------------------------------------------------
INFO: [Synth 8-638] synthesizing module 'design_1_fpu_wrapper_0_0' [/home/tansei/Desktop/cpu/2017/1stcore/cpu1/cpu2.srcs/sources_1/bd/design_1/ip/design_1_fpu_wrapper_0_0/synth/design_1_fpu_wrapper_0_0.v:56]
INFO: [Synth 8-638] synthesizing module 'fpu_wrapper' [/home/tansei/Desktop/cpu/2017/1stcore/cpu1-sv/fpu_wrapper.v:2]
INFO: [Synth 8-638] synthesizing module 'fpu' [/home/tansei/Desktop/cpu/2017/1stcore/cpu1-sv/fpu.sv:2]
INFO: [Synth 8-256] done synthesizing module 'fpu' (1#1) [/home/tansei/Desktop/cpu/2017/1stcore/cpu1-sv/fpu.sv:2]
INFO: [Synth 8-256] done synthesizing module 'fpu_wrapper' (2#1) [/home/tansei/Desktop/cpu/2017/1stcore/cpu1-sv/fpu_wrapper.v:2]
INFO: [Synth 8-256] done synthesizing module 'design_1_fpu_wrapper_0_0' (3#1) [/home/tansei/Desktop/cpu/2017/1stcore/cpu1/cpu2.srcs/sources_1/bd/design_1/ip/design_1_fpu_wrapper_0_0/synth/design_1_fpu_wrapper_0_0.v:56]
WARNING: [Synth 8-3331] design fpu has unconnected port clk
WARNING: [Synth 8-3331] design fpu has unconnected port fpu_in_valid[0]
WARNING: [Synth 8-3331] design fpu has unconnected port fadd_in_ready_a
WARNING: [Synth 8-3331] design fpu has unconnected port fadd_in_ready_b
WARNING: [Synth 8-3331] design fpu has unconnected port fsub_in_ready_a
WARNING: [Synth 8-3331] design fpu has unconnected port fsub_in_ready_b
WARNING: [Synth 8-3331] design fpu has unconnected port fmul_in_ready_a
WARNING: [Synth 8-3331] design fpu has unconnected port fmul_in_ready_b
WARNING: [Synth 8-3331] design fpu has unconnected port fdiv_in_ready_a
WARNING: [Synth 8-3331] design fpu has unconnected port fdiv_in_ready_b
WARNING: [Synth 8-3331] design fpu has unconnected port fsqrt_in_ready_a
WARNING: [Synth 8-3331] design fpu has unconnected port fabs_in_ready_a
WARNING: [Synth 8-3331] design fpu has unconnected port fcmp_in_ready_a
WARNING: [Synth 8-3331] design fpu has unconnected port fcmp_in_ready_b
WARNING: [Synth 8-3331] design fpu has unconnected port fcmp_in_ready_op
WARNING: [Synth 8-3331] design fpu has unconnected port fftoi_in_ready_a
WARNING: [Synth 8-3331] design fpu has unconnected port fitof_in_ready_a
---------------------------------------------------------------------------------
Finished RTL Elaboration : Time (s): cpu = 00:00:07 ; elapsed = 00:00:08 . Memory (MB): peak = 1218.828 ; gain = 283.453 ; free physical = 10123 ; free virtual = 29122
---------------------------------------------------------------------------------

Report Check Netlist: 
+------+------------------+-------+---------+-------+------------------+
|      |Item              |Errors |Warnings |Status |Description       |
+------+------------------+-------+---------+-------+------------------+
|1     |multi_driven_nets |      0|        0|Passed |Multi driven nets |
+------+------------------+-------+---------+-------+------------------+
---------------------------------------------------------------------------------
Finished RTL Optimization Phase 1 : Time (s): cpu = 00:00:07 ; elapsed = 00:00:08 . Memory (MB): peak = 1218.828 ; gain = 283.453 ; free physical = 10121 ; free virtual = 29121
---------------------------------------------------------------------------------
INFO: [Device 21-403] Loading part xcku040-ffva1156-2-e
INFO: [Project 1-570] Preparing netlist for logic optimization

Processing XDC Constraints
Initializing timing engine
Completed Processing XDC Constraints

INFO: [Project 1-111] Unisim Transformation Summary:
No Unisim elements were transformed.

Constraint Validation Runtime : Time (s): cpu = 00:00:00.01 ; elapsed = 00:00:00.03 . Memory (MB): peak = 1651.051 ; gain = 0.000 ; free physical = 9680 ; free virtual = 28687
---------------------------------------------------------------------------------
Finished Constraint Validation : Time (s): cpu = 00:00:14 ; elapsed = 00:00:16 . Memory (MB): peak = 1651.051 ; gain = 715.676 ; free physical = 9662 ; free virtual = 28670
---------------------------------------------------------------------------------
---------------------------------------------------------------------------------
Start Loading Part and Timing Information
---------------------------------------------------------------------------------
Loading part: xcku040-ffva1156-2-e
---------------------------------------------------------------------------------
Finished Loading Part and Timing Information : Time (s): cpu = 00:00:14 ; elapsed = 00:00:16 . Memory (MB): peak = 1651.051 ; gain = 715.676 ; free physical = 9662 ; free virtual = 28670
---------------------------------------------------------------------------------
---------------------------------------------------------------------------------
Start Applying 'set_property' XDC Constraints
---------------------------------------------------------------------------------
---------------------------------------------------------------------------------
Finished applying 'set_property' XDC Constraints : Time (s): cpu = 00:00:14 ; elapsed = 00:00:16 . Memory (MB): peak = 1651.051 ; gain = 715.676 ; free physical = 9662 ; free virtual = 28670
---------------------------------------------------------------------------------
---------------------------------------------------------------------------------
Finished RTL Optimization Phase 2 : Time (s): cpu = 00:00:15 ; elapsed = 00:00:17 . Memory (MB): peak = 1651.051 ; gain = 715.676 ; free physical = 9656 ; free virtual = 28664
---------------------------------------------------------------------------------

Report RTL Partitions: 
+-+--------------+------------+----------+
| |RTL Partition |Replication |Instances |
+-+--------------+------------+----------+
+-+--------------+------------+----------+
---------------------------------------------------------------------------------
Start RTL Component Statistics 
---------------------------------------------------------------------------------
Detailed RTL Component Info : 
---------------------------------------------------------------------------------
Finished RTL Component Statistics 
---------------------------------------------------------------------------------
---------------------------------------------------------------------------------
Start RTL Hierarchical Component Statistics 
---------------------------------------------------------------------------------
Hierarchical RTL Component report 
---------------------------------------------------------------------------------
Finished RTL Hierarchical Component Statistics
---------------------------------------------------------------------------------
---------------------------------------------------------------------------------
Start Part Resource Summary
---------------------------------------------------------------------------------
Part Resources:
DSPs: 1920 (col length:120)
BRAMs: 1200 (col length: RAMB18 120 RAMB36 60)
---------------------------------------------------------------------------------
Finished Part Resource Summary
---------------------------------------------------------------------------------
---------------------------------------------------------------------------------
Start Cross Boundary and Area Optimization
---------------------------------------------------------------------------------
WARNING: [Synth 8-3331] design design_1_fpu_wrapper_0_0 has unconnected port clk
WARNING: [Synth 8-3331] design design_1_fpu_wrapper_0_0 has unconnected port fpu_in_valid[0]
WARNING: [Synth 8-3331] design design_1_fpu_wrapper_0_0 has unconnected port fadd_in_ready_a
WARNING: [Synth 8-3331] design design_1_fpu_wrapper_0_0 has unconnected port fadd_in_ready_b
WARNING: [Synth 8-3331] design design_1_fpu_wrapper_0_0 has unconnected port fsub_in_ready_a
WARNING: [Synth 8-3331] design design_1_fpu_wrapper_0_0 has unconnected port fsub_in_ready_b
WARNING: [Synth 8-3331] design design_1_fpu_wrapper_0_0 has unconnected port fmul_in_ready_a
WARNING: [Synth 8-3331] design design_1_fpu_wrapper_0_0 has unconnected port fmul_in_ready_b
WARNING: [Synth 8-3331] design design_1_fpu_wrapper_0_0 has unconnected port fdiv_in_ready_a
WARNING: [Synth 8-3331] design design_1_fpu_wrapper_0_0 has unconnected port fdiv_in_ready_b
WARNING: [Synth 8-3331] design design_1_fpu_wrapper_0_0 has unconnected port fsqrt_in_ready_a
WARNING: [Synth 8-3331] design design_1_fpu_wrapper_0_0 has unconnected port fabs_in_ready_a
WARNING: [Synth 8-3331] design design_1_fpu_wrapper_0_0 has unconnected port fcmp_in_ready_a
WARNING: [Synth 8-3331] design design_1_fpu_wrapper_0_0 has unconnected port fcmp_in_ready_b
WARNING: [Synth 8-3331] design design_1_fpu_wrapper_0_0 has unconnected port fcmp_in_ready_op
WARNING: [Synth 8-3331] design design_1_fpu_wrapper_0_0 has unconnected port fftoi_in_ready_a
WARNING: [Synth 8-3331] design design_1_fpu_wrapper_0_0 has unconnected port fitof_in_ready_a
---------------------------------------------------------------------------------
Finished Cross Boundary and Area Optimization : Time (s): cpu = 00:00:16 ; elapsed = 00:00:18 . Memory (MB): peak = 1651.055 ; gain = 715.680 ; free physical = 9640 ; free virtual = 28650
---------------------------------------------------------------------------------

Report RTL Partitions: 
+-+--------------+------------+----------+
| |RTL Partition |Replication |Instances |
+-+--------------+------------+----------+
+-+--------------+------------+----------+
---------------------------------------------------------------------------------
Start Timing Optimization
---------------------------------------------------------------------------------
---------------------------------------------------------------------------------
Start Applying XDC Timing Constraints
---------------------------------------------------------------------------------
---------------------------------------------------------------------------------
Finished Applying XDC Timing Constraints : Time (s): cpu = 00:00:22 ; elapsed = 00:00:25 . Memory (MB): peak = 1853.246 ; gain = 917.871 ; free physical = 9350 ; free virtual = 28382
---------------------------------------------------------------------------------
---------------------------------------------------------------------------------
Finished Timing Optimization : Time (s): cpu = 00:00:22 ; elapsed = 00:00:25 . Memory (MB): peak = 1853.246 ; gain = 917.871 ; free physical = 9349 ; free virtual = 28382
---------------------------------------------------------------------------------

Report RTL Partitions: 
+-+--------------+------------+----------+
| |RTL Partition |Replication |Instances |
+-+--------------+------------+----------+
+-+--------------+------------+----------+
---------------------------------------------------------------------------------
Start Technology Mapping
---------------------------------------------------------------------------------
---------------------------------------------------------------------------------
Finished Technology Mapping : Time (s): cpu = 00:00:22 ; elapsed = 00:00:26 . Memory (MB): peak = 1871.266 ; gain = 935.891 ; free physical = 9326 ; free virtual = 28358
---------------------------------------------------------------------------------

Report RTL Partitions: 
+-+--------------+------------+----------+
| |RTL Partition |Replication |Instances |
+-+--------------+------------+----------+
+-+--------------+------------+----------+
---------------------------------------------------------------------------------
Start IO Insertion
---------------------------------------------------------------------------------
---------------------------------------------------------------------------------
Start Flattening Before IO Insertion
---------------------------------------------------------------------------------
---------------------------------------------------------------------------------
Finished Flattening Before IO Insertion
---------------------------------------------------------------------------------
---------------------------------------------------------------------------------
Start Final Netlist Cleanup
---------------------------------------------------------------------------------
---------------------------------------------------------------------------------
Finished Final Netlist Cleanup
---------------------------------------------------------------------------------
---------------------------------------------------------------------------------
Finished IO Insertion : Time (s): cpu = 00:00:22 ; elapsed = 00:00:26 . Memory (MB): peak = 1871.270 ; gain = 935.895 ; free physical = 9326 ; free virtual = 28358
---------------------------------------------------------------------------------

Report Check Netlist: 
+------+------------------+-------+---------+-------+------------------+
|      |Item              |Errors |Warnings |Status |Description       |
+------+------------------+-------+---------+-------+------------------+
|1     |multi_driven_nets |      0|        0|Passed |Multi driven nets |
+------+------------------+-------+---------+-------+------------------+
---------------------------------------------------------------------------------
Start Renaming Generated Instances
---------------------------------------------------------------------------------
---------------------------------------------------------------------------------
Finished Renaming Generated Instances : Time (s): cpu = 00:00:22 ; elapsed = 00:00:26 . Memory (MB): peak = 1871.270 ; gain = 935.895 ; free physical = 9326 ; free virtual = 28358
---------------------------------------------------------------------------------

Report RTL Partitions: 
+-+--------------+------------+----------+
| |RTL Partition |Replication |Instances |
+-+--------------+------------+----------+
+-+--------------+------------+----------+
---------------------------------------------------------------------------------
Start Rebuilding User Hierarchy
---------------------------------------------------------------------------------
---------------------------------------------------------------------------------
Finished Rebuilding User Hierarchy : Time (s): cpu = 00:00:22 ; elapsed = 00:00:26 . Memory (MB): peak = 1871.270 ; gain = 935.895 ; free physical = 9326 ; free virtual = 28358
---------------------------------------------------------------------------------
---------------------------------------------------------------------------------
Start Renaming Generated Ports
---------------------------------------------------------------------------------
---------------------------------------------------------------------------------
Finished Renaming Generated Ports : Time (s): cpu = 00:00:22 ; elapsed = 00:00:26 . Memory (MB): peak = 1871.270 ; gain = 935.895 ; free physical = 9326 ; free virtual = 28358
---------------------------------------------------------------------------------
---------------------------------------------------------------------------------
Start Handling Custom Attributes
---------------------------------------------------------------------------------
---------------------------------------------------------------------------------
Finished Handling Custom Attributes : Time (s): cpu = 00:00:23 ; elapsed = 00:00:26 . Memory (MB): peak = 1871.270 ; gain = 935.895 ; free physical = 9326 ; free virtual = 28358
---------------------------------------------------------------------------------
---------------------------------------------------------------------------------
Start Renaming Generated Nets
---------------------------------------------------------------------------------
---------------------------------------------------------------------------------
Finished Renaming Generated Nets : Time (s): cpu = 00:00:23 ; elapsed = 00:00:26 . Memory (MB): peak = 1871.270 ; gain = 935.895 ; free physical = 9326 ; free virtual = 28358
---------------------------------------------------------------------------------
---------------------------------------------------------------------------------
Start Writing Synthesis Report
---------------------------------------------------------------------------------

Report BlackBoxes: 
+-+--------------+----------+
| |BlackBox name |Instances |
+-+--------------+----------+
+-+--------------+----------+

Report Cell Usage: 
+------+-----+------+
|      |Cell |Count |
+------+-----+------+
|1     |LUT2 |     3|
|2     |LUT3 |     1|
|3     |LUT5 |    48|
|4     |LUT6 |    83|
+------+-----+------+

Report Instance Areas: 
+------+---------+-------+------+
|      |Instance |Module |Cells |
+------+---------+-------+------+
|1     |top      |       |   135|
+------+---------+-------+------+
---------------------------------------------------------------------------------
Finished Writing Synthesis Report : Time (s): cpu = 00:00:23 ; elapsed = 00:00:26 . Memory (MB): peak = 1871.270 ; gain = 935.895 ; free physical = 9326 ; free virtual = 28358
---------------------------------------------------------------------------------
Synthesis finished with 0 errors, 0 critical warnings and 17 warnings.
Synthesis Optimization Runtime : Time (s): cpu = 00:00:15 ; elapsed = 00:00:17 . Memory (MB): peak = 1871.270 ; gain = 335.691 ; free physical = 9325 ; free virtual = 28358
Synthesis Optimization Complete : Time (s): cpu = 00:00:23 ; elapsed = 00:00:26 . Memory (MB): peak = 1871.273 ; gain = 935.898 ; free physical = 9325 ; free virtual = 28358
INFO: [Project 1-571] Translating synthesized netlist
INFO: [Project 1-570] Preparing netlist for logic optimization
INFO: [Opt 31-138] Pushed 0 inverter(s) to 0 load pin(s).
INFO: [Project 1-111] Unisim Transformation Summary:
No Unisim elements were transformed.

INFO: [Common 17-83] Releasing license: Synthesis
22 Infos, 34 Warnings, 0 Critical Warnings and 0 Errors encountered.
synth_design completed successfully
synth_design: Time (s): cpu = 00:00:21 ; elapsed = 00:00:25 . Memory (MB): peak = 1886.898 ; gain = 834.012 ; free physical = 9309 ; free virtual = 28345
INFO: [Common 17-1381] The checkpoint '/home/tansei/Desktop/cpu/2017/1stcore/cpu1/cpu2.runs/design_1_fpu_wrapper_0_0_synth_1/design_1_fpu_wrapper_0_0.dcp' has been generated.
INFO: [Common 17-1381] The checkpoint '/home/tansei/Desktop/cpu/2017/1stcore/cpu1/cpu2.runs/design_1_fpu_wrapper_0_0_synth_1/design_1_fpu_wrapper_0_0.dcp' has been generated.
report_utilization: Time (s): cpu = 00:00:00.06 ; elapsed = 00:00:00.08 . Memory (MB): peak = 1910.914 ; gain = 0.000 ; free physical = 9307 ; free virtual = 28343
INFO: [Common 17-206] Exiting Vivado at Tue Dec 19 14:27:28 2017...
