
*** Running vivado
    with args -log omem.vds -m64 -product Vivado -mode batch -messageDb vivado.pb -notrace -source omem.tcl


****** Vivado v2016.4 (64-bit)
  **** SW Build 1756540 on Mon Jan 23 19:11:19 MST 2017
  **** IP Build 1755317 on Mon Jan 23 20:30:07 MST 2017
    ** Copyright 1986-2016 Xilinx, Inc. All Rights Reserved.

source omem.tcl -notrace
Starting RTL Elaboration : Time (s): cpu = 00:00:06 ; elapsed = 00:00:07 . Memory (MB): peak = 1172.352 ; gain = 236.980 ; free physical = 7902 ; free virtual = 28247
INFO: [Synth 8-638] synthesizing module 'omem' [/home/tansei/Desktop/cpu/2017/1stcore/cpu1/cpu1.srcs/sources_1/ip/omem_1/synth/omem.vhd:69]
INFO: [Synth 8-256] done synthesizing module 'omem' (9#1) [/home/tansei/Desktop/cpu/2017/1stcore/cpu1/cpu1.srcs/sources_1/ip/omem_1/synth/omem.vhd:69]
Finished RTL Elaboration : Time (s): cpu = 00:00:42 ; elapsed = 00:00:42 . Memory (MB): peak = 1372.496 ; gain = 437.125 ; free physical = 8198 ; free virtual = 28544
Finished RTL Optimization Phase 1 : Time (s): cpu = 00:00:42 ; elapsed = 00:00:43 . Memory (MB): peak = 1372.496 ; gain = 437.125 ; free physical = 8197 ; free virtual = 28543
INFO: [Device 21-403] Loading part xcku040-ffva1156-2-e
Constraint Validation Runtime : Time (s): cpu = 00:00:00 ; elapsed = 00:00:00.01 . Memory (MB): peak = 1601.117 ; gain = 0.004 ; free physical = 7970 ; free virtual = 28319
Finished Constraint Validation : Time (s): cpu = 00:00:50 ; elapsed = 00:00:51 . Memory (MB): peak = 1601.117 ; gain = 665.746 ; free physical = 7970 ; free virtual = 28317
Finished Loading Part and Timing Information : Time (s): cpu = 00:00:50 ; elapsed = 00:00:51 . Memory (MB): peak = 1601.117 ; gain = 665.746 ; free physical = 7970 ; free virtual = 28317
Finished applying 'set_property' XDC Constraints : Time (s): cpu = 00:00:50 ; elapsed = 00:00:51 . Memory (MB): peak = 1601.117 ; gain = 665.746 ; free physical = 7970 ; free virtual = 28317
Finished RTL Optimization Phase 2 : Time (s): cpu = 00:00:50 ; elapsed = 00:00:51 . Memory (MB): peak = 1601.117 ; gain = 665.746 ; free physical = 7967 ; free virtual = 28314
Finished Cross Boundary and Area Optimization : Time (s): cpu = 00:00:50 ; elapsed = 00:00:51 . Memory (MB): peak = 1601.117 ; gain = 665.746 ; free physical = 7967 ; free virtual = 28314
Finished Applying XDC Timing Constraints : Time (s): cpu = 00:00:57 ; elapsed = 00:00:58 . Memory (MB): peak = 1841.215 ; gain = 905.844 ; free physical = 7712 ; free virtual = 28068
Finished Timing Optimization : Time (s): cpu = 00:00:57 ; elapsed = 00:00:58 . Memory (MB): peak = 1841.215 ; gain = 905.844 ; free physical = 7712 ; free virtual = 28067
Finished Technology Mapping : Time (s): cpu = 00:00:57 ; elapsed = 00:00:58 . Memory (MB): peak = 1851.230 ; gain = 915.859 ; free physical = 7702 ; free virtual = 28058
Finished IO Insertion : Time (s): cpu = 00:00:57 ; elapsed = 00:00:59 . Memory (MB): peak = 1851.234 ; gain = 915.863 ; free physical = 7703 ; free virtual = 28057
Finished Renaming Generated Instances : Time (s): cpu = 00:00:57 ; elapsed = 00:00:59 . Memory (MB): peak = 1851.234 ; gain = 915.863 ; free physical = 7703 ; free virtual = 28057
Finished Rebuilding User Hierarchy : Time (s): cpu = 00:00:57 ; elapsed = 00:00:59 . Memory (MB): peak = 1851.234 ; gain = 915.863 ; free physical = 7703 ; free virtual = 28057
Finished Renaming Generated Ports : Time (s): cpu = 00:00:57 ; elapsed = 00:00:59 . Memory (MB): peak = 1851.234 ; gain = 915.863 ; free physical = 7703 ; free virtual = 28057
Finished Handling Custom Attributes : Time (s): cpu = 00:00:58 ; elapsed = 00:00:59 . Memory (MB): peak = 1851.234 ; gain = 915.863 ; free physical = 7703 ; free virtual = 28057
Finished Renaming Generated Nets : Time (s): cpu = 00:00:58 ; elapsed = 00:00:59 . Memory (MB): peak = 1851.234 ; gain = 915.863 ; free physical = 7703 ; free virtual = 28057

Report Cell Usage: 
+------+---------+------+
|      |Cell     |Count |
+------+---------+------+
|1     |RAMB36E2 |     1|
+------+---------+------+
Finished Writing Synthesis Report : Time (s): cpu = 00:00:58 ; elapsed = 00:00:59 . Memory (MB): peak = 1851.234 ; gain = 915.863 ; free physical = 7703 ; free virtual = 28057
synth_design: Time (s): cpu = 00:00:56 ; elapsed = 00:00:57 . Memory (MB): peak = 1889.297 ; gain = 837.414 ; free physical = 7650 ; free virtual = 28020
