
*** Running vivado
    with args -log design_1_floating_point_6_0.vds -m64 -product Vivado -mode batch -messageDb vivado.pb -notrace -source design_1_floating_point_6_0.tcl


****** Vivado v2016.4 (64-bit)
  **** SW Build 1756540 on Mon Jan 23 19:11:19 MST 2017
  **** IP Build 1755317 on Mon Jan 23 20:30:07 MST 2017
    ** Copyright 1986-2016 Xilinx, Inc. All Rights Reserved.

source design_1_floating_point_6_0.tcl -notrace
Starting RTL Elaboration : Time (s): cpu = 00:00:06 ; elapsed = 00:00:06 . Memory (MB): peak = 1171.359 ; gain = 235.980 ; free physical = 8249 ; free virtual = 28372
INFO: [Synth 8-638] synthesizing module 'design_1_floating_point_6_0' [/home/tansei/Desktop/cpu/2017/1stcore/cpu2-sim/cpu2.srcs/sources_1/bd/design_1/ip/design_1_floating_point_6_0/synth/design_1_floating_point_6_0.vhd:76]
INFO: [Synth 8-256] done synthesizing module 'design_1_floating_point_6_0' (12#1) [/home/tansei/Desktop/cpu/2017/1stcore/cpu2-sim/cpu2.srcs/sources_1/bd/design_1/ip/design_1_floating_point_6_0/synth/design_1_floating_point_6_0.vhd:76]
Finished RTL Elaboration : Time (s): cpu = 00:00:08 ; elapsed = 00:00:08 . Memory (MB): peak = 1249.832 ; gain = 314.453 ; free physical = 8089 ; free virtual = 28220
Finished RTL Optimization Phase 1 : Time (s): cpu = 00:00:08 ; elapsed = 00:00:09 . Memory (MB): peak = 1249.832 ; gain = 314.453 ; free physical = 8084 ; free virtual = 28213
INFO: [Device 21-403] Loading part xcku040-ffva1156-2-e
Constraint Validation Runtime : Time (s): cpu = 00:00:00.01 ; elapsed = 00:00:00.01 . Memory (MB): peak = 1670.461 ; gain = 0.004 ; free physical = 7437 ; free virtual = 27548
Finished Constraint Validation : Time (s): cpu = 00:00:17 ; elapsed = 00:00:17 . Memory (MB): peak = 1670.461 ; gain = 735.082 ; free physical = 7432 ; free virtual = 27543
Finished Loading Part and Timing Information : Time (s): cpu = 00:00:17 ; elapsed = 00:00:17 . Memory (MB): peak = 1670.461 ; gain = 735.082 ; free physical = 7432 ; free virtual = 27543
Finished applying 'set_property' XDC Constraints : Time (s): cpu = 00:00:17 ; elapsed = 00:00:17 . Memory (MB): peak = 1670.461 ; gain = 735.082 ; free physical = 7432 ; free virtual = 27543
Finished RTL Optimization Phase 2 : Time (s): cpu = 00:00:17 ; elapsed = 00:00:17 . Memory (MB): peak = 1670.461 ; gain = 735.082 ; free physical = 7424 ; free virtual = 27544
Finished Cross Boundary and Area Optimization : Time (s): cpu = 00:00:17 ; elapsed = 00:00:18 . Memory (MB): peak = 1670.465 ; gain = 735.086 ; free physical = 7405 ; free virtual = 27525
Finished Applying XDC Timing Constraints : Time (s): cpu = 00:00:24 ; elapsed = 00:00:25 . Memory (MB): peak = 1843.555 ; gain = 908.176 ; free physical = 7061 ; free virtual = 27175
Finished Timing Optimization : Time (s): cpu = 00:00:24 ; elapsed = 00:00:25 . Memory (MB): peak = 1853.566 ; gain = 918.188 ; free physical = 7052 ; free virtual = 27166
Finished Technology Mapping : Time (s): cpu = 00:00:24 ; elapsed = 00:00:25 . Memory (MB): peak = 1863.582 ; gain = 928.203 ; free physical = 7042 ; free virtual = 27156
Finished IO Insertion : Time (s): cpu = 00:00:25 ; elapsed = 00:00:25 . Memory (MB): peak = 1863.586 ; gain = 928.207 ; free physical = 7043 ; free virtual = 27154
Finished Renaming Generated Instances : Time (s): cpu = 00:00:25 ; elapsed = 00:00:25 . Memory (MB): peak = 1863.586 ; gain = 928.207 ; free physical = 7043 ; free virtual = 27154
Finished Rebuilding User Hierarchy : Time (s): cpu = 00:00:25 ; elapsed = 00:00:25 . Memory (MB): peak = 1863.586 ; gain = 928.207 ; free physical = 7043 ; free virtual = 27154
Finished Renaming Generated Ports : Time (s): cpu = 00:00:25 ; elapsed = 00:00:25 . Memory (MB): peak = 1863.586 ; gain = 928.207 ; free physical = 7043 ; free virtual = 27154
Finished Handling Custom Attributes : Time (s): cpu = 00:00:25 ; elapsed = 00:00:26 . Memory (MB): peak = 1863.586 ; gain = 928.207 ; free physical = 7043 ; free virtual = 27154
Finished Renaming Generated Nets : Time (s): cpu = 00:00:25 ; elapsed = 00:00:26 . Memory (MB): peak = 1863.586 ; gain = 928.207 ; free physical = 7043 ; free virtual = 27154

Report Cell Usage: 
+------+------+------+
|      |Cell  |Count |
+------+------+------+
|1     |LUT2  |     7|
|2     |LUT4  |    37|
|3     |LUT5  |     3|
|4     |LUT6  |    25|
|5     |MUXCY |    42|
|6     |FDRE  |    74|
+------+------+------+
Finished Writing Synthesis Report : Time (s): cpu = 00:00:25 ; elapsed = 00:00:26 . Memory (MB): peak = 1863.586 ; gain = 928.207 ; free physical = 7043 ; free virtual = 27154
synth_design: Time (s): cpu = 00:00:24 ; elapsed = 00:00:24 . Memory (MB): peak = 1890.219 ; gain = 838.328 ; free physical = 6900 ; free virtual = 27011
