
*** Running vivado
    with args -log design_1_axi_uartlite_0_1.vds -m64 -product Vivado -mode batch -messageDb vivado.pb -notrace -source design_1_axi_uartlite_0_1.tcl


****** Vivado v2016.4 (64-bit)
  **** SW Build 1756540 on Mon Jan 23 19:11:19 MST 2017
  **** IP Build 1755317 on Mon Jan 23 20:30:07 MST 2017
    ** Copyright 1986-2016 Xilinx, Inc. All Rights Reserved.

source design_1_axi_uartlite_0_1.tcl -notrace
Starting RTL Elaboration : Time (s): cpu = 00:00:06 ; elapsed = 00:00:07 . Memory (MB): peak = 1180.355 ; gain = 244.977 ; free physical = 5664 ; free virtual = 26813
INFO: [Synth 8-638] synthesizing module 'design_1_axi_uartlite_0_1' [/home/tansei/Desktop/cpu/2017/1stcore/cpu1/cpu2.srcs/sources_1/bd/design_1/ip/design_1_axi_uartlite_0_1/synth/design_1_axi_uartlite_0_1.vhd:86]
INFO: [Synth 8-638] synthesizing module 'axi_uartlite' [/home/tansei/Desktop/cpu/2017/1stcore/cpu1/cpu2.srcs/sources_1/bd/design_1/ipshared/2479/hdl/axi_uartlite_v2_0_vh_rfs.vhd:2160]
INFO: [Synth 8-638] synthesizing module 'uartlite_core' [/home/tansei/Desktop/cpu/2017/1stcore/cpu1/cpu2.srcs/sources_1/bd/design_1/ipshared/2479/hdl/axi_uartlite_v2_0_vh_rfs.vhd:1615]
INFO: [Synth 8-638] synthesizing module 'baudrate' [/home/tansei/Desktop/cpu/2017/1stcore/cpu1/cpu2.srcs/sources_1/bd/design_1/ipshared/2479/hdl/axi_uartlite_v2_0_vh_rfs.vhd:1418]
INFO: [Synth 8-256] done synthesizing module 'baudrate' (1#1) [/home/tansei/Desktop/cpu/2017/1stcore/cpu1/cpu2.srcs/sources_1/bd/design_1/ipshared/2479/hdl/axi_uartlite_v2_0_vh_rfs.vhd:1418]
INFO: [Synth 8-638] synthesizing module 'uartlite_rx' [/home/tansei/Desktop/cpu/2017/1stcore/cpu1/cpu2.srcs/sources_1/bd/design_1/ipshared/2479/hdl/axi_uartlite_v2_0_vh_rfs.vhd:909]
INFO: [Synth 8-638] synthesizing module 'cdc_sync' [/home/tansei/Desktop/cpu/2017/1stcore/cpu1/cpu2.srcs/sources_1/bd/design_1/ipshared/52cb/hdl/lib_cdc_v1_0_rfs.vhd:106]
INFO: [Synth 8-256] done synthesizing module 'cdc_sync' (2#1) [/home/tansei/Desktop/cpu/2017/1stcore/cpu1/cpu2.srcs/sources_1/bd/design_1/ipshared/52cb/hdl/lib_cdc_v1_0_rfs.vhd:106]
INFO: [Synth 8-638] synthesizing module 'dynshreg_i_f' [/home/tansei/Desktop/cpu/2017/1stcore/cpu1/cpu2.srcs/sources_1/bd/design_1/ipshared/2479/hdl/axi_uartlite_v2_0_vh_rfs.vhd:168]
INFO: [Synth 8-256] done synthesizing module 'dynshreg_i_f' (3#1) [/home/tansei/Desktop/cpu/2017/1stcore/cpu1/cpu2.srcs/sources_1/bd/design_1/ipshared/2479/hdl/axi_uartlite_v2_0_vh_rfs.vhd:168]
INFO: [Synth 8-638] synthesizing module 'srl_fifo_f' [/home/tansei/Desktop/cpu/2017/1stcore/cpu1/cpu2.srcs/sources_1/bd/design_1/ipshared/6039/hdl/lib_srl_fifo_v1_0_rfs.vhd:1000]
INFO: [Synth 8-638] synthesizing module 'srl_fifo_rbu_f' [/home/tansei/Desktop/cpu/2017/1stcore/cpu1/cpu2.srcs/sources_1/bd/design_1/ipshared/6039/hdl/lib_srl_fifo_v1_0_rfs.vhd:697]
INFO: [Synth 8-638] synthesizing module 'cntr_incr_decr_addn_f' [/home/tansei/Desktop/cpu/2017/1stcore/cpu1/cpu2.srcs/sources_1/bd/design_1/ipshared/6039/hdl/lib_srl_fifo_v1_0_rfs.vhd:143]
INFO: [Synth 8-256] done synthesizing module 'cntr_incr_decr_addn_f' (4#1) [/home/tansei/Desktop/cpu/2017/1stcore/cpu1/cpu2.srcs/sources_1/bd/design_1/ipshared/6039/hdl/lib_srl_fifo_v1_0_rfs.vhd:143]
INFO: [Synth 8-638] synthesizing module 'dynshreg_f' [/home/tansei/Desktop/cpu/2017/1stcore/cpu1/cpu2.srcs/sources_1/bd/design_1/ipshared/6039/hdl/lib_srl_fifo_v1_0_rfs.vhd:397]
INFO: [Synth 8-256] done synthesizing module 'dynshreg_f' (5#1) [/home/tansei/Desktop/cpu/2017/1stcore/cpu1/cpu2.srcs/sources_1/bd/design_1/ipshared/6039/hdl/lib_srl_fifo_v1_0_rfs.vhd:397]
INFO: [Synth 8-256] done synthesizing module 'srl_fifo_rbu_f' (6#1) [/home/tansei/Desktop/cpu/2017/1stcore/cpu1/cpu2.srcs/sources_1/bd/design_1/ipshared/6039/hdl/lib_srl_fifo_v1_0_rfs.vhd:697]
INFO: [Synth 8-256] done synthesizing module 'srl_fifo_f' (7#1) [/home/tansei/Desktop/cpu/2017/1stcore/cpu1/cpu2.srcs/sources_1/bd/design_1/ipshared/6039/hdl/lib_srl_fifo_v1_0_rfs.vhd:1000]
INFO: [Synth 8-256] done synthesizing module 'uartlite_rx' (8#1) [/home/tansei/Desktop/cpu/2017/1stcore/cpu1/cpu2.srcs/sources_1/bd/design_1/ipshared/2479/hdl/axi_uartlite_v2_0_vh_rfs.vhd:909]
INFO: [Synth 8-638] synthesizing module 'uartlite_tx' [/home/tansei/Desktop/cpu/2017/1stcore/cpu1/cpu2.srcs/sources_1/bd/design_1/ipshared/2479/hdl/axi_uartlite_v2_0_vh_rfs.vhd:408]
INFO: [Synth 8-638] synthesizing module 'dynshreg_i_f__parameterized0' [/home/tansei/Desktop/cpu/2017/1stcore/cpu1/cpu2.srcs/sources_1/bd/design_1/ipshared/2479/hdl/axi_uartlite_v2_0_vh_rfs.vhd:168]
INFO: [Synth 8-256] done synthesizing module 'dynshreg_i_f__parameterized0' (8#1) [/home/tansei/Desktop/cpu/2017/1stcore/cpu1/cpu2.srcs/sources_1/bd/design_1/ipshared/2479/hdl/axi_uartlite_v2_0_vh_rfs.vhd:168]
INFO: [Synth 8-256] done synthesizing module 'uartlite_tx' (9#1) [/home/tansei/Desktop/cpu/2017/1stcore/cpu1/cpu2.srcs/sources_1/bd/design_1/ipshared/2479/hdl/axi_uartlite_v2_0_vh_rfs.vhd:408]
INFO: [Synth 8-256] done synthesizing module 'uartlite_core' (10#1) [/home/tansei/Desktop/cpu/2017/1stcore/cpu1/cpu2.srcs/sources_1/bd/design_1/ipshared/2479/hdl/axi_uartlite_v2_0_vh_rfs.vhd:1615]
INFO: [Synth 8-638] synthesizing module 'axi_lite_ipif' [/home/tansei/Desktop/cpu/2017/1stcore/cpu1/cpu2.srcs/sources_1/bd/design_1/ipshared/0ba0/hdl/axi_lite_ipif_v3_0_vh_rfs.vhd:2948]
INFO: [Synth 8-638] synthesizing module 'slave_attachment' [/home/tansei/Desktop/cpu/2017/1stcore/cpu1/cpu2.srcs/sources_1/bd/design_1/ipshared/0ba0/hdl/axi_lite_ipif_v3_0_vh_rfs.vhd:2341]
INFO: [Synth 8-638] synthesizing module 'address_decoder' [/home/tansei/Desktop/cpu/2017/1stcore/cpu1/cpu2.srcs/sources_1/bd/design_1/ipshared/0ba0/hdl/axi_lite_ipif_v3_0_vh_rfs.vhd:1775]
INFO: [Synth 8-638] synthesizing module 'pselect_f' [/home/tansei/Desktop/cpu/2017/1stcore/cpu1/cpu2.srcs/sources_1/bd/design_1/ipshared/0ba0/hdl/axi_lite_ipif_v3_0_vh_rfs.vhd:1534]
INFO: [Synth 8-256] done synthesizing module 'pselect_f' (11#1) [/home/tansei/Desktop/cpu/2017/1stcore/cpu1/cpu2.srcs/sources_1/bd/design_1/ipshared/0ba0/hdl/axi_lite_ipif_v3_0_vh_rfs.vhd:1534]
INFO: [Synth 8-638] synthesizing module 'pselect_f__parameterized0' [/home/tansei/Desktop/cpu/2017/1stcore/cpu1/cpu2.srcs/sources_1/bd/design_1/ipshared/0ba0/hdl/axi_lite_ipif_v3_0_vh_rfs.vhd:1534]
INFO: [Synth 8-256] done synthesizing module 'pselect_f__parameterized0' (11#1) [/home/tansei/Desktop/cpu/2017/1stcore/cpu1/cpu2.srcs/sources_1/bd/design_1/ipshared/0ba0/hdl/axi_lite_ipif_v3_0_vh_rfs.vhd:1534]
INFO: [Synth 8-638] synthesizing module 'pselect_f__parameterized1' [/home/tansei/Desktop/cpu/2017/1stcore/cpu1/cpu2.srcs/sources_1/bd/design_1/ipshared/0ba0/hdl/axi_lite_ipif_v3_0_vh_rfs.vhd:1534]
INFO: [Synth 8-256] done synthesizing module 'pselect_f__parameterized1' (11#1) [/home/tansei/Desktop/cpu/2017/1stcore/cpu1/cpu2.srcs/sources_1/bd/design_1/ipshared/0ba0/hdl/axi_lite_ipif_v3_0_vh_rfs.vhd:1534]
INFO: [Synth 8-638] synthesizing module 'pselect_f__parameterized2' [/home/tansei/Desktop/cpu/2017/1stcore/cpu1/cpu2.srcs/sources_1/bd/design_1/ipshared/0ba0/hdl/axi_lite_ipif_v3_0_vh_rfs.vhd:1534]
INFO: [Synth 8-256] done synthesizing module 'pselect_f__parameterized2' (11#1) [/home/tansei/Desktop/cpu/2017/1stcore/cpu1/cpu2.srcs/sources_1/bd/design_1/ipshared/0ba0/hdl/axi_lite_ipif_v3_0_vh_rfs.vhd:1534]
INFO: [Synth 8-256] done synthesizing module 'address_decoder' (12#1) [/home/tansei/Desktop/cpu/2017/1stcore/cpu1/cpu2.srcs/sources_1/bd/design_1/ipshared/0ba0/hdl/axi_lite_ipif_v3_0_vh_rfs.vhd:1775]
INFO: [Synth 8-256] done synthesizing module 'slave_attachment' (13#1) [/home/tansei/Desktop/cpu/2017/1stcore/cpu1/cpu2.srcs/sources_1/bd/design_1/ipshared/0ba0/hdl/axi_lite_ipif_v3_0_vh_rfs.vhd:2341]
INFO: [Synth 8-256] done synthesizing module 'axi_lite_ipif' (14#1) [/home/tansei/Desktop/cpu/2017/1stcore/cpu1/cpu2.srcs/sources_1/bd/design_1/ipshared/0ba0/hdl/axi_lite_ipif_v3_0_vh_rfs.vhd:2948]
INFO: [Synth 8-256] done synthesizing module 'axi_uartlite' (15#1) [/home/tansei/Desktop/cpu/2017/1stcore/cpu1/cpu2.srcs/sources_1/bd/design_1/ipshared/2479/hdl/axi_uartlite_v2_0_vh_rfs.vhd:2160]
INFO: [Synth 8-256] done synthesizing module 'design_1_axi_uartlite_0_1' (16#1) [/home/tansei/Desktop/cpu/2017/1stcore/cpu1/cpu2.srcs/sources_1/bd/design_1/ip/design_1_axi_uartlite_0_1/synth/design_1_axi_uartlite_0_1.vhd:86]
Finished RTL Elaboration : Time (s): cpu = 00:00:07 ; elapsed = 00:00:08 . Memory (MB): peak = 1222.832 ; gain = 287.453 ; free physical = 5564 ; free virtual = 26714
Finished RTL Optimization Phase 1 : Time (s): cpu = 00:00:07 ; elapsed = 00:00:08 . Memory (MB): peak = 1222.832 ; gain = 287.453 ; free physical = 5560 ; free virtual = 26714
INFO: [Device 21-403] Loading part xcku040-ffva1156-2-e
Constraint Validation Runtime : Time (s): cpu = 00:00:00.02 ; elapsed = 00:00:00.02 . Memory (MB): peak = 1677.695 ; gain = 0.004 ; free physical = 4903 ; free virtual = 26038
Finished Constraint Validation : Time (s): cpu = 00:00:16 ; elapsed = 00:00:17 . Memory (MB): peak = 1677.695 ; gain = 742.316 ; free physical = 4834 ; free virtual = 25994
Finished Loading Part and Timing Information : Time (s): cpu = 00:00:16 ; elapsed = 00:00:17 . Memory (MB): peak = 1677.695 ; gain = 742.316 ; free physical = 4834 ; free virtual = 25994
Finished applying 'set_property' XDC Constraints : Time (s): cpu = 00:00:16 ; elapsed = 00:00:17 . Memory (MB): peak = 1677.695 ; gain = 742.316 ; free physical = 4834 ; free virtual = 25994
Finished RTL Optimization Phase 2 : Time (s): cpu = 00:00:17 ; elapsed = 00:00:18 . Memory (MB): peak = 1677.695 ; gain = 742.316 ; free physical = 4857 ; free virtual = 26018
Finished Cross Boundary and Area Optimization : Time (s): cpu = 00:00:18 ; elapsed = 00:00:19 . Memory (MB): peak = 1677.699 ; gain = 742.320 ; free physical = 4846 ; free virtual = 26005
Finished Applying XDC Timing Constraints : Time (s): cpu = 00:00:26 ; elapsed = 00:00:27 . Memory (MB): peak = 1852.785 ; gain = 917.406 ; free physical = 4650 ; free virtual = 25803
Finished Timing Optimization : Time (s): cpu = 00:00:26 ; elapsed = 00:00:27 . Memory (MB): peak = 1866.801 ; gain = 931.422 ; free physical = 4636 ; free virtual = 25789
Finished Technology Mapping : Time (s): cpu = 00:00:26 ; elapsed = 00:00:27 . Memory (MB): peak = 1875.816 ; gain = 940.438 ; free physical = 4627 ; free virtual = 25780
Finished IO Insertion : Time (s): cpu = 00:00:27 ; elapsed = 00:00:28 . Memory (MB): peak = 1875.820 ; gain = 940.441 ; free physical = 4622 ; free virtual = 25780
Finished Renaming Generated Instances : Time (s): cpu = 00:00:27 ; elapsed = 00:00:28 . Memory (MB): peak = 1875.820 ; gain = 940.441 ; free physical = 4623 ; free virtual = 25780
Finished Rebuilding User Hierarchy : Time (s): cpu = 00:00:27 ; elapsed = 00:00:28 . Memory (MB): peak = 1875.820 ; gain = 940.441 ; free physical = 4623 ; free virtual = 25780
Finished Renaming Generated Ports : Time (s): cpu = 00:00:27 ; elapsed = 00:00:28 . Memory (MB): peak = 1875.820 ; gain = 940.441 ; free physical = 4623 ; free virtual = 25780
Finished Handling Custom Attributes : Time (s): cpu = 00:00:27 ; elapsed = 00:00:28 . Memory (MB): peak = 1875.820 ; gain = 940.441 ; free physical = 4623 ; free virtual = 25780
Finished Renaming Generated Nets : Time (s): cpu = 00:00:27 ; elapsed = 00:00:28 . Memory (MB): peak = 1875.820 ; gain = 940.441 ; free physical = 4623 ; free virtual = 25780

Report Cell Usage: 
+------+-------+------+
|      |Cell   |Count |
+------+-------+------+
|1     |LUT1   |     2|
|2     |LUT2   |    11|
|3     |LUT3   |    23|
|4     |LUT4   |    15|
|5     |LUT5   |    42|
|6     |LUT6   |    21|
|7     |SRL16E |    18|
|8     |FDR    |     4|
|9     |FDRE   |    74|
|10    |FDSE   |    16|
+------+-------+------+
Finished Writing Synthesis Report : Time (s): cpu = 00:00:27 ; elapsed = 00:00:28 . Memory (MB): peak = 1875.820 ; gain = 940.441 ; free physical = 4623 ; free virtual = 25780
synth_design: Time (s): cpu = 00:00:25 ; elapsed = 00:00:26 . Memory (MB): peak = 1900.820 ; gain = 845.930 ; free physical = 4587 ; free virtual = 25742
