
*** Running vivado
    with args -log design_1_floating_point_8_0.vds -m64 -product Vivado -mode batch -messageDb vivado.pb -notrace -source design_1_floating_point_8_0.tcl


****** Vivado v2016.4 (64-bit)
  **** SW Build 1756540 on Mon Jan 23 19:11:19 MST 2017
  **** IP Build 1755317 on Mon Jan 23 20:30:07 MST 2017
    ** Copyright 1986-2016 Xilinx, Inc. All Rights Reserved.

source design_1_floating_point_8_0.tcl -notrace
Starting RTL Elaboration : Time (s): cpu = 00:00:06 ; elapsed = 00:00:06 . Memory (MB): peak = 1172.359 ; gain = 236.977 ; free physical = 8205 ; free virtual = 28320
INFO: [Synth 8-638] synthesizing module 'design_1_floating_point_8_0' [/home/tansei/Desktop/cpu/2017/1stcore/cpu2-sim/cpu2.srcs/sources_1/bd/design_1/ip/design_1_floating_point_8_0/synth/design_1_floating_point_8_0.vhd:70]
INFO: [Synth 8-256] done synthesizing module 'design_1_floating_point_8_0' (16#1) [/home/tansei/Desktop/cpu/2017/1stcore/cpu2-sim/cpu2.srcs/sources_1/bd/design_1/ip/design_1_floating_point_8_0/synth/design_1_floating_point_8_0.vhd:70]
Finished RTL Elaboration : Time (s): cpu = 00:00:08 ; elapsed = 00:00:08 . Memory (MB): peak = 1251.836 ; gain = 316.453 ; free physical = 8056 ; free virtual = 28171
Finished RTL Optimization Phase 1 : Time (s): cpu = 00:00:08 ; elapsed = 00:00:09 . Memory (MB): peak = 1251.836 ; gain = 316.453 ; free physical = 8045 ; free virtual = 28160
INFO: [Device 21-403] Loading part xcku040-ffva1156-2-e
Constraint Validation Runtime : Time (s): cpu = 00:00:00.03 ; elapsed = 00:00:00.02 . Memory (MB): peak = 1674.473 ; gain = 0.004 ; free physical = 7629 ; free virtual = 27744
Finished Constraint Validation : Time (s): cpu = 00:00:16 ; elapsed = 00:00:17 . Memory (MB): peak = 1674.473 ; gain = 739.090 ; free physical = 7613 ; free virtual = 27728
Finished Loading Part and Timing Information : Time (s): cpu = 00:00:16 ; elapsed = 00:00:17 . Memory (MB): peak = 1674.473 ; gain = 739.090 ; free physical = 7613 ; free virtual = 27728
Finished applying 'set_property' XDC Constraints : Time (s): cpu = 00:00:16 ; elapsed = 00:00:17 . Memory (MB): peak = 1674.473 ; gain = 739.090 ; free physical = 7613 ; free virtual = 27728
Finished RTL Optimization Phase 2 : Time (s): cpu = 00:00:17 ; elapsed = 00:00:17 . Memory (MB): peak = 1674.473 ; gain = 739.090 ; free physical = 7613 ; free virtual = 27727
Finished Cross Boundary and Area Optimization : Time (s): cpu = 00:00:17 ; elapsed = 00:00:18 . Memory (MB): peak = 1674.477 ; gain = 739.094 ; free physical = 7611 ; free virtual = 27725
Finished Applying XDC Timing Constraints : Time (s): cpu = 00:00:24 ; elapsed = 00:00:25 . Memory (MB): peak = 1845.566 ; gain = 910.184 ; free physical = 7416 ; free virtual = 27530
Finished Timing Optimization : Time (s): cpu = 00:00:25 ; elapsed = 00:00:25 . Memory (MB): peak = 1855.578 ; gain = 920.195 ; free physical = 7406 ; free virtual = 27520
Finished Technology Mapping : Time (s): cpu = 00:00:25 ; elapsed = 00:00:25 . Memory (MB): peak = 1866.594 ; gain = 931.211 ; free physical = 7395 ; free virtual = 27509
Finished IO Insertion : Time (s): cpu = 00:00:25 ; elapsed = 00:00:26 . Memory (MB): peak = 1866.598 ; gain = 931.215 ; free physical = 7395 ; free virtual = 27509
Finished Renaming Generated Instances : Time (s): cpu = 00:00:25 ; elapsed = 00:00:26 . Memory (MB): peak = 1866.598 ; gain = 931.215 ; free physical = 7395 ; free virtual = 27509
Finished Rebuilding User Hierarchy : Time (s): cpu = 00:00:25 ; elapsed = 00:00:26 . Memory (MB): peak = 1866.598 ; gain = 931.215 ; free physical = 7395 ; free virtual = 27509
Finished Renaming Generated Ports : Time (s): cpu = 00:00:25 ; elapsed = 00:00:26 . Memory (MB): peak = 1866.598 ; gain = 931.215 ; free physical = 7395 ; free virtual = 27509
Finished Handling Custom Attributes : Time (s): cpu = 00:00:25 ; elapsed = 00:00:26 . Memory (MB): peak = 1866.598 ; gain = 931.215 ; free physical = 7395 ; free virtual = 27509
Finished Renaming Generated Nets : Time (s): cpu = 00:00:25 ; elapsed = 00:00:26 . Memory (MB): peak = 1866.598 ; gain = 931.215 ; free physical = 7395 ; free virtual = 27509

Report Cell Usage: 
+------+-------+------+
|      |Cell   |Count |
+------+-------+------+
|1     |LUT1   |     1|
|2     |LUT2   |    55|
|3     |LUT3   |    37|
|4     |LUT4   |     9|
|5     |LUT5   |    15|
|6     |LUT6   |    47|
|7     |MUXCY  |    77|
|8     |SRL16E |     3|
|9     |XORCY  |    56|
|10    |FDE    |    16|
|11    |FDRE   |   249|
+------+-------+------+
Finished Writing Synthesis Report : Time (s): cpu = 00:00:25 ; elapsed = 00:00:26 . Memory (MB): peak = 1866.598 ; gain = 931.215 ; free physical = 7395 ; free virtual = 27509
synth_design: Time (s): cpu = 00:00:24 ; elapsed = 00:00:25 . Memory (MB): peak = 1893.594 ; gain = 841.699 ; free physical = 7372 ; free virtual = 27485
